{"total": {"lines":{"total":2821,"covered":2774,"skipped":0,"pct":98.33},"statements":{"total":2917,"covered":2857,"skipped":0,"pct":97.94},"functions":{"total":500,"covered":492,"skipped":0,"pct":98.4},"branches":{"total":1216,"covered":1119,"skipped":0,"pct":92.02},"branchesTrue":{"total":0,"covered":0,"skipped":0,"pct":100}}
,"/Users/lucasrodriguez/Desktop/Ducat/app/app/contexts/AirdropContext.js": {"lines":{"total":88,"covered":86,"skipped":0,"pct":97.72},"functions":{"total":14,"covered":13,"skipped":0,"pct":92.85},"statements":{"total":94,"covered":89,"skipped":0,"pct":94.68},"branches":{"total":33,"covered":27,"skipped":0,"pct":81.81}}
,"/Users/lucasrodriguez/Desktop/Ducat/app/app/contexts/AppNavigationContext.js": {"lines":{"total":15,"covered":15,"skipped":0,"pct":100},"functions":{"total":3,"covered":3,"skipped":0,"pct":100},"statements":{"total":15,"covered":15,"skipped":0,"pct":100},"branches":{"total":5,"covered":5,"skipped":0,"pct":100}}
,"/Users/lucasrodriguez/Desktop/Ducat/app/app/contexts/AuthContext.js": {"lines":{"total":30,"covered":30,"skipped":0,"pct":100},"functions":{"total":6,"covered":6,"skipped":0,"pct":100},"statements":{"total":30,"covered":30,"skipped":0,"pct":100},"branches":{"total":6,"covered":6,"skipped":0,"pct":100}}
,"/Users/lucasrodriguez/Desktop/Ducat/app/app/contexts/PendingTransactionsContext.js": {"lines":{"total":132,"covered":132,"skipped":0,"pct":100},"functions":{"total":27,"covered":27,"skipped":0,"pct":100},"statements":{"total":135,"covered":135,"skipped":0,"pct":100},"branches":{"total":58,"covered":51,"skipped":0,"pct":87.93}}
,"/Users/lucasrodriguez/Desktop/Ducat/app/app/contexts/PriceContext.js": {"lines":{"total":23,"covered":23,"skipped":0,"pct":100},"functions":{"total":6,"covered":6,"skipped":0,"pct":100},"statements":{"total":24,"covered":24,"skipped":0,"pct":100},"branches":{"total":2,"covered":2,"skipped":0,"pct":100}}
,"/Users/lucasrodriguez/Desktop/Ducat/app/app/contexts/SendFlowContext.js": {"lines":{"total":23,"covered":23,"skipped":0,"pct":100},"functions":{"total":6,"covered":6,"skipped":0,"pct":100},"statements":{"total":24,"covered":24,"skipped":0,"pct":100},"branches":{"total":4,"covered":4,"skipped":0,"pct":100}}
,"/Users/lucasrodriguez/Desktop/Ducat/app/app/contexts/TransactionBuildContext.js": {"lines":{"total":63,"covered":60,"skipped":0,"pct":95.23},"functions":{"total":13,"covered":10,"skipped":0,"pct":76.92},"statements":{"total":63,"covered":60,"skipped":0,"pct":95.23},"branches":{"total":15,"covered":15,"skipped":0,"pct":100}}
,"/Users/lucasrodriguez/Desktop/Ducat/app/app/contexts/TransactionExecutionContext.js": {"lines":{"total":113,"covered":113,"skipped":0,"pct":100},"functions":{"total":10,"covered":9,"skipped":0,"pct":90},"statements":{"total":116,"covered":114,"skipped":0,"pct":98.27},"branches":{"total":53,"covered":47,"skipped":0,"pct":88.67}}
,"/Users/lucasrodriguez/Desktop/Ducat/app/app/contexts/UIContext.js": {"lines":{"total":59,"covered":59,"skipped":0,"pct":100},"functions":{"total":13,"covered":13,"skipped":0,"pct":100},"statements":{"total":61,"covered":61,"skipped":0,"pct":100},"branches":{"total":33,"covered":31,"skipped":0,"pct":93.93}}
,"/Users/lucasrodriguez/Desktop/Ducat/app/app/contexts/VaultContext.js": {"lines":{"total":27,"covered":26,"skipped":0,"pct":96.29},"functions":{"total":7,"covered":7,"skipped":0,"pct":100},"statements":{"total":28,"covered":27,"skipped":0,"pct":96.42},"branches":{"total":7,"covered":7,"skipped":0,"pct":100}}
,"/Users/lucasrodriguez/Desktop/Ducat/app/app/contexts/WalletContext.js": {"lines":{"total":37,"covered":37,"skipped":0,"pct":100},"functions":{"total":7,"covered":7,"skipped":0,"pct":100},"statements":{"total":37,"covered":37,"skipped":0,"pct":100},"branches":{"total":7,"covered":7,"skipped":0,"pct":100}}
,"/Users/lucasrodriguez/Desktop/Ducat/app/app/contexts/WalletDataContext.js": {"lines":{"total":50,"covered":50,"skipped":0,"pct":100},"functions":{"total":8,"covered":8,"skipped":0,"pct":100},"statements":{"total":51,"covered":51,"skipped":0,"pct":100},"branches":{"total":15,"covered":15,"skipped":0,"pct":100}}
,"/Users/lucasrodriguez/Desktop/Ducat/app/app/hooks/useAccountSwitcher.js": {"lines":{"total":13,"covered":13,"skipped":0,"pct":100},"functions":{"total":2,"covered":2,"skipped":0,"pct":100},"statements":{"total":13,"covered":13,"skipped":0,"pct":100},"branches":{"total":0,"covered":0,"skipped":0,"pct":100}}
,"/Users/lucasrodriguez/Desktop/Ducat/app/app/hooks/useAppLifecycle.js": {"lines":{"total":39,"covered":39,"skipped":0,"pct":100},"functions":{"total":15,"covered":14,"skipped":0,"pct":93.33},"statements":{"total":39,"covered":39,"skipped":0,"pct":100},"branches":{"total":23,"covered":22,"skipped":0,"pct":95.65}}
,"/Users/lucasrodriguez/Desktop/Ducat/app/app/hooks/useAuth.js": {"lines":{"total":75,"covered":75,"skipped":0,"pct":100},"functions":{"total":11,"covered":11,"skipped":0,"pct":100},"statements":{"total":75,"covered":75,"skipped":0,"pct":100},"branches":{"total":10,"covered":10,"skipped":0,"pct":100}}
,"/Users/lucasrodriguez/Desktop/Ducat/app/app/hooks/useBackgroundSplash.js": {"lines":{"total":11,"covered":11,"skipped":0,"pct":100},"functions":{"total":4,"covered":4,"skipped":0,"pct":100},"statements":{"total":11,"covered":11,"skipped":0,"pct":100},"branches":{"total":6,"covered":6,"skipped":0,"pct":100}}
,"/Users/lucasrodriguez/Desktop/Ducat/app/app/hooks/useBalanceData.js": {"lines":{"total":47,"covered":47,"skipped":0,"pct":100},"functions":{"total":5,"covered":5,"skipped":0,"pct":100},"statements":{"total":48,"covered":47,"skipped":0,"pct":97.91},"branches":{"total":8,"covered":7,"skipped":0,"pct":87.5}}
,"/Users/lucasrodriguez/Desktop/Ducat/app/app/hooks/useBottomSheetAnimation.js": {"lines":{"total":24,"covered":24,"skipped":0,"pct":100},"functions":{"total":8,"covered":8,"skipped":0,"pct":100},"statements":{"total":24,"covered":24,"skipped":0,"pct":100},"branches":{"total":10,"covered":10,"skipped":0,"pct":100}}
,"/Users/lucasrodriguez/Desktop/Ducat/app/app/hooks/useFormattedBalances.js": {"lines":{"total":9,"covered":9,"skipped":0,"pct":100},"functions":{"total":5,"covered":5,"skipped":0,"pct":100},"statements":{"total":9,"covered":9,"skipped":0,"pct":100},"branches":{"total":6,"covered":6,"skipped":0,"pct":100}}
,"/Users/lucasrodriguez/Desktop/Ducat/app/app/hooks/useKeyboard.js": {"lines":{"total":16,"covered":16,"skipped":0,"pct":100},"functions":{"total":5,"covered":5,"skipped":0,"pct":100},"statements":{"total":16,"covered":16,"skipped":0,"pct":100},"branches":{"total":4,"covered":4,"skipped":0,"pct":100}}
,"/Users/lucasrodriguez/Desktop/Ducat/app/app/hooks/useNavigationState.js": {"lines":{"total":18,"covered":18,"skipped":0,"pct":100},"functions":{"total":3,"covered":3,"skipped":0,"pct":100},"statements":{"total":18,"covered":18,"skipped":0,"pct":100},"branches":{"total":19,"covered":19,"skipped":0,"pct":100}}
,"/Users/lucasrodriguez/Desktop/Ducat/app/app/hooks/useNotifications.js": {"lines":{"total":30,"covered":30,"skipped":0,"pct":100},"functions":{"total":8,"covered":8,"skipped":0,"pct":100},"statements":{"total":30,"covered":30,"skipped":0,"pct":100},"branches":{"total":11,"covered":9,"skipped":0,"pct":81.81}}
,"/Users/lucasrodriguez/Desktop/Ducat/app/app/hooks/usePolling.js": {"lines":{"total":19,"covered":19,"skipped":0,"pct":100},"functions":{"total":6,"covered":6,"skipped":0,"pct":100},"statements":{"total":20,"covered":20,"skipped":0,"pct":100},"branches":{"total":8,"covered":8,"skipped":0,"pct":100}}
,"/Users/lucasrodriguez/Desktop/Ducat/app/app/hooks/usePostAuthHandler.js": {"lines":{"total":37,"covered":37,"skipped":0,"pct":100},"functions":{"total":2,"covered":2,"skipped":0,"pct":100},"statements":{"total":37,"covered":37,"skipped":0,"pct":100},"branches":{"total":16,"covered":16,"skipped":0,"pct":100}}
,"/Users/lucasrodriguez/Desktop/Ducat/app/app/hooks/useReceiveScreenAnimations.js": {"lines":{"total":55,"covered":52,"skipped":0,"pct":94.54},"functions":{"total":14,"covered":14,"skipped":0,"pct":100},"statements":{"total":58,"covered":53,"skipped":0,"pct":91.37},"branches":{"total":34,"covered":28,"skipped":0,"pct":82.35}}
,"/Users/lucasrodriguez/Desktop/Ducat/app/app/hooks/useReviewScreenData.js": {"lines":{"total":23,"covered":23,"skipped":0,"pct":100},"functions":{"total":7,"covered":7,"skipped":0,"pct":100},"statements":{"total":28,"covered":28,"skipped":0,"pct":100},"branches":{"total":20,"covered":19,"skipped":0,"pct":95}}
,"/Users/lucasrodriguez/Desktop/Ducat/app/app/hooks/useSeedVerification.js": {"lines":{"total":74,"covered":74,"skipped":0,"pct":100},"functions":{"total":14,"covered":14,"skipped":0,"pct":100},"statements":{"total":82,"covered":82,"skipped":0,"pct":100},"branches":{"total":26,"covered":20,"skipped":0,"pct":76.92}}
,"/Users/lucasrodriguez/Desktop/Ducat/app/app/hooks/useSettings.js": {"lines":{"total":123,"covered":119,"skipped":0,"pct":96.74},"functions":{"total":18,"covered":18,"skipped":0,"pct":100},"statements":{"total":123,"covered":119,"skipped":0,"pct":96.74},"branches":{"total":46,"covered":44,"skipped":0,"pct":95.65}}
,"/Users/lucasrodriguez/Desktop/Ducat/app/app/hooks/useSettingsNavigation.js": {"lines":{"total":66,"covered":66,"skipped":0,"pct":100},"functions":{"total":13,"covered":13,"skipped":0,"pct":100},"statements":{"total":66,"covered":66,"skipped":0,"pct":100},"branches":{"total":30,"covered":30,"skipped":0,"pct":100}}
,"/Users/lucasrodriguez/Desktop/Ducat/app/app/hooks/useSheetNavigation.js": {"lines":{"total":3,"covered":3,"skipped":0,"pct":100},"functions":{"total":1,"covered":1,"skipped":0,"pct":100},"statements":{"total":3,"covered":3,"skipped":0,"pct":100},"branches":{"total":0,"covered":0,"skipped":0,"pct":100}}
,"/Users/lucasrodriguez/Desktop/Ducat/app/app/hooks/useToast.js": {"lines":{"total":20,"covered":20,"skipped":0,"pct":100},"functions":{"total":7,"covered":7,"skipped":0,"pct":100},"statements":{"total":22,"covered":22,"skipped":0,"pct":100},"branches":{"total":9,"covered":9,"skipped":0,"pct":100}}
,"/Users/lucasrodriguez/Desktop/Ducat/app/app/hooks/useTransactionHistoryData.js": {"lines":{"total":32,"covered":32,"skipped":0,"pct":100},"functions":{"total":7,"covered":7,"skipped":0,"pct":100},"statements":{"total":33,"covered":33,"skipped":0,"pct":100},"branches":{"total":23,"covered":23,"skipped":0,"pct":100}}
,"/Users/lucasrodriguez/Desktop/Ducat/app/app/hooks/useTransactionHistoryFetch.js": {"lines":{"total":18,"covered":18,"skipped":0,"pct":100},"functions":{"total":3,"covered":3,"skipped":0,"pct":100},"statements":{"total":19,"covered":19,"skipped":0,"pct":100},"branches":{"total":5,"covered":5,"skipped":0,"pct":100}}
,"/Users/lucasrodriguez/Desktop/Ducat/app/app/hooks/useTransactionPolling.js": {"lines":{"total":35,"covered":35,"skipped":0,"pct":100},"functions":{"total":7,"covered":7,"skipped":0,"pct":100},"statements":{"total":35,"covered":35,"skipped":0,"pct":100},"branches":{"total":20,"covered":19,"skipped":0,"pct":95}}
,"/Users/lucasrodriguez/Desktop/Ducat/app/app/hooks/useVaultDataFetch.js": {"lines":{"total":17,"covered":17,"skipped":0,"pct":100},"functions":{"total":3,"covered":3,"skipped":0,"pct":100},"statements":{"total":17,"covered":17,"skipped":0,"pct":100},"branches":{"total":2,"covered":2,"skipped":0,"pct":100}}
,"/Users/lucasrodriguez/Desktop/Ducat/app/app/hooks/useVaultLoading.js": {"lines":{"total":25,"covered":25,"skipped":0,"pct":100},"functions":{"total":5,"covered":5,"skipped":0,"pct":100},"statements":{"total":25,"covered":25,"skipped":0,"pct":100},"branches":{"total":6,"covered":6,"skipped":0,"pct":100}}
,"/Users/lucasrodriguez/Desktop/Ducat/app/app/hooks/useVaultMessages.js": {"lines":{"total":32,"covered":32,"skipped":0,"pct":100},"functions":{"total":4,"covered":4,"skipped":0,"pct":100},"statements":{"total":32,"covered":32,"skipped":0,"pct":100},"branches":{"total":16,"covered":14,"skipped":0,"pct":87.5}}
,"/Users/lucasrodriguez/Desktop/Ducat/app/app/hooks/useVaultWebView.js": {"lines":{"total":51,"covered":44,"skipped":0,"pct":86.27},"functions":{"total":9,"covered":8,"skipped":0,"pct":88.88},"statements":{"total":53,"covered":46,"skipped":0,"pct":86.79},"branches":{"total":28,"covered":27,"skipped":0,"pct":96.42}}
,"/Users/lucasrodriguez/Desktop/Ducat/app/app/hooks/useWalletCalculations.js": {"lines":{"total":47,"covered":47,"skipped":0,"pct":100},"functions":{"total":10,"covered":10,"skipped":0,"pct":100},"statements":{"total":47,"covered":47,"skipped":0,"pct":100},"branches":{"total":51,"covered":48,"skipped":0,"pct":94.11}}
,"/Users/lucasrodriguez/Desktop/Ducat/app/app/hooks/useWalletCreation.js": {"lines":{"total":66,"covered":66,"skipped":0,"pct":100},"functions":{"total":12,"covered":12,"skipped":0,"pct":100},"statements":{"total":74,"covered":74,"skipped":0,"pct":100},"branches":{"total":16,"covered":16,"skipped":0,"pct":100}}
,"/Users/lucasrodriguez/Desktop/Ducat/app/app/hooks/useWalletImport.js": {"lines":{"total":55,"covered":55,"skipped":0,"pct":100},"functions":{"total":10,"covered":10,"skipped":0,"pct":100},"statements":{"total":61,"covered":60,"skipped":0,"pct":98.36},"branches":{"total":14,"covered":13,"skipped":0,"pct":92.85}}
,"/Users/lucasrodriguez/Desktop/Ducat/app/app/hooks/useWalletInitialization.js": {"lines":{"total":16,"covered":16,"skipped":0,"pct":100},"functions":{"total":4,"covered":4,"skipped":0,"pct":100},"statements":{"total":17,"covered":17,"skipped":0,"pct":100},"branches":{"total":2,"covered":2,"skipped":0,"pct":100}}
,"/Users/lucasrodriguez/Desktop/Ducat/app/app/services/airdropService.js": {"lines":{"total":11,"covered":11,"skipped":0,"pct":100},"functions":{"total":1,"covered":1,"skipped":0,"pct":100},"statements":{"total":11,"covered":11,"skipped":0,"pct":100},"branches":{"total":6,"covered":6,"skipped":0,"pct":100}}
,"/Users/lucasrodriguez/Desktop/Ducat/app/app/services/authService.js": {"lines":{"total":130,"covered":129,"skipped":0,"pct":99.23},"functions":{"total":21,"covered":21,"skipped":0,"pct":100},"statements":{"total":135,"covered":133,"skipped":0,"pct":98.51},"branches":{"total":34,"covered":32,"skipped":0,"pct":94.11}}
,"/Users/lucasrodriguez/Desktop/Ducat/app/app/services/backgroundTaskService.js": {"lines":{"total":43,"covered":43,"skipped":0,"pct":100},"functions":{"total":9,"covered":9,"skipped":0,"pct":100},"statements":{"total":47,"covered":47,"skipped":0,"pct":100},"branches":{"total":17,"covered":17,"skipped":0,"pct":100}}
,"/Users/lucasrodriguez/Desktop/Ducat/app/app/services/balanceService.js": {"lines":{"total":43,"covered":43,"skipped":0,"pct":100},"functions":{"total":10,"covered":10,"skipped":0,"pct":100},"statements":{"total":44,"covered":44,"skipped":0,"pct":100},"branches":{"total":28,"covered":26,"skipped":0,"pct":92.85}}
,"/Users/lucasrodriguez/Desktop/Ducat/app/app/services/psbtService.js": {"lines":{"total":47,"covered":46,"skipped":0,"pct":97.87},"functions":{"total":11,"covered":11,"skipped":0,"pct":100},"statements":{"total":51,"covered":50,"skipped":0,"pct":98.03},"branches":{"total":32,"covered":27,"skipped":0,"pct":84.37}}
,"/Users/lucasrodriguez/Desktop/Ducat/app/app/services/transactionBroadcastService.js": {"lines":{"total":10,"covered":10,"skipped":0,"pct":100},"functions":{"total":2,"covered":2,"skipped":0,"pct":100},"statements":{"total":10,"covered":10,"skipped":0,"pct":100},"branches":{"total":4,"covered":4,"skipped":0,"pct":100}}
,"/Users/lucasrodriguez/Desktop/Ducat/app/app/services/transactionCalculationService.js": {"lines":{"total":35,"covered":35,"skipped":0,"pct":100},"functions":{"total":6,"covered":6,"skipped":0,"pct":100},"statements":{"total":37,"covered":37,"skipped":0,"pct":100},"branches":{"total":10,"covered":9,"skipped":0,"pct":90}}
,"/Users/lucasrodriguez/Desktop/Ducat/app/app/services/transactionHistoryService.js": {"lines":{"total":105,"covered":104,"skipped":0,"pct":99.04},"functions":{"total":14,"covered":14,"skipped":0,"pct":100},"statements":{"total":105,"covered":104,"skipped":0,"pct":99.04},"branches":{"total":67,"covered":63,"skipped":0,"pct":94.02}}
,"/Users/lucasrodriguez/Desktop/Ducat/app/app/services/transactionService.js": {"lines":{"total":0,"covered":0,"skipped":0,"pct":100},"functions":{"total":0,"covered":0,"skipped":0,"pct":100},"statements":{"total":0,"covered":0,"skipped":0,"pct":100},"branches":{"total":0,"covered":0,"skipped":0,"pct":100}}
,"/Users/lucasrodriguez/Desktop/Ducat/app/app/services/transactionSigningService.js": {"lines":{"total":73,"covered":68,"skipped":0,"pct":93.15},"functions":{"total":5,"covered":5,"skipped":0,"pct":100},"statements":{"total":78,"covered":71,"skipped":0,"pct":91.02},"branches":{"total":32,"covered":23,"skipped":0,"pct":71.87}}
,"/Users/lucasrodriguez/Desktop/Ducat/app/app/services/vaultService.js": {"lines":{"total":69,"covered":65,"skipped":0,"pct":94.2},"functions":{"total":7,"covered":6,"skipped":0,"pct":85.71},"statements":{"total":69,"covered":65,"skipped":0,"pct":94.2},"branches":{"total":28,"covered":27,"skipped":0,"pct":96.42}}
,"/Users/lucasrodriguez/Desktop/Ducat/app/app/services/walletService.js": {"lines":{"total":39,"covered":39,"skipped":0,"pct":100},"functions":{"total":7,"covered":7,"skipped":0,"pct":100},"statements":{"total":39,"covered":39,"skipped":0,"pct":100},"branches":{"total":11,"covered":11,"skipped":0,"pct":100}}
,"/Users/lucasrodriguez/Desktop/Ducat/app/app/services/transaction/btcTransaction.js": {"lines":{"total":36,"covered":36,"skipped":0,"pct":100},"functions":{"total":4,"covered":4,"skipped":0,"pct":100},"statements":{"total":37,"covered":37,"skipped":0,"pct":100},"branches":{"total":12,"covered":12,"skipped":0,"pct":100}}
,"/Users/lucasrodriguez/Desktop/Ducat/app/app/services/transaction/index.js": {"lines":{"total":0,"covered":0,"skipped":0,"pct":100},"functions":{"total":0,"covered":0,"skipped":0,"pct":100},"statements":{"total":0,"covered":0,"skipped":0,"pct":100},"branches":{"total":0,"covered":0,"skipped":0,"pct":100}}
,"/Users/lucasrodriguez/Desktop/Ducat/app/app/services/transaction/runesTransaction.js": {"lines":{"total":91,"covered":79,"skipped":0,"pct":86.81},"functions":{"total":6,"covered":6,"skipped":0,"pct":100},"statements":{"total":91,"covered":79,"skipped":0,"pct":86.81},"branches":{"total":47,"covered":33,"skipped":0,"pct":70.21}}
,"/Users/lucasrodriguez/Desktop/Ducat/app/app/services/transaction/utxoSelection.js": {"lines":{"total":56,"covered":56,"skipped":0,"pct":100},"functions":{"total":9,"covered":9,"skipped":0,"pct":100},"statements":{"total":57,"covered":56,"skipped":0,"pct":98.24},"branches":{"total":22,"covered":20,"skipped":0,"pct":90.9}}
,"/Users/lucasrodriguez/Desktop/Ducat/app/app/utils/api.js": {"lines":{"total":26,"covered":25,"skipped":0,"pct":96.15},"functions":{"total":4,"covered":4,"skipped":0,"pct":100},"statements":{"total":29,"covered":28,"skipped":0,"pct":96.55},"branches":{"total":18,"covered":17,"skipped":0,"pct":94.44}}
,"/Users/lucasrodriguez/Desktop/Ducat/app/app/utils/bitcoin.js": {"lines":{"total":37,"covered":37,"skipped":0,"pct":100},"functions":{"total":3,"covered":3,"skipped":0,"pct":100},"statements":{"total":37,"covered":37,"skipped":0,"pct":100},"branches":{"total":23,"covered":22,"skipped":0,"pct":95.65}}
,"/Users/lucasrodriguez/Desktop/Ducat/app/app/utils/errorParser.js": {"lines":{"total":14,"covered":13,"skipped":0,"pct":92.85},"functions":{"total":1,"covered":1,"skipped":0,"pct":100},"statements":{"total":15,"covered":14,"skipped":0,"pct":93.33},"branches":{"total":14,"covered":13,"skipped":0,"pct":92.85}}
,"/Users/lucasrodriguez/Desktop/Ducat/app/app/utils/formatters.js": {"lines":{"total":12,"covered":12,"skipped":0,"pct":100},"functions":{"total":5,"covered":5,"skipped":0,"pct":100},"statements":{"total":12,"covered":12,"skipped":0,"pct":100},"branches":{"total":7,"covered":7,"skipped":0,"pct":100}}
,"/Users/lucasrodriguez/Desktop/Ducat/app/app/utils/logger.js": {"lines":{"total":25,"covered":25,"skipped":0,"pct":100},"functions":{"total":6,"covered":6,"skipped":0,"pct":100},"statements":{"total":25,"covered":25,"skipped":0,"pct":100},"branches":{"total":20,"covered":18,"skipped":0,"pct":90}}
,"/Users/lucasrodriguez/Desktop/Ducat/app/app/utils/onboardingHelpers.js": {"lines":{"total":3,"covered":3,"skipped":0,"pct":100},"functions":{"total":1,"covered":1,"skipped":0,"pct":100},"statements":{"total":3,"covered":3,"skipped":0,"pct":100},"branches":{"total":0,"covered":0,"skipped":0,"pct":100}}
,"/Users/lucasrodriguez/Desktop/Ducat/app/app/utils/retry.js": {"lines":{"total":21,"covered":20,"skipped":0,"pct":95.23},"functions":{"total":8,"covered":8,"skipped":0,"pct":100},"statements":{"total":25,"covered":24,"skipped":0,"pct":96},"branches":{"total":21,"covered":20,"skipped":0,"pct":95.23}}
,"/Users/lucasrodriguez/Desktop/Ducat/app/app/utils/sendHelpers.js": {"lines":{"total":18,"covered":18,"skipped":0,"pct":100},"functions":{"total":4,"covered":4,"skipped":0,"pct":100},"statements":{"total":21,"covered":21,"skipped":0,"pct":100},"branches":{"total":12,"covered":12,"skipped":0,"pct":100}}
,"/Users/lucasrodriguez/Desktop/Ducat/app/app/utils/transactionFormatters.js": {"lines":{"total":10,"covered":10,"skipped":0,"pct":100},"functions":{"total":3,"covered":3,"skipped":0,"pct":100},"statements":{"total":12,"covered":12,"skipped":0,"pct":100},"branches":{"total":6,"covered":6,"skipped":0,"pct":100}}
,"/Users/lucasrodriguez/Desktop/Ducat/app/app/utils/vaultWebViewScripts.js": {"lines":{"total":3,"covered":3,"skipped":0,"pct":100},"functions":{"total":0,"covered":0,"skipped":0,"pct":100},"statements":{"total":3,"covered":3,"skipped":0,"pct":100},"branches":{"total":0,"covered":0,"skipped":0,"pct":100}}
,"/Users/lucasrodriguez/Desktop/Ducat/app/app/utils/wallet.js": {"lines":{"total":108,"covered":108,"skipped":0,"pct":100},"functions":{"total":11,"covered":11,"skipped":0,"pct":100},"statements":{"total":111,"covered":111,"skipped":0,"pct":100},"branches":{"total":38,"covered":35,"skipped":0,"pct":92.1}}
}
