{"/Users/lucasrodriguez/Desktop/Ducat/app/app/contexts/AirdropContext.js": {"path":"/Users/lucasrodriguez/Desktop/Ducat/app/app/contexts/AirdropContext.js","statementMap":{"0":{"start":{"line":12,"column":23},"end":{"line":12,"column":38}},"1":{"start":{"line":14,"column":26},"end":{"line":20,"column":1}},"2":{"start":{"line":15,"column":18},"end":{"line":15,"column":44}},"3":{"start":{"line":16,"column":2},"end":{"line":18,"column":3}},"4":{"start":{"line":17,"column":4},"end":{"line":17,"column":73}},"5":{"start":{"line":19,"column":2},"end":{"line":19,"column":17}},"6":{"start":{"line":22,"column":31},"end":{"line":339,"column":1}},"7":{"start":{"line":23,"column":44},"end":{"line":23,"column":56}},"8":{"start":{"line":24,"column":37},"end":{"line":24,"column":48}},"9":{"start":{"line":25,"column":30},"end":{"line":25,"column":39}},"10":{"start":{"line":28,"column":50},"end":{"line":28,"column":65}},"11":{"start":{"line":29,"column":40},"end":{"line":29,"column":52}},"12":{"start":{"line":30,"column":38},"end":{"line":30,"column":53}},"13":{"start":{"line":34,"column":28},"end":{"line":34,"column":41}},"14":{"start":{"line":37,"column":27},"end":{"line":37,"column":48}},"15":{"start":{"line":38,"column":28},"end":{"line":38,"column":50}},"16":{"start":{"line":41,"column":27},"end":{"line":41,"column":39}},"17":{"start":{"line":43,"column":28},"end":{"line":43,"column":38}},"18":{"start":{"line":46,"column":28},"end":{"line":73,"column":3}},"19":{"start":{"line":47,"column":4},"end":{"line":72,"column":5}},"20":{"start":{"line":48,"column":6},"end":{"line":55,"column":7}},"21":{"start":{"line":50,"column":26},"end":{"line":53,"column":9}},"22":{"start":{"line":54,"column":8},"end":{"line":54,"column":41}},"23":{"start":{"line":58,"column":6},"end":{"line":58,"column":57}},"24":{"start":{"line":59,"column":6},"end":{"line":59,"column":49}},"25":{"start":{"line":62,"column":6},"end":{"line":66,"column":15}},"26":{"start":{"line":63,"column":8},"end":{"line":65,"column":9}},"27":{"start":{"line":64,"column":10},"end":{"line":64,"column":53}},"28":{"start":{"line":69,"column":6},"end":{"line":71,"column":7}},"29":{"start":{"line":70,"column":8},"end":{"line":70,"column":64}},"30":{"start":{"line":76,"column":29},"end":{"line":132,"column":3}},"31":{"start":{"line":78,"column":4},"end":{"line":81,"column":5}},"32":{"start":{"line":79,"column":6},"end":{"line":79,"column":64}},"33":{"start":{"line":79,"column":46},"end":{"line":79,"column":62}},"34":{"start":{"line":80,"column":6},"end":{"line":80,"column":37}},"35":{"start":{"line":84,"column":4},"end":{"line":84,"column":24}},"36":{"start":{"line":87,"column":4},"end":{"line":87,"column":59}},"37":{"start":{"line":89,"column":4},"end":{"line":89,"column":27}},"38":{"start":{"line":93,"column":26},"end":{"line":93,"column":30}},"39":{"start":{"line":94,"column":22},"end":{"line":94,"column":25}},"40":{"start":{"line":95,"column":24},"end":{"line":95,"column":26}},"41":{"start":{"line":97,"column":4},"end":{"line":128,"column":5}},"42":{"start":{"line":97,"column":17},"end":{"line":97,"column":18}},"43":{"start":{"line":99,"column":23},"end":{"line":99,"column":36}},"44":{"start":{"line":103,"column":20},"end":{"line":103,"column":59}},"45":{"start":{"line":109,"column":24},"end":{"line":125,"column":15}},"46":{"start":{"line":110,"column":29},"end":{"line":110,"column":50}},"47":{"start":{"line":111,"column":8},"end":{"line":124,"column":9}},"48":{"start":{"line":113,"column":10},"end":{"line":117,"column":11}},"49":{"start":{"line":114,"column":12},"end":{"line":114,"column":68}},"50":{"start":{"line":116,"column":12},"end":{"line":116,"column":67}},"51":{"start":{"line":118,"column":15},"end":{"line":124,"column":9}},"52":{"start":{"line":120,"column":10},"end":{"line":120,"column":65}},"53":{"start":{"line":123,"column":10},"end":{"line":123,"column":35}},"54":{"start":{"line":127,"column":6},"end":{"line":127,"column":34}},"55":{"start":{"line":131,"column":4},"end":{"line":131,"column":44}},"56":{"start":{"line":135,"column":2},"end":{"line":172,"column":9}},"57":{"start":{"line":137,"column":4},"end":{"line":141,"column":7}},"58":{"start":{"line":144,"column":25},"end":{"line":156,"column":5}},"59":{"start":{"line":145,"column":6},"end":{"line":155,"column":7}},"60":{"start":{"line":146,"column":26},"end":{"line":149,"column":9}},"61":{"start":{"line":150,"column":8},"end":{"line":150,"column":41}},"62":{"start":{"line":151,"column":8},"end":{"line":151,"column":28}},"63":{"start":{"line":152,"column":8},"end":{"line":152,"column":60}},"64":{"start":{"line":154,"column":8},"end":{"line":154,"column":75}},"65":{"start":{"line":158,"column":4},"end":{"line":158,"column":19}},"66":{"start":{"line":160,"column":4},"end":{"line":171,"column":6}},"67":{"start":{"line":162,"column":6},"end":{"line":165,"column":7}},"68":{"start":{"line":163,"column":8},"end":{"line":163,"column":47}},"69":{"start":{"line":164,"column":8},"end":{"line":164,"column":40}},"70":{"start":{"line":167,"column":6},"end":{"line":170,"column":7}},"71":{"start":{"line":168,"column":8},"end":{"line":168,"column":66}},"72":{"start":{"line":168,"column":48},"end":{"line":168,"column":64}},"73":{"start":{"line":169,"column":8},"end":{"line":169,"column":39}},"74":{"start":{"line":175,"column":2},"end":{"line":178,"column":38}},"75":{"start":{"line":176,"column":4},"end":{"line":176,"column":45}},"76":{"start":{"line":177,"column":4},"end":{"line":177,"column":47}},"77":{"start":{"line":181,"column":2},"end":{"line":204,"column":46}},"78":{"start":{"line":182,"column":32},"end":{"line":201,"column":5}},"79":{"start":{"line":183,"column":6},"end":{"line":183,"column":41}},"80":{"start":{"line":183,"column":34},"end":{"line":183,"column":41}},"81":{"start":{"line":185,"column":22},"end":{"line":185,"column":77}},"82":{"start":{"line":186,"column":6},"end":{"line":200,"column":7}},"83":{"start":{"line":187,"column":29},"end":{"line":187,"column":68}},"84":{"start":{"line":188,"column":8},"end":{"line":197,"column":9}},"85":{"start":{"line":189,"column":27},"end":{"line":189,"column":53}},"86":{"start":{"line":190,"column":22},"end":{"line":190,"column":32}},"87":{"start":{"line":191,"column":30},"end":{"line":191,"column":39}},"88":{"start":{"line":194,"column":10},"end":{"line":196,"column":11}},"89":{"start":{"line":195,"column":12},"end":{"line":195,"column":55}},"90":{"start":{"line":203,"column":4},"end":{"line":203,"column":26}},"91":{"start":{"line":207,"column":2},"end":{"line":225,"column":62}},"92":{"start":{"line":208,"column":32},"end":{"line":222,"column":5}},"93":{"start":{"line":209,"column":6},"end":{"line":209,"column":41}},"94":{"start":{"line":209,"column":34},"end":{"line":209,"column":41}},"95":{"start":{"line":211,"column":25},"end":{"line":211,"column":83}},"96":{"start":{"line":212,"column":26},"end":{"line":212,"column":68}},"97":{"start":{"line":215,"column":6},"end":{"line":221,"column":7}},"98":{"start":{"line":216,"column":8},"end":{"line":216,"column":36}},"99":{"start":{"line":217,"column":8},"end":{"line":217,"column":34}},"100":{"start":{"line":220,"column":8},"end":{"line":220,"column":54}},"101":{"start":{"line":224,"column":4},"end":{"line":224,"column":26}},"102":{"start":{"line":228,"column":2},"end":{"line":325,"column":63}},"103":{"start":{"line":229,"column":4},"end":{"line":229,"column":39}},"104":{"start":{"line":229,"column":32},"end":{"line":229,"column":39}},"105":{"start":{"line":230,"column":4},"end":{"line":230,"column":33}},"106":{"start":{"line":230,"column":26},"end":{"line":230,"column":33}},"107":{"start":{"line":231,"column":4},"end":{"line":231,"column":31}},"108":{"start":{"line":231,"column":24},"end":{"line":231,"column":31}},"109":{"start":{"line":233,"column":35},"end":{"line":306,"column":5}},"110":{"start":{"line":235,"column":6},"end":{"line":235,"column":44}},"111":{"start":{"line":235,"column":37},"end":{"line":235,"column":44}},"112":{"start":{"line":237,"column":25},"end":{"line":237,"column":84}},"113":{"start":{"line":238,"column":22},"end":{"line":238,"column":77}},"114":{"start":{"line":240,"column":6},"end":{"line":305,"column":7}},"115":{"start":{"line":242,"column":29},"end":{"line":242,"column":68}},"116":{"start":{"line":243,"column":8},"end":{"line":253,"column":9}},"117":{"start":{"line":244,"column":27},"end":{"line":244,"column":53}},"118":{"start":{"line":245,"column":22},"end":{"line":245,"column":32}},"119":{"start":{"line":246,"column":30},"end":{"line":246,"column":39}},"120":{"start":{"line":249,"column":10},"end":{"line":251,"column":11}},"121":{"start":{"line":250,"column":12},"end":{"line":250,"column":19}},"122":{"start":{"line":256,"column":32},"end":{"line":256,"column":84}},"123":{"start":{"line":259,"column":8},"end":{"line":300,"column":9}},"124":{"start":{"line":261,"column":34},"end":{"line":261,"column":76}},"125":{"start":{"line":262,"column":22},"end":{"line":262,"column":32}},"126":{"start":{"line":263,"column":34},"end":{"line":263,"column":53}},"127":{"start":{"line":266,"column":10},"end":{"line":268,"column":11}},"128":{"start":{"line":267,"column":12},"end":{"line":267,"column":19}},"129":{"start":{"line":271,"column":10},"end":{"line":271,"column":66}},"130":{"start":{"line":272,"column":10},"end":{"line":272,"column":43}},"131":{"start":{"line":274,"column":10},"end":{"line":299,"column":11}},"132":{"start":{"line":276,"column":12},"end":{"line":276,"column":71}},"133":{"start":{"line":279,"column":27},"end":{"line":279,"column":84}},"134":{"start":{"line":282,"column":31},"end":{"line":282,"column":89}},"135":{"start":{"line":283,"column":12},"end":{"line":283,"column":68}},"136":{"start":{"line":286,"column":12},"end":{"line":292,"column":20}},"137":{"start":{"line":287,"column":14},"end":{"line":287,"column":42}},"138":{"start":{"line":288,"column":14},"end":{"line":288,"column":40}},"139":{"start":{"line":291,"column":14},"end":{"line":291,"column":54}},"140":{"start":{"line":297,"column":12},"end":{"line":297,"column":46}},"141":{"start":{"line":298,"column":12},"end":{"line":298,"column":55}},"142":{"start":{"line":303,"column":8},"end":{"line":303,"column":42}},"143":{"start":{"line":304,"column":8},"end":{"line":304,"column":67}},"144":{"start":{"line":309,"column":27},"end":{"line":311,"column":12}},"145":{"start":{"line":310,"column":6},"end":{"line":310,"column":31}},"146":{"start":{"line":314,"column":23},"end":{"line":319,"column":5}},"147":{"start":{"line":316,"column":8},"end":{"line":316,"column":33}},"148":{"start":{"line":321,"column":4},"end":{"line":324,"column":6}},"149":{"start":{"line":322,"column":6},"end":{"line":322,"column":35}},"150":{"start":{"line":323,"column":6},"end":{"line":323,"column":32}},"151":{"start":{"line":327,"column":16},"end":{"line":336,"column":3}},"152":{"start":{"line":338,"column":2},"end":{"line":338,"column":85}},"153":{"start":{"line":341,"column":0},"end":{"line":344,"column":2}}},"fnMap":{"0":{"name":"(anonymous_0)","decl":{"start":{"line":14,"column":26},"end":{"line":14,"column":27}},"loc":{"start":{"line":14,"column":32},"end":{"line":20,"column":1}},"line":14},"1":{"name":"(anonymous_1)","decl":{"start":{"line":22,"column":31},"end":{"line":22,"column":32}},"loc":{"start":{"line":22,"column":64},"end":{"line":339,"column":1}},"line":22},"2":{"name":"(anonymous_2)","decl":{"start":{"line":46,"column":28},"end":{"line":46,"column":29}},"loc":{"start":{"line":46,"column":40},"end":{"line":73,"column":3}},"line":46},"3":{"name":"(anonymous_3)","decl":{"start":{"line":62,"column":17},"end":{"line":62,"column":18}},"loc":{"start":{"line":62,"column":29},"end":{"line":66,"column":7}},"line":62},"4":{"name":"(anonymous_4)","decl":{"start":{"line":76,"column":29},"end":{"line":76,"column":30}},"loc":{"start":{"line":76,"column":35},"end":{"line":132,"column":3}},"line":76},"5":{"name":"(anonymous_5)","decl":{"start":{"line":79,"column":40},"end":{"line":79,"column":41}},"loc":{"start":{"line":79,"column":46},"end":{"line":79,"column":62}},"line":79},"6":{"name":"(anonymous_6)","decl":{"start":{"line":109,"column":35},"end":{"line":109,"column":36}},"loc":{"start":{"line":109,"column":41},"end":{"line":125,"column":7}},"line":109},"7":{"name":"(anonymous_7)","decl":{"start":{"line":135,"column":12},"end":{"line":135,"column":13}},"loc":{"start":{"line":135,"column":18},"end":{"line":172,"column":3}},"line":135},"8":{"name":"(anonymous_8)","decl":{"start":{"line":144,"column":25},"end":{"line":144,"column":26}},"loc":{"start":{"line":144,"column":37},"end":{"line":156,"column":5}},"line":144},"9":{"name":"(anonymous_9)","decl":{"start":{"line":160,"column":11},"end":{"line":160,"column":12}},"loc":{"start":{"line":160,"column":17},"end":{"line":171,"column":5}},"line":160},"10":{"name":"(anonymous_10)","decl":{"start":{"line":168,"column":42},"end":{"line":168,"column":43}},"loc":{"start":{"line":168,"column":48},"end":{"line":168,"column":64}},"line":168},"11":{"name":"(anonymous_11)","decl":{"start":{"line":175,"column":12},"end":{"line":175,"column":13}},"loc":{"start":{"line":175,"column":18},"end":{"line":178,"column":3}},"line":175},"12":{"name":"(anonymous_12)","decl":{"start":{"line":181,"column":12},"end":{"line":181,"column":13}},"loc":{"start":{"line":181,"column":18},"end":{"line":204,"column":3}},"line":181},"13":{"name":"(anonymous_13)","decl":{"start":{"line":182,"column":32},"end":{"line":182,"column":33}},"loc":{"start":{"line":182,"column":44},"end":{"line":201,"column":5}},"line":182},"14":{"name":"(anonymous_14)","decl":{"start":{"line":207,"column":12},"end":{"line":207,"column":13}},"loc":{"start":{"line":207,"column":18},"end":{"line":225,"column":3}},"line":207},"15":{"name":"(anonymous_15)","decl":{"start":{"line":208,"column":32},"end":{"line":208,"column":33}},"loc":{"start":{"line":208,"column":44},"end":{"line":222,"column":5}},"line":208},"16":{"name":"(anonymous_16)","decl":{"start":{"line":228,"column":12},"end":{"line":228,"column":13}},"loc":{"start":{"line":228,"column":18},"end":{"line":325,"column":3}},"line":228},"17":{"name":"(anonymous_17)","decl":{"start":{"line":233,"column":35},"end":{"line":233,"column":36}},"loc":{"start":{"line":233,"column":47},"end":{"line":306,"column":5}},"line":233},"18":{"name":"(anonymous_18)","decl":{"start":{"line":286,"column":23},"end":{"line":286,"column":24}},"loc":{"start":{"line":286,"column":29},"end":{"line":292,"column":13}},"line":286},"19":{"name":"(anonymous_19)","decl":{"start":{"line":304,"column":57},"end":{"line":304,"column":58}},"loc":{"start":{"line":304,"column":63},"end":{"line":304,"column":65}},"line":304},"20":{"name":"(anonymous_20)","decl":{"start":{"line":309,"column":38},"end":{"line":309,"column":39}},"loc":{"start":{"line":309,"column":44},"end":{"line":311,"column":5}},"line":309},"21":{"name":"(anonymous_21)","decl":{"start":{"line":315,"column":6},"end":{"line":315,"column":7}},"loc":{"start":{"line":315,"column":12},"end":{"line":317,"column":7}},"line":315},"22":{"name":"(anonymous_22)","decl":{"start":{"line":321,"column":11},"end":{"line":321,"column":12}},"loc":{"start":{"line":321,"column":17},"end":{"line":324,"column":5}},"line":321}},"branchMap":{"0":{"loc":{"start":{"line":16,"column":2},"end":{"line":18,"column":3}},"type":"if","locations":[{"start":{"line":16,"column":2},"end":{"line":18,"column":3}},{"start":{},"end":{}}],"line":16},"1":{"loc":{"start":{"line":48,"column":6},"end":{"line":55,"column":7}},"type":"if","locations":[{"start":{"line":48,"column":6},"end":{"line":55,"column":7}},{"start":{},"end":{}}],"line":48},"2":{"loc":{"start":{"line":63,"column":8},"end":{"line":65,"column":9}},"type":"if","locations":[{"start":{"line":63,"column":8},"end":{"line":65,"column":9}},{"start":{},"end":{}}],"line":63},"3":{"loc":{"start":{"line":69,"column":6},"end":{"line":71,"column":7}},"type":"if","locations":[{"start":{"line":69,"column":6},"end":{"line":71,"column":7}},{"start":{},"end":{}}],"line":69},"4":{"loc":{"start":{"line":78,"column":4},"end":{"line":81,"column":5}},"type":"if","locations":[{"start":{"line":78,"column":4},"end":{"line":81,"column":5}},{"start":{},"end":{}}],"line":78},"5":{"loc":{"start":{"line":111,"column":8},"end":{"line":124,"column":9}},"type":"if","locations":[{"start":{"line":111,"column":8},"end":{"line":124,"column":9}},{"start":{"line":118,"column":15},"end":{"line":124,"column":9}}],"line":111},"6":{"loc":{"start":{"line":113,"column":10},"end":{"line":117,"column":11}},"type":"if","locations":[{"start":{"line":113,"column":10},"end":{"line":117,"column":11}},{"start":{"line":115,"column":17},"end":{"line":117,"column":11}}],"line":113},"7":{"loc":{"start":{"line":118,"column":15},"end":{"line":124,"column":9}},"type":"if","locations":[{"start":{"line":118,"column":15},"end":{"line":124,"column":9}},{"start":{"line":121,"column":15},"end":{"line":124,"column":9}}],"line":118},"8":{"loc":{"start":{"line":162,"column":6},"end":{"line":165,"column":7}},"type":"if","locations":[{"start":{"line":162,"column":6},"end":{"line":165,"column":7}},{"start":{},"end":{}}],"line":162},"9":{"loc":{"start":{"line":167,"column":6},"end":{"line":170,"column":7}},"type":"if","locations":[{"start":{"line":167,"column":6},"end":{"line":170,"column":7}},{"start":{},"end":{}}],"line":167},"10":{"loc":{"start":{"line":183,"column":6},"end":{"line":183,"column":41}},"type":"if","locations":[{"start":{"line":183,"column":6},"end":{"line":183,"column":41}},{"start":{},"end":{}}],"line":183},"11":{"loc":{"start":{"line":188,"column":8},"end":{"line":197,"column":9}},"type":"if","locations":[{"start":{"line":188,"column":8},"end":{"line":197,"column":9}},{"start":{},"end":{}}],"line":188},"12":{"loc":{"start":{"line":194,"column":10},"end":{"line":196,"column":11}},"type":"if","locations":[{"start":{"line":194,"column":10},"end":{"line":196,"column":11}},{"start":{},"end":{}}],"line":194},"13":{"loc":{"start":{"line":209,"column":6},"end":{"line":209,"column":41}},"type":"if","locations":[{"start":{"line":209,"column":6},"end":{"line":209,"column":41}},{"start":{},"end":{}}],"line":209},"14":{"loc":{"start":{"line":215,"column":6},"end":{"line":221,"column":7}},"type":"if","locations":[{"start":{"line":215,"column":6},"end":{"line":221,"column":7}},{"start":{},"end":{}}],"line":215},"15":{"loc":{"start":{"line":215,"column":10},"end":{"line":215,"column":66}},"type":"binary-expr","locations":[{"start":{"line":215,"column":10},"end":{"line":215,"column":21}},{"start":{"line":215,"column":26},"end":{"line":215,"column":43}},{"start":{"line":215,"column":47},"end":{"line":215,"column":65}}],"line":215},"16":{"loc":{"start":{"line":229,"column":4},"end":{"line":229,"column":39}},"type":"if","locations":[{"start":{"line":229,"column":4},"end":{"line":229,"column":39}},{"start":{},"end":{}}],"line":229},"17":{"loc":{"start":{"line":230,"column":4},"end":{"line":230,"column":33}},"type":"if","locations":[{"start":{"line":230,"column":4},"end":{"line":230,"column":33}},{"start":{},"end":{}}],"line":230},"18":{"loc":{"start":{"line":231,"column":4},"end":{"line":231,"column":31}},"type":"if","locations":[{"start":{"line":231,"column":4},"end":{"line":231,"column":31}},{"start":{},"end":{}}],"line":231},"19":{"loc":{"start":{"line":235,"column":6},"end":{"line":235,"column":44}},"type":"if","locations":[{"start":{"line":235,"column":6},"end":{"line":235,"column":44}},{"start":{},"end":{}}],"line":235},"20":{"loc":{"start":{"line":243,"column":8},"end":{"line":253,"column":9}},"type":"if","locations":[{"start":{"line":243,"column":8},"end":{"line":253,"column":9}},{"start":{},"end":{}}],"line":243},"21":{"loc":{"start":{"line":249,"column":10},"end":{"line":251,"column":11}},"type":"if","locations":[{"start":{"line":249,"column":10},"end":{"line":251,"column":11}},{"start":{},"end":{}}],"line":249},"22":{"loc":{"start":{"line":259,"column":8},"end":{"line":300,"column":9}},"type":"if","locations":[{"start":{"line":259,"column":8},"end":{"line":300,"column":9}},{"start":{},"end":{}}],"line":259},"23":{"loc":{"start":{"line":266,"column":10},"end":{"line":268,"column":11}},"type":"if","locations":[{"start":{"line":266,"column":10},"end":{"line":268,"column":11}},{"start":{},"end":{}}],"line":266},"24":{"loc":{"start":{"line":266,"column":14},"end":{"line":266,"column":86}},"type":"binary-expr","locations":[{"start":{"line":266,"column":14},"end":{"line":266,"column":29}},{"start":{"line":266,"column":33},"end":{"line":266,"column":86}}],"line":266}},"s":{"0":0,"1":0,"2":0,"3":0,"4":0,"5":0,"6":0,"7":0,"8":0,"9":0,"10":0,"11":0,"12":0,"13":0,"14":0,"15":0,"16":0,"17":0,"18":0,"19":0,"20":0,"21":0,"22":0,"23":0,"24":0,"25":0,"26":0,"27":0,"28":0,"29":0,"30":0,"31":0,"32":0,"33":0,"34":0,"35":0,"36":0,"37":0,"38":0,"39":0,"40":0,"41":0,"42":0,"43":0,"44":0,"45":0,"46":0,"47":0,"48":0,"49":0,"50":0,"51":0,"52":0,"53":0,"54":0,"55":0,"56":0,"57":0,"58":0,"59":0,"60":0,"61":0,"62":0,"63":0,"64":0,"65":0,"66":0,"67":0,"68":0,"69":0,"70":0,"71":0,"72":0,"73":0,"74":0,"75":0,"76":0,"77":0,"78":0,"79":0,"80":0,"81":0,"82":0,"83":0,"84":0,"85":0,"86":0,"87":0,"88":0,"89":0,"90":0,"91":0,"92":0,"93":0,"94":0,"95":0,"96":0,"97":0,"98":0,"99":0,"100":0,"101":0,"102":0,"103":0,"104":0,"105":0,"106":0,"107":0,"108":0,"109":0,"110":0,"111":0,"112":0,"113":0,"114":0,"115":0,"116":0,"117":0,"118":0,"119":0,"120":0,"121":0,"122":0,"123":0,"124":0,"125":0,"126":0,"127":0,"128":0,"129":0,"130":0,"131":0,"132":0,"133":0,"134":0,"135":0,"136":0,"137":0,"138":0,"139":0,"140":0,"141":0,"142":0,"143":0,"144":0,"145":0,"146":0,"147":0,"148":0,"149":0,"150":0,"151":0,"152":0,"153":0},"f":{"0":0,"1":0,"2":0,"3":0,"4":0,"5":0,"6":0,"7":0,"8":0,"9":0,"10":0,"11":0,"12":0,"13":0,"14":0,"15":0,"16":0,"17":0,"18":0,"19":0,"20":0,"21":0,"22":0},"b":{"0":[0,0],"1":[0,0],"2":[0,0],"3":[0,0],"4":[0,0],"5":[0,0],"6":[0,0],"7":[0,0],"8":[0,0],"9":[0,0],"10":[0,0],"11":[0,0],"12":[0,0],"13":[0,0],"14":[0,0],"15":[0,0,0],"16":[0,0],"17":[0,0],"18":[0,0],"19":[0,0],"20":[0,0],"21":[0,0],"22":[0,0],"23":[0,0],"24":[0,0]}}
,"/Users/lucasrodriguez/Desktop/Ducat/app/app/contexts/AppNavigationContext.js": {"path":"/Users/lucasrodriguez/Desktop/Ducat/app/app/contexts/AppNavigationContext.js","statementMap":{"0":{"start":{"line":9,"column":29},"end":{"line":9,"column":44}},"1":{"start":{"line":11,"column":37},"end":{"line":30,"column":1}},"2":{"start":{"line":12,"column":36},"end":{"line":12,"column":54}},"3":{"start":{"line":13,"column":29},"end":{"line":13,"column":41}},"4":{"start":{"line":15,"column":31},"end":{"line":20,"column":3}},"5":{"start":{"line":16,"column":4},"end":{"line":18,"column":5}},"6":{"start":{"line":17,"column":6},"end":{"line":17,"column":47}},"7":{"start":{"line":22,"column":16},"end":{"line":27,"column":3}},"8":{"start":{"line":29,"column":2},"end":{"line":29,"column":97}},"9":{"start":{"line":32,"column":0},"end":{"line":35,"column":2}},"10":{"start":{"line":37,"column":32},"end":{"line":43,"column":1}},"11":{"start":{"line":38,"column":18},"end":{"line":38,"column":50}},"12":{"start":{"line":39,"column":2},"end":{"line":41,"column":3}},"13":{"start":{"line":40,"column":4},"end":{"line":40,"column":82}},"14":{"start":{"line":42,"column":2},"end":{"line":42,"column":17}}},"fnMap":{"0":{"name":"(anonymous_0)","decl":{"start":{"line":11,"column":37},"end":{"line":11,"column":38}},"loc":{"start":{"line":11,"column":84},"end":{"line":30,"column":1}},"line":11},"1":{"name":"(anonymous_1)","decl":{"start":{"line":15,"column":31},"end":{"line":15,"column":32}},"loc":{"start":{"line":15,"column":37},"end":{"line":20,"column":3}},"line":15},"2":{"name":"(anonymous_2)","decl":{"start":{"line":37,"column":32},"end":{"line":37,"column":33}},"loc":{"start":{"line":37,"column":38},"end":{"line":43,"column":1}},"line":37}},"branchMap":{"0":{"loc":{"start":{"line":11,"column":50},"end":{"line":11,"column":77}},"type":"default-arg","locations":[{"start":{"line":11,"column":71},"end":{"line":11,"column":77}}],"line":11},"1":{"loc":{"start":{"line":16,"column":4},"end":{"line":18,"column":5}},"type":"if","locations":[{"start":{"line":16,"column":4},"end":{"line":18,"column":5}},{"start":{},"end":{}}],"line":16},"2":{"loc":{"start":{"line":39,"column":2},"end":{"line":41,"column":3}},"type":"if","locations":[{"start":{"line":39,"column":2},"end":{"line":41,"column":3}},{"start":{},"end":{}}],"line":39}},"s":{"0":1,"1":1,"2":9,"3":9,"4":9,"5":2,"6":1,"7":9,"8":9,"9":1,"10":1,"11":12,"12":11,"13":2,"14":9},"f":{"0":9,"1":2,"2":12},"b":{"0":[8],"1":[1,1],"2":[2,9]},"_coverageSchema":"1a1c01bbd47fc00a2c39e90264f33305004495a9","hash":"73b561995ee9f955d476086cf12726dee36ad316"}
,"/Users/lucasrodriguez/Desktop/Ducat/app/app/contexts/AuthContext.js": {"path":"/Users/lucasrodriguez/Desktop/Ducat/app/app/contexts/AuthContext.js","statementMap":{"0":{"start":{"line":14,"column":20},"end":{"line":14,"column":35}},"1":{"start":{"line":16,"column":23},"end":{"line":22,"column":1}},"2":{"start":{"line":17,"column":18},"end":{"line":17,"column":41}},"3":{"start":{"line":18,"column":2},"end":{"line":20,"column":3}},"4":{"start":{"line":19,"column":4},"end":{"line":19,"column":67}},"5":{"start":{"line":21,"column":2},"end":{"line":21,"column":17}},"6":{"start":{"line":25,"column":33},"end":{"line":28,"column":1}},"7":{"start":{"line":26,"column":25},"end":{"line":26,"column":34}},"8":{"start":{"line":27,"column":2},"end":{"line":27,"column":20}},"9":{"start":{"line":30,"column":28},"end":{"line":99,"column":1}},"10":{"start":{"line":31,"column":20},"end":{"line":31,"column":52}},"11":{"start":{"line":36,"column":44},"end":{"line":36,"column":59}},"12":{"start":{"line":37,"column":27},"end":{"line":37,"column":40}},"13":{"start":{"line":38,"column":29},"end":{"line":38,"column":41}},"14":{"start":{"line":39,"column":25},"end":{"line":39,"column":37}},"15":{"start":{"line":42,"column":2},"end":{"line":44,"column":22}},"16":{"start":{"line":43,"column":4},"end":{"line":43,"column":45}},"17":{"start":{"line":47,"column":30},"end":{"line":55,"column":19}},"18":{"start":{"line":48,"column":4},"end":{"line":48,"column":60}},"19":{"start":{"line":49,"column":4},"end":{"line":49,"column":67}},"20":{"start":{"line":50,"column":4},"end":{"line":50,"column":33}},"21":{"start":{"line":51,"column":4},"end":{"line":53,"column":5}},"22":{"start":{"line":52,"column":6},"end":{"line":52,"column":20}},"23":{"start":{"line":54,"column":4},"end":{"line":54,"column":28}},"24":{"start":{"line":58,"column":31},"end":{"line":62,"column":8}},"25":{"start":{"line":59,"column":4},"end":{"line":61,"column":5}},"26":{"start":{"line":60,"column":6},"end":{"line":60,"column":47}},"27":{"start":{"line":67,"column":21},"end":{"line":78,"column":3}},"28":{"start":{"line":68,"column":11},"end":{"line":76,"column":5}},"29":{"start":{"line":80,"column":16},"end":{"line":96,"column":3}},"30":{"start":{"line":81,"column":11},"end":{"line":94,"column":5}},"31":{"start":{"line":98,"column":2},"end":{"line":98,"column":79}},"32":{"start":{"line":101,"column":0},"end":{"line":105,"column":2}}},"fnMap":{"0":{"name":"(anonymous_0)","decl":{"start":{"line":16,"column":23},"end":{"line":16,"column":24}},"loc":{"start":{"line":16,"column":29},"end":{"line":22,"column":1}},"line":16},"1":{"name":"(anonymous_1)","decl":{"start":{"line":25,"column":33},"end":{"line":25,"column":34}},"loc":{"start":{"line":25,"column":39},"end":{"line":28,"column":1}},"line":25},"2":{"name":"(anonymous_2)","decl":{"start":{"line":30,"column":28},"end":{"line":30,"column":29}},"loc":{"start":{"line":30,"column":76},"end":{"line":99,"column":1}},"line":30},"3":{"name":"(anonymous_3)","decl":{"start":{"line":42,"column":18},"end":{"line":42,"column":19}},"loc":{"start":{"line":42,"column":24},"end":{"line":44,"column":3}},"line":42},"4":{"name":"(anonymous_4)","decl":{"start":{"line":47,"column":42},"end":{"line":47,"column":43}},"loc":{"start":{"line":47,"column":54},"end":{"line":55,"column":3}},"line":47},"5":{"name":"(anonymous_5)","decl":{"start":{"line":58,"column":43},"end":{"line":58,"column":44}},"loc":{"start":{"line":58,"column":49},"end":{"line":62,"column":3}},"line":58},"6":{"name":"(anonymous_6)","decl":{"start":{"line":68,"column":4},"end":{"line":68,"column":5}},"loc":{"start":{"line":68,"column":11},"end":{"line":76,"column":5}},"line":68},"7":{"name":"(anonymous_7)","decl":{"start":{"line":81,"column":4},"end":{"line":81,"column":5}},"loc":{"start":{"line":81,"column":11},"end":{"line":94,"column":5}},"line":81}},"branchMap":{"0":{"loc":{"start":{"line":18,"column":2},"end":{"line":20,"column":3}},"type":"if","locations":[{"start":{"line":18,"column":2},"end":{"line":20,"column":3}},{"start":{},"end":{}}],"line":18},"1":{"loc":{"start":{"line":51,"column":4},"end":{"line":53,"column":5}},"type":"if","locations":[{"start":{"line":51,"column":4},"end":{"line":53,"column":5}},{"start":{},"end":{}}],"line":51},"2":{"loc":{"start":{"line":59,"column":4},"end":{"line":61,"column":5}},"type":"if","locations":[{"start":{"line":59,"column":4},"end":{"line":61,"column":5}},{"start":{},"end":{}}],"line":59}},"s":{"0":0,"1":0,"2":0,"3":0,"4":0,"5":0,"6":0,"7":0,"8":0,"9":0,"10":0,"11":0,"12":0,"13":0,"14":0,"15":0,"16":0,"17":0,"18":0,"19":0,"20":0,"21":0,"22":0,"23":0,"24":0,"25":0,"26":0,"27":0,"28":0,"29":0,"30":0,"31":0,"32":0},"f":{"0":0,"1":0,"2":0,"3":0,"4":0,"5":0,"6":0,"7":0},"b":{"0":[0,0],"1":[0,0],"2":[0,0]}}
,"/Users/lucasrodriguez/Desktop/Ducat/app/app/contexts/PendingTransactionsContext.js": {"path":"/Users/lucasrodriguez/Desktop/Ducat/app/app/contexts/PendingTransactionsContext.js","statementMap":{"0":{"start":{"line":11,"column":35},"end":{"line":11,"column":50}},"1":{"start":{"line":13,"column":38},"end":{"line":19,"column":1}},"2":{"start":{"line":14,"column":18},"end":{"line":14,"column":56}},"3":{"start":{"line":15,"column":2},"end":{"line":17,"column":3}},"4":{"start":{"line":16,"column":4},"end":{"line":16,"column":96}},"5":{"start":{"line":18,"column":2},"end":{"line":18,"column":17}},"6":{"start":{"line":21,"column":43},"end":{"line":293,"column":1}},"7":{"start":{"line":30,"column":6},"end":{"line":30,"column":51}},"8":{"start":{"line":39,"column":32},"end":{"line":56,"column":43}},"9":{"start":{"line":40,"column":18},"end":{"line":47,"column":5}},"10":{"start":{"line":49,"column":20},"end":{"line":52,"column":5}},"11":{"start":{"line":54,"column":4},"end":{"line":54,"column":36}},"12":{"start":{"line":55,"column":4},"end":{"line":55,"column":43}},"13":{"start":{"line":62,"column":29},"end":{"line":74,"column":55}},"14":{"start":{"line":63,"column":20},"end":{"line":63,"column":46}},"15":{"start":{"line":64,"column":4},"end":{"line":64,"column":25}},"16":{"start":{"line":66,"column":4},"end":{"line":66,"column":36}},"17":{"start":{"line":67,"column":4},"end":{"line":67,"column":43}},"18":{"start":{"line":71,"column":25},"end":{"line":71,"column":44}},"19":{"start":{"line":79,"column":32},"end":{"line":116,"column":54}},"20":{"start":{"line":80,"column":20},"end":{"line":80,"column":46}},"21":{"start":{"line":81,"column":24},"end":{"line":81,"column":26}},"22":{"start":{"line":84,"column":32},"end":{"line":92,"column":5}},"23":{"start":{"line":85,"column":6},"end":{"line":91,"column":9}},"24":{"start":{"line":86,"column":8},"end":{"line":90,"column":9}},"25":{"start":{"line":87,"column":10},"end":{"line":87,"column":38}},"26":{"start":{"line":88,"column":10},"end":{"line":88,"column":48}},"27":{"start":{"line":89,"column":10},"end":{"line":89,"column":41}},"28":{"start":{"line":95,"column":4},"end":{"line":98,"column":5}},"29":{"start":{"line":96,"column":6},"end":{"line":96,"column":39}},"30":{"start":{"line":97,"column":6},"end":{"line":97,"column":29}},"31":{"start":{"line":101,"column":4},"end":{"line":101,"column":30}},"32":{"start":{"line":103,"column":4},"end":{"line":103,"column":36}},"33":{"start":{"line":104,"column":4},"end":{"line":104,"column":43}},"34":{"start":{"line":107,"column":4},"end":{"line":113,"column":5}},"35":{"start":{"line":108,"column":20},"end":{"line":108,"column":38}},"36":{"start":{"line":109,"column":22},"end":{"line":111,"column":66}},"37":{"start":{"line":112,"column":6},"end":{"line":112,"column":34}},"38":{"start":{"line":115,"column":4},"end":{"line":115,"column":23}},"39":{"start":{"line":124,"column":30},"end":{"line":181,"column":27}},"40":{"start":{"line":125,"column":18},"end":{"line":125,"column":20}},"41":{"start":{"line":128,"column":25},"end":{"line":128,"column":34}},"42":{"start":{"line":129,"column":4},"end":{"line":146,"column":5}},"43":{"start":{"line":131,"column":6},"end":{"line":136,"column":7}},"44":{"start":{"line":132,"column":8},"end":{"line":135,"column":11}},"45":{"start":{"line":133,"column":22},"end":{"line":133,"column":51}},"46":{"start":{"line":134,"column":10},"end":{"line":134,"column":32}},"47":{"start":{"line":138,"column":6},"end":{"line":141,"column":7}},"48":{"start":{"line":139,"column":20},"end":{"line":139,"column":98}},"49":{"start":{"line":140,"column":8},"end":{"line":140,"column":30}},"50":{"start":{"line":142,"column":6},"end":{"line":145,"column":7}},"51":{"start":{"line":143,"column":20},"end":{"line":143,"column":89}},"52":{"start":{"line":144,"column":8},"end":{"line":144,"column":30}},"53":{"start":{"line":148,"column":4},"end":{"line":178,"column":7}},"54":{"start":{"line":150,"column":6},"end":{"line":177,"column":7}},"55":{"start":{"line":151,"column":8},"end":{"line":176,"column":11}},"56":{"start":{"line":153,"column":22},"end":{"line":153,"column":49}},"57":{"start":{"line":154,"column":10},"end":{"line":156,"column":11}},"58":{"start":{"line":155,"column":12},"end":{"line":155,"column":19}},"59":{"start":{"line":159,"column":27},"end":{"line":159,"column":97}},"60":{"start":{"line":160,"column":28},"end":{"line":160,"column":98}},"61":{"start":{"line":163,"column":12},"end":{"line":165,"column":52}},"62":{"start":{"line":167,"column":10},"end":{"line":175,"column":11}},"63":{"start":{"line":168,"column":12},"end":{"line":174,"column":15}},"64":{"start":{"line":180,"column":4},"end":{"line":180,"column":17}},"65":{"start":{"line":186,"column":32},"end":{"line":195,"column":27}},"66":{"start":{"line":187,"column":18},"end":{"line":187,"column":50}},"67":{"start":{"line":188,"column":23},"end":{"line":188,"column":78}},"68":{"start":{"line":188,"column":51},"end":{"line":188,"column":74}},"69":{"start":{"line":189,"column":24},"end":{"line":189,"column":84}},"70":{"start":{"line":189,"column":52},"end":{"line":189,"column":80}},"71":{"start":{"line":191,"column":4},"end":{"line":194,"column":6}},"72":{"start":{"line":201,"column":26},"end":{"line":216,"column":43}},"73":{"start":{"line":202,"column":20},"end":{"line":202,"column":46}},"74":{"start":{"line":204,"column":4},"end":{"line":215,"column":5}},"75":{"start":{"line":206,"column":6},"end":{"line":206,"column":91}},"76":{"start":{"line":206,"column":69},"end":{"line":206,"column":89}},"77":{"start":{"line":209,"column":6},"end":{"line":211,"column":7}},"78":{"start":{"line":210,"column":8},"end":{"line":210,"column":29}},"79":{"start":{"line":213,"column":6},"end":{"line":213,"column":38}},"80":{"start":{"line":214,"column":6},"end":{"line":214,"column":45}},"81":{"start":{"line":221,"column":37},"end":{"line":236,"column":43}},"82":{"start":{"line":222,"column":20},"end":{"line":222,"column":46}},"83":{"start":{"line":223,"column":18},"end":{"line":223,"column":19}},"84":{"start":{"line":225,"column":4},"end":{"line":230,"column":7}},"85":{"start":{"line":226,"column":6},"end":{"line":229,"column":7}},"86":{"start":{"line":227,"column":8},"end":{"line":227,"column":29}},"87":{"start":{"line":228,"column":8},"end":{"line":228,"column":18}},"88":{"start":{"line":232,"column":4},"end":{"line":235,"column":5}},"89":{"start":{"line":233,"column":6},"end":{"line":233,"column":38}},"90":{"start":{"line":234,"column":6},"end":{"line":234,"column":45}},"91":{"start":{"line":242,"column":27},"end":{"line":253,"column":34}},"92":{"start":{"line":243,"column":20},"end":{"line":243,"column":39}},"93":{"start":{"line":245,"column":4},"end":{"line":249,"column":7}},"94":{"start":{"line":246,"column":18},"end":{"line":246,"column":35}},"95":{"start":{"line":247,"column":6},"end":{"line":247,"column":23}},"96":{"start":{"line":248,"column":6},"end":{"line":248,"column":53}},"97":{"start":{"line":251,"column":4},"end":{"line":251,"column":27}},"98":{"start":{"line":252,"column":4},"end":{"line":252,"column":34}},"99":{"start":{"line":261,"column":22},"end":{"line":264,"column":18}},"100":{"start":{"line":262,"column":16},"end":{"line":262,"column":33}},"101":{"start":{"line":263,"column":4},"end":{"line":263,"column":31}},"102":{"start":{"line":270,"column":24},"end":{"line":272,"column":18}},"103":{"start":{"line":271,"column":4},"end":{"line":271,"column":22}},"104":{"start":{"line":274,"column":16},"end":{"line":286,"column":3}},"105":{"start":{"line":288,"column":2},"end":{"line":292,"column":4}}},"fnMap":{"0":{"name":"(anonymous_0)","decl":{"start":{"line":13,"column":38},"end":{"line":13,"column":39}},"loc":{"start":{"line":13,"column":44},"end":{"line":19,"column":1}},"line":13},"1":{"name":"(anonymous_1)","decl":{"start":{"line":21,"column":43},"end":{"line":21,"column":44}},"loc":{"start":{"line":21,"column":88},"end":{"line":293,"column":1}},"line":21},"2":{"name":"(anonymous_2)","decl":{"start":{"line":39,"column":44},"end":{"line":39,"column":45}},"loc":{"start":{"line":39,"column":99},"end":{"line":56,"column":3}},"line":39},"3":{"name":"(anonymous_3)","decl":{"start":{"line":62,"column":41},"end":{"line":62,"column":42}},"loc":{"start":{"line":62,"column":57},"end":{"line":74,"column":3}},"line":62},"4":{"name":"(anonymous_4)","decl":{"start":{"line":79,"column":44},"end":{"line":79,"column":45}},"loc":{"start":{"line":79,"column":98},"end":{"line":116,"column":3}},"line":79},"5":{"name":"(anonymous_5)","decl":{"start":{"line":84,"column":32},"end":{"line":84,"column":33}},"loc":{"start":{"line":84,"column":46},"end":{"line":92,"column":5}},"line":84},"6":{"name":"(anonymous_6)","decl":{"start":{"line":85,"column":35},"end":{"line":85,"column":36}},"loc":{"start":{"line":85,"column":48},"end":{"line":91,"column":7}},"line":85},"7":{"name":"(anonymous_7)","decl":{"start":{"line":124,"column":42},"end":{"line":124,"column":43}},"loc":{"start":{"line":124,"column":93},"end":{"line":181,"column":3}},"line":124},"8":{"name":"(anonymous_8)","decl":{"start":{"line":132,"column":41},"end":{"line":132,"column":42}},"loc":{"start":{"line":132,"column":50},"end":{"line":135,"column":9}},"line":132},"9":{"name":"(anonymous_9)","decl":{"start":{"line":148,"column":47},"end":{"line":148,"column":48}},"loc":{"start":{"line":148,"column":53},"end":{"line":178,"column":5}},"line":148},"10":{"name":"(anonymous_10)","decl":{"start":{"line":151,"column":27},"end":{"line":151,"column":28}},"loc":{"start":{"line":151,"column":37},"end":{"line":176,"column":9}},"line":151},"11":{"name":"(anonymous_11)","decl":{"start":{"line":186,"column":44},"end":{"line":186,"column":45}},"loc":{"start":{"line":186,"column":69},"end":{"line":195,"column":3}},"line":186},"12":{"name":"(anonymous_12)","decl":{"start":{"line":188,"column":36},"end":{"line":188,"column":37}},"loc":{"start":{"line":188,"column":51},"end":{"line":188,"column":74}},"line":188},"13":{"name":"(anonymous_13)","decl":{"start":{"line":189,"column":37},"end":{"line":189,"column":38}},"loc":{"start":{"line":189,"column":52},"end":{"line":189,"column":80}},"line":189},"14":{"name":"(anonymous_14)","decl":{"start":{"line":201,"column":38},"end":{"line":201,"column":39}},"loc":{"start":{"line":201,"column":60},"end":{"line":216,"column":3}},"line":201},"15":{"name":"(anonymous_15)","decl":{"start":{"line":206,"column":59},"end":{"line":206,"column":60}},"loc":{"start":{"line":206,"column":69},"end":{"line":206,"column":89}},"line":206},"16":{"name":"(anonymous_16)","decl":{"start":{"line":221,"column":49},"end":{"line":221,"column":50}},"loc":{"start":{"line":221,"column":61},"end":{"line":236,"column":3}},"line":221},"17":{"name":"(anonymous_17)","decl":{"start":{"line":225,"column":33},"end":{"line":225,"column":34}},"loc":{"start":{"line":225,"column":41},"end":{"line":230,"column":5}},"line":225},"18":{"name":"(anonymous_18)","decl":{"start":{"line":242,"column":39},"end":{"line":242,"column":40}},"loc":{"start":{"line":242,"column":56},"end":{"line":253,"column":3}},"line":242},"19":{"name":"(anonymous_19)","decl":{"start":{"line":245,"column":18},"end":{"line":245,"column":19}},"loc":{"start":{"line":245,"column":38},"end":{"line":249,"column":5}},"line":245},"20":{"name":"(anonymous_20)","decl":{"start":{"line":261,"column":34},"end":{"line":261,"column":35}},"loc":{"start":{"line":261,"column":50},"end":{"line":264,"column":3}},"line":261},"21":{"name":"(anonymous_21)","decl":{"start":{"line":270,"column":36},"end":{"line":270,"column":37}},"loc":{"start":{"line":270,"column":42},"end":{"line":272,"column":3}},"line":270}},"branchMap":{"0":{"loc":{"start":{"line":15,"column":2},"end":{"line":17,"column":3}},"type":"if","locations":[{"start":{"line":15,"column":2},"end":{"line":17,"column":3}},{"start":{},"end":{}}],"line":15},"1":{"loc":{"start":{"line":39,"column":77},"end":{"line":39,"column":94}},"type":"default-arg","locations":[{"start":{"line":39,"column":90},"end":{"line":39,"column":94}}],"line":39},"2":{"loc":{"start":{"line":79,"column":57},"end":{"line":79,"column":93}},"type":"default-arg","locations":[{"start":{"line":79,"column":66},"end":{"line":79,"column":93}}],"line":79},"3":{"loc":{"start":{"line":86,"column":8},"end":{"line":90,"column":9}},"type":"if","locations":[{"start":{"line":86,"column":8},"end":{"line":90,"column":9}},{"start":{},"end":{}}],"line":86},"4":{"loc":{"start":{"line":95,"column":4},"end":{"line":98,"column":5}},"type":"if","locations":[{"start":{"line":95,"column":4},"end":{"line":98,"column":5}},{"start":{},"end":{}}],"line":95},"5":{"loc":{"start":{"line":107,"column":4},"end":{"line":113,"column":5}},"type":"if","locations":[{"start":{"line":107,"column":4},"end":{"line":113,"column":5}},{"start":{},"end":{}}],"line":107},"6":{"loc":{"start":{"line":109,"column":22},"end":{"line":111,"column":66}},"type":"cond-expr","locations":[{"start":{"line":110,"column":10},"end":{"line":110,"column":57}},{"start":{"line":111,"column":10},"end":{"line":111,"column":66}}],"line":109},"7":{"loc":{"start":{"line":124,"column":43},"end":{"line":124,"column":62}},"type":"default-arg","locations":[{"start":{"line":124,"column":57},"end":{"line":124,"column":62}}],"line":124},"8":{"loc":{"start":{"line":124,"column":64},"end":{"line":124,"column":88}},"type":"default-arg","locations":[{"start":{"line":124,"column":84},"end":{"line":124,"column":88}}],"line":124},"9":{"loc":{"start":{"line":129,"column":4},"end":{"line":146,"column":5}},"type":"if","locations":[{"start":{"line":129,"column":4},"end":{"line":146,"column":5}},{"start":{},"end":{}}],"line":129},"10":{"loc":{"start":{"line":131,"column":6},"end":{"line":136,"column":7}},"type":"if","locations":[{"start":{"line":131,"column":6},"end":{"line":136,"column":7}},{"start":{},"end":{}}],"line":131},"11":{"loc":{"start":{"line":138,"column":6},"end":{"line":141,"column":7}},"type":"if","locations":[{"start":{"line":138,"column":6},"end":{"line":141,"column":7}},{"start":{},"end":{}}],"line":138},"12":{"loc":{"start":{"line":142,"column":6},"end":{"line":145,"column":7}},"type":"if","locations":[{"start":{"line":142,"column":6},"end":{"line":145,"column":7}},{"start":{},"end":{}}],"line":142},"13":{"loc":{"start":{"line":150,"column":6},"end":{"line":177,"column":7}},"type":"if","locations":[{"start":{"line":150,"column":6},"end":{"line":177,"column":7}},{"start":{},"end":{}}],"line":150},"14":{"loc":{"start":{"line":154,"column":10},"end":{"line":156,"column":11}},"type":"if","locations":[{"start":{"line":154,"column":10},"end":{"line":156,"column":11}},{"start":{},"end":{}}],"line":154},"15":{"loc":{"start":{"line":159,"column":27},"end":{"line":159,"column":97}},"type":"binary-expr","locations":[{"start":{"line":159,"column":27},"end":{"line":159,"column":60}},{"start":{"line":159,"column":64},"end":{"line":159,"column":97}}],"line":159},"16":{"loc":{"start":{"line":160,"column":28},"end":{"line":160,"column":98}},"type":"binary-expr","locations":[{"start":{"line":160,"column":28},"end":{"line":160,"column":61}},{"start":{"line":160,"column":65},"end":{"line":160,"column":98}}],"line":160},"17":{"loc":{"start":{"line":163,"column":12},"end":{"line":165,"column":52}},"type":"binary-expr","locations":[{"start":{"line":163,"column":12},"end":{"line":163,"column":33}},{"start":{"line":164,"column":13},"end":{"line":164,"column":37}},{"start":{"line":164,"column":41},"end":{"line":164,"column":49}},{"start":{"line":165,"column":13},"end":{"line":165,"column":38}},{"start":{"line":165,"column":42},"end":{"line":165,"column":51}}],"line":163},"18":{"loc":{"start":{"line":167,"column":10},"end":{"line":175,"column":11}},"type":"if","locations":[{"start":{"line":167,"column":10},"end":{"line":175,"column":11}},{"start":{},"end":{}}],"line":167},"19":{"loc":{"start":{"line":186,"column":45},"end":{"line":186,"column":64}},"type":"default-arg","locations":[{"start":{"line":186,"column":59},"end":{"line":186,"column":64}}],"line":186},"20":{"loc":{"start":{"line":188,"column":58},"end":{"line":188,"column":73}},"type":"binary-expr","locations":[{"start":{"line":188,"column":58},"end":{"line":188,"column":68}},{"start":{"line":188,"column":72},"end":{"line":188,"column":73}}],"line":188},"21":{"loc":{"start":{"line":189,"column":59},"end":{"line":189,"column":79}},"type":"binary-expr","locations":[{"start":{"line":189,"column":59},"end":{"line":189,"column":74}},{"start":{"line":189,"column":78},"end":{"line":189,"column":79}}],"line":189},"22":{"loc":{"start":{"line":204,"column":4},"end":{"line":215,"column":5}},"type":"if","locations":[{"start":{"line":204,"column":4},"end":{"line":215,"column":5}},{"start":{},"end":{}}],"line":204},"23":{"loc":{"start":{"line":204,"column":8},"end":{"line":204,"column":46}},"type":"binary-expr","locations":[{"start":{"line":204,"column":8},"end":{"line":204,"column":21}},{"start":{"line":204,"column":25},"end":{"line":204,"column":46}}],"line":204},"24":{"loc":{"start":{"line":209,"column":6},"end":{"line":211,"column":7}},"type":"if","locations":[{"start":{"line":209,"column":6},"end":{"line":211,"column":7}},{"start":{},"end":{}}],"line":209},"25":{"loc":{"start":{"line":226,"column":6},"end":{"line":229,"column":7}},"type":"if","locations":[{"start":{"line":226,"column":6},"end":{"line":229,"column":7}},{"start":{},"end":{}}],"line":226},"26":{"loc":{"start":{"line":232,"column":4},"end":{"line":235,"column":5}},"type":"if","locations":[{"start":{"line":232,"column":4},"end":{"line":235,"column":5}},{"start":{},"end":{}}],"line":232}},"s":{"0":1,"1":1,"2":57,"3":56,"4":2,"5":54,"6":1,"7":54,"8":54,"9":17,"10":17,"11":17,"12":17,"13":54,"14":1,"15":1,"16":1,"17":1,"18":1,"19":54,"20":3,"21":3,"22":3,"23":4,"24":7,"25":1,"26":1,"27":1,"28":3,"29":3,"30":3,"31":3,"32":3,"33":3,"34":3,"35":3,"36":3,"37":3,"38":3,"39":54,"40":7,"41":7,"42":7,"43":3,"44":1,"45":1,"46":1,"47":3,"48":1,"49":1,"50":3,"51":1,"52":1,"53":7,"54":7,"55":7,"56":12,"57":12,"58":3,"59":9,"60":9,"61":9,"62":9,"63":7,"64":7,"65":54,"66":1,"67":1,"68":2,"69":1,"70":2,"71":1,"72":54,"73":2,"74":2,"75":2,"76":3,"77":2,"78":1,"79":2,"80":2,"81":54,"82":1,"83":1,"84":1,"85":2,"86":1,"87":1,"88":1,"89":1,"90":1,"91":54,"92":4,"93":4,"94":7,"95":7,"96":7,"97":4,"98":4,"99":54,"100":7,"101":7,"102":54,"103":1,"104":54,"105":54},"f":{"0":57,"1":54,"2":17,"3":1,"4":3,"5":4,"6":7,"7":7,"8":1,"9":7,"10":12,"11":1,"12":2,"13":2,"14":2,"15":3,"16":1,"17":2,"18":4,"19":7,"20":7,"21":1},"b":{"0":[2,54],"1":[15],"2":[0],"3":[1,6],"4":[3,0],"5":[3,0],"6":[2,1],"7":[1],"8":[4],"9":[3,4],"10":[1,2],"11":[1,2],"12":[1,2],"13":[7,0],"14":[3,9],"15":[9,4],"16":[9,5],"17":[9,4,2,3,2],"18":[7,2],"19":[1],"20":[2,0],"21":[2,1],"22":[2,0],"23":[2,2],"24":[1,1],"25":[1,1],"26":[1,0]},"_coverageSchema":"1a1c01bbd47fc00a2c39e90264f33305004495a9","hash":"53cd0185c799c63c91021921700150cf9ddd7765"}
,"/Users/lucasrodriguez/Desktop/Ducat/app/app/contexts/PriceContext.js": {"path":"/Users/lucasrodriguez/Desktop/Ducat/app/app/contexts/PriceContext.js","statementMap":{"0":{"start":{"line":4,"column":21},"end":{"line":4,"column":36}},"1":{"start":{"line":6,"column":24},"end":{"line":12,"column":1}},"2":{"start":{"line":7,"column":18},"end":{"line":7,"column":42}},"3":{"start":{"line":8,"column":2},"end":{"line":10,"column":3}},"4":{"start":{"line":9,"column":4},"end":{"line":9,"column":68}},"5":{"start":{"line":11,"column":2},"end":{"line":11,"column":17}},"6":{"start":{"line":14,"column":29},"end":{"line":53,"column":1}},"7":{"start":{"line":16,"column":34},"end":{"line":16,"column":48}},"8":{"start":{"line":17,"column":48},"end":{"line":17,"column":63}},"9":{"start":{"line":22,"column":24},"end":{"line":32,"column":8}},"10":{"start":{"line":23,"column":4},"end":{"line":31,"column":5}},"11":{"start":{"line":24,"column":6},"end":{"line":24,"column":31}},"12":{"start":{"line":25,"column":20},"end":{"line":25,"column":48}},"13":{"start":{"line":26,"column":6},"end":{"line":26,"column":25}},"14":{"start":{"line":28,"column":6},"end":{"line":28,"column":24}},"15":{"start":{"line":30,"column":6},"end":{"line":30,"column":32}},"16":{"start":{"line":35,"column":2},"end":{"line":41,"column":22}},"17":{"start":{"line":36,"column":4},"end":{"line":36,"column":20}},"18":{"start":{"line":37,"column":21},"end":{"line":39,"column":13}},"19":{"start":{"line":38,"column":6},"end":{"line":38,"column":22}},"20":{"start":{"line":40,"column":4},"end":{"line":40,"column":41}},"21":{"start":{"line":40,"column":17},"end":{"line":40,"column":40}},"22":{"start":{"line":43,"column":16},"end":{"line":50,"column":3}},"23":{"start":{"line":52,"column":2},"end":{"line":52,"column":81}}},"fnMap":{"0":{"name":"(anonymous_0)","decl":{"start":{"line":6,"column":24},"end":{"line":6,"column":25}},"loc":{"start":{"line":6,"column":30},"end":{"line":12,"column":1}},"line":6},"1":{"name":"(anonymous_1)","decl":{"start":{"line":14,"column":29},"end":{"line":14,"column":30}},"loc":{"start":{"line":14,"column":47},"end":{"line":53,"column":1}},"line":14},"2":{"name":"(anonymous_2)","decl":{"start":{"line":22,"column":36},"end":{"line":22,"column":37}},"loc":{"start":{"line":22,"column":48},"end":{"line":32,"column":3}},"line":22},"3":{"name":"(anonymous_3)","decl":{"start":{"line":35,"column":12},"end":{"line":35,"column":13}},"loc":{"start":{"line":35,"column":18},"end":{"line":41,"column":3}},"line":35},"4":{"name":"(anonymous_4)","decl":{"start":{"line":37,"column":33},"end":{"line":37,"column":34}},"loc":{"start":{"line":37,"column":39},"end":{"line":39,"column":5}},"line":37},"5":{"name":"(anonymous_5)","decl":{"start":{"line":40,"column":11},"end":{"line":40,"column":12}},"loc":{"start":{"line":40,"column":17},"end":{"line":40,"column":40}},"line":40}},"branchMap":{"0":{"loc":{"start":{"line":8,"column":2},"end":{"line":10,"column":3}},"type":"if","locations":[{"start":{"line":8,"column":2},"end":{"line":10,"column":3}},{"start":{},"end":{}}],"line":8}},"s":{"0":0,"1":0,"2":0,"3":0,"4":0,"5":0,"6":0,"7":0,"8":0,"9":0,"10":0,"11":0,"12":0,"13":0,"14":0,"15":0,"16":0,"17":0,"18":0,"19":0,"20":0,"21":0,"22":0,"23":0},"f":{"0":0,"1":0,"2":0,"3":0,"4":0,"5":0},"b":{"0":[0,0]}}
,"/Users/lucasrodriguez/Desktop/Ducat/app/app/contexts/SendFlowContext.js": {"path":"/Users/lucasrodriguez/Desktop/Ducat/app/app/contexts/SendFlowContext.js","statementMap":{"0":{"start":{"line":9,"column":24},"end":{"line":9,"column":39}},"1":{"start":{"line":11,"column":27},"end":{"line":17,"column":1}},"2":{"start":{"line":12,"column":18},"end":{"line":12,"column":45}},"3":{"start":{"line":13,"column":2},"end":{"line":15,"column":3}},"4":{"start":{"line":14,"column":4},"end":{"line":14,"column":74}},"5":{"start":{"line":16,"column":2},"end":{"line":16,"column":17}},"6":{"start":{"line":19,"column":32},"end":{"line":67,"column":1}},"7":{"start":{"line":21,"column":38},"end":{"line":21,"column":54}},"8":{"start":{"line":24,"column":44},"end":{"line":24,"column":58}},"9":{"start":{"line":25,"column":38},"end":{"line":25,"column":50}},"10":{"start":{"line":26,"column":44},"end":{"line":26,"column":56}},"11":{"start":{"line":27,"column":48},"end":{"line":27,"column":67}},"12":{"start":{"line":30,"column":2},"end":{"line":44,"column":19}},"13":{"start":{"line":31,"column":4},"end":{"line":43,"column":5}},"14":{"start":{"line":33,"column":6},"end":{"line":33,"column":27}},"15":{"start":{"line":34,"column":6},"end":{"line":34,"column":24}},"16":{"start":{"line":35,"column":6},"end":{"line":35,"column":29}},"17":{"start":{"line":38,"column":20},"end":{"line":40,"column":15}},"18":{"start":{"line":39,"column":8},"end":{"line":39,"column":30}},"19":{"start":{"line":42,"column":6},"end":{"line":42,"column":39}},"20":{"start":{"line":42,"column":19},"end":{"line":42,"column":38}},"21":{"start":{"line":47,"column":16},"end":{"line":64,"column":3}},"22":{"start":{"line":48,"column":11},"end":{"line":62,"column":5}},"23":{"start":{"line":66,"column":2},"end":{"line":66,"column":87}}},"fnMap":{"0":{"name":"(anonymous_0)","decl":{"start":{"line":11,"column":27},"end":{"line":11,"column":28}},"loc":{"start":{"line":11,"column":33},"end":{"line":17,"column":1}},"line":11},"1":{"name":"(anonymous_1)","decl":{"start":{"line":19,"column":32},"end":{"line":19,"column":33}},"loc":{"start":{"line":19,"column":50},"end":{"line":67,"column":1}},"line":19},"2":{"name":"(anonymous_2)","decl":{"start":{"line":30,"column":12},"end":{"line":30,"column":13}},"loc":{"start":{"line":30,"column":18},"end":{"line":44,"column":3}},"line":30},"3":{"name":"(anonymous_3)","decl":{"start":{"line":38,"column":31},"end":{"line":38,"column":32}},"loc":{"start":{"line":38,"column":37},"end":{"line":40,"column":7}},"line":38},"4":{"name":"(anonymous_4)","decl":{"start":{"line":42,"column":13},"end":{"line":42,"column":14}},"loc":{"start":{"line":42,"column":19},"end":{"line":42,"column":38}},"line":42},"5":{"name":"(anonymous_5)","decl":{"start":{"line":48,"column":4},"end":{"line":48,"column":5}},"loc":{"start":{"line":48,"column":11},"end":{"line":62,"column":5}},"line":48}},"branchMap":{"0":{"loc":{"start":{"line":13,"column":2},"end":{"line":15,"column":3}},"type":"if","locations":[{"start":{"line":13,"column":2},"end":{"line":15,"column":3}},{"start":{},"end":{}}],"line":13},"1":{"loc":{"start":{"line":31,"column":4},"end":{"line":43,"column":5}},"type":"if","locations":[{"start":{"line":31,"column":4},"end":{"line":43,"column":5}},{"start":{},"end":{}}],"line":31}},"s":{"0":1,"1":1,"2":28,"3":27,"4":2,"5":25,"6":1,"7":28,"8":28,"9":28,"10":28,"11":28,"12":28,"13":18,"14":4,"15":4,"16":4,"17":4,"18":1,"19":4,"20":3,"21":28,"22":25,"23":28},"f":{"0":28,"1":28,"2":18,"3":1,"4":3,"5":25},"b":{"0":[2,25],"1":[4,14]},"_coverageSchema":"1a1c01bbd47fc00a2c39e90264f33305004495a9","hash":"7ce4cffd565839a36e94cfeefc27202caf72a94b"}
,"/Users/lucasrodriguez/Desktop/Ducat/app/app/contexts/TransactionBuildContext.js": {"path":"/Users/lucasrodriguez/Desktop/Ducat/app/app/contexts/TransactionBuildContext.js","statementMap":{"0":{"start":{"line":15,"column":32},"end":{"line":15,"column":47}},"1":{"start":{"line":17,"column":35},"end":{"line":23,"column":1}},"2":{"start":{"line":18,"column":18},"end":{"line":18,"column":53}},"3":{"start":{"line":19,"column":2},"end":{"line":21,"column":3}},"4":{"start":{"line":20,"column":4},"end":{"line":20,"column":90}},"5":{"start":{"line":22,"column":2},"end":{"line":22,"column":17}},"6":{"start":{"line":25,"column":40},"end":{"line":166,"column":1}},"7":{"start":{"line":27,"column":4},"end":{"line":27,"column":17}},"8":{"start":{"line":28,"column":49},"end":{"line":28,"column":73}},"9":{"start":{"line":31,"column":38},"end":{"line":31,"column":52}},"10":{"start":{"line":34,"column":26},"end":{"line":67,"column":131}},"11":{"start":{"line":35,"column":4},"end":{"line":66,"column":5}},"12":{"start":{"line":37,"column":31},"end":{"line":37,"column":72}},"13":{"start":{"line":38,"column":6},"end":{"line":38,"column":97}},"14":{"start":{"line":39,"column":6},"end":{"line":41,"column":9}},"15":{"start":{"line":40,"column":8},"end":{"line":40,"column":75}},"16":{"start":{"line":44,"column":25},"end":{"line":44,"column":40}},"17":{"start":{"line":46,"column":21},"end":{"line":53,"column":7}},"18":{"start":{"line":55,"column":6},"end":{"line":55,"column":28}},"19":{"start":{"line":56,"column":6},"end":{"line":56,"column":33}},"20":{"start":{"line":59,"column":6},"end":{"line":59,"column":56}},"21":{"start":{"line":61,"column":6},"end":{"line":61,"column":51}},"22":{"start":{"line":63,"column":6},"end":{"line":65,"column":14}},"23":{"start":{"line":64,"column":8},"end":{"line":64,"column":41}},"24":{"start":{"line":70,"column":27},"end":{"line":115,"column":131}},"25":{"start":{"line":71,"column":4},"end":{"line":114,"column":5}},"26":{"start":{"line":72,"column":6},"end":{"line":74,"column":7}},"27":{"start":{"line":73,"column":8},"end":{"line":73,"column":50}},"28":{"start":{"line":77,"column":38},"end":{"line":77,"column":80}},"29":{"start":{"line":78,"column":37},"end":{"line":78,"column":78}},"30":{"start":{"line":80,"column":6},"end":{"line":80,"column":106}},"31":{"start":{"line":81,"column":6},"end":{"line":83,"column":9}},"32":{"start":{"line":82,"column":8},"end":{"line":82,"column":102}},"33":{"start":{"line":84,"column":6},"end":{"line":84,"column":104}},"34":{"start":{"line":85,"column":6},"end":{"line":87,"column":9}},"35":{"start":{"line":86,"column":8},"end":{"line":86,"column":75}},"36":{"start":{"line":90,"column":25},"end":{"line":90,"column":40}},"37":{"start":{"line":92,"column":21},"end":{"line":101,"column":7}},"38":{"start":{"line":103,"column":6},"end":{"line":103,"column":28}},"39":{"start":{"line":104,"column":6},"end":{"line":104,"column":33}},"40":{"start":{"line":107,"column":6},"end":{"line":107,"column":57}},"41":{"start":{"line":109,"column":6},"end":{"line":109,"column":51}},"42":{"start":{"line":111,"column":6},"end":{"line":113,"column":14}},"43":{"start":{"line":112,"column":8},"end":{"line":112,"column":41}},"44":{"start":{"line":118,"column":27},"end":{"line":146,"column":127}},"45":{"start":{"line":119,"column":29},"end":{"line":119,"column":49}},"46":{"start":{"line":120,"column":4},"end":{"line":120,"column":30}},"47":{"start":{"line":123,"column":4},"end":{"line":129,"column":5}},"48":{"start":{"line":124,"column":6},"end":{"line":124,"column":58}},"49":{"start":{"line":125,"column":6},"end":{"line":127,"column":14}},"50":{"start":{"line":126,"column":8},"end":{"line":126,"column":41}},"51":{"start":{"line":128,"column":6},"end":{"line":128,"column":13}},"52":{"start":{"line":132,"column":4},"end":{"line":132,"column":39}},"53":{"start":{"line":136,"column":4},"end":{"line":145,"column":5}},"54":{"start":{"line":137,"column":6},"end":{"line":137,"column":30}},"55":{"start":{"line":138,"column":11},"end":{"line":145,"column":5}},"56":{"start":{"line":139,"column":6},"end":{"line":139,"column":31}},"57":{"start":{"line":141,"column":6},"end":{"line":141,"column":58}},"58":{"start":{"line":142,"column":6},"end":{"line":144,"column":14}},"59":{"start":{"line":143,"column":8},"end":{"line":143,"column":41}},"60":{"start":{"line":149,"column":16},"end":{"line":161,"column":3}},"61":{"start":{"line":150,"column":11},"end":{"line":159,"column":5}},"62":{"start":{"line":163,"column":2},"end":{"line":165,"column":4}}},"fnMap":{"0":{"name":"(anonymous_0)","decl":{"start":{"line":17,"column":35},"end":{"line":17,"column":36}},"loc":{"start":{"line":17,"column":41},"end":{"line":23,"column":1}},"line":17},"1":{"name":"(anonymous_1)","decl":{"start":{"line":25,"column":40},"end":{"line":25,"column":41}},"loc":{"start":{"line":25,"column":93},"end":{"line":166,"column":1}},"line":25},"2":{"name":"(anonymous_2)","decl":{"start":{"line":34,"column":38},"end":{"line":34,"column":39}},"loc":{"start":{"line":34,"column":50},"end":{"line":67,"column":3}},"line":34},"3":{"name":"(anonymous_3)","decl":{"start":{"line":39,"column":31},"end":{"line":39,"column":32}},"loc":{"start":{"line":39,"column":39},"end":{"line":41,"column":7}},"line":39},"4":{"name":"(anonymous_4)","decl":{"start":{"line":63,"column":17},"end":{"line":63,"column":18}},"loc":{"start":{"line":63,"column":23},"end":{"line":65,"column":7}},"line":63},"5":{"name":"(anonymous_5)","decl":{"start":{"line":70,"column":39},"end":{"line":70,"column":40}},"loc":{"start":{"line":70,"column":51},"end":{"line":115,"column":3}},"line":70},"6":{"name":"(anonymous_6)","decl":{"start":{"line":81,"column":38},"end":{"line":81,"column":39}},"loc":{"start":{"line":81,"column":46},"end":{"line":83,"column":7}},"line":81},"7":{"name":"(anonymous_7)","decl":{"start":{"line":85,"column":37},"end":{"line":85,"column":38}},"loc":{"start":{"line":85,"column":45},"end":{"line":87,"column":7}},"line":85},"8":{"name":"(anonymous_8)","decl":{"start":{"line":111,"column":17},"end":{"line":111,"column":18}},"loc":{"start":{"line":111,"column":23},"end":{"line":113,"column":7}},"line":111},"9":{"name":"(anonymous_9)","decl":{"start":{"line":118,"column":39},"end":{"line":118,"column":40}},"loc":{"start":{"line":118,"column":51},"end":{"line":146,"column":3}},"line":118},"10":{"name":"(anonymous_10)","decl":{"start":{"line":125,"column":17},"end":{"line":125,"column":18}},"loc":{"start":{"line":125,"column":23},"end":{"line":127,"column":7}},"line":125},"11":{"name":"(anonymous_11)","decl":{"start":{"line":142,"column":17},"end":{"line":142,"column":18}},"loc":{"start":{"line":142,"column":23},"end":{"line":144,"column":7}},"line":142},"12":{"name":"(anonymous_12)","decl":{"start":{"line":150,"column":4},"end":{"line":150,"column":5}},"loc":{"start":{"line":150,"column":11},"end":{"line":159,"column":5}},"line":150}},"branchMap":{"0":{"loc":{"start":{"line":19,"column":2},"end":{"line":21,"column":3}},"type":"if","locations":[{"start":{"line":19,"column":2},"end":{"line":21,"column":3}},{"start":{},"end":{}}],"line":19},"1":{"loc":{"start":{"line":72,"column":6},"end":{"line":74,"column":7}},"type":"if","locations":[{"start":{"line":72,"column":6},"end":{"line":74,"column":7}},{"start":{},"end":{}}],"line":72},"2":{"loc":{"start":{"line":72,"column":10},"end":{"line":72,"column":68}},"type":"binary-expr","locations":[{"start":{"line":72,"column":10},"end":{"line":72,"column":17}},{"start":{"line":72,"column":21},"end":{"line":72,"column":43}},{"start":{"line":72,"column":47},"end":{"line":72,"column":68}}],"line":72},"3":{"loc":{"start":{"line":123,"column":4},"end":{"line":129,"column":5}},"type":"if","locations":[{"start":{"line":123,"column":4},"end":{"line":129,"column":5}},{"start":{},"end":{}}],"line":123},"4":{"loc":{"start":{"line":123,"column":8},"end":{"line":123,"column":40}},"type":"binary-expr","locations":[{"start":{"line":123,"column":8},"end":{"line":123,"column":25}},{"start":{"line":123,"column":29},"end":{"line":123,"column":40}}],"line":123},"5":{"loc":{"start":{"line":136,"column":4},"end":{"line":145,"column":5}},"type":"if","locations":[{"start":{"line":136,"column":4},"end":{"line":145,"column":5}},{"start":{"line":138,"column":11},"end":{"line":145,"column":5}}],"line":136},"6":{"loc":{"start":{"line":138,"column":11},"end":{"line":145,"column":5}},"type":"if","locations":[{"start":{"line":138,"column":11},"end":{"line":145,"column":5}},{"start":{"line":140,"column":11},"end":{"line":145,"column":5}}],"line":138}},"s":{"0":0,"1":0,"2":0,"3":0,"4":0,"5":0,"6":0,"7":0,"8":0,"9":0,"10":0,"11":0,"12":0,"13":0,"14":0,"15":0,"16":0,"17":0,"18":0,"19":0,"20":0,"21":0,"22":0,"23":0,"24":0,"25":0,"26":0,"27":0,"28":0,"29":0,"30":0,"31":0,"32":0,"33":0,"34":0,"35":0,"36":0,"37":0,"38":0,"39":0,"40":0,"41":0,"42":0,"43":0,"44":0,"45":0,"46":0,"47":0,"48":0,"49":0,"50":0,"51":0,"52":0,"53":0,"54":0,"55":0,"56":0,"57":0,"58":0,"59":0,"60":0,"61":0,"62":0},"f":{"0":0,"1":0,"2":0,"3":0,"4":0,"5":0,"6":0,"7":0,"8":0,"9":0,"10":0,"11":0,"12":0},"b":{"0":[0,0],"1":[0,0],"2":[0,0,0],"3":[0,0],"4":[0,0],"5":[0,0],"6":[0,0]}}
,"/Users/lucasrodriguez/Desktop/Ducat/app/app/contexts/TransactionExecutionContext.js": {"path":"/Users/lucasrodriguez/Desktop/Ducat/app/app/contexts/TransactionExecutionContext.js","statementMap":{"0":{"start":{"line":20,"column":36},"end":{"line":20,"column":51}},"1":{"start":{"line":22,"column":39},"end":{"line":28,"column":1}},"2":{"start":{"line":23,"column":18},"end":{"line":23,"column":57}},"3":{"start":{"line":24,"column":2},"end":{"line":26,"column":3}},"4":{"start":{"line":25,"column":4},"end":{"line":25,"column":98}},"5":{"start":{"line":27,"column":2},"end":{"line":27,"column":17}},"6":{"start":{"line":30,"column":44},"end":{"line":271,"column":1}},"7":{"start":{"line":39,"column":55},"end":{"line":39,"column":68}},"8":{"start":{"line":40,"column":40},"end":{"line":40,"column":61}},"9":{"start":{"line":41,"column":21},"end":{"line":41,"column":32}},"10":{"start":{"line":42,"column":135},"end":{"line":42,"column":159}},"11":{"start":{"line":45,"column":48},"end":{"line":45,"column":62}},"12":{"start":{"line":46,"column":46},"end":{"line":46,"column":61}},"13":{"start":{"line":49,"column":2},"end":{"line":53,"column":24}},"14":{"start":{"line":50,"column":4},"end":{"line":52,"column":5}},"15":{"start":{"line":51,"column":6},"end":{"line":51,"column":31}},"16":{"start":{"line":56,"column":26},"end":{"line":212,"column":300}},"17":{"start":{"line":57,"column":4},"end":{"line":211,"column":5}},"18":{"start":{"line":58,"column":6},"end":{"line":61,"column":7}},"19":{"start":{"line":59,"column":8},"end":{"line":59,"column":57}},"20":{"start":{"line":60,"column":8},"end":{"line":60,"column":15}},"21":{"start":{"line":63,"column":6},"end":{"line":63,"column":53}},"22":{"start":{"line":64,"column":6},"end":{"line":64,"column":95}},"23":{"start":{"line":64,"column":61},"end":{"line":64,"column":82}},"24":{"start":{"line":65,"column":6},"end":{"line":65,"column":112}},"25":{"start":{"line":65,"column":27},"end":{"line":65,"column":112}},"26":{"start":{"line":66,"column":6},"end":{"line":66,"column":101}},"27":{"start":{"line":66,"column":26},"end":{"line":66,"column":101}},"28":{"start":{"line":68,"column":19},"end":{"line":68,"column":84}},"29":{"start":{"line":69,"column":6},"end":{"line":69,"column":58}},"30":{"start":{"line":74,"column":6},"end":{"line":168,"column":7}},"31":{"start":{"line":75,"column":19},"end":{"line":75,"column":66}},"32":{"start":{"line":76,"column":24},"end":{"line":76,"column":26}},"33":{"start":{"line":78,"column":8},"end":{"line":78,"column":73}},"34":{"start":{"line":79,"column":8},"end":{"line":79,"column":61}},"35":{"start":{"line":82,"column":28},"end":{"line":82,"column":30}},"36":{"start":{"line":83,"column":25},"end":{"line":83,"column":29}},"37":{"start":{"line":85,"column":8},"end":{"line":104,"column":9}},"38":{"start":{"line":86,"column":28},"end":{"line":86,"column":77}},"39":{"start":{"line":87,"column":28},"end":{"line":87,"column":39}},"40":{"start":{"line":89,"column":10},"end":{"line":89,"column":64}},"41":{"start":{"line":92,"column":10},"end":{"line":92,"column":65}},"42":{"start":{"line":95,"column":10},"end":{"line":103,"column":11}},"43":{"start":{"line":96,"column":12},"end":{"line":98,"column":13}},"44":{"start":{"line":97,"column":14},"end":{"line":97,"column":37}},"45":{"start":{"line":100,"column":12},"end":{"line":100,"column":84}},"46":{"start":{"line":102,"column":12},"end":{"line":102,"column":56}},"47":{"start":{"line":107,"column":8},"end":{"line":109,"column":9}},"48":{"start":{"line":108,"column":10},"end":{"line":108,"column":46}},"49":{"start":{"line":112,"column":31},"end":{"line":112,"column":32}},"50":{"start":{"line":113,"column":8},"end":{"line":116,"column":9}},"51":{"start":{"line":114,"column":10},"end":{"line":114,"column":72}},"52":{"start":{"line":115,"column":10},"end":{"line":115,"column":64}},"53":{"start":{"line":119,"column":8},"end":{"line":152,"column":11}},"54":{"start":{"line":120,"column":10},"end":{"line":151,"column":11}},"55":{"start":{"line":121,"column":28},"end":{"line":121,"column":94}},"56":{"start":{"line":122,"column":26},"end":{"line":122,"column":46}},"57":{"start":{"line":124,"column":12},"end":{"line":124,"column":71}},"58":{"start":{"line":128,"column":14},"end":{"line":129,"column":48}},"59":{"start":{"line":131,"column":12},"end":{"line":131,"column":122}},"60":{"start":{"line":133,"column":12},"end":{"line":147,"column":13}},"61":{"start":{"line":134,"column":33},"end":{"line":138,"column":15}},"62":{"start":{"line":141,"column":14},"end":{"line":143,"column":15}},"63":{"start":{"line":142,"column":16},"end":{"line":142,"column":57}},"64":{"start":{"line":145,"column":14},"end":{"line":145,"column":66}},"65":{"start":{"line":146,"column":14},"end":{"line":146,"column":39}},"66":{"start":{"line":149,"column":12},"end":{"line":149,"column":70}},"67":{"start":{"line":154,"column":8},"end":{"line":154,"column":68}},"68":{"start":{"line":157,"column":8},"end":{"line":163,"column":9}},"69":{"start":{"line":158,"column":28},"end":{"line":158,"column":69}},"70":{"start":{"line":159,"column":10},"end":{"line":159,"column":98}},"71":{"start":{"line":160,"column":10},"end":{"line":160,"column":76}},"72":{"start":{"line":162,"column":10},"end":{"line":162,"column":61}},"73":{"start":{"line":165,"column":8},"end":{"line":165,"column":66}},"74":{"start":{"line":166,"column":8},"end":{"line":166,"column":67}},"75":{"start":{"line":172,"column":6},"end":{"line":172,"column":31}},"76":{"start":{"line":173,"column":6},"end":{"line":173,"column":31}},"77":{"start":{"line":174,"column":6},"end":{"line":174,"column":31}},"78":{"start":{"line":177,"column":24},"end":{"line":177,"column":65}},"79":{"start":{"line":178,"column":6},"end":{"line":178,"column":97}},"80":{"start":{"line":181,"column":6},"end":{"line":200,"column":8}},"81":{"start":{"line":184,"column":10},"end":{"line":191,"column":11}},"82":{"start":{"line":185,"column":12},"end":{"line":187,"column":13}},"83":{"start":{"line":186,"column":14},"end":{"line":186,"column":92}},"84":{"start":{"line":188,"column":12},"end":{"line":188,"column":65}},"85":{"start":{"line":190,"column":12},"end":{"line":190,"column":37}},"86":{"start":{"line":192,"column":10},"end":{"line":192,"column":37}},"87":{"start":{"line":193,"column":10},"end":{"line":193,"column":25}},"88":{"start":{"line":197,"column":10},"end":{"line":197,"column":37}},"89":{"start":{"line":198,"column":10},"end":{"line":198,"column":25}},"90":{"start":{"line":202,"column":6},"end":{"line":202,"column":50}},"91":{"start":{"line":203,"column":6},"end":{"line":203,"column":63}},"92":{"start":{"line":204,"column":6},"end":{"line":204,"column":52}},"93":{"start":{"line":205,"column":6},"end":{"line":205,"column":33}},"94":{"start":{"line":208,"column":6},"end":{"line":210,"column":7}},"95":{"start":{"line":209,"column":8},"end":{"line":209,"column":81}},"96":{"start":{"line":215,"column":21},"end":{"line":246,"column":92}},"97":{"start":{"line":216,"column":4},"end":{"line":245,"column":5}},"98":{"start":{"line":217,"column":6},"end":{"line":217,"column":31}},"99":{"start":{"line":219,"column":6},"end":{"line":223,"column":7}},"100":{"start":{"line":220,"column":8},"end":{"line":220,"column":57}},"101":{"start":{"line":221,"column":8},"end":{"line":221,"column":30}},"102":{"start":{"line":222,"column":8},"end":{"line":222,"column":21}},"103":{"start":{"line":225,"column":36},"end":{"line":225,"column":99}},"104":{"start":{"line":228,"column":27},"end":{"line":232,"column":7}},"105":{"start":{"line":234,"column":6},"end":{"line":234,"column":34}},"106":{"start":{"line":235,"column":6},"end":{"line":235,"column":36}},"107":{"start":{"line":238,"column":6},"end":{"line":238,"column":42}},"108":{"start":{"line":239,"column":6},"end":{"line":239,"column":18}},"109":{"start":{"line":241,"column":6},"end":{"line":241,"column":57}},"110":{"start":{"line":242,"column":6},"end":{"line":242,"column":52}},"111":{"start":{"line":243,"column":6},"end":{"line":243,"column":33}},"112":{"start":{"line":244,"column":6},"end":{"line":244,"column":19}},"113":{"start":{"line":249,"column":16},"end":{"line":264,"column":3}},"114":{"start":{"line":250,"column":11},"end":{"line":262,"column":5}},"115":{"start":{"line":266,"column":2},"end":{"line":270,"column":4}}},"fnMap":{"0":{"name":"(anonymous_0)","decl":{"start":{"line":22,"column":39},"end":{"line":22,"column":40}},"loc":{"start":{"line":22,"column":45},"end":{"line":28,"column":1}},"line":22},"1":{"name":"(anonymous_1)","decl":{"start":{"line":30,"column":44},"end":{"line":30,"column":45}},"loc":{"start":{"line":38,"column":6},"end":{"line":271,"column":1}},"line":38},"2":{"name":"(anonymous_2)","decl":{"start":{"line":49,"column":12},"end":{"line":49,"column":13}},"loc":{"start":{"line":49,"column":18},"end":{"line":53,"column":3}},"line":49},"3":{"name":"(anonymous_3)","decl":{"start":{"line":56,"column":38},"end":{"line":56,"column":39}},"loc":{"start":{"line":56,"column":69},"end":{"line":212,"column":3}},"line":56},"4":{"name":"(anonymous_4)","decl":{"start":{"line":64,"column":56},"end":{"line":64,"column":57}},"loc":{"start":{"line":64,"column":61},"end":{"line":64,"column":82}},"line":64},"5":{"name":"(anonymous_5)","decl":{"start":{"line":119,"column":24},"end":{"line":119,"column":25}},"loc":{"start":{"line":119,"column":42},"end":{"line":152,"column":9}},"line":119},"6":{"name":"(anonymous_6)","decl":{"start":{"line":183,"column":8},"end":{"line":183,"column":9}},"loc":{"start":{"line":183,"column":25},"end":{"line":194,"column":9}},"line":183},"7":{"name":"(anonymous_7)","decl":{"start":{"line":195,"column":8},"end":{"line":195,"column":9}},"loc":{"start":{"line":195,"column":20},"end":{"line":199,"column":9}},"line":195},"8":{"name":"(anonymous_8)","decl":{"start":{"line":215,"column":33},"end":{"line":215,"column":34}},"loc":{"start":{"line":215,"column":45},"end":{"line":246,"column":3}},"line":215},"9":{"name":"(anonymous_9)","decl":{"start":{"line":250,"column":4},"end":{"line":250,"column":5}},"loc":{"start":{"line":250,"column":11},"end":{"line":262,"column":5}},"line":250}},"branchMap":{"0":{"loc":{"start":{"line":24,"column":2},"end":{"line":26,"column":3}},"type":"if","locations":[{"start":{"line":24,"column":2},"end":{"line":26,"column":3}},{"start":{},"end":{}}],"line":24},"1":{"loc":{"start":{"line":50,"column":4},"end":{"line":52,"column":5}},"type":"if","locations":[{"start":{"line":50,"column":4},"end":{"line":52,"column":5}},{"start":{},"end":{}}],"line":50},"2":{"loc":{"start":{"line":56,"column":45},"end":{"line":56,"column":64}},"type":"default-arg","locations":[{"start":{"line":56,"column":54},"end":{"line":56,"column":64}}],"line":56},"3":{"loc":{"start":{"line":58,"column":6},"end":{"line":61,"column":7}},"type":"if","locations":[{"start":{"line":58,"column":6},"end":{"line":61,"column":7}},{"start":{},"end":{}}],"line":58},"4":{"loc":{"start":{"line":58,"column":10},"end":{"line":58,"column":40}},"type":"binary-expr","locations":[{"start":{"line":58,"column":10},"end":{"line":58,"column":17}},{"start":{"line":58,"column":21},"end":{"line":58,"column":40}}],"line":58},"5":{"loc":{"start":{"line":64,"column":37},"end":{"line":64,"column":93}},"type":"binary-expr","locations":[{"start":{"line":64,"column":37},"end":{"line":64,"column":83}},{"start":{"line":64,"column":87},"end":{"line":64,"column":93}}],"line":64},"6":{"loc":{"start":{"line":65,"column":6},"end":{"line":65,"column":112}},"type":"if","locations":[{"start":{"line":65,"column":6},"end":{"line":65,"column":112}},{"start":{},"end":{}}],"line":65},"7":{"loc":{"start":{"line":66,"column":6},"end":{"line":66,"column":101}},"type":"if","locations":[{"start":{"line":66,"column":6},"end":{"line":66,"column":101}},{"start":{},"end":{}}],"line":66},"8":{"loc":{"start":{"line":95,"column":10},"end":{"line":103,"column":11}},"type":"if","locations":[{"start":{"line":95,"column":10},"end":{"line":103,"column":11}},{"start":{},"end":{}}],"line":95},"9":{"loc":{"start":{"line":95,"column":14},"end":{"line":95,"column":99}},"type":"binary-expr","locations":[{"start":{"line":95,"column":14},"end":{"line":95,"column":44}},{"start":{"line":95,"column":48},"end":{"line":95,"column":99}}],"line":95},"10":{"loc":{"start":{"line":96,"column":12},"end":{"line":98,"column":13}},"type":"if","locations":[{"start":{"line":96,"column":12},"end":{"line":98,"column":13}},{"start":{},"end":{}}],"line":96},"11":{"loc":{"start":{"line":107,"column":8},"end":{"line":109,"column":9}},"type":"if","locations":[{"start":{"line":107,"column":8},"end":{"line":109,"column":9}},{"start":{},"end":{}}],"line":107},"12":{"loc":{"start":{"line":113,"column":8},"end":{"line":116,"column":9}},"type":"if","locations":[{"start":{"line":113,"column":8},"end":{"line":116,"column":9}},{"start":{},"end":{}}],"line":113},"13":{"loc":{"start":{"line":113,"column":12},"end":{"line":113,"column":72}},"type":"binary-expr","locations":[{"start":{"line":113,"column":12},"end":{"line":113,"column":36}},{"start":{"line":113,"column":40},"end":{"line":113,"column":55}},{"start":{"line":113,"column":59},"end":{"line":113,"column":72}}],"line":113},"14":{"loc":{"start":{"line":128,"column":14},"end":{"line":129,"column":48}},"type":"binary-expr","locations":[{"start":{"line":128,"column":14},"end":{"line":128,"column":47}},{"start":{"line":129,"column":14},"end":{"line":129,"column":48}}],"line":128},"15":{"loc":{"start":{"line":133,"column":12},"end":{"line":147,"column":13}},"type":"if","locations":[{"start":{"line":133,"column":12},"end":{"line":147,"column":13}},{"start":{},"end":{}}],"line":133},"16":{"loc":{"start":{"line":141,"column":14},"end":{"line":143,"column":15}},"type":"if","locations":[{"start":{"line":141,"column":14},"end":{"line":143,"column":15}},{"start":{},"end":{}}],"line":141},"17":{"loc":{"start":{"line":141,"column":18},"end":{"line":141,"column":80}},"type":"binary-expr","locations":[{"start":{"line":141,"column":18},"end":{"line":141,"column":42}},{"start":{"line":141,"column":46},"end":{"line":141,"column":56}},{"start":{"line":141,"column":60},"end":{"line":141,"column":80}}],"line":141},"18":{"loc":{"start":{"line":157,"column":8},"end":{"line":163,"column":9}},"type":"if","locations":[{"start":{"line":157,"column":8},"end":{"line":163,"column":9}},{"start":{"line":161,"column":15},"end":{"line":163,"column":9}}],"line":157},"19":{"loc":{"start":{"line":158,"column":28},"end":{"line":158,"column":69}},"type":"cond-expr","locations":[{"start":{"line":158,"column":55},"end":{"line":158,"column":61}},{"start":{"line":158,"column":64},"end":{"line":158,"column":69}}],"line":158},"20":{"loc":{"start":{"line":177,"column":24},"end":{"line":177,"column":65}},"type":"cond-expr","locations":[{"start":{"line":177,"column":51},"end":{"line":177,"column":57}},{"start":{"line":177,"column":60},"end":{"line":177,"column":65}}],"line":177},"21":{"loc":{"start":{"line":184,"column":10},"end":{"line":191,"column":11}},"type":"if","locations":[{"start":{"line":184,"column":10},"end":{"line":191,"column":11}},{"start":{},"end":{}}],"line":184},"22":{"loc":{"start":{"line":185,"column":12},"end":{"line":187,"column":13}},"type":"if","locations":[{"start":{"line":185,"column":12},"end":{"line":187,"column":13}},{"start":{},"end":{}}],"line":185},"23":{"loc":{"start":{"line":203,"column":37},"end":{"line":203,"column":61}},"type":"binary-expr","locations":[{"start":{"line":203,"column":37},"end":{"line":203,"column":51}},{"start":{"line":203,"column":55},"end":{"line":203,"column":61}}],"line":203}
[...]
,"/Users/lucasrodriguez/Desktop/Ducat/app/app/utils/transactionFormatters.js": {"path":"/Users/lucasrodriguez/Desktop/Ducat/app/app/utils/transactionFormatters.js","statementMap":{"0":{"start":{"line":12,"column":2},"end":{"line":12,"column":35}},"1":{"start":{"line":12,"column":18},"end":{"line":12,"column":35}},"2":{"start":{"line":13,"column":15},"end":{"line":13,"column":41}},"3":{"start":{"line":14,"column":2},"end":{"line":20,"column":5}},"4":{"start":{"line":29,"column":2},"end":{"line":29,"column":23}},"5":{"start":{"line":29,"column":13},"end":{"line":29,"column":23}},"6":{"start":{"line":30,"column":2},"end":{"line":30,"column":51}},"7":{"start":{"line":40,"column":2},"end":{"line":48,"column":3}},"8":{"start":{"line":42,"column":23},"end":{"line":42,"column":42}},"9":{"start":{"line":43,"column":4},"end":{"line":43,"column":46}},"10":{"start":{"line":46,"column":16},"end":{"line":46,"column":33}},"11":{"start":{"line":47,"column":4},"end":{"line":47,"column":26}}},"fnMap":{"0":{"name":"formatTransactionDate","decl":{"start":{"line":11,"column":16},"end":{"line":11,"column":37}},"loc":{"start":{"line":11,"column":49},"end":{"line":21,"column":1}},"line":11},"1":{"name":"formatTxid","decl":{"start":{"line":28,"column":16},"end":{"line":28,"column":26}},"loc":{"start":{"line":28,"column":33},"end":{"line":31,"column":1}},"line":28},"2":{"name":"formatTransactionAmount","decl":{"start":{"line":39,"column":16},"end":{"line":39,"column":39}},"loc":{"start":{"line":39,"column":53},"end":{"line":49,"column":1}},"line":39}},"branchMap":{"0":{"loc":{"start":{"line":12,"column":2},"end":{"line":12,"column":35}},"type":"if","locations":[{"start":{"line":12,"column":2},"end":{"line":12,"column":35}},{"start":{},"end":{}}],"line":12},"1":{"loc":{"start":{"line":29,"column":2},"end":{"line":29,"column":23}},"type":"if","locations":[{"start":{"line":29,"column":2},"end":{"line":29,"column":23}},{"start":{},"end":{}}],"line":29},"2":{"loc":{"start":{"line":40,"column":2},"end":{"line":48,"column":3}},"type":"if","locations":[{"start":{"line":40,"column":2},"end":{"line":48,"column":3}},{"start":{"line":44,"column":9},"end":{"line":48,"column":3}}],"line":40}},"s":{"0":3,"1":2,"2":1,"3":1,"4":4,"5":2,"6":2,"7":6,"8":3,"9":3,"10":3,"11":3},"f":{"0":3,"1":4,"2":6},"b":{"0":[2,1],"1":[2,2],"2":[3,3]},"_coverageSchema":"1a1c01bbd47fc00a2c39e90264f33305004495a9","hash":"7d7307a06e5088b74248f867a42298a434630948"}
,"/Users/lucasrodriguez/Desktop/Ducat/app/app/utils/vaultWebViewScripts.js": {"path":"/Users/lucasrodriguez/Desktop/Ducat/app/app/utils/vaultWebViewScripts.js","statementMap":{"0":{"start":{"line":9,"column":32},"end":{"line":48,"column":1}},"1":{"start":{"line":53,"column":42},"end":{"line":158,"column":1}},"2":{"start":{"line":163,"column":38},"end":{"line":167,"column":1}}},"fnMap":{},"branchMap":{},"s":{"0":1,"1":1,"2":1},"f":{},"b":{},"_coverageSchema":"1a1c01bbd47fc00a2c39e90264f33305004495a9","hash":"c296f944596bc00c22b391d587e3b48a4409cbd7"}
,"/Users/lucasrodriguez/Desktop/Ducat/app/app/utils/wallet.js": {"path":"/Users/lucasrodriguez/Desktop/Ducat/app/app/utils/wallet.js","statementMap":{"0":{"start":{"line":16,"column":14},"end":{"line":16,"column":31}},"1":{"start":{"line":19,"column":13},"end":{"line":19,"column":17}},"2":{"start":{"line":21,"column":2},"end":{"line":23,"column":3}},"3":{"start":{"line":22,"column":4},"end":{"line":22,"column":32}},"4":{"start":{"line":24,"column":2},"end":{"line":24,"column":16}},"5":{"start":{"line":31,"column":2},"end":{"line":51,"column":3}},"6":{"start":{"line":32,"column":4},"end":{"line":32,"column":37}},"7":{"start":{"line":33,"column":4},"end":{"line":33,"column":22}},"8":{"start":{"line":34,"column":9},"end":{"line":51,"column":3}},"9":{"start":{"line":35,"column":4},"end":{"line":35,"column":36}},"10":{"start":{"line":36,"column":4},"end":{"line":36,"column":44}},"11":{"start":{"line":37,"column":4},"end":{"line":37,"column":22}},"12":{"start":{"line":38,"column":9},"end":{"line":51,"column":3}},"13":{"start":{"line":39,"column":4},"end":{"line":39,"column":36}},"14":{"start":{"line":40,"column":4},"end":{"line":40,"column":44}},"15":{"start":{"line":41,"column":4},"end":{"line":41,"column":22}},"16":{"start":{"line":58,"column":2},"end":{"line":58,"column":29}},"17":{"start":{"line":58,"column":20},"end":{"line":58,"column":29}},"18":{"start":{"line":59,"column":2},"end":{"line":59,"column":32}},"19":{"start":{"line":59,"column":23},"end":{"line":59,"column":32}},"20":{"start":{"line":60,"column":2},"end":{"line":60,"column":36}},"21":{"start":{"line":60,"column":27},"end":{"line":60,"column":36}},"22":{"start":{"line":73,"column":21},"end":{"line":73,"column":22}},"23":{"start":{"line":74,"column":2},"end":{"line":81,"column":3}},"24":{"start":{"line":75,"column":26},"end":{"line":75,"column":85}},"25":{"start":{"line":76,"column":4},"end":{"line":78,"column":5}},"26":{"start":{"line":77,"column":6},"end":{"line":77,"column":49}},"27":{"start":{"line":84,"column":2},"end":{"line":257,"column":5}},"28":{"start":{"line":86,"column":17},"end":{"line":86,"column":51}},"29":{"start":{"line":87,"column":17},"end":{"line":87,"column":56}},"30":{"start":{"line":90,"column":17},"end":{"line":90,"column":84}},"31":{"start":{"line":93,"column":4},"end":{"line":250,"column":5}},"32":{"start":{"line":98,"column":29},"end":{"line":98,"column":40}},"33":{"start":{"line":100,"column":6},"end":{"line":120,"column":7}},"34":{"start":{"line":102,"column":8},"end":{"line":102,"column":57}},"35":{"start":{"line":103,"column":22},"end":{"line":103,"column":53}},"36":{"start":{"line":104,"column":8},"end":{"line":104,"column":98}},"37":{"start":{"line":105,"column":13},"end":{"line":120,"column":7}},"38":{"start":{"line":107,"column":8},"end":{"line":107,"column":57}},"39":{"start":{"line":108,"column":22},"end":{"line":108,"column":53}},"40":{"start":{"line":111,"column":33},"end":{"line":111,"column":48}},"41":{"start":{"line":112,"column":28},"end":{"line":112,"column":57}},"42":{"start":{"line":117,"column":8},"end":{"line":117,"column":24}},"43":{"start":{"line":119,"column":8},"end":{"line":119,"column":64}},"44":{"start":{"line":123,"column":6},"end":{"line":249,"column":7}},"45":{"start":{"line":124,"column":8},"end":{"line":248,"column":9}},"46":{"start":{"line":126,"column":10},"end":{"line":245,"column":11}},"47":{"start":{"line":128,"column":26},"end":{"line":128,"column":54}},"48":{"start":{"line":129,"column":33},"end":{"line":129,"column":90}},"49":{"start":{"line":132,"column":29},"end":{"line":132,"column":47}},"50":{"start":{"line":133,"column":12},"end":{"line":135,"column":13}},"51":{"start":{"line":134,"column":14},"end":{"line":134,"column":51}},"52":{"start":{"line":138,"column":12},"end":{"line":146,"column":13}},"53":{"start":{"line":139,"column":33},"end":{"line":139,"column":59}},"54":{"start":{"line":140,"column":33},"end":{"line":140,"column":58}},"55":{"start":{"line":141,"column":34},"end":{"line":143,"column":15}},"56":{"start":{"line":144,"column":33},"end":{"line":144,"column":57}},"57":{"start":{"line":145,"column":14},"end":{"line":145,"column":89}},"58":{"start":{"line":148,"column":12},"end":{"line":235,"column":13}},"59":{"start":{"line":151,"column":36},"end":{"line":151,"column":58}},"60":{"start":{"line":154,"column":34},"end":{"line":154,"column":59}},"61":{"start":{"line":155,"column":29},"end":{"line":155,"column":49}},"62":{"start":{"line":158,"column":41},"end":{"line":158,"column":86}},"63":{"start":{"line":159,"column":14},"end":{"line":159,"column":64}},"64":{"start":{"line":161,"column":34},"end":{"line":164,"column":15}},"65":{"start":{"line":167,"column":30},"end":{"line":167,"column":55}},"66":{"start":{"line":168,"column":27},"end":{"line":174,"column":15}},"67":{"start":{"line":170,"column":44},"end":{"line":170,"column":64}},"68":{"start":{"line":171,"column":44},"end":{"line":171,"column":63}},"69":{"start":{"line":177,"column":32},"end":{"line":177,"column":65}},"70":{"start":{"line":178,"column":38},"end":{"line":178,"column":60}},"71":{"start":{"line":181,"column":34},"end":{"line":181,"column":64}},"72":{"start":{"line":185,"column":35},"end":{"line":191,"column":15}},"73":{"start":{"line":194,"column":14},"end":{"line":196,"column":17}},"74":{"start":{"line":201,"column":30},"end":{"line":201,"column":55}},"75":{"start":{"line":202,"column":27},"end":{"line":207,"column":15}},"76":{"start":{"line":204,"column":44},"end":{"line":204,"column":64}},"77":{"start":{"line":205,"column":44},"end":{"line":205,"column":63}},"78":{"start":{"line":210,"column":34},"end":{"line":210,"column":64}},"79":{"start":{"line":211,"column":32},"end":{"line":211,"column":82}},"80":{"start":{"line":214,"column":33},"end":{"line":214,"column":59}},"81":{"start":{"line":215,"column":35},"end":{"line":215,"column":73}},"82":{"start":{"line":216,"column":33},"end":{"line":216,"column":58}},"83":{"start":{"line":217,"column":31},"end":{"line":217,"column":58}},"84":{"start":{"line":218,"column":34},"end":{"line":220,"column":15}},"85":{"start":{"line":221,"column":33},"end":{"line":221,"column":70}},"86":{"start":{"line":222,"column":40},"end":{"line":225,"column":15}},"87":{"start":{"line":228,"column":32},"end":{"line":228,"column":72}},"88":{"start":{"line":229,"column":38},"end":{"line":229,"column":60}},"89":{"start":{"line":232,"column":14},"end":{"line":234,"column":17}},"90":{"start":{"line":237,"column":12},"end":{"line":237,"column":48}},"91":{"start":{"line":240,"column":12},"end":{"line":244,"column":13}},"92":{"start":{"line":241,"column":14},"end":{"line":241,"column":45}},"93":{"start":{"line":247,"column":10},"end":{"line":247,"column":22}},"94":{"start":{"line":254,"column":29},"end":{"line":254,"column":44}},"95":{"start":{"line":256,"column":4},"end":{"line":256,"column":28}},"96":{"start":{"line":268,"column":23},"end":{"line":268,"column":24}},"97":{"start":{"line":271,"column":2},"end":{"line":295,"column":5}},"98":{"start":{"line":273,"column":17},"end":{"line":273,"column":51}},"99":{"start":{"line":274,"column":17},"end":{"line":274,"column":56}},"100":{"start":{"line":278,"column":4},"end":{"line":284,"column":5}},"101":{"start":{"line":279,"column":6},"end":{"line":279,"column":55}},"102":{"start":{"line":280,"column":11},"end":{"line":284,"column":5}},"103":{"start":{"line":281,"column":6},"end":{"line":281,"column":55}},"104":{"start":{"line":283,"column":6},"end":{"line":283,"column":62}},"105":{"start":{"line":286,"column":18},"end":{"line":286,"column":49}},"106":{"start":{"line":287,"column":27},"end":{"line":287,"column":38}},"107":{"start":{"line":288,"column":20},"end":{"line":288,"column":99}},"108":{"start":{"line":291,"column":24},"end":{"line":291,"column":76}},"109":{"start":{"line":292,"column":22},"end":{"line":292,"column":47}},"110":{"start":{"line":294,"column":4},"end":{"line":294,"column":50}}},"fnMap":{"0":{"name":"getECPair","decl":{"start":{"line":20,"column":9},"end":{"line":20,"column":18}},"loc":{"start":{"line":20,"column":21},"end":{"line":25,"column":1}},"line":20},"1":{"name":"writeVarInt","decl":{"start":{"line":30,"column":9},"end":{"line":30,"column":20}},"loc":{"start":{"line":30,"column":44},"end":{"line":52,"column":1}},"line":30},"2":{"name":"varIntSize","decl":{"start":{"line":57,"column":9},"end":{"line":57,"column":19}},"loc":{"start":{"line":57,"column":27},"end":{"line":63,"column":1}},"line":57},"3":{"name":"signPsbt","decl":{"start":{"line":71,"column":22},"end":{"line":71,"column":30}},"loc":{"start":{"line":71,"column":55},"end":{"line":258,"column":1}},"line":71},"4":{"name":"(anonymous_4)","decl":{"start":{"line":84,"column":28},"end":{"line":84,"column":29}},"loc":{"start":{"line":84,"column":48},"end":{"line":257,"column":3}},"line":84},"5":{"name":"(anonymous_5)","decl":{"start":{"line":170,"column":37},"end":{"line":170,"column":38}},"loc":{"start":{"line":170,"column":44},"end":{"line":170,"column":64}},"line":170},"6":{"name":"(anonymous_6)","decl":{"start":{"line":171,"column":37},"end":{"line":171,"column":38}},"loc":{"start":{"line":171,"column":44},"end":{"line":171,"column":63}},"line":171},"7":{"name":"(anonymous_7)","decl":{"start":{"line":204,"column":37},"end":{"line":204,"column":38}},"loc":{"start":{"line":204,"column":44},"end":{"line":204,"column":64}},"line":204},"8":{"name":"(anonymous_8)","decl":{"start":{"line":205,"column":37},"end":{"line":205,"column":38}},"loc":{"start":{"line":205,"column":44},"end":{"line":205,"column":63}},"line":205},"9":{"name":"signMessage","decl":{"start":{"line":266,"column":22},"end":{"line":266,"column":33}},"loc":{"start":{"line":266,"column":52},"end":{"line":296,"column":1}},"line":266},"10":{"name":"(anonymous_10)","decl":{"start":{"line":271,"column":28},"end":{"line":271,"column":29}},"loc":{"start":{"line":271,"column":48},"end":{"line":295,"column":3}},"line":271}},"branchMap":{"0":{"loc":{"start":{"line":21,"column":2},"end":{"line":23,"column":3}},"type":"if","locations":[{"start":{"line":21,"column":2},"end":{"line":23,"column":3}},{"start":{},"end":{}}],"line":21},"1":{"loc":{"start":{"line":31,"column":2},"end":{"line":51,"column":3}},"type":"if","locations":[{"start":{"line":31,"column":2},"end":{"line":51,"column":3}},{"start":{"line":34,"column":9},"end":{"line":51,"column":3}}],"line":31},"2":{"loc":{"start":{"line":34,"column":9},"end":{"line":51,"column":3}},"type":"if","locations":[{"start":{"line":34,"column":9},"end":{"line":51,"column":3}},{"start":{"line":38,"column":9},"end":{"line":51,"column":3}}],"line":34},"3":{"loc":{"start":{"line":38,"column":9},"end":{"line":51,"column":3}},"type":"if","locations":[{"start":{"line":38,"column":9},"end":{"line":51,"column":3}},{"start":{"line":42,"column":9},"end":{"line":51,"column":3}}],"line":38},"4":{"loc":{"start":{"line":58,"column":2},"end":{"line":58,"column":29}},"type":"if","locations":[{"start":{"line":58,"column":2},"end":{"line":58,"column":29}},{"start":{},"end":{}}],"line":58},"5":{"loc":{"start":{"line":59,"column":2},"end":{"line":59,"column":32}},"type":"if","locations":[{"start":{"line":59,"column":2},"end":{"line":59,"column":32}},{"start":{},"end":{}}],"line":59},"6":{"loc":{"start":{"line":60,"column":2},"end":{"line":60,"column":36}},"type":"if","locations":[{"start":{"line":60,"column":2},"end":{"line":60,"column":36}},{"start":{},"end":{}}],"line":60},"7":{"loc":{"start":{"line":76,"column":4},"end":{"line":78,"column":5}},"type":"if","locations":[{"start":{"line":76,"column":4},"end":{"line":78,"column":5}},{"start":{},"end":{}}],"line":76},"8":{"loc":{"start":{"line":100,"column":6},"end":{"line":120,"column":7}},"type":"if","locations":[{"start":{"line":100,"column":6},"end":{"line":120,"column":7}},{"start":{"line":105,"column":13},"end":{"line":120,"column":7}}],"line":100},"9":{"loc":{"start":{"line":105,"column":13},"end":{"line":120,"column":7}},"type":"if","locations":[{"start":{"line":105,"column":13},"end":{"line":120,"column":7}},{"start":{"line":118,"column":13},"end":{"line":120,"column":7}}],"line":105},"10":{"loc":{"start":{"line":126,"column":10},"end":{"line":245,"column":11}},"type":"if","locations":[{"start":{"line":126,"column":10},"end":{"line":245,"column":11}},{"start":{"line":236,"column":17},"end":{"line":245,"column":11}}],"line":126},"11":{"loc":{"start":{"line":129,"column":36},"end":{"line":129,"column":89}},"type":"binary-expr","locations":[{"start":{"line":129,"column":36},"end":{"line":129,"column":55}},{"start":{"line":129,"column":59},"end":{"line":129,"column":89}}],"line":129},"12":{"loc":{"start":{"line":133,"column":12},"end":{"line":135,"column":13}},"type":"if","locations":[{"start":{"line":133,"column":12},"end":{"line":135,"column":13}},{"start":{},"end":{}}],"line":133},"13":{"loc":{"start":{"line":138,"column":12},"end":{"line":146,"column":13}},"type":"if","locations":[{"start":{"line":138,"column":12},"end":{"line":146,"column":13}},{"start":{},"end":{}}],"line":138},"14":{"loc":{"start":{"line":148,"column":12},"end":{"line":235,"column":13}},"type":"if","locations":[{"start":{"line":148,"column":12},"end":{"line":235,"column":13}},{"start":{"line":197,"column":19},"end":{"line":235,"column":13}}],"line":148},"15":{"loc":{"start":{"line":167,"column":30},"end":{"line":167,"column":55}},"type":"binary-expr","locations":[{"start":{"line":167,"column":30},"end":{"line":167,"column":47}},{"start":{"line":167,"column":51},"end":{"line":167,"column":55}}],"line":167},"16":{"loc":{"start":{"line":201,"column":30},"end":{"line":201,"column":55}},"type":"binary-expr","locations":[{"start":{"line":201,"column":30},"end":{"line":201,"column":47}},{"start":{"line":201,"column":51},"end":{"line":201,"column":55}}],"line":201},"17":{"loc":{"start":{"line":278,"column":4},"end":{"line":284,"column":5}},"type":"if","locations":[{"start":{"line":278,"column":4},"end":{"line":284,"column":5}},{"start":{"line":280,"column":11},"end":{"line":284,"column":5}}],"line":278},"18":{"loc":{"start":{"line":280,"column":11},"end":{"line":284,"column":5}},"type":"if","locations":[{"start":{"line":280,"column":11},"end":{"line":284,"column":5}},{"start":{"line":282,"column":11},"end":{"line":284,"column":5}}],"line":280}},"s":{"0":0,"1":0,"2":0,"3":0,"4":0,"5":0,"6":0,"7":0,"8":0,"9":0,"10":0,"11":0,"12":0,"13":0,"14":0,"15":0,"16":0,"17":0,"18":0,"19":0,"20":0,"21":0,"22":0,"23":0,"24":0,"25":0,"26":0,"27":0,"28":0,"29":0,"30":0,"31":0,"32":0,"33":0,"34":0,"35":0,"36":0,"37":0,"38":0,"39":0,"40":0,"41":0,"42":0,"43":0,"44":0,"45":0,"46":0,"47":0,"48":0,"49":0,"50":0,"51":0,"52":0,"53":0,"54":0,"55":0,"56":0,"57":0,"58":0,"59":0,"60":0,"61":0,"62":0,"63":0,"64":0,"65":0,"66":0,"67":0,"68":0,"69":0,"70":0,"71":0,"72":0,"73":0,"74":0,"75":0,"76":0,"77":0,"78":0,"79":0,"80":0,"81":0,"82":0,"83":0,"84":0,"85":0,"86":0,"87":0,"88":0,"89":0,"90":0,"91":0,"92":0,"93":0,"94":0,"95":0,"96":0,"97":0,"98":0,"99":0,"100":0,"101":0,"102":0,"103":0,"104":0,"105":0,"106":0,"107":0,"108":0,"109":0,"110":0},"f":{"0":0,"1":0,"2":0,"3":0,"4":0,"5":0,"6":0,"7":0,"8":0,"9":0,"10":0},"b":{"0":[0,0],"1":[0,0],"2":[0,0],"3":[0,0],"4":[0,0],"5":[0,0],"6":[0,0],"7":[0,0],"8":[0,0],"9":[0,0],"10":[0,0],"11":[0,0],"12":[0,0],"13":[0,0],"14":[0,0],"15":[0,0],"16":[0,0],"17":[0,0],"18":[0,0]}}
}
