{"/Users/lucasrodriguez/Desktop/Ducat/app/app/contexts/AirdropContext.js": {"path":"/Users/lucasrodriguez/Desktop/Ducat/app/app/contexts/AirdropContext.js","statementMap":{"0":{"start":{"line":30,"column":23},"end":{"line":30,"column":38}},"1":{"start":{"line":32,"column":26},"end":{"line":38,"column":1}},"2":{"start":{"line":33,"column":18},"end":{"line":33,"column":44}},"3":{"start":{"line":34,"column":2},"end":{"line":36,"column":3}},"4":{"start":{"line":35,"column":4},"end":{"line":35,"column":73}},"5":{"start":{"line":37,"column":2},"end":{"line":37,"column":17}},"6":{"start":{"line":40,"column":31},"end":{"line":242,"column":1}},"7":{"start":{"line":41,"column":44},"end":{"line":41,"column":56}},"8":{"start":{"line":42,"column":37},"end":{"line":42,"column":48}},"9":{"start":{"line":43,"column":30},"end":{"line":43,"column":39}},"10":{"start":{"line":46,"column":50},"end":{"line":46,"column":65}},"11":{"start":{"line":47,"column":40},"end":{"line":47,"column":52}},"12":{"start":{"line":48,"column":38},"end":{"line":48,"column":53}},"13":{"start":{"line":52,"column":28},"end":{"line":52,"column":41}},"14":{"start":{"line":55,"column":27},"end":{"line":55,"column":48}},"15":{"start":{"line":56,"column":28},"end":{"line":56,"column":50}},"16":{"start":{"line":59,"column":27},"end":{"line":59,"column":39}},"17":{"start":{"line":61,"column":28},"end":{"line":61,"column":38}},"18":{"start":{"line":64,"column":29},"end":{"line":75,"column":3}},"19":{"start":{"line":66,"column":4},"end":{"line":66,"column":51}},"20":{"start":{"line":67,"column":4},"end":{"line":67,"column":35}},"21":{"start":{"line":70,"column":4},"end":{"line":70,"column":48}},"22":{"start":{"line":73,"column":24},"end":{"line":73,"column":48}},"23":{"start":{"line":74,"column":4},"end":{"line":74,"column":44}},"24":{"start":{"line":78,"column":2},"end":{"line":104,"column":9}},"25":{"start":{"line":79,"column":22},"end":{"line":91,"column":5}},"26":{"start":{"line":81,"column":6},"end":{"line":81,"column":33}},"27":{"start":{"line":84,"column":6},"end":{"line":90,"column":7}},"28":{"start":{"line":85,"column":22},"end":{"line":85,"column":50}},"29":{"start":{"line":86,"column":8},"end":{"line":86,"column":41}},"30":{"start":{"line":87,"column":8},"end":{"line":87,"column":28}},"31":{"start":{"line":93,"column":4},"end":{"line":93,"column":16}},"32":{"start":{"line":95,"column":4},"end":{"line":103,"column":6}},"33":{"start":{"line":97,"column":6},"end":{"line":97,"column":44}},"34":{"start":{"line":98,"column":6},"end":{"line":98,"column":38}},"35":{"start":{"line":101,"column":6},"end":{"line":101,"column":53}},"36":{"start":{"line":102,"column":6},"end":{"line":102,"column":37}},"37":{"start":{"line":107,"column":2},"end":{"line":110,"column":38}},"38":{"start":{"line":108,"column":4},"end":{"line":108,"column":45}},"39":{"start":{"line":109,"column":4},"end":{"line":109,"column":47}},"40":{"start":{"line":113,"column":2},"end":{"line":121,"column":46}},"41":{"start":{"line":114,"column":20},"end":{"line":118,"column":5}},"42":{"start":{"line":115,"column":6},"end":{"line":115,"column":41}},"43":{"start":{"line":115,"column":34},"end":{"line":115,"column":41}},"44":{"start":{"line":116,"column":22},"end":{"line":116,"column":70}},"45":{"start":{"line":117,"column":6},"end":{"line":117,"column":40}},"46":{"start":{"line":120,"column":4},"end":{"line":120,"column":14}},"47":{"start":{"line":124,"column":2},"end":{"line":142,"column":62}},"48":{"start":{"line":125,"column":25},"end":{"line":139,"column":5}},"49":{"start":{"line":126,"column":6},"end":{"line":126,"column":41}},"50":{"start":{"line":126,"column":34},"end":{"line":126,"column":41}},"51":{"start":{"line":128,"column":25},"end":{"line":128,"column":76}},"52":{"start":{"line":129,"column":26},"end":{"line":129,"column":61}},"53":{"start":{"line":132,"column":6},"end":{"line":138,"column":7}},"54":{"start":{"line":133,"column":8},"end":{"line":133,"column":36}},"55":{"start":{"line":134,"column":8},"end":{"line":134,"column":34}},"56":{"start":{"line":137,"column":8},"end":{"line":137,"column":46}},"57":{"start":{"line":141,"column":4},"end":{"line":141,"column":19}},"58":{"start":{"line":145,"column":2},"end":{"line":228,"column":63}},"59":{"start":{"line":146,"column":4},"end":{"line":146,"column":39}},"60":{"start":{"line":146,"column":32},"end":{"line":146,"column":39}},"61":{"start":{"line":147,"column":4},"end":{"line":147,"column":33}},"62":{"start":{"line":147,"column":26},"end":{"line":147,"column":33}},"63":{"start":{"line":148,"column":4},"end":{"line":148,"column":31}},"64":{"start":{"line":148,"column":24},"end":{"line":148,"column":31}},"65":{"start":{"line":150,"column":35},"end":{"line":209,"column":5}},"66":{"start":{"line":152,"column":6},"end":{"line":152,"column":44}},"67":{"start":{"line":152,"column":37},"end":{"line":152,"column":44}},"68":{"start":{"line":154,"column":25},"end":{"line":154,"column":76}},"69":{"start":{"line":155,"column":22},"end":{"line":155,"column":70}},"70":{"start":{"line":156,"column":25},"end":{"line":156,"column":76}},"71":{"start":{"line":158,"column":6},"end":{"line":208,"column":7}},"72":{"start":{"line":160,"column":8},"end":{"line":162,"column":9}},"73":{"start":{"line":161,"column":10},"end":{"line":161,"column":17}},"74":{"start":{"line":165,"column":32},"end":{"line":165,"column":84}},"75":{"start":{"line":168,"column":8},"end":{"line":203,"column":9}},"76":{"start":{"line":170,"column":10},"end":{"line":172,"column":11}},"77":{"start":{"line":171,"column":12},"end":{"line":171,"column":19}},"78":{"start":{"line":175,"column":10},"end":{"line":175,"column":37}},"79":{"start":{"line":176,"column":10},"end":{"line":176,"column":43}},"80":{"start":{"line":178,"column":10},"end":{"line":202,"column":11}},"81":{"start":{"line":180,"column":12},"end":{"line":180,"column":48}},"82":{"start":{"line":183,"column":27},"end":{"line":183,"column":84}},"83":{"start":{"line":186,"column":12},"end":{"line":186,"column":63}},"84":{"start":{"line":189,"column":12},"end":{"line":195,"column":20}},"85":{"start":{"line":190,"column":14},"end":{"line":190,"column":42}},"86":{"start":{"line":191,"column":14},"end":{"line":191,"column":40}},"87":{"start":{"line":194,"column":14},"end":{"line":194,"column":46}},"88":{"start":{"line":200,"column":12},"end":{"line":200,"column":46}},"89":{"start":{"line":201,"column":12},"end":{"line":201,"column":39}},"90":{"start":{"line":206,"column":8},"end":{"line":206,"column":42}},"91":{"start":{"line":207,"column":8},"end":{"line":207,"column":35}},"92":{"start":{"line":212,"column":27},"end":{"line":214,"column":12}},"93":{"start":{"line":213,"column":6},"end":{"line":213,"column":31}},"94":{"start":{"line":217,"column":23},"end":{"line":222,"column":5}},"95":{"start":{"line":219,"column":8},"end":{"line":219,"column":33}},"96":{"start":{"line":224,"column":4},"end":{"line":227,"column":6}},"97":{"start":{"line":225,"column":6},"end":{"line":225,"column":35}},"98":{"start":{"line":226,"column":6},"end":{"line":226,"column":32}},"99":{"start":{"line":230,"column":16},"end":{"line":239,"column":3}},"100":{"start":{"line":241,"column":2},"end":{"line":241,"column":85}},"101":{"start":{"line":244,"column":0},"end":{"line":247,"column":2}}},"fnMap":{"0":{"name":"(anonymous_0)","decl":{"start":{"line":32,"column":26},"end":{"line":32,"column":27}},"loc":{"start":{"line":32,"column":32},"end":{"line":38,"column":1}},"line":32},"1":{"name":"(anonymous_1)","decl":{"start":{"line":40,"column":31},"end":{"line":40,"column":32}},"loc":{"start":{"line":40,"column":64},"end":{"line":242,"column":1}},"line":40},"2":{"name":"(anonymous_2)","decl":{"start":{"line":64,"column":29},"end":{"line":64,"column":30}},"loc":{"start":{"line":64,"column":35},"end":{"line":75,"column":3}},"line":64},"3":{"name":"(anonymous_3)","decl":{"start":{"line":78,"column":12},"end":{"line":78,"column":13}},"loc":{"start":{"line":78,"column":18},"end":{"line":104,"column":3}},"line":78},"4":{"name":"(anonymous_4)","decl":{"start":{"line":79,"column":22},"end":{"line":79,"column":23}},"loc":{"start":{"line":79,"column":34},"end":{"line":91,"column":5}},"line":79},"5":{"name":"(anonymous_5)","decl":{"start":{"line":95,"column":11},"end":{"line":95,"column":12}},"loc":{"start":{"line":95,"column":17},"end":{"line":103,"column":5}},"line":95},"6":{"name":"(anonymous_6)","decl":{"start":{"line":107,"column":12},"end":{"line":107,"column":13}},"loc":{"start":{"line":107,"column":18},"end":{"line":110,"column":3}},"line":107},"7":{"name":"(anonymous_7)","decl":{"start":{"line":113,"column":12},"end":{"line":113,"column":13}},"loc":{"start":{"line":113,"column":18},"end":{"line":121,"column":3}},"line":113},"8":{"name":"(anonymous_8)","decl":{"start":{"line":114,"column":20},"end":{"line":114,"column":21}},"loc":{"start":{"line":114,"column":32},"end":{"line":118,"column":5}},"line":114},"9":{"name":"(anonymous_9)","decl":{"start":{"line":124,"column":12},"end":{"line":124,"column":13}},"loc":{"start":{"line":124,"column":18},"end":{"line":142,"column":3}},"line":124},"10":{"name":"(anonymous_10)","decl":{"start":{"line":125,"column":25},"end":{"line":125,"column":26}},"loc":{"start":{"line":125,"column":37},"end":{"line":139,"column":5}},"line":125},"11":{"name":"(anonymous_11)","decl":{"start":{"line":145,"column":12},"end":{"line":145,"column":13}},"loc":{"start":{"line":145,"column":18},"end":{"line":228,"column":3}},"line":145},"12":{"name":"(anonymous_12)","decl":{"start":{"line":150,"column":35},"end":{"line":150,"column":36}},"loc":{"start":{"line":150,"column":47},"end":{"line":209,"column":5}},"line":150},"13":{"name":"(anonymous_13)","decl":{"start":{"line":189,"column":23},"end":{"line":189,"column":24}},"loc":{"start":{"line":189,"column":29},"end":{"line":195,"column":13}},"line":189},"14":{"name":"(anonymous_14)","decl":{"start":{"line":212,"column":38},"end":{"line":212,"column":39}},"loc":{"start":{"line":212,"column":44},"end":{"line":214,"column":5}},"line":212},"15":{"name":"(anonymous_15)","decl":{"start":{"line":218,"column":6},"end":{"line":218,"column":7}},"loc":{"start":{"line":218,"column":12},"end":{"line":220,"column":7}},"line":218},"16":{"name":"(anonymous_16)","decl":{"start":{"line":224,"column":11},"end":{"line":224,"column":12}},"loc":{"start":{"line":224,"column":17},"end":{"line":227,"column":5}},"line":224}},"branchMap":{"0":{"loc":{"start":{"line":34,"column":2},"end":{"line":36,"column":3}},"type":"if","locations":[{"start":{"line":34,"column":2},"end":{"line":36,"column":3}},{"start":{},"end":{}}],"line":34},"1":{"loc":{"start":{"line":115,"column":6},"end":{"line":115,"column":41}},"type":"if","locations":[{"start":{"line":115,"column":6},"end":{"line":115,"column":41}},{"start":{},"end":{}}],"line":115},"2":{"loc":{"start":{"line":126,"column":6},"end":{"line":126,"column":41}},"type":"if","locations":[{"start":{"line":126,"column":6},"end":{"line":126,"column":41}},{"start":{},"end":{}}],"line":126},"3":{"loc":{"start":{"line":132,"column":6},"end":{"line":138,"column":7}},"type":"if","locations":[{"start":{"line":132,"column":6},"end":{"line":138,"column":7}},{"start":{},"end":{}}],"line":132},"4":{"loc":{"start":{"line":132,"column":10},"end":{"line":132,"column":66}},"type":"binary-expr","locations":[{"start":{"line":132,"column":10},"end":{"line":132,"column":21}},{"start":{"line":132,"column":26},"end":{"line":132,"column":43}},{"start":{"line":132,"column":47},"end":{"line":132,"column":65}}],"line":132},"5":{"loc":{"start":{"line":146,"column":4},"end":{"line":146,"column":39}},"type":"if","locations":[{"start":{"line":146,"column":4},"end":{"line":146,"column":39}},{"start":{},"end":{}}],"line":146},"6":{"loc":{"start":{"line":147,"column":4},"end":{"line":147,"column":33}},"type":"if","locations":[{"start":{"line":147,"column":4},"end":{"line":147,"column":33}},{"start":{},"end":{}}],"line":147},"7":{"loc":{"start":{"line":148,"column":4},"end":{"line":148,"column":31}},"type":"if","locations":[{"start":{"line":148,"column":4},"end":{"line":148,"column":31}},{"start":{},"end":{}}],"line":148},"8":{"loc":{"start":{"line":152,"column":6},"end":{"line":152,"column":44}},"type":"if","locations":[{"start":{"line":152,"column":6},"end":{"line":152,"column":44}},{"start":{},"end":{}}],"line":152},"9":{"loc":{"start":{"line":160,"column":8},"end":{"line":162,"column":9}},"type":"if","locations":[{"start":{"line":160,"column":8},"end":{"line":162,"column":9}},{"start":{},"end":{}}],"line":160},"10":{"loc":{"start":{"line":168,"column":8},"end":{"line":203,"column":9}},"type":"if","locations":[{"start":{"line":168,"column":8},"end":{"line":203,"column":9}},{"start":{},"end":{}}],"line":168},"11":{"loc":{"start":{"line":170,"column":10},"end":{"line":172,"column":11}},"type":"if","locations":[{"start":{"line":170,"column":10},"end":{"line":172,"column":11}},{"start":{},"end":{}}],"line":170}},"s":{"0":1,"1":1,"2":27,"3":26,"4":2,"5":24,"6":1,"7":24,"8":24,"9":24,"10":24,"11":24,"12":24,"13":24,"14":24,"15":24,"16":24,"17":24,"18":24,"19":0,"20":0,"21":0,"22":0,"23":0,"24":24,"25":21,"26":21,"27":21,"28":21,"29":0,"30":0,"31":21,"32":21,"33":1,"34":1,"35":1,"36":1,"37":24,"38":21,"39":21,"40":24,"41":21,"42":21,"43":0,"44":21,"45":21,"46":21,"47":24,"48":21,"49":21,"50":0,"51":21,"52":21,"53":21,"54":1,"55":1,"56":1,"57":21,"58":24,"59":21,"60":0,"61":21,"62":1,"63":20,"64":1,"65":19,"66":12,"67":1,"68":11,"69":11,"70":11,"71":11,"72":11,"73":1,"74":10,"75":10,"76":10,"77":1,"78":9,"79":9,"80":9,"81":9,"82":9,"83":6,"84":6,"85":2,"86":2,"87":2,"88":9,"89":9,"90":0,"91":0,"92":19,"93":10,"94":19,"95":2,"96":19,"97":1,"98":1,"99":24,"100":24,"101":1},"f":{"0":27,"1":24,"2":0,"3":21,"4":21,"5":1,"6":21,"7":21,"8":21,"9":21,"10":21,"11":21,"12":12,"13":2,"14":10,"15":2,"16":1},"b":{"0":[2,24],"1":[0,21],"2":[0,21],"3":[1,20],"4":[21,1,0],"5":[0,21],"6":[1,20],"7":[1,19],"8":[1,11],"9":[1,10],"10":[10,0],"11":[1,9]},"_coverageSchema":"1a1c01bbd47fc00a2c39e90264f33305004495a9","hash":"8d30ac448f8e1d638e313f45c77e896900cbb0b2"}
,"/Users/lucasrodriguez/Desktop/Ducat/app/app/contexts/AuthContext.js": {"path":"/Users/lucasrodriguez/Desktop/Ducat/app/app/contexts/AuthContext.js","statementMap":{"0":{"start":{"line":14,"column":20},"end":{"line":14,"column":35}},"1":{"start":{"line":16,"column":23},"end":{"line":22,"column":1}},"2":{"start":{"line":17,"column":18},"end":{"line":17,"column":41}},"3":{"start":{"line":18,"column":2},"end":{"line":20,"column":3}},"4":{"start":{"line":19,"column":4},"end":{"line":19,"column":67}},"5":{"start":{"line":21,"column":2},"end":{"line":21,"column":17}},"6":{"start":{"line":25,"column":33},"end":{"line":28,"column":1}},"7":{"start":{"line":26,"column":25},"end":{"line":26,"column":34}},"8":{"start":{"line":27,"column":2},"end":{"line":27,"column":20}},"9":{"start":{"line":30,"column":28},"end":{"line":99,"column":1}},"10":{"start":{"line":31,"column":20},"end":{"line":31,"column":52}},"11":{"start":{"line":36,"column":44},"end":{"line":36,"column":59}},"12":{"start":{"line":37,"column":27},"end":{"line":37,"column":40}},"13":{"start":{"line":38,"column":29},"end":{"line":38,"column":41}},"14":{"start":{"line":39,"column":25},"end":{"line":39,"column":37}},"15":{"start":{"line":42,"column":2},"end":{"line":44,"column":22}},"16":{"start":{"line":43,"column":4},"end":{"line":43,"column":45}},"17":{"start":{"line":47,"column":30},"end":{"line":55,"column":19}},"18":{"start":{"line":48,"column":4},"end":{"line":48,"column":60}},"19":{"start":{"line":49,"column":4},"end":{"line":49,"column":67}},"20":{"start":{"line":50,"column":4},"end":{"line":50,"column":33}},"21":{"start":{"line":51,"column":4},"end":{"line":53,"column":5}},"22":{"start":{"line":52,"column":6},"end":{"line":52,"column":20}},"23":{"start":{"line":54,"column":4},"end":{"line":54,"column":28}},"24":{"start":{"line":58,"column":31},"end":{"line":62,"column":8}},"25":{"start":{"line":59,"column":4},"end":{"line":61,"column":5}},"26":{"start":{"line":60,"column":6},"end":{"line":60,"column":47}},"27":{"start":{"line":67,"column":21},"end":{"line":78,"column":3}},"28":{"start":{"line":68,"column":11},"end":{"line":76,"column":5}},"29":{"start":{"line":80,"column":16},"end":{"line":96,"column":3}},"30":{"start":{"line":81,"column":11},"end":{"line":94,"column":5}},"31":{"start":{"line":98,"column":2},"end":{"line":98,"column":79}},"32":{"start":{"line":101,"column":0},"end":{"line":105,"column":2}}},"fnMap":{"0":{"name":"(anonymous_0)","decl":{"start":{"line":16,"column":23},"end":{"line":16,"column":24}},"loc":{"start":{"line":16,"column":29},"end":{"line":22,"column":1}},"line":16},"1":{"name":"(anonymous_1)","decl":{"start":{"line":25,"column":33},"end":{"line":25,"column":34}},"loc":{"start":{"line":25,"column":39},"end":{"line":28,"column":1}},"line":25},"2":{"name":"(anonymous_2)","decl":{"start":{"line":30,"column":28},"end":{"line":30,"column":29}},"loc":{"start":{"line":30,"column":76},"end":{"line":99,"column":1}},"line":30},"3":{"name":"(anonymous_3)","decl":{"start":{"line":42,"column":18},"end":{"line":42,"column":19}},"loc":{"start":{"line":42,"column":24},"end":{"line":44,"column":3}},"line":42},"4":{"name":"(anonymous_4)","decl":{"start":{"line":47,"column":42},"end":{"line":47,"column":43}},"loc":{"start":{"line":47,"column":54},"end":{"line":55,"column":3}},"line":47},"5":{"name":"(anonymous_5)","decl":{"start":{"line":58,"column":43},"end":{"line":58,"column":44}},"loc":{"start":{"line":58,"column":49},"end":{"line":62,"column":3}},"line":58},"6":{"name":"(anonymous_6)","decl":{"start":{"line":68,"column":4},"end":{"line":68,"column":5}},"loc":{"start":{"line":68,"column":11},"end":{"line":76,"column":5}},"line":68},"7":{"name":"(anonymous_7)","decl":{"start":{"line":81,"column":4},"end":{"line":81,"column":5}},"loc":{"start":{"line":81,"column":11},"end":{"line":94,"column":5}},"line":81}},"branchMap":{"0":{"loc":{"start":{"line":18,"column":2},"end":{"line":20,"column":3}},"type":"if","locations":[{"start":{"line":18,"column":2},"end":{"line":20,"column":3}},{"start":{},"end":{}}],"line":18},"1":{"loc":{"start":{"line":51,"column":4},"end":{"line":53,"column":5}},"type":"if","locations":[{"start":{"line":51,"column":4},"end":{"line":53,"column":5}},{"start":{},"end":{}}],"line":51},"2":{"loc":{"start":{"line":59,"column":4},"end":{"line":61,"column":5}},"type":"if","locations":[{"start":{"line":59,"column":4},"end":{"line":61,"column":5}},{"start":{},"end":{}}],"line":59}},"s":{"0":3,"1":3,"2":19,"3":18,"4":2,"5":16,"6":3,"7":1,"8":1,"9":3,"10":16,"11":16,"12":16,"13":16,"14":16,"15":16,"16":16,"17":16,"18":3,"19":3,"20":3,"21":3,"22":1,"23":3,"24":16,"25":1,"26":1,"27":16,"28":16,"29":16,"30":16,"31":16,"32":3},"f":{"0":19,"1":1,"2":16,"3":16,"4":3,"5":1,"6":16,"7":16},"b":{"0":[2,16],"1":[1,2],"2":[1,0]},"_coverageSchema":"1a1c01bbd47fc00a2c39e90264f33305004495a9","hash":"2641cb07fe3ad27550ba6eb905d0e5aba4fc131c"}
,"/Users/lucasrodriguez/Desktop/Ducat/app/app/contexts/DisplayPreferencesContext.js": {"path":"/Users/lucasrodriguez/Desktop/Ducat/app/app/contexts/DisplayPreferencesContext.js","statementMap":{"0":{"start":{"line":9,"column":34},"end":{"line":9,"column":49}},"1":{"start":{"line":11,"column":37},"end":{"line":17,"column":1}},"2":{"start":{"line":12,"column":18},"end":{"line":12,"column":55}},"3":{"start":{"line":13,"column":2},"end":{"line":15,"column":3}},"4":{"start":{"line":14,"column":4},"end":{"line":14,"column":94}},"5":{"start":{"line":16,"column":2},"end":{"line":16,"column":17}},"6":{"start":{"line":19,"column":42},"end":{"line":43,"column":1}},"7":{"start":{"line":21,"column":46},"end":{"line":21,"column":61}},"8":{"start":{"line":22,"column":42},"end":{"line":22,"column":57}},"9":{"start":{"line":23,"column":46},"end":{"line":23,"column":61}},"10":{"start":{"line":26,"column":16},"end":{"line":36,"column":3}},"11":{"start":{"line":27,"column":11},"end":{"line":34,"column":5}},"12":{"start":{"line":38,"column":2},"end":{"line":42,"column":4}}},"fnMap":{"0":{"name":"(anonymous_0)","decl":{"start":{"line":11,"column":37},"end":{"line":11,"column":38}},"loc":{"start":{"line":11,"column":43},"end":{"line":17,"column":1}},"line":11},"1":{"name":"(anonymous_1)","decl":{"start":{"line":19,"column":42},"end":{"line":19,"column":43}},"loc":{"start":{"line":19,"column":60},"end":{"line":43,"column":1}},"line":19},"2":{"name":"(anonymous_2)","decl":{"start":{"line":27,"column":4},"end":{"line":27,"column":5}},"loc":{"start":{"line":27,"column":11},"end":{"line":34,"column":5}},"line":27}},"branchMap":{"0":{"loc":{"start":{"line":13,"column":2},"end":{"line":15,"column":3}},"type":"if","locations":[{"start":{"line":13,"column":2},"end":{"line":15,"column":3}},{"start":{},"end":{}}],"line":13}},"s":{"0":1,"1":1,"2":8,"3":8,"4":0,"5":8,"6":1,"7":25,"8":25,"9":25,"10":25,"11":25,"12":25},"f":{"0":8,"1":25,"2":25},"b":{"0":[0,8]},"_coverageSchema":"1a1c01bbd47fc00a2c39e90264f33305004495a9","hash":"034f8fe2f227d00d0bd96493aab34775f2377b5a"}
,"/Users/lucasrodriguez/Desktop/Ducat/app/app/contexts/NotificationContext.js": {"path":"/Users/lucasrodriguez/Desktop/Ducat/app/app/contexts/NotificationContext.js","statementMap":{"0":{"start":{"line":10,"column":28},"end":{"line":10,"column":43}},"1":{"start":{"line":12,"column":32},"end":{"line":18,"column":1}},"2":{"start":{"line":13,"column":18},"end":{"line":13,"column":49}},"3":{"start":{"line":14,"column":2},"end":{"line":16,"column":3}},"4":{"start":{"line":15,"column":4},"end":{"line":15,"column":83}},"5":{"start":{"line":17,"column":2},"end":{"line":17,"column":17}},"6":{"start":{"line":20,"column":18},"end":{"line":20,"column":19}},"7":{"start":{"line":22,"column":36},"end":{"line":147,"column":1}},"8":{"start":{"line":26,"column":30},"end":{"line":26,"column":42}},"9":{"start":{"line":27,"column":22},"end":{"line":27,"column":32}},"10":{"start":{"line":30,"column":20},"end":{"line":49,"column":8}},"11":{"start":{"line":32,"column":4},"end":{"line":35,"column":7}},"12":{"start":{"line":33,"column":6},"end":{"line":33,"column":45}},"13":{"start":{"line":34,"column":6},"end":{"line":34,"column":38}},"14":{"start":{"line":37,"column":15},"end":{"line":37,"column":28}},"15":{"start":{"line":38,"column":21},"end":{"line":38,"column":51}},"16":{"start":{"line":41,"column":21},"end":{"line":41,"column":42}},"17":{"start":{"line":42,"column":4},"end":{"line":42,"column":26}},"18":{"start":{"line":45,"column":4},"end":{"line":48,"column":17}},"19":{"start":{"line":46,"column":6},"end":{"line":46,"column":20}},"20":{"start":{"line":47,"column":6},"end":{"line":47,"column":37}},"21":{"start":{"line":51,"column":23},"end":{"line":60,"column":8}},"22":{"start":{"line":53,"column":4},"end":{"line":56,"column":5}},"23":{"start":{"line":54,"column":6},"end":{"line":54,"column":44}},"24":{"start":{"line":55,"column":6},"end":{"line":55,"column":37}},"25":{"start":{"line":59,"column":4},"end":{"line":59,"column":65}},"26":{"start":{"line":59,"column":24},"end":{"line":59,"column":63}},"27":{"start":{"line":59,"column":47},"end":{"line":59,"column":62}},"28":{"start":{"line":65,"column":34},"end":{"line":65,"column":48}},"29":{"start":{"line":66,"column":26},"end":{"line":66,"column":38}},"30":{"start":{"line":68,"column":23},"end":{"line":100,"column":8}},"31":{"start":{"line":69,"column":4},"end":{"line":69,"column":85}},"32":{"start":{"line":72,"column":22},"end":{"line":77,"column":5}},"33":{"start":{"line":80,"column":17},"end":{"line":80,"column":40}},"34":{"start":{"line":81,"column":4},"end":{"line":96,"column":5}},"35":{"start":{"line":83,"column":21},"end":{"line":84,"column":57}},"36":{"start":{"line":86,"column":6},"end":{"line":95,"column":7}},"37":{"start":{"line":87,"column":28},"end":{"line":87,"column":63}},"38":{"start":{"line":88,"column":25},"end":{"line":88,"column":50}},"39":{"start":{"line":91,"column":8},"end":{"line":94,"column":9}},"40":{"start":{"line":92,"column":10},"end":{"line":92,"column":103}},"41":{"start":{"line":93,"column":10},"end":{"line":93,"column":17}},"42":{"start":{"line":98,"column":4},"end":{"line":98,"column":45}},"43":{"start":{"line":99,"column":4},"end":{"line":99,"column":32}},"44":{"start":{"line":102,"column":26},"end":{"line":105,"column":8}},"45":{"start":{"line":103,"column":4},"end":{"line":103,"column":22}},"46":{"start":{"line":111,"column":23},"end":{"line":111,"column":72}},"47":{"start":{"line":111,"column":37},"end":{"line":111,"column":61}},"48":{"start":{"line":112,"column":23},"end":{"line":112,"column":65}},"49":{"start":{"line":112,"column":37},"end":{"line":112,"column":54}},"50":{"start":{"line":113,"column":20},"end":{"line":113,"column":73}},"51":{"start":{"line":113,"column":34},"end":{"line":113,"column":62}},"52":{"start":{"line":115,"column":16},"end":{"line":140,"column":3}},"53":{"start":{"line":116,"column":11},"end":{"line":128,"column":5}},"54":{"start":{"line":142,"column":2},"end":{"line":146,"column":4}}},"fnMap":{"0":{"name":"(anonymous_0)","decl":{"start":{"line":12,"column":32},"end":{"line":12,"column":33}},"loc":{"start":{"line":12,"column":38},"end":{"line":18,"column":1}},"line":12},"1":{"name":"(anonymous_1)","decl":{"start":{"line":22,"column":36},"end":{"line":22,"column":37}},"loc":{"start":{"line":22,"column":54},"end":{"line":147,"column":1}},"line":22},"2":{"name":"(anonymous_2)","decl":{"start":{"line":30,"column":32},"end":{"line":30,"column":33}},"loc":{"start":{"line":30,"column":63},"end":{"line":49,"column":3}},"line":30},"3":{"name":"(anonymous_3)","decl":{"start":{"line":32,"column":45},"end":{"line":32,"column":46}},"loc":{"start":{"line":32,"column":54},"end":{"line":35,"column":5}},"line":32},"4":{"name":"(anonymous_4)","decl":{"start":{"line":45,"column":41},"end":{"line":45,"column":42}},"loc":{"start":{"line":45,"column":47},"end":{"line":48,"column":5}},"line":45},"5":{"name":"(anonymous_5)","decl":{"start":{"line":51,"column":35},"end":{"line":51,"column":36}},"loc":{"start":{"line":51,"column":43},"end":{"line":60,"column":3}},"line":51},"6":{"name":"(anonymous_6)","decl":{"start":{"line":59,"column":14},"end":{"line":59,"column":15}},"loc":{"start":{"line":59,"column":24},"end":{"line":59,"column":63}},"line":59},"7":{"name":"(anonymous_7)","decl":{"start":{"line":59,"column":36},"end":{"line":59,"column":37}},"loc":{"start":{"line":59,"column":47},"end":{"line":59,"column":62}},"line":59},"8":{"name":"(anonymous_8)","decl":{"start":{"line":68,"column":35},"end":{"line":68,"column":36}},"loc":{"start":{"line":68,"column":55},"end":{"line":100,"column":3}},"line":68},"9":{"name":"(anonymous_9)","decl":{"start":{"line":102,"column":38},"end":{"line":102,"column":39}},"loc":{"start":{"line":102,"column":44},"end":{"line":105,"column":3}},"line":102},"10":{"name":"(anonymous_10)","decl":{"start":{"line":111,"column":31},"end":{"line":111,"column":32}},"loc":{"start":{"line":111,"column":37},"end":{"line":111,"column":61}},"line":111},"11":{"name":"(anonymous_11)","decl":{"start":{"line":112,"column":31},"end":{"line":112,"column":32}},"loc":{"start":{"line":112,"column":37},"end":{"line":112,"column":54}},"line":112},"12":{"name":"(anonymous_12)","decl":{"start":{"line":113,"column":28},"end":{"line":113,"column":29}},"loc":{"start":{"line":113,"column":34},"end":{"line":113,"column":62}},"line":113},"13":{"name":"(anonymous_13)","decl":{"start":{"line":116,"column":4},"end":{"line":116,"column":5}},"loc":{"start":{"line":116,"column":11},"end":{"line":128,"column":5}},"line":116}},"branchMap":{"0":{"loc":{"start":{"line":14,"column":2},"end":{"line":16,"column":3}},"type":"if","locations":[{"start":{"line":14,"column":2},"end":{"line":16,"column":3}},{"start":{},"end":{}}],"line":14},"1":{"loc":{"start":{"line":30,"column":42},"end":{"line":30,"column":58}},"type":"default-arg","locations":[{"start":{"line":30,"column":49},"end":{"line":30,"column":58}}],"line":30},"2":{"loc":{"start":{"line":38,"column":21},"end":{"line":38,"column":51}},"type":"cond-expr","locations":[{"start":{"line":38,"column":40},"end":{"line":38,"column":44}},{"start":{"line":38,"column":47},"end":{"line":38,"column":51}}],"line":38},"3":{"loc":{"start":{"line":53,"column":4},"end":{"line":56,"column":5}},"type":"if","locations":[{"start":{"line":53,"column":4},"end":{"line":56,"column":5}},{"start":{},"end":{}}],"line":53},"4":{"loc":{"start":{"line":81,"column":4},"end":{"line":96,"column":5}},"type":"if","locations":[{"start":{"line":81,"column":4},"end":{"line":96,"column":5}},{"start":{},"end":{}}],"line":81},"5":{"loc":{"start":{"line":81,"column":8},"end":{"line":81,"column":53}},"type":"binary-expr","locations":[{"start":{"line":81,"column":8},"end":{"line":81,"column":12}},{"start":{"line":81,"column":16},"end":{"line":81,"column":53}}],"line":81},"6":{"loc":{"start":{"line":83,"column":21},"end":{"line":84,"column":57}},"type":"binary-expr","locations":[{"start":{"line":83,"column":22},"end":{"line":83,"column":41}},{"start":{"line":83,"column":45},"end":{"line":83,"column":54}},{"start":{"line":83,"column":58},"end":{"line":83,"column":91}},{"start":{"line":84,"column":22},"end":{"line":84,"column":42}},{"start":{"line":84,"column":46},"end":{"line":84,"column":56}}],"line":83},"7":{"loc":{"start":{"line":86,"column":6},"end":{"line":95,"column":7}},"type":"if","locations":[{"start":{"line":86,"column":6},"end":{"line":95,"column":7}},{"start":{},"end":{}}],"line":86},"8":{"loc":{"start":{"line":86,"column":10},"end":{"line":86,"column":54}},"type":"binary-expr","locations":[{"start":{"line":86,"column":10},"end":{"line":86,"column":16}},{"start":{"line":86,"column":20},"end":{"line":86,"column":40}},{"start":{"line":86,"column":44},"end":{"line":86,"column":54}}],"line":86},"9":{"loc":{"start":{"line":87,"column":28},"end":{"line":87,"column":63}},"type":"binary-expr","locations":[{"start":{"line":87,"column":28},"end":{"line":87,"column":58}},{"start":{"line":87,"column":62},"end":{"line":87,"column":63}}],"line":87},"10":{"loc":{"start":{"line":88,"column":25},"end":{"line":88,"column":50}},"type":"binary-expr","locations":[{"start":{"line":88,"column":25},"end":{"line":88,"column":45}},{"start":{"line":88,"column":49},"end":{"line":88,"column":50}}],"line":88},"11":{"loc":{"start":{"line":91,"column":8},"end":{"line":94,"column":9}},"type":"if","locations":[{"start":{"line":91,"column":8},"end":{"line":94,"column":9}},{"start":{},"end":{}}],"line":91},"12":{"loc":{"start":{"line":91,"column":12},"end":{"line":91,"column":69}},"type":"binary-expr","locations":[{"start":{"line":91,"column":12},"end":{"line":91,"column":34}},{"start":{"line":91,"column":38},"end":{"line":91,"column":69}}],"line":91},"13":{"loc":{"start":{"line":111,"column":37},"end":{"line":111,"column":61}},"type":"binary-expr","locations":[{"start":{"line":111,"column":37},"end":{"line":111,"column":55}},{"start":{"line":111,"column":59},"end":{"line":111,"column":61}}],"line":111},"14":{"loc":{"start":{"line":113,"column":34},"end":{"line":113,"column":62}},"type":"binary-expr","locations":[{"start":{"line":113,"column":34},"end":{"line":113,"column":49}},{"start":{"line":113,"column":53},"end":{"line":113,"column":62}}],"line":113}},"s":{"0":1,"1":1,"2":45,"3":45,"4":0,"5":45,"6":1,"7":1,"8":50,"9":50,"10":50,"11":9,"12":1,"13":1,"14":9,"15":9,"16":9,"17":9,"18":9,"19":2,"20":2,"21":50,"22":3,"23":2,"24":2,"25":3,"26":3,"27":3,"28":50,"29":50,"30":50,"31":15,"32":15,"33":15,"34":15,"35":6,"36":6,"37":5,"38":5,"39":5,"40":2,"41":2,"42":13,"43":13,"44":50,"45":1,"46":50,"47":36,"48":50,"49":36,"50":50,"51":36,"52":50,"53":50,"54":50},"f":{"0":45,"1":50,"2":9,"3":1,"4":2,"5":3,"6":3,"7":3,"8":15,"9":1,"10":36,"11":36,"12":36,"13":50},"b":{"0":[0,45],"1":[6],"2":[2,7],"3":[2,1],"4":[6,9],"5":[15,7],"6":[6,5,5,2,1],"7":[5,1],"8":[6,1,1],"9":[5,0],"10":[5,0],"11":[2,3],"12":[5,2],"13":[36,26],"14":[36,26]},"_coverageSchema":"1a1c01bbd47fc00a2c39e90264f33305004495a9","hash":"cef7e17403748be4b2cb39ee6ac85fc145ddc8b9"}
,"/Users/lucasrodriguez/Desktop/Ducat/app/app/contexts/PendingTransactionsContext.js": {"path":"/Users/lucasrodriguez/Desktop/Ducat/app/app/contexts/PendingTransactionsContext.js","statementMap":{"0":{"start":{"line":20,"column":35},"end":{"line":20,"column":50}},"1":{"start":{"line":22,"column":38},"end":{"line":28,"column":1}},"2":{"start":{"line":23,"column":18},"end":{"line":23,"column":56}},"3":{"start":{"line":24,"column":2},"end":{"line":26,"column":3}},"4":{"start":{"line":25,"column":4},"end":{"line":25,"column":96}},"5":{"start":{"line":27,"column":2},"end":{"line":27,"column":17}},"6":{"start":{"line":30,"column":43},"end":{"line":223,"column":1}},"7":{"start":{"line":39,"column":6},"end":{"line":39,"column":51}},"8":{"start":{"line":48,"column":32},"end":{"line":66,"column":43}},"9":{"start":{"line":49,"column":18},"end":{"line":56,"column":5}},"10":{"start":{"line":58,"column":20},"end":{"line":61,"column":5}},"11":{"start":{"line":63,"column":4},"end":{"line":63,"column":36}},"12":{"start":{"line":64,"column":4},"end":{"line":64,"column":43}},"13":{"start":{"line":72,"column":29},"end":{"line":97,"column":43}},"14":{"start":{"line":73,"column":20},"end":{"line":73,"column":46}},"15":{"start":{"line":74,"column":4},"end":{"line":74,"column":25}},"16":{"start":{"line":76,"column":4},"end":{"line":76,"column":36}},"17":{"start":{"line":77,"column":4},"end":{"line":77,"column":43}},"18":{"start":{"line":93,"column":25},"end":{"line":93,"column":34}},"19":{"start":{"line":94,"column":4},"end":{"line":94,"column":32}},"20":{"start":{"line":95,"column":4},"end":{"line":95,"column":39}},"21":{"start":{"line":102,"column":32},"end":{"line":118,"column":54}},"22":{"start":{"line":103,"column":37},"end":{"line":103,"column":89}},"23":{"start":{"line":105,"column":4},"end":{"line":105,"column":36}},"24":{"start":{"line":106,"column":4},"end":{"line":106,"column":43}},"25":{"start":{"line":109,"column":4},"end":{"line":115,"column":5}},"26":{"start":{"line":110,"column":20},"end":{"line":110,"column":38}},"27":{"start":{"line":111,"column":22},"end":{"line":113,"column":66}},"28":{"start":{"line":114,"column":6},"end":{"line":114,"column":34}},"29":{"start":{"line":117,"column":4},"end":{"line":117,"column":23}},"30":{"start":{"line":127,"column":30},"end":{"line":130,"column":27}},"31":{"start":{"line":128,"column":25},"end":{"line":128,"column":61}},"32":{"start":{"line":129,"column":4},"end":{"line":129,"column":90}},"33":{"start":{"line":135,"column":32},"end":{"line":138,"column":27}},"34":{"start":{"line":136,"column":18},"end":{"line":136,"column":50}},"35":{"start":{"line":137,"column":4},"end":{"line":137,"column":46}},"36":{"start":{"line":144,"column":26},"end":{"line":148,"column":43}},"37":{"start":{"line":145,"column":20},"end":{"line":145,"column":74}},"38":{"start":{"line":146,"column":4},"end":{"line":146,"column":36}},"39":{"start":{"line":147,"column":4},"end":{"line":147,"column":43}},"40":{"start":{"line":153,"column":37},"end":{"line":160,"column":43}},"41":{"start":{"line":154,"column":33},"end":{"line":154,"column":68}},"42":{"start":{"line":156,"column":4},"end":{"line":159,"column":5}},"43":{"start":{"line":157,"column":6},"end":{"line":157,"column":38}},"44":{"start":{"line":158,"column":6},"end":{"line":158,"column":45}},"45":{"start":{"line":166,"column":27},"end":{"line":170,"column":34}},"46":{"start":{"line":167,"column":20},"end":{"line":167,"column":48}},"47":{"start":{"line":168,"column":4},"end":{"line":168,"column":27}},"48":{"start":{"line":169,"column":4},"end":{"line":169,"column":34}},"49":{"start":{"line":177,"column":29},"end":{"line":181,"column":34}},"50":{"start":{"line":178,"column":20},"end":{"line":178,"column":50}},"51":{"start":{"line":179,"column":4},"end":{"line":179,"column":27}},"52":{"start":{"line":180,"column":4},"end":{"line":180,"column":34}},"53":{"start":{"line":190,"column":22},"end":{"line":193,"column":18}},"54":{"start":{"line":191,"column":16},"end":{"line":191,"column":33}},"55":{"start":{"line":192,"column":4},"end":{"line":192,"column":31}},"56":{"start":{"line":199,"column":24},"end":{"line":201,"column":18}},"57":{"start":{"line":200,"column":4},"end":{"line":200,"column":22}},"58":{"start":{"line":203,"column":16},"end":{"line":216,"column":3}},"59":{"start":{"line":218,"column":2},"end":{"line":222,"column":4}}},"fnMap":{"0":{"name":"(anonymous_0)","decl":{"start":{"line":22,"column":38},"end":{"line":22,"column":39}},"loc":{"start":{"line":22,"column":44},"end":{"line":28,"column":1}},"line":22},"1":{"name":"(anonymous_1)","decl":{"start":{"line":30,"column":43},"end":{"line":30,"column":44}},"loc":{"start":{"line":30,"column":88},"end":{"line":223,"column":1}},"line":30},"2":{"name":"(anonymous_2)","decl":{"start":{"line":48,"column":44},"end":{"line":48,"column":45}},"loc":{"start":{"line":48,"column":99},"end":{"line":66,"column":3}},"line":48},"3":{"name":"(anonymous_3)","decl":{"start":{"line":72,"column":41},"end":{"line":72,"column":42}},"loc":{"start":{"line":72,"column":57},"end":{"line":97,"column":3}},"line":72},"4":{"name":"(anonymous_4)","decl":{"start":{"line":102,"column":44},"end":{"line":102,"column":45}},"loc":{"start":{"line":102,"column":98},"end":{"line":118,"column":3}},"line":102},"5":{"name":"(anonymous_5)","decl":{"start":{"line":127,"column":42},"end":{"line":127,"column":43}},"loc":{"start":{"line":127,"column":93},"end":{"line":130,"column":3}},"line":127},"6":{"name":"(anonymous_6)","decl":{"start":{"line":135,"column":44},"end":{"line":135,"column":45}},"loc":{"start":{"line":135,"column":69},"end":{"line":138,"column":3}},"line":135},"7":{"name":"(anonymous_7)","decl":{"start":{"line":144,"column":38},"end":{"line":144,"column":39}},"loc":{"start":{"line":144,"column":60},"end":{"line":148,"column":3}},"line":144},"8":{"name":"(anonymous_8)","decl":{"start":{"line":153,"column":49},"end":{"line":153,"column":50}},"loc":{"start":{"line":153,"column":61},"end":{"line":160,"column":3}},"line":153},"9":{"name":"(anonymous_9)","decl":{"start":{"line":166,"column":39},"end":{"line":166,"column":40}},"loc":{"start":{"line":166,"column":56},"end":{"line":170,"column":3}},"line":166},"10":{"name":"(anonymous_10)","decl":{"start":{"line":177,"column":41},"end":{"line":177,"column":42}},"loc":{"start":{"line":177,"column":58},"end":{"line":181,"column":3}},"line":177},"11":{"name":"(anonymous_11)","decl":{"start":{"line":190,"column":34},"end":{"line":190,"column":35}},"loc":{"start":{"line":190,"column":50},"end":{"line":193,"column":3}},"line":190},"12":{"name":"(anonymous_12)","decl":{"start":{"line":199,"column":36},"end":{"line":199,"column":37}},"loc":{"start":{"line":199,"column":42},"end":{"line":201,"column":3}},"line":199}},"branchMap":{"0":{"loc":{"start":{"line":24,"column":2},"end":{"line":26,"column":3}},"type":"if","locations":[{"start":{"line":24,"column":2},"end":{"line":26,"column":3}},{"start":{},"end":{}}],"line":24},"1":{"loc":{"start":{"line":48,"column":77},"end":{"line":48,"column":94}},"type":"default-arg","locations":[{"start":{"line":48,"column":90},"end":{"line":48,"column":94}}],"line":48},"2":{"loc":{"start":{"line":102,"column":57},"end":{"line":102,"column":93}},"type":"default-arg","locations":[{"start":{"line":102,"column":66},"end":{"line":102,"column":93}}],"line":102},"3":{"loc":{"start":{"line":109,"column":4},"end":{"line":115,"column":5}},"type":"if","locations":[{"start":{"line":109,"column":4},"end":{"line":115,"column":5}},{"start":{},"end":{}}],"line":109},"4":{"loc":{"start":{"line":111,"column":22},"end":{"line":113,"column":66}},"type":"cond-expr","locations":[{"start":{"line":112,"column":10},"end":{"line":112,"column":57}},{"start":{"line":113,"column":10},"end":{"line":113,"column":66}}],"line":111},"5":{"loc":{"start":{"line":127,"column":43},"end":{"line":127,"column":62}},"type":"default-arg","locations":[{"start":{"line":127,"column":57},"end":{"line":127,"column":62}}],"line":127},"6":{"loc":{"start":{"line":127,"column":64},"end":{"line":127,"column":88}},"type":"default-arg","locations":[{"start":{"line":127,"column":84},"end":{"line":127,"column":88}}],"line":127},"7":{"loc":{"start":{"line":135,"column":45},"end":{"line":135,"column":64}},"type":"default-arg","locations":[{"start":{"line":135,"column":59},"end":{"line":135,"column":64}}],"line":135},"8":{"loc":{"start":{"line":156,"column":4},"end":{"line":159,"column":5}},"type":"if","locations":[{"start":{"line":156,"column":4},"end":{"line":159,"column":5}},{"start":{},"end":{}}],"line":156}},"s":{"0":6,"1":6,"2":57,"3":56,"4":2,"5":54,"6":6,"7":54,"8":54,"9":17,"10":17,"11":17,"12":17,"13":54,"14":1,"15":1,"16":1,"17":1,"18":1,"19":1,"20":1,"21":54,"22":3,"23":3,"24":3,"25":3,"26":3,"27":3,"28":3,"29":3,"30":54,"31":7,"32":7,"33":54,"34":1,"35":1,"36":54,"37":2,"38":2,"39":2,"40":54,"41":1,"42":1,"43":1,"44":1,"45":54,"46":4,"47":4,"48":4,"49":54,"50":0,"51":0,"52":0,"53":54,"54":7,"55":7,"56":54,"57":1,"58":54,"59":54},"f":{"0":57,"1":54,"2":17,"3":1,"4":3,"5":7,"6":1,"7":2,"8":1,"9":4,"10":0,"11":7,"12":1},"b":{"0":[2,54],"1":[15],"2":[0],"3":[3,0],"4":[2,1],"5":[1],"6":[4],"7":[1],"8":[1,0]},"_coverageSchema":"1a1c01bbd47fc00a2c39e90264f33305004495a9","hash":"f4329297d0aebfe2063dd003e96096b834971b24"}
,"/Users/lucasrodriguez/Desktop/Ducat/app/app/contexts/PriceContext.js": {"path":"/Users/lucasrodriguez/Desktop/Ducat/app/app/contexts/PriceContext.js","statementMap":{"0":{"start":{"line":4,"column":21},"end":{"line":4,"column":36}},"1":{"start":{"line":6,"column":24},"end":{"line":12,"column":1}},"2":{"start":{"line":7,"column":18},"end":{"line":7,"column":42}},"3":{"start":{"line":8,"column":2},"end":{"line":10,"column":3}},"4":{"start":{"line":9,"column":4},"end":{"line":9,"column":68}},"5":{"start":{"line":11,"column":2},"end":{"line":11,"column":17}},"6":{"start":{"line":14,"column":29},"end":{"line":53,"column":1}},"7":{"start":{"line":16,"column":34},"end":{"line":16,"column":48}},"8":{"start":{"line":17,"column":48},"end":{"line":17,"column":63}},"9":{"start":{"line":22,"column":24},"end":{"line":32,"column":8}},"10":{"start":{"line":23,"column":4},"end":{"line":31,"column":5}},"11":{"start":{"line":24,"column":6},"end":{"line":24,"column":31}},"12":{"start":{"line":25,"column":20},"end":{"line":25,"column":48}},"13":{"start":{"line":26,"column":6},"end":{"line":26,"column":25}},"14":{"start":{"line":28,"column":6},"end":{"line":28,"column":24}},"15":{"start":{"line":30,"column":6},"end":{"line":30,"column":32}},"16":{"start":{"line":35,"column":2},"end":{"line":41,"column":22}},"17":{"start":{"line":36,"column":4},"end":{"line":36,"column":20}},"18":{"start":{"line":37,"column":21},"end":{"line":39,"column":13}},"19":{"start":{"line":38,"column":6},"end":{"line":38,"column":22}},"20":{"start":{"line":40,"column":4},"end":{"line":40,"column":41}},"21":{"start":{"line":40,"column":17},"end":{"line":40,"column":40}},"22":{"start":{"line":43,"column":16},"end":{"line":50,"column":3}},"23":{"start":{"line":52,"column":2},"end":{"line":52,"column":81}}},"fnMap":{"0":{"name":"(anonymous_0)","decl":{"start":{"line":6,"column":24},"end":{"line":6,"column":25}},"loc":{"start":{"line":6,"column":30},"end":{"line":12,"column":1}},"line":6},"1":{"name":"(anonymous_1)","decl":{"start":{"line":14,"column":29},"end":{"line":14,"column":30}},"loc":{"start":{"line":14,"column":47},"end":{"line":53,"column":1}},"line":14},"2":{"name":"(anonymous_2)","decl":{"start":{"line":22,"column":36},"end":{"line":22,"column":37}},"loc":{"start":{"line":22,"column":48},"end":{"line":32,"column":3}},"line":22},"3":{"name":"(anonymous_3)","decl":{"start":{"line":35,"column":12},"end":{"line":35,"column":13}},"loc":{"start":{"line":35,"column":18},"end":{"line":41,"column":3}},"line":35},"4":{"name":"(anonymous_4)","decl":{"start":{"line":37,"column":33},"end":{"line":37,"column":34}},"loc":{"start":{"line":37,"column":39},"end":{"line":39,"column":5}},"line":37},"5":{"name":"(anonymous_5)","decl":{"start":{"line":40,"column":11},"end":{"line":40,"column":12}},"loc":{"start":{"line":40,"column":17},"end":{"line":40,"column":40}},"line":40}},"branchMap":{"0":{"loc":{"start":{"line":8,"column":2},"end":{"line":10,"column":3}},"type":"if","locations":[{"start":{"line":8,"column":2},"end":{"line":10,"column":3}},{"start":{},"end":{}}],"line":8}},"s":{"0":1,"1":1,"2":25,"3":24,"4":2,"5":22,"6":1,"7":24,"8":24,"9":24,"10":10,"11":10,"12":10,"13":9,"14":1,"15":10,"16":24,"17":7,"18":7,"19":2,"20":7,"21":1,"22":24,"23":24},"f":{"0":25,"1":24,"2":10,"3":7,"4":2,"5":1},"b":{"0":[2,22]},"_coverageSchema":"1a1c01bbd47fc00a2c39e90264f33305004495a9","hash":"9d976be0b97316cd68b11cd5f1165ccbae5bec74"}
,"/Users/lucasrodriguez/Desktop/Ducat/app/app/contexts/SendFlowContext.js": {"path":"/Users/lucasrodriguez/Desktop/Ducat/app/app/contexts/SendFlowContext.js","statementMap":{"0":{"start":{"line":9,"column":24},"end":{"line":9,"column":39}},"1":{"start":{"line":11,"column":27},"end":{"line":17,"column":1}},"2":{"start":{"line":12,"column":18},"end":{"line":12,"column":45}},"3":{"start":{"line":13,"column":2},"end":{"line":15,"column":3}},"4":{"start":{"line":14,"column":4},"end":{"line":14,"column":74}},"5":{"start":{"line":16,"column":2},"end":{"line":16,"column":17}},"6":{"start":{"line":19,"column":32},"end":{"line":67,"column":1}},"7":{"start":{"line":21,"column":38},"end":{"line":21,"column":54}},"8":{"start":{"line":24,"column":44},"end":{"line":24,"column":58}},"9":{"start":{"line":25,"column":38},"end":{"line":25,"column":50}},"10":{"start":{"line":26,"column":44},"end":{"line":26,"column":56}},"11":{"start":{"line":27,"column":48},"end":{"line":27,"column":67}},"12":{"start":{"line":30,"column":2},"end":{"line":44,"column":19}},"13":{"start":{"line":31,"column":4},"end":{"line":43,"column":5}},"14":{"start":{"line":33,"column":6},"end":{"line":33,"column":27}},"15":{"start":{"line":34,"column":6},"end":{"line":34,"column":24}},"16":{"start":{"line":35,"column":6},"end":{"line":35,"column":29}},"17":{"start":{"line":38,"column":20},"end":{"line":40,"column":15}},"18":{"start":{"line":39,"column":8},"end":{"line":39,"column":30}},"19":{"start":{"line":42,"column":6},"end":{"line":42,"column":39}},"20":{"start":{"line":42,"column":19},"end":{"line":42,"column":38}},"21":{"start":{"line":47,"column":16},"end":{"line":64,"column":3}},"22":{"start":{"line":48,"column":11},"end":{"line":62,"column":5}},"23":{"start":{"line":66,"column":2},"end":{"line":66,"column":87}}},"fnMap":{"0":{"name":"(anonymous_0)","decl":{"start":{"line":11,"column":27},"end":{"line":11,"column":28}},"loc":{"start":{"line":11,"column":33},"end":{"line":17,"column":1}},"line":11},"1":{"name":"(anonymous_1)","decl":{"start":{"line":19,"column":32},"end":{"line":19,"column":33}},"loc":{"start":{"line":19,"column":50},"end":{"line":67,"column":1}},"line":19},"2":{"name":"(anonymous_2)","decl":{"start":{"line":30,"column":12},"end":{"line":30,"column":13}},"loc":{"start":{"line":30,"column":18},"end":{"line":44,"column":3}},"line":30},"3":{"name":"(anonymous_3)","decl":{"start":{"line":38,"column":31},"end":{"line":38,"column":32}},"loc":{"start":{"line":38,"column":37},"end":{"line":40,"column":7}},"line":38},"4":{"name":"(anonymous_4)","decl":{"start":{"line":42,"column":13},"end":{"line":42,"column":14}},"loc":{"start":{"line":42,"column":19},"end":{"line":42,"column":38}},"line":42},"5":{"name":"(anonymous_5)","decl":{"start":{"line":48,"column":4},"end":{"line":48,"column":5}},"loc":{"start":{"line":48,"column":11},"end":{"line":62,"column":5}},"line":48}},"branchMap":{"0":{"loc":{"start":{"line":13,"column":2},"end":{"line":15,"column":3}},"type":"if","locations":[{"start":{"line":13,"column":2},"end":{"line":15,"column":3}},{"start":{},"end":{}}],"line":13},"1":{"loc":{"start":{"line":31,"column":4},"end":{"line":43,"column":5}},"type":"if","locations":[{"start":{"line":31,"column":4},"end":{"line":43,"column":5}},{"start":{},"end":{}}],"line":31}},"s":{"0":3,"1":3,"2":28,"3":27,"4":2,"5":25,"6":3,"7":28,"8":28,"9":28,"10":28,"11":28,"12":28,"13":18,"14":4,"15":4,"16":4,"17":4,"18":1,"19":4,"20":3,"21":28,"22":25,"23":28},"f":{"0":28,"1":28,"2":18,"3":1,"4":3,"5":25},"b":{"0":[2,25],"1":[4,14]},"_coverageSchema":"1a1c01bbd47fc00a2c39e90264f33305004495a9","hash":"7ce4cffd565839a36e94cfeefc27202caf72a94b"}
,"/Users/lucasrodriguez/Desktop/Ducat/app/app/contexts/TransactionBuildContext.js": {"path":"/Users/lucasrodriguez/Desktop/Ducat/app/app/contexts/TransactionBuildContext.js","statementMap":{"0":{"start":{"line":16,"column":32},"end":{"line":16,"column":47}},"1":{"start":{"line":18,"column":35},"end":{"line":24,"column":1}},"2":{"start":{"line":19,"column":18},"end":{"line":19,"column":53}},"3":{"start":{"line":20,"column":2},"end":{"line":22,"column":3}},"4":{"start":{"line":21,"column":4},"end":{"line":21,"column":90}},"5":{"start":{"line":23,"column":2},"end":{"line":23,"column":17}},"6":{"start":{"line":26,"column":40},"end":{"line":261,"column":1}},"7":{"start":{"line":28,"column":4},"end":{"line":28,"column":17}},"8":{"start":{"line":29,"column":87},"end":{"line":29,"column":111}},"9":{"start":{"line":30,"column":27},"end":{"line":30,"column":39}},"10":{"start":{"line":33,"column":38},"end":{"line":33,"column":52}},"11":{"start":{"line":36,"column":26},"end":{"line":76,"column":149}},"12":{"start":{"line":37,"column":4},"end":{"line":75,"column":5}},"13":{"start":{"line":39,"column":31},"end":{"line":39,"column":72}},"14":{"start":{"line":40,"column":6},"end":{"line":40,"column":97}},"15":{"start":{"line":41,"column":6},"end":{"line":43,"column":9}},"16":{"start":{"line":42,"column":8},"end":{"line":42,"column":75}},"17":{"start":{"line":46,"column":25},"end":{"line":46,"column":40}},"18":{"start":{"line":48,"column":21},"end":{"line":55,"column":7}},"19":{"start":{"line":59,"column":6},"end":{"line":62,"column":7}},"20":{"start":{"line":60,"column":8},"end":{"line":60,"column":86}},"21":{"start":{"line":61,"column":8},"end":{"line":61,"column":89}},"22":{"start":{"line":61,"column":55},"end":{"line":61,"column":85}},"23":{"start":{"line":64,"column":6},"end":{"line":64,"column":28}},"24":{"start":{"line":65,"column":6},"end":{"line":65,"column":33}},"25":{"start":{"line":68,"column":6},"end":{"line":68,"column":56}},"26":{"start":{"line":70,"column":6},"end":{"line":70,"column":51}},"27":{"start":{"line":72,"column":6},"end":{"line":74,"column":14}},"28":{"start":{"line":73,"column":8},"end":{"line":73,"column":41}},"29":{"start":{"line":79,"column":27},"end":{"line":155,"column":163}},"30":{"start":{"line":80,"column":4},"end":{"line":154,"column":5}},"31":{"start":{"line":81,"column":6},"end":{"line":83,"column":7}},"32":{"start":{"line":82,"column":8},"end":{"line":82,"column":50}},"33":{"start":{"line":86,"column":25},"end":{"line":86,"column":101}},"34":{"start":{"line":87,"column":6},"end":{"line":89,"column":7}},"35":{"start":{"line":88,"column":8},"end":{"line":88,"column":48}},"36":{"start":{"line":92,"column":38},"end":{"line":92,"column":80}},"37":{"start":{"line":93,"column":37},"end":{"line":93,"column":78}},"38":{"start":{"line":95,"column":6},"end":{"line":95,"column":106}},"39":{"start":{"line":96,"column":6},"end":{"line":98,"column":9}},"40":{"start":{"line":97,"column":8},"end":{"line":97,"column":102}},"41":{"start":{"line":99,"column":6},"end":{"line":99,"column":104}},"42":{"start":{"line":100,"column":6},"end":{"line":102,"column":9}},"43":{"start":{"line":101,"column":8},"end":{"line":101,"column":75}},"44":{"start":{"line":105,"column":25},"end":{"line":105,"column":40}},"45":{"start":{"line":107,"column":21},"end":{"line":116,"column":7}},"46":{"start":{"line":120,"column":26},"end":{"line":120,"column":28}},"47":{"start":{"line":123,"column":6},"end":{"line":128,"column":7}},"48":{"start":{"line":124,"column":8},"end":{"line":127,"column":11}},"49":{"start":{"line":131,"column":6},"end":{"line":136,"column":7}},"50":{"start":{"line":132,"column":8},"end":{"line":135,"column":11}},"51":{"start":{"line":138,"column":6},"end":{"line":141,"column":7}},"52":{"start":{"line":139,"column":8},"end":{"line":139,"column":85}},"53":{"start":{"line":140,"column":8},"end":{"line":140,"column":44}},"54":{"start":{"line":143,"column":6},"end":{"line":143,"column":28}},"55":{"start":{"line":144,"column":6},"end":{"line":144,"column":33}},"56":{"start":{"line":147,"column":6},"end":{"line":147,"column":57}},"57":{"start":{"line":149,"column":6},"end":{"line":149,"column":51}},"58":{"start":{"line":151,"column":6},"end":{"line":153,"column":14}},"59":{"start":{"line":152,"column":8},"end":{"line":152,"column":41}},"60":{"start":{"line":158,"column":27},"end":{"line":186,"column":127}},"61":{"start":{"line":159,"column":29},"end":{"line":159,"column":49}},"62":{"start":{"line":160,"column":4},"end":{"line":160,"column":30}},"63":{"start":{"line":163,"column":4},"end":{"line":169,"column":5}},"64":{"start":{"line":164,"column":6},"end":{"line":164,"column":58}},"65":{"start":{"line":165,"column":6},"end":{"line":167,"column":14}},"66":{"start":{"line":166,"column":8},"end":{"line":166,"column":41}},"67":{"start":{"line":168,"column":6},"end":{"line":168,"column":13}},"68":{"start":{"line":172,"column":4},"end":{"line":172,"column":39}},"69":{"start":{"line":176,"column":4},"end":{"line":185,"column":5}},"70":{"start":{"line":177,"column":6},"end":{"line":177,"column":30}},"71":{"start":{"line":178,"column":11},"end":{"line":185,"column":5}},"72":{"start":{"line":179,"column":6},"end":{"line":179,"column":31}},"73":{"start":{"line":181,"column":6},"end":{"line":181,"column":58}},"74":{"start":{"line":182,"column":6},"end":{"line":184,"column":14}},"75":{"start":{"line":183,"column":8},"end":{"line":183,"column":41}},"76":{"start":{"line":189,"column":23},"end":{"line":240,"column":68}},"77":{"start":{"line":190,"column":4},"end":{"line":193,"column":5}},"78":{"start":{"line":192,"column":6},"end":{"line":192,"column":13}},"79":{"start":{"line":195,"column":4},"end":{"line":195,"column":68}},"80":{"start":{"line":199,"column":25},"end":{"line":199,"column":42}},"81":{"start":{"line":201,"column":4},"end":{"line":235,"column":5}},"82":{"start":{"line":202,"column":6},"end":{"line":202,"column":107}},"83":{"start":{"line":205,"column":29},"end":{"line":205,"column":31}},"84":{"start":{"line":208,"column":6},"end":{"line":212,"column":7}},"85":{"start":{"line":209,"column":8},"end":{"line":211,"column":11}},"86":{"start":{"line":210,"column":10},"end":{"line":210,"column":70}},"87":{"start":{"line":215,"column":6},"end":{"line":220,"column":7}},"88":{"start":{"line":216,"column":8},"end":{"line":219,"column":11}},"89":{"start":{"line":223,"column":6},"end":{"line":228,"column":7}},"90":{"start":{"line":224,"column":8},"end":{"line":227,"column":11}},"91":{"start":{"line":231,"column":6},"end":{"line":234,"column":7}},"92":{"start":{"line":232,"column":8},"end":{"line":232,"column":89}},"93":{"start":{"line":233,"column":8},"end":{"line":233,"column":49}},"94":{"start":{"line":238,"column":4},"end":{"line":238,"column":24}},"95":{"start":{"line":239,"column":4},"end":{"line":239,"column":26}},"96":{"start":{"line":243,"column":16},"end":{"line":256,"column":3}},"97":{"start":{"line":244,"column":11},"end":{"line":254,"column":5}},"98":{"start":{"line":258,"column":2},"end":{"line":260,"column":4}}},"fnMap":{"0":{"name":"(anonymous_0)","decl":{"start":{"line":18,"column":35},"end":{"line":18,"column":36}},"loc":{"start":{"line":18,"column":41},"end":{"line":24,"column":1}},"line":18},"1":{"name":"(anonymous_1)","decl":{"start":{"line":26,"column":40},"end":{"line":26,"column":41}},"loc":{"start":{"line":26,"column":93},"end":{"line":261,"column":1}},"line":26},"2":{"name":"(anonymous_2)","decl":{"start":{"line":36,"column":38},"end":{"line":36,"column":39}},"loc":{"start":{"line":36,"column":50},"end":{"line":76,"column":3}},"line":36},"3":{"name":"(anonymous_3)","decl":{"start":{"line":41,"column":31},"end":{"line":41,"column":32}},"loc":{"start":{"line":41,"column":39},"end":{"line":43,"column":7}},"line":41},"4":{"name":"(anonymous_4)","decl":{"start":{"line":61,"column":49},"end":{"line":61,"column":50}},"loc":{"start":{"line":61,"column":55},"end":{"line":61,"column":85}},"line":61},"5":{"name":"(anonymous_5)","decl":{"start":{"line":72,"column":17},"end":{"line":72,"column":18}},"loc":{"start":{"line":72,"column":23},"end":{"line":74,"column":7}},"line":72},"6":{"name":"(anonymous_6)","decl":{"start":{"line":79,"column":39},"end":{"line":79,"column":40}},"loc":{"start":{"line":79,"column":51},"end":{"line":155,"column":3}},"line":79},"7":{"name":"(anonymous_7)","decl":{"start":{"line":96,"column":38},"end":{"line":96,"column":39}},"loc":{"start":{"line":96,"column":46},"end":{"line":98,"column":7}},"line":96},"8":{"name":"(anonymous_8)","decl":{"start":{"line":100,"column":37},"end":{"line":100,"column":38}},"loc":{"start":{"line":100,"column":45},"end":{"line":102,"column":7}},"line":100},"9":{"name":"(anonymous_9)","decl":{"start":{"line":151,"column":17},"end":{"line":151,"column":18}},"loc":{"start":{"line":151,"column":23},"end":{"line":153,"column":7}},"line":151},"10":{"name":"(anonymous_10)","decl":{"start":{"line":158,"column":39},"end":{"line":158,"column":40}},"loc":{"start":{"line":158,"column":51},"end":{"line":186,"column":3}},"line":158},"11":{"name":"(anonymous_11)","decl":{"start":{"line":165,"column":17},"end":{"line":165,"column":18}},"loc":{"start":{"line":165,"column":23},"end":{"line":167,"column":7}},"line":165},"12":{"name":"(anonymous_12)","decl":{"start":{"line":182,"column":17},"end":{"line":182,"column":18}},"loc":{"start":{"line":182,"column":23},"end":{"line":184,"column":7}},"line":182},"13":{"name":"(anonymous_13)","decl":{"start":{"line":189,"column":35},"end":{"line":189,"column":36}},"loc":{"start":{"line":189,"column":47},"end":{"line":240,"column":3}},"line":189},"14":{"name":"(anonymous_14)","decl":{"start":{"line":209,"column":34},"end":{"line":209,"column":35}},"loc":{"start":{"line":209,"column":43},"end":{"line":211,"column":9}},"line":209},"15":{"name":"(anonymous_15)","decl":{"start":{"line":244,"column":4},"end":{"line":244,"column":5}},"loc":{"start":{"line":244,"column":11},"end":{"line":254,"column":5}},"line":244}},"branchMap":{"0":{"loc":{"start":{"line":20,"column":2},"end":{"line":22,"column":3}},"type":"if","locations":[{"start":{"line":20,"column":2},"end":{"line":22,"column":3}},{"start":{},"end":{}}],"line":20},"1":{"loc":{"start":{"line":59,"column":6},"end":{"line":62,"column":7}},"type":"if","locations":[{"start":{"line":59,"column":6},"end":{"line":62,"column":7}},{"start":{},"end":{}}],"line":59},"2":{"loc":{"start":{"line":59,"column":10},"end":{"line":59,"column":51}},"type":"binary-expr","locations":[{"start":{"line":59,"column":10},"end":{"line":59,"column":23}},{"start":{"line":59,"column":27},"end":{"line":59,"column":51}}],"line":59},"3":{"loc":{"start":{"line":81,"column":6},"end":{"line":83,"column":7}},"type":"if","locations":[{"start":{"line":81,"column":6},"end":{"line":83,"column":7}},{"start":{},"end":{}}],"line":81},"4":{"loc":{"start":{"line":81,"column":10},"end":{"line":81,"column":68}},"type":"binary-expr","locations":[{"start":{"line":81,"column":10},"end":{"line":81,"column":17}},{"start":{"line":81,"column":21},"end":{"line":81,"column":43}},{"start":{"line":81,"column":47},"end":{"line":81,"column":68}}],"line":81},"5":{"loc":{"start":{"line":86,"column":25},"end":{"line":86,"column":101}},"type":"cond-expr","locations":[{"start":{"line":86,"column":67},"end":{"line":86,"column":97}},{"start":{"line":86,"column":100},"end":{"line":86,"column":101}}],"line":86},"6":{"loc":{"start":{"line":86,"column":25},"end":{"line":86,"column":64}},"type":"binary-expr","locations":[{"start":{"line":86,"column":25},"end":{"line":86,"column":37}},{"start":{"line":86,"column":41},"end":{"line":86,"column":64}}],"line":86},"7":{"loc":{"start":{"line":87,"column":6},"end":{"line":89,"column":7}},"type":"if","locations":[{"start":{"line":87,"column":6},"end":{"line":89,"column":7}},{"start":{},"end":{}}],"line":87},"8":{"loc":{"start":{"line":123,"column":6},"end":{"line":128,"column":7}},"type":"if","locations":[{"start":{"line":123,"column":6},"end":{"line":128,"column":7}},{"start":{},"end":{}}],"line":123},"9":{"loc":{"start":{"line":131,"column":6},"end":{"line":136,"column":7}},"type":"if","locations":[{"start":{"line":131,"column":6},"end":{"line":136,"column":7}},{"start":{},"end":{}}],"line":131},"10":{"loc":{"start":{"line":138,"column":6},"end":{"line":141,"column":7}},"type":"if","locations":[{"start":{"line":138,"column":6},"end":{"line":141,"column":7}},{"start":{},"end":{}}],"line":138},"11":{"loc":{"start":{"line":163,"column":4},"end":{"line":169,"column":5}},"type":"if","locations":[{"start":{"line":163,"column":4},"end":{"line":169,"column":5}},{"start":{},"end":{}}],"line":163},"12":{"loc":{"start":{"line":163,"column":8},"end":{"line":163,"column":40}},"type":"binary-expr","locations":[{"start":{"line":163,"column":8},"end":{"line":163,"column":25}},{"start":{"line":163,"column":29},"end":{"line":163,"column":40}}],"line":163},"13":{"loc":{"start":{"line":176,"column":4},"end":{"line":185,"column":5}},"type":"if","locations":[{"start":{"line":176,"column":4},"end":{"line":185,"column":5}},{"start":{"line":178,"column":11},"end":{"line":185,"column":5}}],"line":176},"14":{"loc":{"start":{"line":178,"column":11},"end":{"line":185,"column":5}},"type":"if","locations":[{"start":{"line":178,"column":11},"end":{"line":185,"column":5}},{"start":{"line":180,"column":11},"end":{"line":185,"column":5}}],"line":178},"15":{"loc":{"start":{"line":190,"column":4},"end":{"line":193,"column":5}},"type":"if","locations":[{"start":{"line":190,"column":4},"end":{"line":193,"column":5}},{"start":{},"end":{}}],"line":190},"16":{"loc":{"start":{"line":201,"column":4},"end":{"line":235,"column":5}},"type":"if","locations":[{"start":{"line":201,"column":4},"end":{"line":235,"column":5}},{"start":{"line":203,"column":11},"end":{"line":235,"column":5}}],"line":201},"17":{"loc":{"start":{"line":208,"column":6},"end":{"line":212,"column":7}},"type":"if","locations":[{"start":{"line":208,"column":6},"end":{"line":212,"column":7}},{"start":{},"end":{}}],"line":208},"18":{"loc":{"start":{"line":208,"column":10},"end":{"line":208,"column":63}},"type":"binary-expr","locations":[{"start":{"line":208,"column":10},"end":{"line":208,"column":27}},{"start":{"line":208,"column":31},"end":{"line":208,"column":63}}],"line":208},"19":{"loc":{"start":{"line":215,"column":6},"end":{"line":220,"column":7}},"type":"if","locations":[{"start":{"line":215,"column":6},"end":{"line":220,"column":7}},{"start":{},"end":{}}],"line":215},"20":{"loc":{"start":{"line":223,"column":6},"end":{"line":228,"column":7}},"type":"if","locations":[{"start":{"line":223,"column":6},"end":{"line":228,"column":7}},{"start":{},"end":{}}],"line":223},"21":{"loc":{"start":{"line":231,"column":6},"end":{"line":234,"column":7}},"type":"if","locations":[{"start":{"line":231,"column":6},"end":{"line":234,"column":7}},{"start":{},"end":{}}],"line":231}},"s":{"0":2,"1":2,"2":3,"3":2,"4":2,"5":0,"6":2,"7":20,"8":20,"9":20,"10":0,"11":0,"12":0,"13":0,"14":0,"15":0,"16":0,"17":0,"18":0,"19":0,"20":0,"21":0,"22":0,"23":0,"24":0,"25":0,"26":0,"27":0,"28":0,"29":0,"30":0,"31":0,"32":0,"33":0,"34":0,"35":0,"36":0,"37":0,"38":0,"39":0,"40":0,"41":0,"42":0,"43":0,"44":0,"45":0,"46":0,"47":0,"48":0,"49":0,"50":0,"51":0,"52":0,"53":0,"54":0,"55":0,"56":0,"57":0,"58":0,"59":0,"60":0,"61":0,"62":0,"63":0,"64":0,"65":0,"66":0,"67":0,"68":0,"69":0,"70":0,"71":0,"72":0,"73":0,"74":0,"75":0,"76":0,"77":0,"78":0,"79":0,"80":0,"81":0,"82":0,"83":0,"84":0,"85":0,"86":0,"87":0,"88":0,"89":0,"90":0,"91":0,"92":0,"93":0,"94":0,"95":0,"96":0,"97":0,"98":0},"f":{"0":3,"1":20,"2":0,"3":0,"4":0,"5":0,"6":0,"7":0,"8":0,"9":0,"10":0,"11":0,"12":0,"13":0,"14":0,"15":0},"b":{"0":[2,0],"1":[0,0],"2":[0,0],"3":[0,0],"4":[0,0,0],"5":[0,0],"6":[0,0],"7":[0,0],"8":[0,0],"9":[0,0],"10":[0,0],"11":[0,0],"12":[0,0],"13":[0,0],"14":[0,0],"15":[0,0],"16":[0,0],"17":[0,0],"18":[0,0],"19":[0,0],"20":[0,0],"21":[0,0]},"_coverageSchema":"1a1c01bbd47fc00a2c39e90264f33305004495a9","hash":"73d7d605291d098592f0f7da0c7302738d330a6b"}
,"/Users/lucasrodriguez/Desktop/Ducat/app/app/contexts/TransactionExecutionContext.js": {"path":"/Users/lucasrodriguez/Desktop/Ducat/app/app/contexts/TransactionExecutionContext.js","statementMap":{"0":{"start":{"line":20,"column":36},"end":{"line":20,"column":51}},"1":{"start":{"line":22,"column":39},"end":{"line":28,"column":1}},"2":{"start":{"line":23,"column":18},"end":{"line":23,"column":57}},"3":{"start":{"line":24,"column":2},"end":{"line":26,"column":3}},"4":{"start":{"line":25,"column":4},"end":{"line":25,"column":98}},"5":{"start":{"line":27,"column":2},"end":{"line":27,"column":17}},"6":{"start":{"line":30,"column":44},"end":{"line":293,"column":1}},"7":{"start":{"line":40,"column":55},"end":{"line":40,"column":68}},"8":{"start":{"line":41,"column":40},"end":{"line":41,"column":61}},"9":{"start":{"line":42,"column":21},"end":{"line":42,"column":32}},"10":{"start":{"line":43,"column":135},"end":{"line":43,"column":159}},"11":{"start":{"line":46,"column":48},"end":{"line":46,"column":62}},"12":{"start":{"line":47,"column":46},"end":{"line":47,"column":61}},"13":{"start":{"line":50,"column":2},"end":{"line":54,"column":24}},"14":{"start":{"line":51,"column":4},"end":{"line":53,"column":5}},"15":{"start":{"line":52,"column":6},"end":{"line":52,"column":31}},"16":{"start":{"line":57,"column":26},"end":{"line":234,"column":325}},"17":{"start":{"line":58,"column":4},"end":{"line":233,"column":5}},"18":{"start":{"line":59,"column":6},"end":{"line":62,"column":7}},"19":{"start":{"line":60,"column":8},"end":{"line":60,"column":57}},"20":{"start":{"line":61,"column":8},"end":{"line":61,"column":15}},"21":{"start":{"line":64,"column":6},"end":{"line":64,"column":53}},"22":{"start":{"line":65,"column":6},"end":{"line":65,"column":95}},"23":{"start":{"line":65,"column":61},"end":{"line":65,"column":82}},"24":{"start":{"line":66,"column":6},"end":{"line":66,"column":112}},"25":{"start":{"line":66,"column":27},"end":{"line":66,"column":112}},"26":{"start":{"line":67,"column":6},"end":{"line":67,"column":101}},"27":{"start":{"line":67,"column":26},"end":{"line":67,"column":101}},"28":{"start":{"line":69,"column":19},"end":{"line":69,"column":65}},"29":{"start":{"line":70,"column":6},"end":{"line":70,"column":58}},"30":{"start":{"line":75,"column":6},"end":{"line":172,"column":7}},"31":{"start":{"line":76,"column":19},"end":{"line":76,"column":66}},"32":{"start":{"line":77,"column":24},"end":{"line":77,"column":26}},"33":{"start":{"line":79,"column":8},"end":{"line":79,"column":73}},"34":{"start":{"line":80,"column":8},"end":{"line":80,"column":61}},"35":{"start":{"line":83,"column":28},"end":{"line":83,"column":30}},"36":{"start":{"line":84,"column":25},"end":{"line":84,"column":29}},"37":{"start":{"line":86,"column":8},"end":{"line":105,"column":9}},"38":{"start":{"line":87,"column":28},"end":{"line":87,"column":77}},"39":{"start":{"line":88,"column":28},"end":{"line":88,"column":39}},"40":{"start":{"line":90,"column":10},"end":{"line":90,"column":64}},"41":{"start":{"line":93,"column":10},"end":{"line":93,"column":65}},"42":{"start":{"line":96,"column":10},"end":{"line":104,"column":11}},"43":{"start":{"line":97,"column":12},"end":{"line":99,"column":13}},"44":{"start":{"line":98,"column":14},"end":{"line":98,"column":37}},"45":{"start":{"line":101,"column":12},"end":{"line":101,"column":84}},"46":{"start":{"line":103,"column":12},"end":{"line":103,"column":56}},"47":{"start":{"line":110,"column":8},"end":{"line":113,"column":9}},"48":{"start":{"line":111,"column":10},"end":{"line":111,"column":97}},"49":{"start":{"line":112,"column":10},"end":{"line":112,"column":46}},"50":{"start":{"line":116,"column":31},"end":{"line":116,"column":32}},"51":{"start":{"line":117,"column":8},"end":{"line":120,"column":9}},"52":{"start":{"line":118,"column":10},"end":{"line":118,"column":72}},"53":{"start":{"line":119,"column":10},"end":{"line":119,"column":64}},"54":{"start":{"line":123,"column":8},"end":{"line":156,"column":11}},"55":{"start":{"line":124,"column":10},"end":{"line":155,"column":11}},"56":{"start":{"line":125,"column":28},"end":{"line":125,"column":94}},"57":{"start":{"line":126,"column":26},"end":{"line":126,"column":46}},"58":{"start":{"line":128,"column":12},"end":{"line":128,"column":71}},"59":{"start":{"line":132,"column":14},"end":{"line":133,"column":48}},"60":{"start":{"line":135,"column":12},"end":{"line":135,"column":122}},"61":{"start":{"line":137,"column":12},"end":{"line":151,"column":13}},"62":{"start":{"line":138,"column":33},"end":{"line":142,"column":15}},"63":{"start":{"line":145,"column":14},"end":{"line":147,"column":15}},"64":{"start":{"line":146,"column":16},"end":{"line":146,"column":57}},"65":{"start":{"line":149,"column":14},"end":{"line":149,"column":66}},"66":{"start":{"line":150,"column":14},"end":{"line":150,"column":39}},"67":{"start":{"line":153,"column":12},"end":{"line":153,"column":70}},"68":{"start":{"line":158,"column":8},"end":{"line":158,"column":68}},"69":{"start":{"line":161,"column":8},"end":{"line":167,"column":9}},"70":{"start":{"line":162,"column":28},"end":{"line":162,"column":69}},"71":{"start":{"line":163,"column":10},"end":{"line":163,"column":98}},"72":{"start":{"line":164,"column":10},"end":{"line":164,"column":76}},"73":{"start":{"line":166,"column":10},"end":{"line":166,"column":61}},"74":{"start":{"line":169,"column":8},"end":{"line":169,"column":66}},"75":{"start":{"line":170,"column":8},"end":{"line":170,"column":67}},"76":{"start":{"line":176,"column":6},"end":{"line":176,"column":31}},"77":{"start":{"line":177,"column":6},"end":{"line":177,"column":31}},"78":{"start":{"line":178,"column":6},"end":{"line":178,"column":31}},"79":{"start":{"line":185,"column":6},"end":{"line":185,"column":26}},"80":{"start":{"line":188,"column":24},"end":{"line":188,"column":65}},"81":{"start":{"line":189,"column":6},"end":{"line":189,"column":97}},"82":{"start":{"line":192,"column":6},"end":{"line":194,"column":7}},"83":{"start":{"line":193,"column":8},"end":{"line":193,"column":34}},"84":{"start":{"line":197,"column":6},"end":{"line":222,"column":8}},"85":{"start":{"line":200,"column":10},"end":{"line":207,"column":11}},"86":{"start":{"line":201,"column":12},"end":{"line":203,"column":13}},"87":{"start":{"line":202,"column":14},"end":{"line":202,"column":92}},"88":{"start":{"line":204,"column":12},"end":{"line":204,"column":65}},"89":{"start":{"line":206,"column":12},"end":{"line":206,"column":37}},"90":{"start":{"line":208,"column":10},"end":{"line":208,"column":37}},"91":{"start":{"line":209,"column":10},"end":{"line":209,"column":25}},"92":{"start":{"line":210,"column":10},"end":{"line":212,"column":11}},"93":{"start":{"line":211,"column":12},"end":{"line":211,"column":38}},"94":{"start":{"line":216,"column":10},"end":{"line":216,"column":37}},"95":{"start":{"line":217,"column":10},"end":{"line":217,"column":25}},"96":{"start":{"line":218,"column":10},"end":{"line":220,"column":11}},"97":{"start":{"line":219,"column":12},"end":{"line":219,"column":38}},"98":{"start":{"line":224,"column":6},"end":{"line":224,"column":50}},"99":{"start":{"line":225,"column":6},"end":{"line":225,"column":63}},"100":{"start":{"line":226,"column":6},"end":{"line":226,"column":52}},"101":{"start":{"line":227,"column":6},"end":{"line":227,"column":33}},"102":{"start":{"line":230,"column":6},"end":{"line":232,"column":7}},"103":{"start":{"line":231,"column":8},"end":{"line":231,"column":81}},"104":{"start":{"line":237,"column":21},"end":{"line":268,"column":92}},"105":{"start":{"line":238,"column":4},"end":{"line":267,"column":5}},"106":{"start":{"line":239,"column":6},"end":{"line":239,"column":31}},"107":{"start":{"line":241,"column":6},"end":{"line":245,"column":7}},"108":{"start":{"line":242,"column":8},"end":{"line":242,"column":57}},"109":{"start":{"line":243,"column":8},"end":{"line":243,"column":30}},"110":{"start":{"line":244,"column":8},"end":{"line":244,"column":21}},"111":{"start":{"line":247,"column":36},"end":{"line":247,"column":87}},"112":{"start":{"line":250,"column":27},"end":{"line":254,"column":7}},"113":{"start":{"line":256,"column":6},"end":{"line":256,"column":34}},"114":{"start":{"line":257,"column":6},"end":{"line":257,"column":36}},"115":{"start":{"line":260,"column":6},"end":{"line":260,"column":42}},"116":{"start":{"line":261,"column":6},"end":{"line":261,"column":18}},"117":{"start":{"line":263,"column":6},"end":{"line":263,"column":57}},"118":{"start":{"line":264,"column":6},"end":{"line":264,"column":52}},"119":{"start":{"line":265,"column":6},"end":{"line":265,"column":33}},"120":{"start":{"line":266,"column":6},"end":{"line":266,"column":19}},"121":{"start":{"line":271,"column":16},"end":{"line":286,"column":3}},"122":{"start":{"line":272,"column":11},"end":{"line":284,"column":5}},"123":{"start":{"line":288,"column":2},"end":{"line":292,"column":4}}},"fnMap":{"0":{"name":"(anonymous_0)","decl":{"start":{"line":22,"column":39},"end":{"line":22,"column":40}},"loc":{"start":{"line":22,"column":45},"end":{"line":28,"column":1}},"line":22},"1":{"name":"(anonymous_1)","decl":{"start":{"line":30,"column":44},"end":{"line":30,"column":45}},"loc":{"start":{"line":39,"column":6},"end":{"line":293,"column":1}},"line":39},"2":{"name":"(anonymous_2)","decl":{"start":{"line":50,"column":12},"end":{"line":50,"column":13}},"loc":{"start":{"line":50,"column":18},"end":{"line":54,"column":3}},"line":50},"3":{"name":"(anonymous_3)","decl":{"start":{"line":57,"column":38},"end":{"line":57,"column":39}},"loc":{"start":{"line":57,"column":69},"end":{"line":234,"column":3}},"line":57},"4":{"name":"(anonymous_4)","decl":{"start":{"line":65,"column":56},"end":{"line":65,"column":57}},"loc":{"start":{"line":65,"column":61},"end":{"line":65,"column":82}},"line":65},"5":{"name":"(anonymous_5)","decl":{"start":{"line":123,"column":24},"end":{"line":123,"column":25}},"loc":{"start":{"line":123,"column":42},"end":{"line":156,"column":9}},"line":123},"6":{"name":"(anonymous_6)","decl":{"start":{"line":199,"column":8},"end":{"line":199,"column":9}},"loc":{"start":{"line":199,"column":25},"end":{"line":213,"column":9}},"line":199},"7":{"name":"(anonymous_7)","decl":{"start":{"line":214,"column":8},"end":{"line":214,"column":9}},"loc":{"start":{"line":214,"column":20},"end":{"line":221,"column":9}},"line":214},"8":{"name":"(anonymous_8)","decl":{"start":{"line":237,"column":33},"end":{"line":237,"column":34}},"loc":{"start":{"line":237,"column":45},"end":{"line":268,"column":3}},"line":237},"9":{"name":"(anonymous_9)","decl":{"start":{"line":272,"column":4},"end":{"line":272,"column":5}},"loc":{"start":{"line":272,"column":11},"end":{"line":284,"column":5}},"line":272}},"branchMap":{"0":{"loc":{"start":{"line":24,"column":2},"end":{"line":26,"column":3}},"type":"if","locations":[{"start":{"line":24,"column":2},"end":{"line":26,"column":3}},{"start":{},"end":{}}],"line":24},"1":{"loc":{"start":{"line":51,"column":4},"end":{"line":53,"column":5}},"type":"if","locations":[{"start":{"line":51,"column":4},"end":{"line":53,"column":5}},{"start":{},"end":{}}],"line":51},"2":{"loc":{"start":{"line":57,"column":45},"end":{"line":57,"column":64}},"type":"default-arg","locations":[{"start":{"line":57,"column":54},"end":{"line":57,"column":64}}],"line":57},"3":{"loc":{"start":{"line":59,"column":6},"end":{"line":62,"column":7}},"type":"if","locations":[{"start":{"line":59,"column":6},"end":{"line":62,"column":7}},{"start":{},"end":{}}],"line":59},"4":{"loc":{"start":{"line":59,"column":10},"end":{"line":59,"column":40}},"type":"binary-expr","locations":[{"start":{"line":59,"column":10},"end":{"line":59,"column":17}},{"start":{"line":59,"column":21},"end":{"line":59,"column":40}}],"line":59},"5":{"loc":{"start":{"line":65,"column":37},"end":{"line":65,"column":93}},"type":"binary-expr","locations":[{"start":{"line":65,"column":37},"end":{"line":65,"column":83}},{"start":{"line":65,"column":87},"end":{"line":65,"column":93}}],"line":65},"6":{"loc":{"start":{"line":66,"column":6},"end":{"line":66,"column":112}},"type":"if","locations":[{"start":{"line":66,"column":6},"end":{"line":66,"column":112}},{"start":{},"end":{}}],"line":66},"7":{"loc":{"start":{"line":67,"column":6},"end":{"line":67,"column":101}},"type":"if","locations":[{"start":{"line":67,"column":6},"end":{"line":67,"column":101}},{"start":{},"end":{}}],"line":67},"8":{"loc":{"start":{"line":96,"column":10},"end":{"line":104,"column":11}},"type":"if","locations":[{"start":{"line":96,"column":10},"end":{"line":104,"column":11}},{"start":{},"end":{}}],"line":96},"9":{"loc":{"start":{"line":96,"column":14},"end":{"line":96,"column":99}},"type":"binary-expr","locations":[{"start":{"line":96,"column":14},"end":{"line":96,"column":44}},{"start":{"line":96,"column":48},"end":{"line":96,"column":99}}],"line":96},"10":{"loc":{"start":{"line":97,"column":12},"end":{"line":99,"column":13}},"type":"if","locations":[{"start":{"line":97,"column":12},"end":{"line":99,"column":13}},{"start":{},"end":{}}],"line":97},"11":{"loc":{"start":{"line":110,"column":8},"end":{"line":113,"column":9}},"type":"if","locations":[{"start":{"line":110,"column":8},"end":{"line":113,"column":9}},{"start":{},"end":{}}],"line":110},"12":{"loc":{"start":{"line":117,"column":8},"end":{"line":120,"column":9}},"type":"if","locations":[{"start":{"line":117,"column":8},"end":{"line":120,"column":9}},{"start":{},"end":{}}],"line":117},"13":{"loc":{"start":{"line":117,"column":12},"end":{"line":117,"column":72}},"type":"binary-expr","locations":[{"start":{"line":117,"column":12},"end":{"line":117,"column":36}},{"start":{"line":117,"column":40},"end":{"line":117,"column":55}},{"start":{"line":117,"column":59},"end":{"line":117,"column":72}}],"line":117},"14":{"loc":{"start":{"line":132,"column":14},"end":{"line":133,"column":48}},"type":"binary-expr","locations":[{"start":{"line":132,"column":14},"end":{"line":132,"column":47}},{"start":{"line":133,"column":14},"end":{"line":133,"column":48}}],"line":132},"15":{"loc":{"start":{"line":137,"column":12},"end":{"line":151,"column":13}},"type":"if","locations":[{"start":{"line":137,"column":12},"end":{"line":151,"column":13}},{"start":{},"end":{}}],"line":137},"16":{"loc":{"start":{"line":145,"column":14},"end":{"line":147,"column":15}},"type":"if","locations":[{"start":{"line":145,"column":14},"end":{"line":147,"column":15}},{"start":{},"end":{}}],"line":145},"17":{"loc":{"start":{"line":145,"column":18},"end":{"line":145,"column":80}},"type":"binary-expr","locations":[{"start":{"line":145,"column":18},"end":{"line":145,"column":42}},{"start":{"line":145,"column":46},"end":{"line":145,"column":56}},{"start":{"line":145,"column":60},"end":{"line":145,"column":80}}],"line":145},"18":{"loc":{"start":{"line":161,"column":8},"end":{"line":167,"column":9}},"type":"if","locations":[{"start":{"line":161,"column":8},"end":{"line":167,"column":9}},{"start":{"line":165,"column":15},"end":{"line":167,"column":9}}],"line":161},"19":{"loc":{"start":{"line":162,"column":28},"end":{"line":162,"column":69}},"type":"cond-expr","locations":[{"start":{"line":162,"column":55},"end":{"line":162,"column":61}},{"start":{"line":162,"column":64},"end":{"line":162,"column":69}}],"line":162},"20":{"loc":{"start":{"line":188,"column":24},"end":{"line":188,"column":65}},"type":"cond-expr","locations":[{"start":{"line":188,"column":51},"end":{"line":188,"column":57}},{"start":{"line":188,"column":60},"end":{"line":188,"column":65}}],"line":188},"21":{"loc":{"start":{"line":192,"column":6},"end":{"line":194,"column":7}},"type":"if","locations":[{"start":{"line":192,
[...]
{"line":81,"column":2},"end":{"line":81,"column":31}},"25":{"start":{"line":92,"column":2},"end":{"line":94,"column":3}},"26":{"start":{"line":93,"column":4},"end":{"line":93,"column":19}},"27":{"start":{"line":96,"column":21},"end":{"line":96,"column":32}},"28":{"start":{"line":97,"column":15},"end":{"line":97,"column":52}},"29":{"start":{"line":99,"column":2},"end":{"line":99,"column":51}},"30":{"start":{"line":109,"column":2},"end":{"line":111,"column":3}},"31":{"start":{"line":110,"column":4},"end":{"line":110,"column":13}},"32":{"start":{"line":114,"column":21},"end":{"line":117,"column":11}},"33":{"start":{"line":119,"column":17},"end":{"line":119,"column":39}},"34":{"start":{"line":121,"column":2},"end":{"line":121,"column":36}}},"fnMap":{"0":{"name":"formatFiat","decl":{"start":{"line":13,"column":16},"end":{"line":13,"column":26}},"loc":{"start":{"line":13,"column":67},"end":{"line":32,"column":1}},"line":13},"1":{"name":"formatSatoshis","decl":{"start":{"line":39,"column":16},"end":{"line":39,"column":30}},"loc":{"start":{"line":39,"column":41},"end":{"line":49,"column":1}},"line":39},"2":{"name":"formatAbbreviated","decl":{"start":{"line":57,"column":16},"end":{"line":57,"column":33}},"loc":{"start":{"line":57,"column":53},"end":{"line":82,"column":1}},"line":57},"3":{"name":"formatPercentage","decl":{"start":{"line":91,"column":16},"end":{"line":91,"column":32}},"loc":{"start":{"line":91,"column":71},"end":{"line":100,"column":1}},"line":91},"4":{"name":"parseFormattedAmount","decl":{"start":{"line":108,"column":16},"end":{"line":108,"column":36}},"loc":{"start":{"line":108,"column":54},"end":{"line":122,"column":1}},"line":108}},"branchMap":{"0":{"loc":{"start":{"line":13,"column":35},"end":{"line":13,"column":47}},"type":"default-arg","locations":[{"start":{"line":13,"column":46},"end":{"line":13,"column":47}}],"line":13},"1":{"loc":{"start":{"line":13,"column":49},"end":{"line":13,"column":65}},"type":"default-arg","locations":[{"start":{"line":13,"column":60},"end":{"line":13,"column":65}}],"line":13},"2":{"loc":{"start":{"line":14,"column":2},"end":{"line":16,"column":3}},"type":"if","locations":[{"start":{"line":14,"column":2},"end":{"line":16,"column":3}},{"start":{},"end":{}}],"line":14},"3":{"loc":{"start":{"line":14,"column":6},"end":{"line":14,"column":45}},"type":"binary-expr","locations":[{"start":{"line":14,"column":6},"end":{"line":14,"column":21}},{"start":{"line":14,"column":25},"end":{"line":14,"column":45}}],"line":14},"4":{"loc":{"start":{"line":18,"column":2},"end":{"line":20,"column":3}},"type":"if","locations":[{"start":{"line":18,"column":2},"end":{"line":20,"column":3}},{"start":{},"end":{}}],"line":18},"5":{"loc":{"start":{"line":18,"column":6},"end":{"line":18,"column":49}},"type":"binary-expr","locations":[{"start":{"line":18,"column":6},"end":{"line":18,"column":32}},{"start":{"line":18,"column":36},"end":{"line":18,"column":49}}],"line":18},"6":{"loc":{"start":{"line":23,"column":2},"end":{"line":28,"column":3}},"type":"if","locations":[{"start":{"line":23,"column":2},"end":{"line":28,"column":3}},{"start":{},"end":{}}],"line":23},"7":{"loc":{"start":{"line":40,"column":2},"end":{"line":42,"column":3}},"type":"if","locations":[{"start":{"line":40,"column":2},"end":{"line":42,"column":3}},{"start":{},"end":{}}],"line":40},"8":{"loc":{"start":{"line":40,"column":6},"end":{"line":40,"column":49}},"type":"binary-expr","locations":[{"start":{"line":40,"column":6},"end":{"line":40,"column":23}},{"start":{"line":40,"column":27},"end":{"line":40,"column":49}}],"line":40},"9":{"loc":{"start":{"line":44,"column":2},"end":{"line":46,"column":3}},"type":"if","locations":[{"start":{"line":44,"column":2},"end":{"line":46,"column":3}},{"start":{},"end":{}}],"line":44},"10":{"loc":{"start":{"line":44,"column":6},"end":{"line":44,"column":53}},"type":"binary-expr","locations":[{"start":{"line":44,"column":6},"end":{"line":44,"column":34}},{"start":{"line":44,"column":38},"end":{"line":44,"column":53}}],"line":44},"11":{"loc":{"start":{"line":57,"column":39},"end":{"line":57,"column":51}},"type":"default-arg","locations":[{"start":{"line":57,"column":50},"end":{"line":57,"column":51}}],"line":57},"12":{"loc":{"start":{"line":58,"column":2},"end":{"line":60,"column":3}},"type":"if","locations":[{"start":{"line":58,"column":2},"end":{"line":60,"column":3}},{"start":{},"end":{}}],"line":58},"13":{"loc":{"start":{"line":58,"column":6},"end":{"line":58,"column":52}},"type":"binary-expr","locations":[{"start":{"line":58,"column":6},"end":{"line":58,"column":18}},{"start":{"line":58,"column":22},"end":{"line":58,"column":39}},{"start":{"line":58,"column":43},"end":{"line":58,"column":52}}],"line":58},"14":{"loc":{"start":{"line":62,"column":2},"end":{"line":64,"column":3}},"type":"if","locations":[{"start":{"line":62,"column":2},"end":{"line":64,"column":3}},{"start":{},"end":{}}],"line":62},"15":{"loc":{"start":{"line":62,"column":6},"end":{"line":62,"column":43}},"type":"binary-expr","locations":[{"start":{"line":62,"column":6},"end":{"line":62,"column":29}},{"start":{"line":62,"column":33},"end":{"line":62,"column":43}}],"line":62},"16":{"loc":{"start":{"line":67,"column":15},"end":{"line":67,"column":33}},"type":"cond-expr","locations":[{"start":{"line":67,"column":25},"end":{"line":67,"column":28}},{"start":{"line":67,"column":31},"end":{"line":67,"column":33}}],"line":67},"17":{"loc":{"start":{"line":69,"column":2},"end":{"line":71,"column":3}},"type":"if","locations":[{"start":{"line":69,"column":2},"end":{"line":71,"column":3}},{"start":{},"end":{}}],"line":69},"18":{"loc":{"start":{"line":73,"column":2},"end":{"line":75,"column":3}},"type":"if","locations":[{"start":{"line":73,"column":2},"end":{"line":75,"column":3}},{"start":{},"end":{}}],"line":73},"19":{"loc":{"start":{"line":77,"column":2},"end":{"line":79,"column":3}},"type":"if","locations":[{"start":{"line":77,"column":2},"end":{"line":79,"column":3}},{"start":{},"end":{}}],"line":77},"20":{"loc":{"start":{"line":91,"column":40},"end":{"line":91,"column":52}},"type":"default-arg","locations":[{"start":{"line":91,"column":51},"end":{"line":91,"column":52}}],"line":91},"21":{"loc":{"start":{"line":91,"column":54},"end":{"line":91,"column":69}},"type":"default-arg","locations":[{"start":{"line":91,"column":65},"end":{"line":91,"column":69}}],"line":91},"22":{"loc":{"start":{"line":92,"column":2},"end":{"line":94,"column":3}},"type":"if","locations":[{"start":{"line":92,"column":2},"end":{"line":94,"column":3}},{"start":{},"end":{}}],"line":92},"23":{"loc":{"start":{"line":92,"column":6},"end":{"line":92,"column":59}},"type":"binary-expr","locations":[{"start":{"line":92,"column":6},"end":{"line":92,"column":20}},{"start":{"line":92,"column":24},"end":{"line":92,"column":43}},{"start":{"line":92,"column":47},"end":{"line":92,"column":59}}],"line":92},"24":{"loc":{"start":{"line":97,"column":15},"end":{"line":97,"column":52}},"type":"cond-expr","locations":[{"start":{"line":97,"column":44},"end":{"line":97,"column":47}},{"start":{"line":97,"column":50},"end":{"line":97,"column":52}}],"line":97},"25":{"loc":{"start":{"line":97,"column":15},"end":{"line":97,"column":41}},"type":"binary-expr","locations":[{"start":{"line":97,"column":15},"end":{"line":97,"column":23}},{"start":{"line":97,"column":27},"end":{"line":97,"column":41}}],"line":97},"26":{"loc":{"start":{"line":109,"column":2},"end":{"line":111,"column":3}},"type":"if","locations":[{"start":{"line":109,"column":2},"end":{"line":111,"column":3}},{"start":{},"end":{}}],"line":109},"27":{"loc":{"start":{"line":109,"column":6},"end":{"line":109,"column":55}},"type":"binary-expr","locations":[{"start":{"line":109,"column":6},"end":{"line":109,"column":22}},{"start":{"line":109,"column":26},"end":{"line":109,"column":55}}],"line":109},"28":{"loc":{"start":{"line":121,"column":9},"end":{"line":121,"column":35}},"type":"cond-expr","locations":[{"start":{"line":121,"column":25},"end":{"line":121,"column":26}},{"start":{"line":121,"column":29},"end":{"line":121,"column":35}}],"line":121}},"s":{"0":13,"1":2,"2":11,"3":2,"4":9,"5":7,"6":2,"7":18,"8":2,"9":16,"10":2,"11":14,"12":18,"13":3,"14":15,"15":2,"16":13,"17":13,"18":13,"19":3,"20":10,"21":4,"22":6,"23":3,"24":3,"25":14,"26":3,"27":11,"28":11,"29":11,"30":15,"31":4,"32":11,"33":11,"34":11},"f":{"0":13,"1":18,"2":18,"3":14,"4":15},"b":{"0":[9],"1":[11],"2":[2,11],"3":[13,12],"4":[2,9],"5":[11,10],"6":[7,2],"7":[2,16],"8":[18,17],"9":[2,14],"10":[16,15],"11":[16],"12":[3,15],"13":[18,17,16],"14":[2,13],"15":[15,14],"16":[2,11],"17":[3,10],"18":[4,6],"19":[3,3],"20":[10],"21":[12],"22":[3,11],"23":[14,13,12],"24":[6,5],"25":[11,9],"26":[4,11],"27":[15,12],"28":[2,9]},"_coverageSchema":"1a1c01bbd47fc00a2c39e90264f33305004495a9","hash":"664ce8ca7703e69295c9bdfe2c47ae4ac44eb663"}
,"/Users/lucasrodriguez/Desktop/Ducat/app/app/utils/formatters/dates.js": {"path":"/Users/lucasrodriguez/Desktop/Ducat/app/app/utils/formatters/dates.js","statementMap":{"0":{"start":{"line":15,"column":53},"end":{"line":15,"column":60}},"1":{"start":{"line":17,"column":2},"end":{"line":19,"column":3}},"2":{"start":{"line":18,"column":4},"end":{"line":18,"column":21}},"3":{"start":{"line":21,"column":2},"end":{"line":23,"column":3}},"4":{"start":{"line":22,"column":4},"end":{"line":22,"column":26}},"5":{"start":{"line":25,"column":15},"end":{"line":25,"column":41}},"6":{"start":{"line":27,"column":2},"end":{"line":29,"column":3}},"7":{"start":{"line":28,"column":4},"end":{"line":28,"column":26}},"8":{"start":{"line":31,"column":24},"end":{"line":35,"column":3}},"9":{"start":{"line":37,"column":2},"end":{"line":40,"column":3}},"10":{"start":{"line":38,"column":4},"end":{"line":38,"column":35}},"11":{"start":{"line":39,"column":4},"end":{"line":39,"column":37}},"12":{"start":{"line":42,"column":2},"end":{"line":42,"column":57}},"13":{"start":{"line":51,"column":2},"end":{"line":51,"column":78}},"14":{"start":{"line":60,"column":2},"end":{"line":62,"column":3}},"15":{"start":{"line":61,"column":4},"end":{"line":61,"column":21}},"16":{"start":{"line":64,"column":14},"end":{"line":64,"column":31}},"17":{"start":{"line":65,"column":22},"end":{"line":65,"column":49}},"18":{"start":{"line":67,"column":2},"end":{"line":69,"column":3}},"19":{"start":{"line":68,"column":4},"end":{"line":68,"column":22}},"20":{"start":{"line":71,"column":2},"end":{"line":74,"column":3}},"21":{"start":{"line":72,"column":20},"end":{"line":72,"column":48}},"22":{"start":{"line":73,"column":4},"end":{"line":73,"column":68}},"23":{"start":{"line":76,"column":2},"end":{"line":79,"column":3}},"24":{"start":{"line":77,"column":18},"end":{"line":77,"column":48}},"25":{"start":{"line":78,"column":4},"end":{"line":78,"column":60}},"26":{"start":{"line":81,"column":2},"end":{"line":84,"column":3}},"27":{"start":{"line":82,"column":17},"end":{"line":82,"column":48}},"28":{"start":{"line":83,"column":4},"end":{"line":83,"column":56}},"29":{"start":{"line":86,"column":2},"end":{"line":89,"column":3}},"30":{"start":{"line":87,"column":18},"end":{"line":87,"column":50}},"31":{"start":{"line":88,"column":4},"end":{"line":88,"column":60}},"32":{"start":{"line":92,"column":2},"end":{"line":92,"column":60}},"33":{"start":{"line":102,"column":16},"end":{"line":102,"column":71}},"34":{"start":{"line":103,"column":14},"end":{"line":103,"column":67}},"35":{"start":{"line":105,"column":2},"end":{"line":107,"column":3}},"36":{"start":{"line":106,"column":4},"end":{"line":106,"column":17}},"37":{"start":{"line":109,"column":2},"end":{"line":109,"column":29}},"38":{"start":{"line":118,"column":2},"end":{"line":120,"column":3}},"39":{"start":{"line":119,"column":4},"end":{"line":119,"column":17}},"40":{"start":{"line":122,"column":15},"end":{"line":122,"column":41}},"41":{"start":{"line":123,"column":16},"end":{"line":123,"column":26}},"42":{"start":{"line":125,"column":2},"end":{"line":129,"column":4}}},"fnMap":{"0":{"name":"formatTimestamp","decl":{"start":{"line":14,"column":16},"end":{"line":14,"column":31}},"loc":{"start":{"line":14,"column":57},"end":{"line":43,"column":1}},"line":14},"1":{"name":"formatTransactionDate","decl":{"start":{"line":50,"column":16},"end":{"line":50,"column":37}},"loc":{"start":{"line":50,"column":49},"end":{"line":52,"column":1}},"line":50},"2":{"name":"formatRelativeTime","decl":{"start":{"line":59,"column":16},"end":{"line":59,"column":34}},"loc":{"start":{"line":59,"column":46},"end":{"line":93,"column":1}},"line":59},"3":{"name":"formatDateRange","decl":{"start":{"line":101,"column":16},"end":{"line":101,"column":31}},"loc":{"start":{"line":101,"column":62},"end":{"line":110,"column":1}},"line":101},"4":{"name":"isToday","decl":{"start":{"line":117,"column":16},"end":{"line":117,"column":23}},"loc":{"start":{"line":117,"column":35},"end":{"line":130,"column":1}},"line":117}},"branchMap":{"0":{"loc":{"start":{"line":14,"column":43},"end":{"line":14,"column":55}},"type":"default-arg","locations":[{"start":{"line":14,"column":53},"end":{"line":14,"column":55}}],"line":14},"1":{"loc":{"start":{"line":15,"column":10},"end":{"line":15,"column":28}},"type":"default-arg","locations":[{"start":{"line":15,"column":24},"end":{"line":15,"column":28}}],"line":15},"2":{"loc":{"start":{"line":15,"column":30},"end":{"line":15,"column":48}},"type":"default-arg","locations":[{"start":{"line":15,"column":44},"end":{"line":15,"column":48}}],"line":15},"3":{"loc":{"start":{"line":17,"column":2},"end":{"line":19,"column":3}},"type":"if","locations":[{"start":{"line":17,"column":2},"end":{"line":19,"column":3}},{"start":{},"end":{}}],"line":17},"4":{"loc":{"start":{"line":21,"column":2},"end":{"line":23,"column":3}},"type":"if","locations":[{"start":{"line":21,"column":2},"end":{"line":23,"column":3}},{"start":{},"end":{}}],"line":21},"5":{"loc":{"start":{"line":21,"column":6},"end":{"line":21,"column":55}},"type":"binary-expr","locations":[{"start":{"line":21,"column":6},"end":{"line":21,"column":35}},{"start":{"line":21,"column":39},"end":{"line":21,"column":55}}],"line":21},"6":{"loc":{"start":{"line":27,"column":2},"end":{"line":29,"column":3}},"type":"if","locations":[{"start":{"line":27,"column":2},"end":{"line":29,"column":3}},{"start":{},"end":{}}],"line":27},"7":{"loc":{"start":{"line":32,"column":11},"end":{"line":32,"column":41}},"type":"cond-expr","locations":[{"start":{"line":32,"column":25},"end":{"line":32,"column":32}},{"start":{"line":32,"column":35},"end":{"line":32,"column":41}}],"line":32},"8":{"loc":{"start":{"line":37,"column":2},"end":{"line":40,"column":3}},"type":"if","locations":[{"start":{"line":37,"column":2},"end":{"line":40,"column":3}},{"start":{},"end":{}}],"line":37},"9":{"loc":{"start":{"line":60,"column":2},"end":{"line":62,"column":3}},"type":"if","locations":[{"start":{"line":60,"column":2},"end":{"line":62,"column":3}},{"start":{},"end":{}}],"line":60},"10":{"loc":{"start":{"line":67,"column":2},"end":{"line":69,"column":3}},"type":"if","locations":[{"start":{"line":67,"column":2},"end":{"line":69,"column":3}},{"start":{},"end":{}}],"line":67},"11":{"loc":{"start":{"line":71,"column":2},"end":{"line":74,"column":3}},"type":"if","locations":[{"start":{"line":71,"column":2},"end":{"line":74,"column":3}},{"start":{},"end":{}}],"line":71},"12":{"loc":{"start":{"line":73,"column":25},"end":{"line":73,"column":61}},"type":"cond-expr","locations":[{"start":{"line":73,"column":41},"end":{"line":73,"column":49}},{"start":{"line":73,"column":52},"end":{"line":73,"column":61}}],"line":73},"13":{"loc":{"start":{"line":76,"column":2},"end":{"line":79,"column":3}},"type":"if","locations":[{"start":{"line":76,"column":2},"end":{"line":79,"column":3}},{"start":{},"end":{}}],"line":76},"14":{"loc":{"start":{"line":78,"column":23},"end":{"line":78,"column":53}},"type":"cond-expr","locations":[{"start":{"line":78,"column":37},"end":{"line":78,"column":43}},{"start":{"line":78,"column":46},"end":{"line":78,"column":53}}],"line":78},"15":{"loc":{"start":{"line":81,"column":2},"end":{"line":84,"column":3}},"type":"if","locations":[{"start":{"line":81,"column":2},"end":{"line":84,"column":3}},{"start":{},"end":{}}],"line":81},"16":{"loc":{"start":{"line":83,"column":22},"end":{"line":83,"column":49}},"type":"cond-expr","locations":[{"start":{"line":83,"column":35},"end":{"line":83,"column":40}},{"start":{"line":83,"column":43},"end":{"line":83,"column":49}}],"line":83},"17":{"loc":{"start":{"line":86,"column":2},"end":{"line":89,"column":3}},"type":"if","locations":[{"start":{"line":86,"column":2},"end":{"line":89,"column":3}},{"start":{},"end":{}}],"line":86},"18":{"loc":{"start":{"line":88,"column":23},"end":{"line":88,"column":53}},"type":"cond-expr","locations":[{"start":{"line":88,"column":37},"end":{"line":88,"column":43}},{"start":{"line":88,"column":46},"end":{"line":88,"column":53}}],"line":88},"19":{"loc":{"start":{"line":105,"column":2},"end":{"line":107,"column":3}},"type":"if","locations":[{"start":{"line":105,"column":2},"end":{"line":107,"column":3}},{"start":{},"end":{}}],"line":105},"20":{"loc":{"start":{"line":118,"column":2},"end":{"line":120,"column":3}},"type":"if","locations":[{"start":{"line":118,"column":2},"end":{"line":120,"column":3}},{"start":{},"end":{}}],"line":118},"21":{"loc":{"start":{"line":118,"column":6},"end":{"line":118,"column":49}},"type":"binary-expr","locations":[{"start":{"line":118,"column":6},"end":{"line":118,"column":16}},{"start":{"line":118,"column":20},"end":{"line":118,"column":49}}],"line":118},"22":{"loc":{"start":{"line":126,"column":4},"end":{"line":128,"column":46}},"type":"binary-expr","locations":[{"start":{"line":126,"column":4},"end":{"line":126,"column":38}},{"start":{"line":127,"column":4},"end":{"line":127,"column":40}},{"start":{"line":128,"column":4},"end":{"line":128,"column":46}}],"line":126}},"s":{"0":21,"1":21,"2":9,"3":12,"4":1,"5":11,"6":11,"7":1,"8":10,"9":10,"10":4,"11":4,"12":10,"13":5,"14":16,"15":2,"16":14,"17":14,"18":14,"19":3,"20":11,"21":3,"22":3,"23":8,"24":3,"25":3,"26":5,"27":2,"28":2,"29":3,"30":2,"31":2,"32":1,"33":3,"34":3,"35":3,"36":2,"37":1,"38":9,"39":4,"40":5,"41":5,"42":5},"f":{"0":21,"1":5,"2":16,"3":3,"4":9},"b":{"0":[7],"1":[8],"2":[15],"3":[9,12],"4":[1,11],"5":[12,11],"6":[1,10],"7":[9,1],"8":[4,6],"9":[2,14],"10":[3,11],"11":[3,8],"12":[1,2],"13":[3,5],"14":[1,2],"15":[2,3],"16":[1,1],"17":[2,1],"18":[1,1],"19":[2,1],"20":[4,5],"21":[9,6],"22":[5,3,3]},"_coverageSchema":"1a1c01bbd47fc00a2c39e90264f33305004495a9","hash":"45aa63a0cce81b641c68065dc9a086c5e61423c1"}
,"/Users/lucasrodriguez/Desktop/Ducat/app/app/utils/formatters/index.js": {"path":"/Users/lucasrodriguez/Desktop/Ducat/app/app/utils/formatters/index.js","statementMap":{"0":{"start":{"line":49,"column":29},"end":{"line":52,"column":1}},"1":{"start":{"line":50,"column":2},"end":{"line":50,"column":53}},"2":{"start":{"line":50,"column":33},"end":{"line":50,"column":53}},"3":{"start":{"line":51,"column":2},"end":{"line":51,"column":35}}},"fnMap":{"0":{"name":"(anonymous_0)","decl":{"start":{"line":49,"column":29},"end":{"line":49,"column":30}},"loc":{"start":{"line":49,"column":56},"end":{"line":52,"column":1}},"line":49}},"branchMap":{"0":{"loc":{"start":{"line":49,"column":39},"end":{"line":49,"column":51}},"type":"default-arg","locations":[{"start":{"line":49,"column":50},"end":{"line":49,"column":51}}],"line":49},"1":{"loc":{"start":{"line":50,"column":2},"end":{"line":50,"column":53}},"type":"if","locations":[{"start":{"line":50,"column":2},"end":{"line":50,"column":53}},{"start":{},"end":{}}],"line":50},"2":{"loc":{"start":{"line":50,"column":6},"end":{"line":50,"column":31}},"type":"binary-expr","locations":[{"start":{"line":50,"column":6},"end":{"line":50,"column":14}},{"start":{"line":50,"column":18},"end":{"line":50,"column":31}}],"line":50}},"s":{"0":1,"1":0,"2":0,"3":0},"f":{"0":0},"b":{"0":[0],"1":[0,0],"2":[0,0]},"_coverageSchema":"1a1c01bbd47fc00a2c39e90264f33305004495a9","hash":"78a6cb06cceec0642c0358cb61732e8c2e36a817"}
}
