TN:
SF:contexts/AirdropContext.tsx
FN:40,(anonymous_0)
FN:53,(anonymous_1)
FN:77,(anonymous_2)
FN:91,(anonymous_3)
FN:92,(anonymous_4)
FN:108,(anonymous_5)
FN:120,(anonymous_6)
FN:126,(anonymous_7)
FN:127,(anonymous_8)
FN:137,(anonymous_9)
FN:138,(anonymous_10)
FN:158,(anonymous_11)
FN:163,(anonymous_12)
FN:202,(anonymous_13)
FN:225,(anonymous_14)
FN:231,(anonymous_15)
FN:237,(anonymous_16)
FN:243,(anonymous_17)
FNF:18
FNH:17
FNDA:27,(anonymous_0)
FNDA:24,(anonymous_1)
FNDA:0,(anonymous_2)
FNDA:21,(anonymous_3)
FNDA:21,(anonymous_4)
FNDA:1,(anonymous_5)
FNDA:21,(anonymous_6)
FNDA:21,(anonymous_7)
FNDA:21,(anonymous_8)
FNDA:21,(anonymous_9)
FNDA:21,(anonymous_10)
FNDA:21,(anonymous_11)
FNDA:12,(anonymous_12)
FNDA:2,(anonymous_13)
FNDA:10,(anonymous_14)
FNDA:2,(anonymous_15)
FNDA:1,(anonymous_16)
FNDA:24,(anonymous_17)
DA:38,1
DA:40,1
DA:41,27
DA:42,26
DA:43,2
DA:45,24
DA:53,1
DA:54,24
DA:55,24
DA:56,24
DA:59,24
DA:60,24
DA:61,24
DA:65,24
DA:68,24
DA:69,24
DA:72,24
DA:74,24
DA:77,24
DA:79,0
DA:80,0
DA:83,0
DA:86,0
DA:87,0
DA:91,24
DA:92,21
DA:94,21
DA:97,21
DA:98,21
DA:99,0
DA:100,0
DA:106,21
DA:108,21
DA:110,1
DA:111,1
DA:114,1
DA:115,1
DA:120,24
DA:121,21
DA:122,21
DA:126,24
DA:127,21
DA:128,21
DA:129,21
DA:130,21
DA:133,21
DA:137,24
DA:138,21
DA:139,21
DA:141,21
DA:142,21
DA:145,21
DA:146,1
DA:147,1
DA:150,1
DA:154,21
DA:158,24
DA:159,21
DA:160,21
DA:161,20
DA:163,19
DA:165,12
DA:167,11
DA:168,11
DA:169,11
DA:171,11
DA:173,11
DA:174,1
DA:178,10
DA:181,10
DA:183,10
DA:184,1
DA:188,9
DA:189,9
DA:191,9
DA:193,9
DA:196,9
DA:199,6
DA:202,6
DA:203,2
DA:204,2
DA:207,2
DA:213,9
DA:214,9
DA:219,0
DA:220,0
DA:225,19
DA:226,10
DA:230,19
DA:232,2
DA:237,19
DA:238,1
DA:239,1
DA:243,24
DA:254,24
LF:95
LH:86
BRDA:42,0,0,2
BRDA:42,0,1,24
BRDA:128,1,0,0
BRDA:128,1,1,21
BRDA:139,2,0,0
BRDA:139,2,1,21
BRDA:145,3,0,1
BRDA:145,3,1,20
BRDA:145,4,0,21
BRDA:145,4,1,1
BRDA:145,4,2,0
BRDA:159,5,0,0
BRDA:159,5,1,21
BRDA:160,6,0,1
BRDA:160,6,1,20
BRDA:161,7,0,1
BRDA:161,7,1,19
BRDA:165,8,0,1
BRDA:165,8,1,11
BRDA:173,9,0,1
BRDA:173,9,1,10
BRDA:181,10,0,10
BRDA:181,10,1,0
BRDA:183,11,0,1
BRDA:183,11,1,9
BRF:25
BRH:20
end_of_record
TN:
SF:contexts/AuthContext.tsx
FN:79,(anonymous_0)
FN:88,(anonymous_1)
FN:99,(anonymous_2)
FN:111,(anonymous_3)
FN:116,(anonymous_4)
FN:127,(anonymous_5)
FN:137,(anonymous_6)
FN:150,(anonymous_7)
FNF:8
FNH:8
FNDA:19,(anonymous_0)
FNDA:1,(anonymous_1)
FNDA:16,(anonymous_2)
FNDA:16,(anonymous_3)
FNDA:3,(anonymous_4)
FNDA:1,(anonymous_5)
FNDA:16,(anonymous_6)
FNDA:16,(anonymous_7)
DA:77,3
DA:79,3
DA:80,19
DA:81,18
DA:82,2
DA:84,16
DA:88,3
DA:89,1
DA:90,1
DA:99,3
DA:100,16
DA:105,16
DA:106,16
DA:107,16
DA:108,16
DA:111,16
DA:112,16
DA:116,16
DA:117,3
DA:118,3
DA:119,3
DA:120,3
DA:121,1
DA:123,3
DA:127,16
DA:128,1
DA:129,1
DA:136,16
DA:137,16
DA:149,16
DA:150,16
DA:167,16
LF:32
LH:32
BRDA:81,0,0,2
BRDA:81,0,1,16
BRDA:120,1,0,1
BRDA:120,1,1,2
BRDA:128,2,0,1
BRDA:128,2,1,0
BRF:6
BRH:5
end_of_record
TN:
SF:contexts/CashuContext.tsx
FN:74,(anonymous_0)
FN:85,(anonymous_1)
FN:97,(anonymous_2)
FN:109,(anonymous_3)
FN:146,(anonymous_4)
FN:153,(anonymous_5)
FN:171,(anonymous_6)
FN:179,(anonymous_7)
FN:197,(anonymous_8)
FN:205,(anonymous_9)
FN:236,(anonymous_10)
FNF:11
FNH:10
FNDA:4,(anonymous_0)
FNDA:4,(anonymous_1)
FNDA:8,(anonymous_2)
FNDA:11,(anonymous_3)
FNDA:11,(anonymous_4)
FNDA:2,(anonymous_5)
FNDA:1,(anonymous_6)
FNDA:0,(anonymous_7)
FNDA:11,(anonymous_8)
FNDA:11,(anonymous_9)
FNDA:11,(anonymous_10)
DA:65,4
DA:66,4
DA:69,4
DA:74,4
DA:75,4
DA:76,3
DA:77,2
DA:79,1
DA:85,4
DA:86,4
DA:87,3
DA:88,2
DA:90,1
DA:97,4
DA:98,8
DA:99,8
DA:100,0
DA:102,8
DA:109,4
DA:110,11
DA:111,11
DA:112,11
DA:121,11
DA:131,11
DA:137,11
DA:143,11
DA:146,11
DA:147,11
DA:153,11
DA:154,2
DA:155,2
DA:156,1
DA:157,1
DA:158,1
DA:159,1
DA:161,1
DA:162,1
DA:164,1
DA:171,11
DA:172,1
DA:179,11
DA:181,0
DA:182,0
DA:183,0
DA:187,0
DA:188,0
DA:189,0
DA:193,0
DA:197,11
DA:205,11
DA:236,11
DA:241,11
LF:52
LH:44
BRDA:76,0,0,2
BRDA:76,0,1,1
BRDA:87,1,0,2
BRDA:87,1,1,1
BRDA:99,2,0,0
BRDA:99,2,1,8
BRDA:161,3,0,1
BRDA:161,3,1,0
BRDA:187,4,0,0
BRDA:187,4,1,0
BRF:10
BRH:6
end_of_record
TN:
SF:contexts/DisplayPreferencesContext.tsx
FN:20,(anonymous_0)
FN:32,(anonymous_1)
FN:40,(anonymous_2)
FNF:3
FNH:3
FNDA:8,(anonymous_0)
FNDA:25,(anonymous_1)
FNDA:25,(anonymous_2)
DA:18,1
DA:20,1
DA:21,8
DA:22,8
DA:23,0
DA:25,8
DA:32,1
DA:34,25
DA:35,25
DA:36,25
DA:39,25
DA:40,25
DA:51,25
LF:13
LH:12
BRDA:22,0,0,0
BRDA:22,0,1,8
BRF:2
BRH:1
end_of_record
TN:
SF:contexts/NavigationHandlersContext.tsx
FN:89,(anonymous_0)
FN:192,(anonymous_1)
FN:200,(anonymous_2)
FN:209,(anonymous_3)
FN:218,(anonymous_4)
FN:223,(anonymous_5)
FN:231,(anonymous_6)
FN:236,(anonymous_7)
FN:243,(anonymous_8)
FN:282,(anonymous_9)
FN:362,(anonymous_10)
FNF:11
FNH:0
FNDA:0,(anonymous_0)
FNDA:0,(anonymous_1)
FNDA:0,(anonymous_2)
FNDA:0,(anonymous_3)
FNDA:0,(anonymous_4)
FNDA:0,(anonymous_5)
FNDA:0,(anonymous_6)
FNDA:0,(anonymous_7)
FNDA:0,(anonymous_8)
FNDA:0,(anonymous_9)
FNDA:0,(anonymous_10)
DA:82,0
DA:89,0
DA:102,0
DA:104,0
DA:105,0
DA:106,0
DA:107,0
DA:108,0
DA:109,0
DA:110,0
DA:111,0
DA:112,0
DA:115,0
DA:157,0
DA:178,0
DA:192,0
DA:196,0
DA:197,0
DA:200,0
DA:201,0
DA:202,0
DA:203,0
DA:204,0
DA:205,0
DA:209,0
DA:210,0
DA:213,0
DA:214,0
DA:218,0
DA:219,0
DA:223,0
DA:224,0
DA:225,0
DA:226,0
DA:227,0
DA:231,0
DA:232,0
DA:233,0
DA:236,0
DA:237,0
DA:238,0
DA:242,0
DA:243,0
DA:281,0
DA:282,0
DA:355,0
DA:362,0
DA:363,0
DA:364,0
DA:365,0
DA:367,0
LF:51
LH:0
BRDA:244,0,0,0
BRDA:244,0,1,0
BRDA:245,1,0,0
BRDA:245,1,1,0
BRDA:246,2,0,0
BRDA:246,2,1,0
BRDA:247,3,0,0
BRDA:247,3,1,0
BRDA:364,4,0,0
BRDA:364,4,1,0
BRF:10
BRH:0
end_of_record
TN:
SF:contexts/NotificationContext.tsx
FN:31,(anonymous_0)
FN:45,(anonymous_1)
FN:53,(anonymous_2)
FN:55,(anonymous_3)
FN:68,(anonymous_4)
FN:74,(anonymous_5)
FN:82,(anonymous_6)
FN:82,(anonymous_7)
FN:94,(anonymous_8)
FN:146,(anonymous_9)
FN:153,(anonymous_10)
FN:175,(anonymous_11)
FN:184,(anonymous_12)
FN:185,(anonymous_13)
FN:186,(anonymous_14)
FN:189,(anonymous_15)
FNF:16
FNH:16
FNDA:89,(anonymous_0)
FNDA:91,(anonymous_1)
FNDA:16,(anonymous_2)
FNDA:2,(anonymous_3)
FNDA:4,(anonymous_4)
FNDA:4,(anonymous_5)
FNDA:4,(anonymous_6)
FNDA:4,(anonymous_7)
FNDA:29,(anonymous_8)
FNDA:1,(anonymous_9)
FNDA:4,(anonymous_10)
FNDA:1,(anonymous_11)
FNDA:61,(anonymous_12)
FNDA:61,(anonymous_13)
FNDA:61,(anonymous_14)
FNDA:91,(anonymous_15)
DA:29,7
DA:31,7
DA:32,89
DA:33,88
DA:34,2
DA:36,86
DA:39,7
DA:45,7
DA:49,91
DA:50,91
DA:53,91
DA:55,16
DA:56,2
DA:57,2
DA:60,16
DA:61,16
DA:64,16
DA:65,16
DA:68,16
DA:69,4
DA:70,4
DA:74,91
DA:76,4
DA:77,3
DA:78,3
DA:82,4
DA:88,91
DA:89,91
DA:90,91
DA:91,91
DA:92,91
DA:94,91
DA:95,29
DA:98,29
DA:99,1
DA:100,1
DA:104,28
DA:112,28
DA:113,28
DA:115,9
DA:118,9
DA:119,8
DA:120,8
DA:123,8
DA:124,3
DA:125,3
DA:130,25
DA:133,25
DA:135,25
DA:139,25
DA:140,7
DA:141,7
DA:145,25
DA:146,24
DA:147,1
DA:148,1
DA:153,91
DA:155,4
DA:156,4
DA:157,4
DA:159,4
DA:160,4
DA:163,4
DA:164,1
DA:168,4
DA:169,1
DA:170,1
DA:174,4
DA:175,4
DA:176,1
DA:184,91
DA:185,91
DA:186,91
DA:188,91
DA:189,91
DA:215,91
LF:76
LH:76
BRDA:33,0,0,2
BRDA:33,0,1,86
BRDA:53,1,0,6
BRDA:61,2,0,5
BRDA:61,2,1,11
BRDA:76,3,0,3
BRDA:76,3,1,1
BRDA:98,4,0,1
BRDA:98,4,1,28
BRDA:113,5,0,9
BRDA:113,5,1,19
BRDA:113,6,0,28
BRDA:113,6,1,10
BRDA:115,7,0,9
BRDA:115,7,1,5
BRDA:115,7,2,5
BRDA:115,7,3,5
BRDA:115,7,4,4
BRDA:118,8,0,8
BRDA:118,8,1,1
BRDA:118,9,0,9
BRDA:118,9,1,1
BRDA:118,9,2,1
BRDA:119,10,0,8
BRDA:119,10,1,0
BRDA:120,11,0,8
BRDA:120,11,1,0
BRDA:123,12,0,3
BRDA:123,12,1,5
BRDA:123,13,0,8
BRDA:123,13,1,3
BRDA:139,14,0,7
BRDA:139,14,1,18
BRDA:145,15,0,24
BRDA:145,15,1,1
BRDA:155,16,0,4
BRDA:155,16,1,0
BRDA:163,17,0,1
BRDA:163,17,1,3
BRDA:163,18,0,4
BRDA:163,18,1,4
BRDA:168,19,0,1
BRDA:168,19,1,3
BRDA:168,20,0,4
BRDA:168,20,1,4
BRDA:184,21,0,61
BRDA:184,21,1,44
BRDA:186,22,0,61
BRDA:186,22,1,44
BRF:49
BRH:46
end_of_record
TN:
SF:contexts/PendingTransactionsContext.tsx
FN:66,(anonymous_0)
FN:80,(anonymous_1)
FN:98,(anonymous_2)
FN:126,(anonymous_3)
FN:142,(anonymous_4)
FN:172,(anonymous_5)
FN:180,(anonymous_6)
FN:188,(anonymous_7)
FN:197,(anonymous_8)
FN:209,(anonymous_9)
FN:218,(anonymous_10)
FN:227,(anonymous_11)
FN:235,(anonymous_12)
FN:239,(anonymous_13)
FNF:14
FNH:14
FNDA:93,(anonymous_0)
FNDA:90,(anonymous_1)
FNDA:19,(anonymous_2)
FNDA:1,(anonymous_3)
FNDA:5,(anonymous_4)
FNDA:7,(anonymous_5)
FNDA:1,(anonymous_6)
FNDA:2,(anonymous_7)
FNDA:1,(anonymous_8)
FNDA:5,(anonymous_9)
FNDA:1,(anonymous_10)
FNDA:11,(anonymous_11)
FNDA:1,(anonymous_12)
FNDA:90,(anonymous_13)
DA:64,6
DA:66,6
DA:67,93
DA:68,92
DA:69,2
DA:71,90
DA:80,6
DA:93,90
DA:98,90
DA:104,19
DA:113,19
DA:118,19
DA:119,19
DA:126,90
DA:127,1
DA:128,1
DA:130,1
DA:131,1
DA:134,1
DA:135,1
DA:136,1
DA:142,90
DA:143,5
DA:145,5
DA:146,5
DA:149,5
DA:150,5
DA:151,5
DA:156,5
DA:157,5
DA:159,5
DA:166,5
DA:172,90
DA:173,7
DA:174,7
DA:180,90
DA:181,1
DA:182,1
DA:188,90
DA:189,2
DA:190,2
DA:191,2
DA:197,90
DA:198,1
DA:200,1
DA:201,1
DA:202,1
DA:209,90
DA:210,5
DA:211,5
DA:212,5
DA:218,90
DA:219,1
DA:220,1
DA:221,1
DA:227,90
DA:228,11
DA:229,11
DA:235,90
DA:236,1
DA:239,90
DA:267,90
LF:62
LH:62
BRDA:68,0,0,2
BRDA:68,0,1,90
BRDA:102,1,0,17
BRDA:142,2,0,0
BRDA:149,3,0,5
BRDA:149,3,1,0
BRDA:151,4,0,4
BRDA:151,4,1,1
BRDA:157,5,0,1
BRDA:157,5,1,4
BRDA:172,6,0,1
BRDA:172,7,0,4
BRDA:180,8,0,1
BRDA:200,9,0,1
BRDA:200,9,1,0
BRF:15
BRH:12
end_of_record
TN:
SF:contexts/PriceContext.tsx
FN:12,(anonymous_0)
FN:24,(anonymous_1)
FN:32,(anonymous_2)
FN:45,(anonymous_3)
FN:47,(anonymous_4)
FN:50,(anonymous_5)
FN:53,(anonymous_6)
FNF:7
FNH:7
FNDA:25,(anonymous_0)
FNDA:24,(anonymous_1)
FNDA:10,(anonymous_2)
FNDA:7,(anonymous_3)
FNDA:2,(anonymous_4)
FNDA:1,(anonymous_5)
FNDA:22,(anonymous_6)
DA:10,1
DA:12,1
DA:13,25
DA:14,24
DA:15,2
DA:17,22
DA:24,1
DA:26,24
DA:27,24
DA:32,24
DA:33,10
DA:34,10
DA:35,10
DA:36,9
DA:38,1
DA:40,10
DA:45,24
DA:46,7
DA:47,7
DA:48,2
DA:50,7
DA:53,24
DA:62,24
LF:23
LH:23
BRDA:14,0,0,2
BRDA:14,0,1,22
BRF:2
BRH:2
end_of_record
TN:
SF:contexts/SeedPhraseContext.tsx
FN:36,(anonymous_0)
FN:50,(anonymous_1)
FN:66,(anonymous_2)
FN:67,(anonymous_3)
FN:72,(anonymous_4)
FN:77,(anonymous_5)
FN:83,(anonymous_6)
FN:100,(anonymous_7)
FN:104,(anonymous_8)
FN:121,(anonymous_9)
FN:154,(anonymous_10)
FN:164,(anonymous_11)
FNF:12
FNH:0
FNDA:0,(anonymous_0)
FNDA:0,(anonymous_1)
FNDA:0,(anonymous_2)
FNDA:0,(anonymous_3)
FNDA:0,(anonymous_4)
FNDA:0,(anonymous_5)
FNDA:0,(anonymous_6)
FNDA:0,(anonymous_7)
FNDA:0,(anonymous_8)
FNDA:0,(anonymous_9)
FNDA:0,(anonymous_10)
FNDA:0,(anonymous_11)
DA:34,0
DA:36,0
DA:37,0
DA:38,0
DA:39,0
DA:41,0
DA:50,0
DA:51,0
DA:52,0
DA:53,0
DA:54,0
DA:55,0
DA:56,0
DA:58,0
DA:59,0
DA:61,0
DA:64,0
DA:65,0
DA:66,0
DA:69,0
DA:70,0
DA:73,0
DA:74,0
DA:78,0
DA:79,0
DA:84,0
DA:85,0
DA:86,0
DA:89,0
DA:100,0
DA:101,0
DA:102,0
DA:104,0
DA:105,0
DA:107,0
DA:108,0
DA:109,0
DA:110,0
DA:112,0
DA:116,0
DA:121,0
DA:122,0
DA:123,0
DA:126,0
DA:129,0
DA:130,0
DA:131,0
DA:136,0
DA:138,0
DA:139,0
DA:148,0
DA:149,0
DA:154,0
DA:155,0
DA:156,0
DA:157,0
DA:158,0
DA:163,0
DA:164,0
DA:192,0
LF:60
LH:0
BRDA:38,0,0,0
BRDA:38,0,1,0
BRDA:64,1,0,0
BRDA:64,1,1,0
BRDA:69,2,0,0
BRDA:69,2,1,0
BRDA:73,3,0,0
BRDA:73,3,1,0
BRDA:78,4,0,0
BRDA:78,4,1,0
BRDA:78,5,0,0
BRDA:78,5,1,0
BRDA:105,6,0,0
BRDA:105,6,1,0
BRDA:129,7,0,0
BRDA:129,7,1,0
BRDA:136,8,0,0
BRDA:136,8,1,0
BRDA:148,9,0,0
BRDA:148,9,1,0
BRF:20
BRH:0
end_of_record
TN:
SF:contexts/SendFlowContext.tsx
FN:50,(anonymous_0)
FN:62,(anonymous_1)
FN:67,(anonymous_2)
FN:81,(anonymous_3)
FN:91,(anonymous_4)
FN:95,(anonymous_5)
FN:100,(anonymous_6)
FN:113,(anonymous_7)
FNF:8
FNH:8
FNDA:31,(anonymous_0)
FNDA:31,(anonymous_1)
FNDA:10,(anonymous_2)
FNDA:21,(anonymous_3)
FNDA:1,(anonymous_4)
FNDA:3,(anonymous_5)
FNDA:1,(anonymous_6)
FNDA:28,(anonymous_7)
DA:48,3
DA:50,3
DA:51,31
DA:52,30
DA:53,2
DA:55,28
DA:62,3
DA:64,31
DA:67,31
DA:68,10
DA:69,10
DA:73,31
DA:74,31
DA:75,31
DA:76,31
DA:77,31
DA:78,31
DA:81,31
DA:82,21
DA:84,4
DA:85,4
DA:86,4
DA:87,4
DA:88,4
DA:91,4
DA:92,1
DA:95,4
DA:100,31
DA:101,1
DA:102,1
DA:103,1
DA:104,1
DA:105,1
DA:106,1
DA:107,1
DA:108,1
DA:112,31
DA:113,28
DA:138,31
LF:39
LH:39
BRDA:52,0,0,2
BRDA:52,0,1,28
BRDA:82,1,0,4
BRDA:82,1,1,17
BRF:4
BRH:4
end_of_record
TN:
SF:contexts/TransactionBuildContext.tsx
FN:28,(anonymous_0)
FN:43,(anonymous_1)
FN:83,(anonymous_2)
FN:92,(anonymous_3)
FNF:4
FNH:4
FNDA:32,(anonymous_0)
FNDA:29,(anonymous_1)
FNDA:8,(anonymous_2)
FNDA:29,(anonymous_3)
DA:26,2
DA:28,2
DA:29,32
DA:30,31
DA:31,2
DA:33,29
DA:43,2
DA:56,29
DA:63,29
DA:65,29
DA:68,29
DA:71,29
DA:84,8
DA:91,29
DA:92,29
DA:101,29
LF:16
LH:16
BRDA:30,0,0,2
BRDA:30,0,1,29
BRF:2
BRH:2
end_of_record
TN:
SF:contexts/TransactionExecutionContext.tsx
FN:42,(anonymous_0)
FN:70,(anonymous_1)
FN:90,(anonymous_2)
FN:97,(anonymous_3)
FN:110,(anonymous_4)
FN:169,(anonymous_5)
FN:244,(anonymous_6)
FN:265,(anonymous_7)
FN:296,(anonymous_8)
FN:339,(anonymous_9)
FNF:10
FNH:9
FNDA:46,(anonymous_0)
FNDA:60,(anonymous_1)
FNDA:41,(anonymous_2)
FNDA:19,(anonymous_3)
FNDA:0,(anonymous_4)
FNDA:11,(anonymous_5)
FNDA:4,(anonymous_6)
FNDA:3,(anonymous_7)
FNDA:3,(anonymous_8)
FNDA:43,(anonymous_9)
DA:40,1
DA:42,1
DA:43,46
DA:44,45
DA:45,2
DA:47,43
DA:70,1
DA:80,60
DA:81,60
DA:82,60
DA:83,60
DA:86,60
DA:87,60
DA:90,60
DA:91,41
DA:92,18
DA:97,60
DA:98,19
DA:99,19
DA:100,19
DA:101,1
DA:106,1
DA:109,18
DA:110,18
DA:111,18
DA:112,18
DA:114,18
DA:115,17
DA:120,17
DA:121,17
DA:122,6
DA:124,6
DA:125,6
DA:128,6
DA:129,6
DA:131,6
DA:132,6
DA:133,6
DA:135,6
DA:138,6
DA:141,6
DA:142,1
DA:143,1
DA:146,1
DA:148,1
DA:155,6
DA:156,6
DA:157,6
DA:161,6
DA:162,6
DA:163,2
DA:164,2
DA:165,2
DA:169,6
DA:170,11
DA:171,11
DA:172,10
DA:174,10
DA:178,10
DA:181,10
DA:183,10
DA:184,7
DA:191,7
DA:192,1
DA:195,7
DA:196,7
DA:199,1
DA:204,6
DA:207,6
DA:208,5
DA:209,5
DA:210,5
DA:212,1
DA:215,11
DA:221,17
DA:222,17
DA:223,17
DA:230,17
DA:233,17
DA:234,17
DA:237,17
DA:238,2
DA:242,17
DA:245,4
DA:246,4
DA:247,3
DA:249,4
DA:251,4
DA:254,4
DA:255,3
DA:256,3
DA:258,1
DA:260,4
DA:261,4
DA:262,1
DA:267,3
DA:268,2
DA:269,2
DA:271,1
DA:273,3
DA:274,3
DA:275,1
DA:280,1
DA:281,1
DA:286,1
DA:289,1
DA:290,1
DA:296,60
DA:297,3
DA:298,3
DA:300,3
DA:301,1
DA:306,1
DA:307,1
DA:310,2
DA:313,1
DA:319,1
DA:320,1
DA:323,1
DA:324,1
DA:326,1
DA:327,1
DA:332,1
DA:333,1
DA:338,60
DA:339,43
DA:355,60
LF:127
LH:127
BRDA:44,0,0,2
BRDA:44,0,1,43
BRDA:91,1,0,18
BRDA:91,1,1,23
BRDA:97,2,0,16
BRDA:97,3,0,16
BRDA:98,4,0,17
BRDA:100,5,0,1
BRDA:100,5,1,18
BRDA:100,6,0,19
BRDA:100,6,1,19
BRDA:103,7,0,0
BRDA:103,7,1,1
BRDA:110,8,0,18
BRDA:110,8,1,18
BRDA:111,9,0,2
BRDA:111,9,1,16
BRDA:112,10,0,0
BRDA:112,10,1,18
BRDA:141,11,0,1
BRDA:141,11,1,5
BRDA:141,12,0,6
BRDA:141,12,1,1
BRDA:142,13,0,1
BRDA:142,13,1,0
BRDA:155,14,0,6
BRDA:155,14,1,0
BRDA:162,15,0,2
BRDA:162,15,1,4
BRDA:162,16,0,6
BRDA:162,16,1,2
BRDA:162,16,2,2
BRDA:163,17,0,0
BRDA:163,17,1,2
BRDA:178,18,0,10
BRDA:178,18,1,5
BRDA:183,19,0,7
BRDA:183,19,1,3
BRDA:191,20,0,1
BRDA:191,20,1,6
BRDA:191,21,0,7
BRDA:191,21,1,4
BRDA:191,21,2,2
BRDA:207,22,0,5
BRDA:207,22,1,1
BRDA:208,23,0,2
BRDA:208,23,1,3
BRDA:215,24,0,11
BRDA:215,24,1,0
BRDA:233,25,0,3
BRDA:233,25,1,14
BRDA:237,26,0,2
BRDA:237,26,1,15
BRDA:245,27,0,4
BRDA:245,27,1,0
BRDA:246,28,0,3
BRDA:246,28,1,1
BRDA:247,29,0,3
BRDA:247,29,1,0
BRDA:254,30,0,3
BRDA:254,30,1,1
BRDA:261,31,0,1
BRDA:261,31,1,3
BRDA:267,32,0,2
BRDA:267,32,1,1
BRDA:274,33,0,1
BRDA:274,33,1,2
BRDA:280,34,0,1
BRDA:280,34,1,0
BRDA:283,35,0,0
BRDA:283,35,1,1
BRDA:289,36,0,1
BRDA:289,36,1,0
BRDA:296,37,0,3
BRDA:300,38,0,1
BRDA:300,38,1,2
BRDA:303,39,0,0
BRDA:303,39,1,1
BRDA:326,40,0,1
BRDA:326,40,1,0
BRDA:329,41,0,0
BRDA:329,41,1,1
BRF:82
BRH:68
end_of_record
TN:
SF:contexts/UIContext.tsx
FN:26,(anonymous_0)
FNF:1
FNH:1
FNDA:22,(anonymous_0)
DA:26,1
DA:27,22
LF:2
LH:2
BRF:0
BRH:0
end_of_record
TN:
SF:contexts/VaultContext.tsx
FN:33,(anonymous_0)
FN:46,(anonymous_1)
FN:53,(anonymous_2)
FN:54,(anonymous_3)
FN:59,(anonymous_4)
FN:87,(anonymous_5)
FN:92,(anonymous_6)
FN:94,(anonymous_7)
FN:113,(anonymous_8)
FN:117,(anonymous_9)
FN:125,(anonymous_10)
FN:132,(anonymous_11)
FN:140,(anonymous_12)
FNF:13
FNH:13
FNDA:36,(anonymous_0)
FNDA:33,(anonymous_1)
FNDA:12,(anonymous_2)
FNDA:12,(anonymous_3)
FNDA:5,(anonymous_4)
FNDA:32,(anonymous_5)
FNDA:3,(anonymous_6)
FNDA:1,(anonymous_7)
FNDA:2,(anonymous_8)
FNDA:8,(anonymous_9)
FNDA:2,(anonymous_10)
FNDA:1,(anonymous_11)
FNDA:33,(anonymous_12)
DA:31,1
DA:33,1
DA:34,36
DA:35,35
DA:36,2
DA:38,33
DA:46,1
DA:47,33
DA:48,33
DA:49,33
DA:50,33
DA:53,33
DA:54,12
DA:55,12
DA:56,12
DA:59,12
DA:61,5
DA:64,5
DA:76,5
DA:77,3
DA:82,12
DA:83,12
DA:87,33
DA:88,32
DA:89,6
DA:90,6
DA:92,6
DA:93,3
DA:94,3
DA:95,1
DA:96,1
DA:106,2
DA:107,1
DA:112,6
DA:113,6
DA:117,33
DA:118,8
DA:120,8
DA:124,8
DA:125,2
DA:128,0
DA:132,33
DA:133,1
DA:134,1
DA:135,1
DA:136,1
DA:139,33
DA:140,33
DA:151,33
LF:49
LH:48
BRDA:35,0,0,2
BRDA:35,0,1,33
BRDA:76,1,0,3
BRDA:76,1,1,2
BRDA:76,2,0,5
BRDA:76,2,1,5
BRDA:88,3,0,6
BRDA:88,3,1,26
BRDA:88,4,0,32
BRDA:88,4,1,13
BRDA:88,4,2,7
BRDA:106,5,0,1
BRDA:106,5,1,1
BRDA:106,6,0,2
BRDA:106,6,1,2
BRDA:117,7,0,4
BRDA:124,8,0,2
BRDA:124,8,1,6
BRDA:124,9,0,8
BRDA:124,9,1,3
BRF:20
BRH:20
end_of_record
TN:
SF:contexts/WalletContext.tsx
FN:25,(anonymous_0)
FN:37,(anonymous_1)
FN:46,(anonymous_2)
FN:68,(anonymous_3)
FN:78,(anonymous_4)
FN:93,(anonymous_5)
FN:113,(anonymous_6)
FN:124,(anonymous_7)
FNF:8
FNH:7
FNDA:21,(anonymous_0)
FNDA:18,(anonymous_1)
FNDA:4,(anonymous_2)
FNDA:3,(anonymous_3)
FNDA:1,(anonymous_4)
FNDA:3,(anonymous_5)
FNDA:0,(anonymous_6)
FNDA:18,(anonymous_7)
DA:23,6
DA:25,6
DA:26,21
DA:27,20
DA:28,2
DA:30,18
DA:37,6
DA:39,18
DA:42,18
DA:43,18
DA:46,18
DA:47,4
DA:48,4
DA:50,3
DA:51,2
DA:56,2
DA:58,2
DA:61,1
DA:63,1
DA:68,18
DA:69,3
DA:74,3
DA:78,18
DA:79,1
DA:80,1
DA:83,1
DA:84,1
DA:86,0
DA:87,0
DA:93,18
DA:94,3
DA:95,2
DA:96,1
DA:100,1
DA:105,1
DA:108,1
DA:112,1
DA:114,0
DA:115,0
DA:119,1
DA:123,18
DA:124,18
DA:138,18
LF:43
LH:39
BRDA:27,0,0,2
BRDA:27,0,1,18
BRDA:50,1,0,2
BRDA:50,1,1,1
BRDA:68,2,0,1
BRDA:86,3,0,0
BRDA:86,3,1,0
BRDA:95,4,0,1
BRDA:95,4,1,1
BRDA:114,5,0,0
BRDA:114,5,1,0
BRF:11
BRH:7
end_of_record
TN:
SF:contexts/WalletDataContext.tsx
FN:104,(anonymous_0)
FN:113,(anonymous_1)
FN:122,(anonymous_2)
FN:131,(anonymous_3)
FN:143,(anonymous_4)
FN:186,(anonymous_5)
FN:210,(anonymous_6)
FN:231,(anonymous_7)
FN:254,(anonymous_8)
FN:257,(anonymous_9)
FN:260,(anonymous_10)
FN:265,(anonymous_11)
FNF:12
FNH:12
FNDA:23,(anonymous_0)
FNDA:1,(anonymous_1)
FNDA:1,(anonymous_2)
FNDA:1,(anonymous_3)
FNDA:24,(anonymous_4)
FNDA:5,(anonymous_5)
FNDA:24,(anonymous_6)
FNDA:20,(anonymous_7)
FNDA:20,(anonymous_8)
FNDA:20,(anonymous_9)
FNDA:20,(anonymous_10)
FNDA:20,(anonymous_11)
DA:18,4
DA:99,4
DA:100,4
DA:101,4
DA:102,4
DA:104,4
DA:105,23
DA:106,23
DA:107,2
DA:109,21
DA:113,4
DA:114,1
DA:115,1
DA:116,0
DA:118,1
DA:122,4
DA:123,1
DA:124,1
DA:125,0
DA:127,1
DA:131,4
DA:132,1
DA:133,1
DA:134,0
DA:136,1
DA:143,4
DA:144,24
DA:145,24
DA:146,24
DA:153,24
DA:156,24
DA:159,24
DA:166,24
DA:169,24
DA:172,24
DA:173,24
DA:174,24
DA:177,24
DA:178,21
DA:182,21
DA:186,24
DA:187,5
DA:190,4
DA:191,4
DA:194,4
DA:195,4
DA:197,0
DA:210,24
DA:211,24
DA:212,24
DA:214,24
DA:216,4
DA:217,4
DA:218,4
DA:219,4
DA:220,20
DA:223,18
DA:224,18
DA:231,24
DA:232,20
DA:233,17
DA:234,17
DA:240,24
DA:254,24
DA:257,24
DA:260,24
DA:264,24
DA:265,20
DA:301,24
LF:69
LH:65
BRDA:106,0,0,2
BRDA:106,0,1,21
BRDA:115,1,0,0
BRDA:115,1,1,1
BRDA:124,2,0,0
BRDA:124,2,1,1
BRDA:133,3,0,0
BRDA:133,3,1,1
BRDA:172,4,0,24
BRDA:172,4,1,24
BRDA:173,5,0,24
BRDA:173,5,1,24
BRDA:174,6,0,24
BRDA:174,6,1,24
BRDA:177,7,0,21
BRDA:177,7,1,3
BRDA:177,8,0,24
BRDA:177,8,1,24
BRDA:187,9,0,1
BRDA:187,9,1,4
BRDA:194,10,0,4
BRDA:194,10,1,0
BRDA:214,11,0,4
BRDA:214,11,1,20
BRDA:220,12,0,18
BRDA:220,12,1,2
BRDA:220,13,0,20
BRDA:220,13,1,18
BRDA:232,14,0,17
BRDA:232,14,1,3
BRDA:232,15,0,20
BRDA:232,15,1,20
BRF:32
BRH:28
end_of_record
TN:
SF:hooks/useAccountSwitcher.ts
FN:33,useAccountSwitcher
FN:48,(anonymous_1)
FN:64,(anonymous_2)
FNF:3
FNH:3
FNDA:27,useAccountSwitcher
FNDA:10,(anonymous_1)
FNDA:10,(anonymous_2)
DA:44,27
DA:45,27
DA:46,27
DA:48,27
DA:50,10
DA:52,10
DA:53,10
DA:54,10
DA:57,10
DA:58,10
DA:59,10
DA:60,10
DA:64,10
DA:67,10
DA:68,10
DA:69,8
DA:70,8
DA:73,8
DA:74,8
DA:75,8
DA:77,8
DA:78,0
DA:83,8
DA:84,8
DA:85,8
DA:86,8
DA:88,8
DA:90,8
DA:92,2
DA:93,2
DA:94,2
DA:98,27
LF:32
LH:31
BRDA:58,0,0,0
BRDA:58,0,1,10
BRDA:59,1,0,0
BRDA:59,1,1,10
BRDA:60,2,0,0
BRDA:60,2,1,10
BRDA:77,3,0,0
BRDA:77,3,1,8
BRDA:84,4,0,0
BRDA:84,4,1,8
BRDA:85,5,0,0
BRDA:85,5,1,8
BRDA:86,6,0,0
BRDA:86,6,1,8
BRDA:88,7,0,0
BRDA:88,7,1,8
BRDA:92,8,0,2
BRDA:92,8,1,0
BRF:18
BRH:9
end_of_record
TN:
SF:hooks/useAmountInput.ts
FN:31,useAmountInput
FN:51,(anonymous_1)
FN:76,(anonymous_2)
FNF:3
FNH:3
FNDA:29,useAmountInput
FNDA:7,(anonymous_1)
FNDA:7,(anonymous_2)
DA:39,29
DA:43,29
DA:46,29
DA:47,29
DA:48,29
DA:49,29
DA:51,29
DA:52,7
DA:53,5
DA:54,5
DA:56,5
DA:58,5
DA:62,3
DA:64,2
DA:66,2
DA:68,5
DA:72,2
DA:76,29
DA:77,7
DA:78,7
DA:86,29
LF:21
LH:21
BRDA:43,0,0,29
BRDA:43,0,1,4
BRDA:46,1,0,26
BRDA:46,1,1,3
BRDA:46,2,0,29
BRDA:46,2,1,27
BRDA:47,3,0,29
BRDA:47,3,1,29
BRDA:48,4,0,23
BRDA:48,4,1,6
BRDA:49,5,0,23
BRDA:49,5,1,6
BRDA:52,6,0,5
BRDA:52,6,1,2
BRDA:59,7,0,5
BRDA:59,7,1,0
BRDA:66,8,0,2
BRDA:66,8,1,1
BRDA:72,9,0,2
BRDA:72,9,1,1
BRDA:77,10,0,7
BRDA:77,10,1,0
BRDA:78,11,0,4
BRDA:78,11,1,3
BRDA:78,12,0,7
BRDA:78,12,1,5
BRDA:78,13,0,4
BRDA:78,13,1,1
BRDA:79,14,0,3
BRDA:79,14,1,1
BRF:30
BRH:28
end_of_record
TN:
SF:hooks/useAppLifecycle.ts
FN:31,useAppLifecycle
FN:45,(anonymous_1)
FN:46,(anonymous_2)
FN:55,(anonymous_3)
FN:56,(anonymous_4)
FN:63,(anonymous_5)
FN:70,(anonymous_6)
FN:104,(anonymous_7)
FN:117,(anonymous_8)
FN:124,(anonymous_9)
FN:130,(anonymous_10)
FN:136,(anonymous_11)
FN:146,(anonymous_12)
FN:159,(anonymous_13)
FN:160,(anonymous_14)
FNF:15
FNH:14
FNDA:28,useAppLifecycle
FNDA:22,(anonymous_1)
FNDA:22,(anonymous_2)
FNDA:1,(anonymous_3)
FNDA:0,(anonymous_4)
FNDA:22,(anonymous_5)
FNDA:18,(anonymous_6)
FNDA:1,(anonymous_7)
FNDA:11,(anonymous_8)
FNDA:2,(anonymous_9)
FNDA:2,(anonymous_10)
FNDA:27,(anonymous_11)
FNDA:2,(anonymous_12)
FNDA:22,(anonymous_13)
FNDA:1,(anonymous_14)
DA:15,1
DA:40,28
DA:41,28
DA:42,28
DA:45,28
DA:46,22
DA:47,22
DA:48,22
DA:52,22
DA:55,22
DA:56,1
DA:63,28
DA:64,22
DA:65,22
DA:68,22
DA:70,22
DA:71,18
DA:72,18
DA:73,18
DA:74,18
DA:77,18
DA:78,8
DA:79,8
DA:83,18
DA:84,8
DA:85,8
DA:88,8
DA:89,6
DA:90,6
DA:92,6
DA:93,1
DA:94,1
DA:97,2
DA:101,18
DA:104,22
DA:105,1
DA:117,28
DA:119,11
DA:120,1
DA:124,11
DA:126,2
DA:130,28
DA:132,2
DA:136,28
DA:137,27
DA:138,27
DA:143,9
DA:144,9
DA:146,9
DA:147,2
DA:148,2
DA:149,2
DA:150,2
DA:154,18
DA:159,28
DA:160,22
DA:161,1
DA:162,1
DA:167,28
LF:59
LH:59
BRDA:77,0,0,8
BRDA:77,0,1,10
BRDA:83,1,0,8
BRDA:83,1,1,10
BRDA:83,2,0,18
BRDA:83,2,1,9
BRDA:88,3,0,6
BRDA:88,3,1,2
BRDA:88,4,0,8
BRDA:88,4,1,7
BRDA:92,5,0,1
BRDA:92,5,1,5
BRDA:92,6,0,6
BRDA:92,6,1,5
BRDA:119,7,0,1
BRDA:119,7,1,10
BRDA:138,8,0,9
BRDA:138,8,1,18
BRDA:139,9,0,27
BRDA:139,9,1,11
BRDA:139,9,2,10
BRDA:147,10,0,2
BRDA:147,10,1,0
BRDA:161,11,0,1
BRDA:161,11,1,0
BRF:25
BRH:23
end_of_record
TN:
SF:hooks/useAppSettings.ts
FN:37,useAppSettings
FN:46,(anonymous_1)
FN:47,(anonymous_2)
FN:73,(anonymous_3)
FN:79,(anonymous_4)
FN:88,(anonymous_5)
FN:94,(anonymous_6)
FN:143,(anonymous_7)
FN:147,(anonymous_8)
FN:160,(anonymous_9)
FN:198,(anonymous_10)
FN:212,(anonymous_11)
FN:219,(anonymous_12)
FNF:13
FNH:12
FNDA:205,useAppSettings
FNDA:80,(anonymous_1)
FNDA:80,(anonymous_2)
FNDA:4,(anonymous_3)
FNDA:2,(anonymous_4)
FNDA:24,(anonymous_5)
FNDA:19,(anonymous_6)
FNDA:3,(anonymous_7)
FNDA:3,(anonymous_8)
FNDA:1,(anonymous_9)
FNDA:0,(anonymous_10)
FNDA:1,(anonymous_11)
FNDA:149,(anonymous_12)
DA:38,205
DA:39,205
DA:40,205
DA:41,205
DA:42,205
DA:43,205
DA:46,205
DA:47,80
DA:48,80
DA:49,80
DA:50,79
DA:51,11
DA:54,79
DA:55,79
DA:56,4
DA:59,79
DA:60,79
DA:61,2
DA:64,79
DA:65,79
DA:66,1
DA:70,80
DA:73,205
DA:74,4
DA:75,4
DA:76,4
DA:79,205
DA:80,2
DA:81,2
DA:82,2
DA:83,2
DA:84,2
DA:85,2
DA:88,205
DA:89,24
DA:90,24
DA:91,24
DA:94,205
DA:95,19
DA:96,19
DA:99,19
DA:100,12
DA:101,9
DA:102,9
DA:107,6
DA:108,1
DA:109,1
DA:110,1
DA:111,1
DA:114,5
DA:116,3
DA:117,2
DA:119,3
DA:122,3
DA:123,3
DA:124,3
DA:125,3
DA:130,12
DA:131,12
DA:132,12
DA:133,6
DA:134,4
DA:137,6
DA:138,3
DA:143,205
DA:144,3
DA:147,205
DA:148,3
DA:149,3
DA:150,2
DA:151,1
DA:154,1
DA:155,1
DA:160,205
DA:161,1
DA:162,1
DA:163,1
DA:164,1
DA:167,1
DA:168,0
DA:169,0
DA:170,0
DA:172,0
DA:173,0
DA:174,0
DA:181,0
DA:182,0
DA:186,1
DA:187,1
DA:188,1
DA:189,0
DA:198,205
DA:199,0
DA:200,0
DA:201,0
DA:202,0
DA:203,0
DA:206,0
DA:207,0
DA:212,205
DA:213,1
DA:214,1
DA:215,1
DA:218,205
DA:219,149
LF:105
LH:89
BRDA:50,0,0,11
BRDA:50,0,1,68
BRDA:55,1,0,4
BRDA:55,1,1,75
BRDA:60,2,0,2
BRDA:60,2,1,77
BRDA:65,3,0,1
BRDA:65,3,1,78
BRDA:99,4,0,12
BRDA:99,4,1,7
BRDA:100,5,0,9
BRDA:100,5,1,3
BRDA:107,6,0,1
BRDA:107,6,1,5
BRDA:116,7,0,2
BRDA:116,7,1,1
BRDA:133,8,0,4
BRDA:133,8,1,2
BRDA:134,9,0,2
BRDA:134,9,1,2
BRDA:137,10,0,3
BRDA:137,10,1,3
BRDA:150,11,0,1
BRDA:150,11,1,1
BRDA:154,12,0,1
BRDA:154,12,1,0
BRDA:163,13,0,1
BRDA:163,13,1,0
BRDA:172,14,0,0
BRDA:172,14,1,0
BRDA:173,15,0,0
BRDA:173,15,1,0
BRDA:181,16,0,0
BRDA:181,16,1,0
BRDA:186,17,0,0
BRDA:186,17,1,1
BRDA:188,18,0,0
BRDA:188,18,1,1
BRDA:202,19,0,0
BRDA:202,19,1,0
BRDA:206,20,0,0
BRDA:206,20,1,0
BRF:42
BRH:28
end_of_record
TN:
SF:hooks/useAssetTransactions.ts
FN:61,useAssetTransactions
FN:79,(anonymous_1)
FN:85,(anonymous_2)
FN:105,(anonymous_3)
FN:159,(anonymous_4)
FN:205,(anonymous_5)
FN:217,(anonymous_6)
FN:234,(anonymous_7)
FN:247,(anonymous_8)
FN:260,(anonymous_9)
FN:282,(anonymous_10)
FN:294,(anonymous_11)
FN:322,(anonymous_12)
FNF:13
FNH:7
FNDA:45,useAssetTransactions
FNDA:15,(anonymous_1)
FNDA:0,(anonymous_2)
FNDA:0,(anonymous_3)
FNDA:0,(anonymous_4)
FNDA:0,(anonymous_5)
FNDA:30,(anonymous_6)
FNDA:24,(anonymous_7)
FNDA:13,(anonymous_8)
FNDA:12,(anonymous_9)
FNDA:12,(anonymous_10)
FNDA:0,(anonymous_11)
FNDA:0,(anonymous_12)
DA:69,45
DA:70,45
DA:71,45
DA:72,45
DA:74,45
DA:75,45
DA:76,45
DA:79,45
DA:80,15
DA:81,15
DA:82,0
DA:85,0
DA:86,0
DA:87,0
DA:88,0
DA:89,0
DA:90,0
DA:91,0
DA:92,0
DA:93,0
DA:96,0
DA:97,0
DA:98,0
DA:100,0
DA:101,0
DA:104,0
DA:106,0
DA:108,0
DA:109,0
DA:110,0
DA:117,0
DA:128,0
DA:129,0
DA:130,0
DA:137,0
DA:138,0
DA:139,0
DA:146,0
DA:147,0
DA:148,0
DA:155,0
DA:158,0
DA:159,0
DA:162,0
DA:163,0
DA:164,0
DA:167,0
DA:173,0
DA:174,0
DA:175,0
DA:176,0
DA:177,0
DA:178,0
DA:181,0
DA:189,0
DA:190,0
DA:191,0
DA:192,0
DA:195,0
DA:196,0
DA:197,0
DA:198,0
DA:199,0
DA:203,0
DA:205,0
DA:206,0
DA:209,15
DA:211,15
DA:212,15
DA:217,45
DA:218,30
DA:219,6
DA:220,6
DA:225,24
DA:226,0
DA:227,0
DA:233,24
DA:234,24
DA:237,24
DA:239,24
DA:241,9
DA:242,9
DA:246,15
DA:249,13
DA:252,12
DA:253,12
DA:254,5
DA:258,7
DA:262,12
DA:263,12
DA:266,7
DA:267,7
DA:268,7
DA:269,7
DA:271,7
DA:284,12
DA:287,12
DA:288,12
DA:290,9
DA:294,15
DA:295,0
DA:296,0
DA:297,0
DA:313,15
DA:322,15
DA:323,0
DA:324,0
DA:325,0
DA:328,15
DA:329,15
DA:330,15
DA:333,15
DA:334,0
DA:338,45
LF:114
LH:49
BRDA:66,0,0,42
BRDA:74,1,0,45
BRDA:74,1,1,3
BRDA:75,2,0,45
BRDA:75,2,1,3
BRDA:81,3,0,0
BRDA:81,3,1,15
BRDA:81,4,0,15
BRDA:81,4,1,1
BRDA:92,5,0,0
BRDA:92,5,1,0
BRDA:108,6,0,0
BRDA:108,6,1,0
BRDA:128,7,0,0
BRDA:128,7,1,0
BRDA:128,8,0,0
BRDA:128,8,1,0
BRDA:137,9,0,0
BRDA:137,9,1,0
BRDA:137,10,0,0
BRDA:137,10,1,0
BRDA:146,11,0,0
BRDA:146,11,1,0
BRDA:162,12,0,0
BRDA:162,12,1,0
BRDA:162,13,0,0
BRDA:162,13,1,0
BRDA:173,14,0,0
BRDA:173,14,1,0
BRDA:174,15,0,0
BRDA:174,15,1,0
BRDA:177,16,0,0
BRDA:177,16,1,0
BRDA:189,17,0,0
BRDA:189,17,1,0
BRDA:195,18,0,0
BRDA:195,18,1,0
BRDA:196,19,0,0
BRDA:196,19,1,0
BRDA:218,20,0,6
BRDA:218,20,1,24
BRDA:218,21,0,30
BRDA:218,21,1,28
BRDA:218,21,2,26
BRDA:225,22,0,0
BRDA:225,22,1,24
BRDA:225,23,0,24
BRDA:225,23,1,2
BRDA:225,23,2,0
BRDA:234,24,0,24
BRDA:234,24,1,20
BRDA:234,25,0,24
BRDA:234,25,1,24
BRDA:239,26,0,9
BRDA:239,26,1,15
BRDA:239,27,0,24
BRDA:239,27,1,12
BRDA:249,28,0,1
BRDA:249,28,1,12
BRDA:253,29,0,5
BRDA:253,29,1,7
BRDA:263,30,0,5
BRDA:263,30,1,7
BRDA:267,31,0,6
BRDA:267,31,1,1
BRDA:268,32,0,6
BRDA:268,32,1,1
BRDA:269,33,0,1
BRDA:269,33,1,6
BRDA:284,34,0,0
BRDA:284,34,1,12
BRDA:288,35,0,3
BRDA:288,35,1,9
BRDA:288,36,0,12
BRDA:288,36,1,9
BRDA:323,37,0,0
BRDA:323,37,1,0
BRDA:323,37,2,0
BRDA:324,38,0,0
BRDA:324,38,1,0
BRDA:324,38,2,0
BRDA:333,39,0,0
BRDA:333,39,1,15
BRDA:333,40,0,15
BRDA:333,40,1,2
BRDA:341,41,0,45
BRDA:341,41,1,45
BRDA:341,41,2,3
BRDA:341,41,3,0
BRF:89
BRH:47
end_of_record
TN:
SF:hooks/useAuth.ts
FN:66,useAuth
FN:89,(anonymous_1)
FN:90,(anonymous_2)
FN:102,(anonymous_3)
FN:110,(anonymous_4)
FN:118,(anonymous_5)
FN:132,(anonymous_6)
FN:169,(anonymous_7)
FN:178,(anonymous_8)
FN:184,(anonymous_9)
FN:205,(anonymous_10)
FN:210,(anonymous_11)
FN:225,(anonymous_12)
FN:235,(anonymous_13)
FNF:14
FNH:14
FNDA:101,useAuth
FNDA:37,(anonymous_1)
FNDA:37,(anonymous_2)
FNDA:3,(anonymous_3)
FNDA:3,(anonymous_4)
FNDA:5,(anonymous_5)
FNDA:7,(anonymous_6)
FNDA:2,(anonymous_7)
FNDA:1,(anonymous_8)
FNDA:2,(anonymous_9)
FNDA:1,(anonymous_10)
FNDA:1,(anonymous_11)
FNDA:1,(anonymous_12)
FNDA:101,(anonymous_13)
DA:68,101
DA:69,101
DA:70,101
DA:71,101
DA:72,101
DA:75,101
DA:76,101
DA:77,101
DA:80,101
DA:81,101
DA:82,101
DA:83,101
DA:84,101
DA:85,101
DA:86,101
DA:89,101
DA:90,37
DA:91,37
DA:92,37
DA:94,37
DA:95,37
DA:98,37
DA:102,101
DA:103,3
DA:104,3
DA:105,2
DA:110,101
DA:111,3
DA:112,3
DA:113,2
DA:118,101
DA:119,5
DA:120,5
DA:121,4
DA:122,1
DA:123,1
DA:125,3
DA:127,1
DA:132,101
DA:133,7
DA:135,7
DA:137,6
DA:143,5
DA:144,3
DA:146,2
DA:147,2
DA:148,2
DA:149,2
DA:150,2
DA:152,2
DA:155,1
DA:160,1
DA:164,1
DA:169,101
DA:170,2
DA:171,2
DA:172,2
DA:173,1
DA:178,101
DA:179,1
DA:180,1
DA:184,101
DA:185,2
DA:187,1
DA:188,1
DA:189,1
DA:190,1
DA:191,1
DA:192,1
DA:194,1
DA:197,1
DA:198,1
DA:200,1
DA:205,101
DA:206,1
DA:210,101
DA:211,1
DA:212,1
DA:213,1
DA:214,1
DA:215,1
DA:216,1
DA:217,1
DA:218,1
DA:219,1
DA:220,1
DA:221,1
DA:225,101
DA:226,1
DA:228,1
DA:230,1
DA:234,101
DA:235,101
LF:93
LH:93
BRDA:121,0,0,1
BRDA:121,0,1,3
BRDA:121,1,0,4
BRDA:121,1,1,2
BRDA:135,2,0,6
BRDA:135,2,1,1
BRDA:143,3,0,3
BRDA:143,3,1,2
BRDA:144,4,0,2
BRDA:144,4,1,1
BRDA:172,5,0,1
BRDA:172,5,1,1
BRDA:185,6,0,1
BRDA:185,6,1,1
BRF:14
BRH:14
end_of_record
TN:
SF:hooks/useAuthSettings.ts
FN:27,useAuthSettings
FN:31,(anonymous_1)
FN:35,(anonymous_2)
FN:41,(anonymous_3)
FN:85,(anonymous_4)
FN:90,(anonymous_5)
FNF:6
FNH:6
FNDA:176,useAuthSettings
FNDA:2,(anonymous_1)
FNDA:25,(anonymous_2)
FNDA:20,(anonymous_3)
FNDA:3,(anonymous_4)
FNDA:111,(anonymous_5)
DA:28,176
DA:29,176
DA:31,176
DA:32,2
DA:35,176
DA:36,25
DA:37,25
DA:38,25
DA:41,176
DA:42,20
DA:43,20
DA:46,20
DA:47,13
DA:48,13
DA:53,10
DA:55,2
DA:56,2
DA:57,2
DA:58,2
DA:62,8
DA:64,3
DA:65,2
DA:67,3
DA:72,15
DA:73,15
DA:74,15
DA:75,9
DA:76,6
DA:79,6
DA:80,4
DA:85,176
DA:86,3
DA:89,176
DA:90,111
LF:34
LH:34
BRDA:46,0,0,13
BRDA:46,0,1,7
BRDA:53,1,0,2
BRDA:53,1,1,8
BRDA:64,2,0,2
BRDA:64,2,1,1
BRDA:75,3,0,6
BRDA:75,3,1,3
BRDA:76,4,0,3
BRDA:76,4,1,3
BRDA:79,5,0,4
BRDA:79,5,1,2
BRF:12
BRH:12
end_of_record
TN:
SF:hooks/useAuthenticatedToggle.ts
FN:38,useAuthenticatedToggle
FN:58,(anonymous_1)
FN:67,(anonymous_2)
FN:156,(anonymous_3)
FN:161,(anonymous_4)
FN:174,useAuthToEnable
FN:194,useAuthToToggle
FNF:7
FNH:7
FNDA:46,useAuthenticatedToggle
FNDA:15,(anonymous_1)
FNDA:13,(anonymous_2)
FNDA:1,(anonymous_3)
FNDA:46,(anonymous_4)
FNDA:3,useAuthToEnable
FNDA:3,useAuthToToggle
DA:50,46
DA:52,46
DA:53,46
DA:58,46
DA:59,15
DA:60,15
DA:61,15
DA:67,46
DA:68,13
DA:69,13
DA:72,13
DA:74,13
DA:76,8
DA:78,8
DA:79,6
DA:81,6
DA:84,6
DA:86,5
DA:88,2
DA:89,2
DA:93,2
DA:94,2
DA:98,3
DA:103,1
DA:104,1
DA:109,1
DA:113,2
DA:114,2
DA:118,2
DA:119,2
DA:124,8
DA:125,8
DA:128,6
DA:129,5
DA:132,6
DA:133,6
DA:136,2
DA:137,1
DA:156,46
DA:157,1
DA:160,46
DA:161,46
DA:181,3
DA:201,3
LF:44
LH:44
BRDA:49,0,0,34
BRDA:72,1,0,13
BRDA:72,1,1,7
BRDA:74,2,0,8
BRDA:74,2,1,5
BRDA:76,3,0,8
BRDA:76,3,1,7
BRDA:78,4,0,6
BRDA:78,4,1,2
BRDA:81,5,0,6
BRDA:81,5,1,5
BRDA:82,6,0,4
BRDA:82,6,1,1
BRDA:86,7,0,2
BRDA:86,7,1,3
BRDA:103,8,0,1
BRDA:103,8,1,0
BRDA:105,9,0,1
BRDA:105,9,1,0
BRDA:128,10,0,5
BRDA:128,10,1,1
BRDA:132,11,0,6
BRDA:132,11,1,0
BRDA:133,12,0,2
BRDA:133,12,1,4
BRDA:136,13,0,1
BRDA:136,13,1,1
BRF:27
BRH:24
end_of_record
TN:
SF:hooks/useBackgroundSplash.ts
FN:13,(anonymous_0)
FN:21,(anonymous_1)
FN:22,(anonymous_2)
FN:56,(anonymous_3)
FNF:4
FNH:4
FNDA:10,(anonymous_0)
FNDA:10,(anonymous_1)
FNDA:12,(anonymous_2)
FNDA:1,(anonymous_3)
DA:13,1
DA:15,10
DA:16,10
DA:17,10
DA:18,10
DA:19,10
DA:21,10
DA:22,10
DA:23,12
DA:24,12
DA:27,12
DA:28,0
DA:29,0
DA:34,12
DA:36,8
DA:37,8
DA:44,8
DA:45,4
DA:48,4
DA:56,10
DA:57,1
DA:58,1
DA:59,0
DA:64,10
LF:24
LH:21
BRDA:16,0,0,10
BRDA:16,0,1,0
BRDA:27,1,0,0
BRDA:27,1,1,12
BRDA:34,2,0,8
BRDA:34,2,1,4
BRDA:34,3,0,12
BRDA:34,3,1,7
BRDA:36,4,0,8
BRDA:36,4,1,0
BRDA:45,5,0,4
BRDA:45,5,1,0
BRDA:45,6,0,4
BRDA:45,6,1,4
BRDA:45,6,2,1
BRDA:58,7,0,0
BRDA:58,7,1,1
BRF:17
BRH:12
end_of_record
TN:
SF:hooks/useBalanceData.ts
FN:34,useBalanceData
FN:60,(anonymous_1)
FN:74,(anonymous_2)
FN:149,(anonymous_3)
FN:156,(anonymous_4)
FN:170,(anonymous_5)
FN:179,(anonymous_6)
FNF:7
FNH:7
FNDA:23,useBalanceData
FNDA:12,(anonymous_1)
FNDA:9,(anonymous_2)
FNDA:1,(anonymous_3)
FNDA:2,(anonymous_4)
FNDA:1,(anonymous_5)
FNDA:21,(anonymous_6)
DA:39,23
DA:40,23
DA:41,23
DA:42,23
DA:43,23
DA:44,23
DA:47,23
DA:48,23
DA:49,23
DA:52,23
DA:53,23
DA:56,23
DA:57,23
DA:60,23
DA:61,12
DA:62,12
DA:63,12
DA:67,12
DA:68,12
DA:73,23
DA:76,9
DA:77,9
DA:79,9
DA:88,9
DA:89,1
DA:90,1
DA:93,8
DA:94,8
DA:95,8
DA:96,8
DA:97,8
DA:98,7
DA:101,7
DA:103,7
DA:107,7
DA:115,7
DA:116,6
DA:121,6
DA:126,6
DA:127,6
DA:128,6
DA:130,1
DA:134,7
DA:135,7
DA:136,7
DA:137,7
DA:138,7
DA:140,1
DA:142,8
DA:149,23
DA:150,1
DA:151,1
DA:152,1
DA:156,23
DA:157,2
DA:158,2
DA:159,2
DA:160,1
DA:161,1
DA:163,1
DA:165,2
DA:170,23
DA:171,1
DA:172,1
DA:173,1
DA:174,1
DA:175,1
DA:178,23
DA:179,21
LF:69
LH:69
BRDA:62,0,0,12
BRDA:62,0,1,0
BRDA:68,1,0,12
BRDA:68,1,1,1
BRDA:76,2,0,9
BRDA:76,2,1,9
BRDA:77,3,0,9
BRDA:77,3,1,9
BRDA:88,4,0,1
BRDA:88,4,1,8
BRDA:88,5,0,9
BRDA:88,5,1,8
BRDA:103,6,0,7
BRDA:103,6,1,1
BRDA:103,6,2,1
BRDA:115,7,0,6
BRDA:115,7,1,1
BRDA:119,8,0,6
BRDA:119,8,1,1
BRF:19
BRH:18
end_of_record
TN:
SF:hooks/useBottomSheetAnimation.ts
FN:18,useBottomSheetAnimation
FN:22,(anonymous_1)
FN:27,(anonymous_2)
FN:37,(anonymous_3)
FN:38,(anonymous_4)
FN:42,(anonymous_5)
FN:47,(anonymous_6)
FN:62,(anonymous_7)
FNF:8
FNH:8
FNDA:20,useBottomSheetAnimation
FNDA:5,(anonymous_1)
FNDA:5,(anonymous_2)
FNDA:1,(anonymous_3)
FNDA:4,(anonymous_4)
FNDA:2,(anonymous_5)
FNDA:7,(anonymous_6)
FNDA:20,(anonymous_7)
DA:9,1
DA:19,20
DA:20,20
DA:22,20
DA:23,5
DA:28,5
DA:29,5
DA:30,5
DA:35,20
DA:37,1
DA:40,4
DA:43,2
DA:44,1
DA:48,7
DA:49,4
DA:51,3
DA:62,20
DA:63,20
DA:65,17
DA:66,17
DA:67,17
DA:80,3
DA:81,3
DA:85,20
LF:24
LH:24
BRDA:40,0,0,4
BRDA:40,0,1,1
BRDA:43,1,0,1
BRDA:43,1,1,1
BRDA:48,2,0,4
BRDA:48,2,1,3
BRDA:48,3,0,7
BRDA:48,3,1,5
BRDA:63,4,0,17
BRDA:63,4,1,3
BRF:10
BRH:10
end_of_record
TN:
SF:hooks/useCashuBalance.ts
FN:24,useCashuBalance
FN:30,(anonymous_1)
FN:36,(anonymous_2)
FN:42,(anonymous_3)
FN:51,(anonymous_4)
FN:85,(anonymous_5)
FNF:6
FNH:6
FNDA:26,useCashuBalance
FNDA:22,(anonymous_1)
FNDA:11,(anonymous_2)
FNDA:18,(anonymous_3)
FNDA:4,(anonymous_4)
FNDA:11,(anonymous_5)
DA:25,26
DA:26,26
DA:27,26
DA:30,26
DA:31,22
DA:36,26
DA:37,11
DA:38,1
DA:42,26
DA:43,18
DA:44,18
DA:46,14
DA:47,13
DA:48,13
DA:51,13
DA:52,4
DA:53,4
DA:54,3
DA:56,1
DA:60,13
DA:63,4
DA:64,2
DA:65,2
DA:66,2
DA:69,3
DA:70,3
DA:71,3
DA:72,3
DA:77,26
DA:85,26
DA:86,11
DA:89,26
LF:32
LH:32
BRDA:37,0,0,1
BRDA:37,0,1,10
BRDA:42,1,0,0
BRDA:44,2,0,14
BRDA:44,2,1,4
BRDA:56,3,0,1
BRDA:56,3,1,0
BRDA:69,4,0,3
BRDA:69,4,1,0
BRF:9
BRH:6
end_of_record
TN:
SF:hooks/useCashuMelt.ts
FN:22,useCashuMelt
FN:26,(anonymous_1)
FN:48,(anonymous_2)
FNF:3
FNH:3
FNDA:7,useCashuMelt
FNDA:3,(anonymous_1)
FNDA:3,(anonymous_2)
DA:26,7
DA:27,3
DA:28,3
DA:30,3
DA:31,3
DA:32,3
DA:33,1
DA:34,1
DA:36,2
DA:37,2
DA:38,2
DA:39,2
DA:41,3
DA:48,7
DA:49,3
DA:50,3
DA:52,3
DA:53,3
DA:54,3
DA:55,1
DA:56,1
DA:57,1
DA:59,2
DA:60,2
DA:61,2
DA:62,2
DA:64,3
DA:68,7
LF:28
LH:28
BRDA:36,0,0,2
BRDA:36,0,1,0
BRDA:59,1,0,2
BRDA:59,1,1,0
BRF:4
BRH:2
end_of_record
TN:
SF:hooks/useCashuMint.ts
FN:51,useCashuMint
FN:57,(anonymous_1)
FN:65,(anonymous_2)
FN:85,(anonymous_3)
FN:93,(anonymous_4)
FN:99,(anonymous_5)
FN:99,(anonymous_6)
FN:125,(anonymous_7)
FN:126,(anonymous_8)
FN:126,(anonymous_9)
FN:132,(anonymous_10)
FN:140,(anonymous_11)
FN:172,(anonymous_12)
FNF:13
FNH:13
FNDA:25,useCashuMint
FNDA:8,(anonymous_1)
FNDA:7,(anonymous_2)
FNDA:6,(anonymous_3)
FNDA:2,(anonymous_4)
FNDA:2,(anonymous_5)
FNDA:2,(anonymous_6)
FNDA:1,(anonymous_7)
FNDA:1,(anonymous_8)
FNDA:1,(anonymous_9)
FNDA:2,(anonymous_10)
FNDA:1,(anonymous_11)
FNDA:2,(anonymous_12)
DA:52,25
DA:57,25
DA:58,8
DA:59,8
DA:61,8
DA:62,8
DA:63,8
DA:65,7
DA:70,7
DA:71,7
DA:73,1
DA:74,1
DA:75,1
DA:76,1
DA:78,8
DA:85,25
DA:86,6
DA:87,6
DA:88,6
DA:90,4
DA:91,3
DA:93,3
DA:94,3
DA:95,1
DA:98,2
DA:99,2
DA:100,2
DA:102,2
DA:104,2
DA:111,1
DA:116,3
DA:117,3
DA:118,3
DA:125,25
DA:126,1
DA:132,25
DA:133,2
DA:134,2
DA:136,2
DA:137,2
DA:138,2
DA:140,1
DA:145,1
DA:150,1
DA:151,1
DA:158,1
DA:160,1
DA:161,1
DA:162,1
DA:163,1
DA:164,1
DA:166,2
DA:171,25
DA:173,2
DA:174,2
DA:175,2
DA:176,1
DA:177,1
DA:180,1
DA:181,1
DA:190,25
LF:61
LH:61
BRDA:73,0,0,1
BRDA:73,0,1,0
BRDA:90,1,0,3
BRDA:90,1,1,1
BRDA:94,2,0,1
BRDA:94,2,1,2
BRDA:116,3,0,3
BRDA:116,3,1,0
BRDA:150,4,0,1
BRDA:150,4,1,0
BRDA:160,5,0,1
BRDA:160,5,1,0
BRDA:163,6,0,1
BRDA:163,6,1,0
BRDA:176,7,0,1
BRDA:176,7,1,0
BRDA:180,8,0,1
BRDA:180,8,1,0
BRF:18
BRH:11
end_of_record
TN:
SF:hooks/useCashuMintCompletion.ts
FN:24,useCashuMintCompletion
FN:35,(anonymous_1)
FN:55,(anonymous_2)
FN:68,(anonymous_3)
FNF:4
FNH:2
FNDA:7,useCashuMintCompletion
FNDA:6,(anonymous_1)
FNDA:0,(anonymous_2)
FNDA:0,(anonymous_3)
DA:32,7
DA:33,7
DA:35,7
DA:36,6
DA:43,6
DA:44,6
DA:47,0
DA:48,0
DA:49,0
DA:52,0
DA:53,0
DA:55,0
DA:56,0
DA:57,0
DA:58,0
DA:59,0
DA:60,0
DA:63,0
DA:64,0
DA:65,0
DA:67,0
DA:68,0
DA:69,0
DA:70,0
DA:71,0
DA:72,0
DA:73,0
DA:75,0
DA:78,0
DA:79,0
DA:81,0
DA:82,0
DA:85,0
DA:86,0
DA:90,0
DA:91,0
DA:93,0
DA:94,0
DA:96,0
DA:97,0
DA:98,0
DA:101,0
DA:102,0
DA:103,0
DA:104,0
DA:108,0
DA:111,7
LF:47
LH:7
BRDA:43,0,0,6
BRDA:43,0,1,0
BRDA:43,1,0,6
BRDA:43,1,1,1
BRDA:47,2,0,0
BRDA:47,2,1,0
BRDA:67,3,0,0
BRDA:67,3,1,0
BRDA:71,4,0,0
BRDA:71,4,1,0
BRDA:71,5,0,0
BRDA:71,5,1,0
BRDA:78,6,0,0
BRDA:78,6,1,0
BRDA:85,7,0,0
BRDA:85,7,1,0
BRDA:101,8,0,0
BRDA:101,8,1,0
BRF:18
BRH:3
end_of_record
TN:
SF:hooks/useCashuReceive.ts
FN:46,useCashuReceive
FN:61,(anonymous_1)
FN:64,(anonymous_2)
FN:72,(anonymous_3)
FN:80,(anonymous_4)
FN:83,(anonymous_5)
FN:102,(anonymous_6)
FN:115,(anonymous_7)
FN:125,(anonymous_8)
FN:161,(anonymous_9)
FN:165,(anonymous_10)
FN:169,(anonymous_11)
FNF:12
FNH:12
FNDA:55,useCashuReceive
FNDA:34,(anonymous_1)
FNDA:4,(anonymous_2)
FNDA:1,(anonymous_3)
FNDA:1,(anonymous_4)
FNDA:9,(anonymous_5)
FNDA:4,(anonymous_6)
FNDA:1,(anonymous_7)
FNDA:3,(anonymous_8)
FNDA:2,(anonymous_9)
FNDA:1,(anonymous_10)
FNDA:1,(anonymous_11)
DA:53,55
DA:54,55
DA:55,55
DA:56,55
DA:57,55
DA:58,55
DA:61,55
DA:62,34
DA:64,5
DA:65,4
DA:66,4
DA:67,3
DA:68,2
DA:69,2
DA:72,1
DA:76,1
DA:80,5
DA:83,55
DA:84,9
DA:85,9
DA:86,2
DA:87,2
DA:90,7
DA:91,7
DA:92,7
DA:93,6
DA:95,1
DA:96,1
DA:98,7
DA:102,55
DA:103,4
DA:104,1
DA:105,1
DA:108,3
DA:109,3
DA:110,3
DA:111,3
DA:112,2
DA:115,1
DA:118,1
DA:119,1
DA:121,3
DA:125,55
DA:126,3
DA:127,3
DA:128,1
DA:129,1
DA:132,2
DA:133,2
DA:134,2
DA:136,1
DA:154,1
DA:155,1
DA:157,2
DA:161,55
DA:162,2
DA:163,1
DA:164,1
DA:165,1
DA:169,55
DA:170,1
DA:171,1
DA:174,55
LF:63
LH:63
BRDA:53,0,0,55
BRDA:53,0,1,55
BRDA:62,1,0,29
BRDA:62,1,1,5
BRDA:62,2,0,34
BRDA:62,2,1,11
BRDA:67,3,0,2
BRDA:67,3,1,1
BRDA:76,4,0,1
BRDA:76,4,1,0
BRDA:85,5,0,2
BRDA:85,5,1,7
BRDA:85,6,0,9
BRDA:85,6,1,7
BRDA:95,7,0,1
BRDA:95,7,1,0
BRDA:96,8,0,1
BRDA:96,8,1,0
BRDA:103,9,0,1
BRDA:103,9,1,3
BRDA:118,10,0,1
BRDA:118,10,1,0
BRDA:119,11,0,1
BRDA:119,11,1,0
BRDA:127,12,0,1
BRDA:127,12,1,2
BRDA:127,13,0,3
BRDA:127,13,1,2
BRDA:154,14,0,1
BRDA:154,14,1,0
BRDA:155,15,0,1
BRDA:155,15,1,0
BRDA:162,16,0,1
BRDA:162,16,1,1
BRF:34
BRH:27
end_of_record
TN:
SF:hooks/useCashuSendHandlers.ts
FN:35,useCashuSendHandlers
FN:48,(anonymous_1)
FN:72,(anonymous_2)
FN:85,(anonymous_3)
FN:114,(anonymous_4)
FN:127,(anonymous_5)
FNF:6
FNH:6
FNDA:20,useCashuSendHandlers
FNDA:6,(anonymous_1)
FNDA:3,(anonymous_2)
FNDA:6,(anonymous_3)
FNDA:4,(anonymous_4)
FNDA:1,(anonymous_5)
DA:48,20
DA:49,6
DA:50,6
DA:51,3
DA:52,3
DA:55,3
DA:56,1
DA:57,1
DA:60,2
DA:61,2
DA:62,2
DA:63,1
DA:65,1
DA:66,1
DA:68,2
DA:72,20
DA:73,3
DA:75,2
DA:76,2
DA:81,1
DA:85,20
DA:86,6
DA:87,6
DA:88,1
DA:89,1
DA:92,5
DA:93,1
DA:94,1
DA:97,4
DA:98,1
DA:99,1
DA:102,3
DA:103,3
DA:104,3
DA:105,2
DA:107,1
DA:108,1
DA:110,3
DA:114,20
DA:115,4
DA:117,3
DA:118,3
DA:119,3
DA:121,2
DA:127,1
DA:132,1
DA:133,1
DA:134,1
DA:136,3
DA:140,20
LF:50
LH:50
BRDA:50,0,0,3
BRDA:50,0,1,3
BRDA:50,1,0,6
BRDA:50,1,1,4
BRDA:55,2,0,1
BRDA:55,2,1,2
BRDA:65,3,0,1
BRDA:65,3,1,0
BRDA:66,4,0,1
BRDA:66,4,1,0
BRDA:73,5,0,1
BRDA:73,5,1,2
BRDA:81,6,0,1
BRDA:81,6,1,0
BRDA:87,7,0,1
BRDA:87,7,1,5
BRDA:87,8,0,6
BRDA:87,8,1,5
BRDA:92,9,0,1
BRDA:92,9,1,4
BRDA:97,10,0,1
BRDA:97,10,1,3
BRDA:107,11,0,1
BRDA:107,11,1,0
BRDA:108,12,0,1
BRDA:108,12,1,0
BRDA:115,13,0,1
BRDA:115,13,1,3
BRDA:132,14,0,1
BRDA:132,14,1,0
BRDA:133,15,0,1
BRDA:133,15,1,0
BRF:32
BRH:25
end_of_record
TN:
SF:hooks/useCashuSendReceive.ts
FN:27,useCashuSendReceive
FN:31,(anonymous_1)
FN:54,(anonymous_2)
FNF:3
FNH:3
FNDA:7,useCashuSendReceive
FNDA:3,(anonymous_1)
FNDA:3,(anonymous_2)
DA:31,7
DA:32,3
DA:33,3
DA:35,3
DA:36,3
DA:37,3
DA:38,1
DA:39,1
DA:40,1
DA:42,2
DA:43,2
DA:44,2
DA:45,2
DA:47,3
DA:54,7
DA:55,3
DA:56,3
DA:58,3
DA:59,3
DA:60,3
DA:61,1
DA:62,1
DA:63,1
DA:65,2
DA:66,2
DA:67,2
DA:68,2
DA:70,3
DA:74,7
LF:29
LH:29
BRDA:42,0,0,2
BRDA:42,0,1,0
BRDA:65,1,0,2
BRDA:65,1,1,0
BRF:4
BRH:2
end_of_record
TN:
SF:hooks/useClaimNotifications.ts
FN:48,useClaimNotifications
FN:56,(anonymous_1)
FN:91,(anonymous_2)
FN:133,(anonymous_3)
FNF:4
FNH:4
FNDA:9,useClaimNotifications
FNDA:9,(anonymous_1)
FNDA:4,(anonymous_2)
FNDA:1,(anonymous_3)
DA:54,9
DA:56,9
DA:57,9
DA:62,9
DA:63,1
DA:64,1
DA:70,1
DA:71,8
DA:72,6
DA:74,6
DA:75,6
DA:82,6
DA:83,5
DA:84,5
DA:85,5
DA:86,5
DA:87,5
DA:89,5
DA:90,5
DA:91,5
DA:92,4
DA:93,4
DA:94,4
DA:95,4
DA:96,4
DA:97,4
DA:98,4
DA:99,4
DA:101,4
DA:102,1
DA:103,1
DA:108,1
DA:112,3
DA:113,3
DA:114,3
DA:116,3
DA:117,3
DA:118,2
DA:120,2
DA:121,2
DA:122,2
DA:126,2
DA:127,2
DA:130,2
DA:131,1
DA:133,1
DA:134,1
DA:135,1
DA:140,1
DA:141,1
DA:148,1
DA:149,1
DA:159,6
DA:161,6
DA:162,1
LF:55
LH:55
BRDA:62,0,0,1
BRDA:62,0,1,8
BRDA:71,1,0,6
BRDA:71,1,1,2
BRDA:82,2,0,5
BRDA:82,2,1,1
BRDA:84,3,0,5
BRDA:84,3,1,0
BRDA:101,4,0,1
BRDA:101,4,1,3
BRDA:120,5,0,2
BRDA:120,5,1,0
BRDA:130,6,0,1
BRDA:130,6,1,1
BRDA:148,7,0,1
BRDA:148,7,1,0
BRDA:161,8,0,1
BRDA:161,8,1,5
BRF:18
BRH:15
end_of_record
TN:
SF:hooks/useConfirmationHandlers.ts
FN:34,useConfirmationHandlers
FN:41,(anonymous_1)
FN:47,(anonymous_2)
FN:62,(anonymous_3)
FN:75,(anonymous_4)
FN:87,(anonymous_5)
FN:95,(anonymous_6)
FNF:7
FNH:7
FNDA:14,useConfirmationHandlers
FNDA:2,(anonymous_1)
FNDA:3,(anonymous_2)
FNDA:3,(anonymous_3)
FNDA:3,(anonymous_4)
FNDA:2,(anonymous_5)
FNDA:2,(anonymous_6)
DA:41,14
DA:42,2
DA:43,1
DA:47,14
DA:48,3
DA:49,2
DA:50,2
DA:51,2
DA:56,1
DA:57,1
DA:62,14
DA:63,3
DA:64,2
DA:65,2
DA:66,2
DA:67,1
DA:69,1
DA:70,1
DA:75,14
DA:76,3
DA:77,2
DA:78,2
DA:79,2
DA:81,1
DA:82,1
DA:87,14
DA:89,2
DA:90,1
DA:95,2
DA:96,2
DA:100,14
LF:31
LH:31
BRDA:42,0,0,1
BRDA:42,0,1,1
BRDA:48,1,0,2
BRDA:48,1,1,1
BRDA:56,2,0,1
BRDA:56,2,1,0
BRDA:63,3,0,2
BRDA:63,3,1,1
BRDA:69,4,0,1
BRDA:69,4,1,0
BRDA:76,5,0,2
BRDA:76,5,1,1
BRDA:81,6,0,1
BRDA:81,6,1,0
BRDA:89,7,0,1
BRDA:89,7,1,1
BRF:16
BRH:13
end_of_record
TN:
SF:hooks/useConfirmationParams.ts
FN:34,useConfirmationParams
FN:35,(anonymous_1)
FNF:2
FNH:2
FNDA:13,useConfirmationParams
FNDA:12,(anonymous_1)
DA:35,13
DA:36,12
DA:52,12
DA:54,12
DA:66,13
LF:5
LH:5
BRF:0
BRH:0
end_of_record
TN:
SF:hooks/useEcashBalanceCheck.ts
FN:21,useEcashBalanceCheck
FN:30,(anonymous_1)
FN:31,(anonymous_2)
FN:88,(anonymous_3)
FNF:4
FNH:4
FNDA:29,useEcashBalanceCheck
FNDA:18,(anonymous_1)
FNDA:18,(anonymous_2)
FNDA:2,(anonymous_3)
DA:10,1
DA:11,1
DA:26,29
DA:27,29
DA:28,29
DA:30,29
DA:31,18
DA:33,18
DA:34,3
DA:38,15
DA:39,15
DA:40,14
DA:41,2
DA:42,2
DA:43,1
DA:44,1
DA:45,1
DA:49,1
DA:53,14
DA:54,14
DA:56,14
DA:63,14
DA:64,11
DA:67,11
DA:68,9
DA:69,9
DA:72,9
DA:73,9
DA:75,1
DA:78,2
DA:82,14
DA:85,18
DA:88,29
DA:89,2
DA:92,29
LF:35
LH:35
BRDA:33,0,0,3
BRDA:33,0,1,15
BRDA:33,1,0,18
BRDA:33,1,1,17
BRDA:33,1,2,16
BRDA:40,2,0,2
BRDA:40,2,1,12
BRDA:42,3,0,1
BRDA:42,3,1,1
BRDA:49,4,0,1
BRDA:49,4,1,0
BRDA:53,5,0,14
BRDA:53,5,1,1
BRDA:63,6,0,11
BRDA:63,6,1,3
BRDA:67,7,0,9
BRDA:67,7,1,2
BRDA:75,8,0,1
BRDA:75,8,1,0
BRDA:96,9,0,29
BRDA:96,9,1,3
BRDA:97,10,0,29
BRDA:97,10,1,1
BRF:23
BRH:21
end_of_record
TN:
SF:hooks/useEcashThresholdManager.ts
FN:44,useEcashThresholdManager
FN:64,(anonymous_1)
FN:68,(anonymous_2)
FN:107,(anonymous_3)
FN:146,(anonymous_4)
FN:157,(anonymous_5)
FN:192,(anonymous_6)
FNF:7
FNH:3
FNDA:25,useEcashThresholdManager
FNDA:2,(anonymous_1)
FNDA:9,(anonymous_2)
FNDA:0,(anonymous_3)
FNDA:0,(anonymous_4)
FNDA:0,(anonymous_5)
FNDA:0,(anonymous_6)
DA:55,25
DA:58,25
DA:59,25
DA:60,25
DA:61,25
DA:62,25
DA:64,25
DA:65,2
DA:68,25
DA:69,9
DA:72,9
DA:73,3
DA:74,3
DA:78,6
DA:80,6
DA:81,6
DA:83,6
DA:85,4
DA:88,4
DA:90,4
DA:97,4
DA:98,4
DA:99,4
DA:100,4
DA:103,2
DA:107,25
DA:108,0
DA:113,0
DA:116,0
DA:117,0
DA:121,0
DA:122,0
DA:123,0
DA:125,0
DA:127,0
DA:128,0
DA:130,0
DA:131,0
DA:132,0
DA:135,0
DA:136,0
DA:139,0
DA:140,0
DA:141,0
DA:146,0
DA:147,0
DA:148,0
DA:149,0
DA:150,0
DA:151,0
DA:153,0
DA:157,0
DA:158,0
DA:159,0
DA:160,0
DA:161,0
DA:163,0
DA:165,0
DA:166,0
DA:168,0
DA:180,0
DA:182,0
DA:183,0
DA:187,0
DA:188,0
DA:192,25
DA:193,0
DA:197,0
DA:200,0
DA:201,0
DA:204,0
DA:205,0
DA:207,0
DA:210,0
DA:224,0
DA:229,0
DA:230,0
DA:234,25
LF:78
LH:28
BRDA:72,0,0,3
BRDA:72,0,1,6
BRDA:72,1,0,9
BRDA:72,1,1,7
BRDA:78,2,0,6
BRDA:78,2,1,2
BRDA:80,3,0,5
BRDA:80,3,1,1
BRDA:80,4,0,6
BRDA:80,4,1,6
BRDA:81,5,0,1
BRDA:81,5,1,5
BRDA:83,6,0,4
BRDA:83,6,1,2
BRDA:83,7,0,6
BRDA:83,7,1,4
BRDA:116,8,0,0
BRDA:116,8,1,0
BRDA:139,9,0,0
BRDA:139,9,1,0
BRDA:160,10,0,0
BRDA:160,10,1,0
BRDA:182,11,0,0
BRDA:182,11,1,0
BRDA:183,12,0,0
BRDA:183,12,1,0
BRDA:187,13,0,0
BRDA:187,13,1,0
BRDA:188,14,0,0
BRDA:188,14,1,0
BRDA:207,15,0,0
BRDA:207,15,1,0
BRDA:229,16,0,0
BRDA:229,16,1,0
BRDA:230,17,0,0
BRDA:230,17,1,0
BRF:36
BRH:16
end_of_record
TN:
SF:hooks/useFormattedBalances.ts
FN:28,(anonymous_0)
FN:36,(anonymous_1)
FN:38,(anonymous_2)
FN:45,(anonymous_3)
FN:52,(anonymous_4)
FNF:5
FNH:5
FNDA:7,(anonymous_0)
FNDA:6,(anonymous_1)
FNDA:18,(anonymous_2)
FNDA:18,(anonymous_3)
FNDA:6,(anonymous_4)
DA:28,1
DA:36,7
DA:38,6
DA:39,18
DA:45,6
DA:46,18
DA:52,6
DA:53,6
DA:58,6
DA:60,6
LF:10
LH:10
BRDA:29,0,0,3
BRDA:30,1,0,5
BRDA:31,2,0,4
BRDA:32,3,0,4
BRDA:33,4,0,5
BRDA:34,5,0,3
BRDA:58,6,0,6
BRDA:58,6,1,0
BRF:8
BRH:7
end_of_record
TN:
SF:hooks/useFuseEcash.ts
FN:35,useFuseEcash
FN:41,(anonymous_1)
FN:54,(anonymous_2)
FN:79,(anonymous_3)
FN:83,(anonymous_4)
FN:85,(anonymous_5)
FNF:6
FNH:2
FNDA:13,useFuseEcash
FNDA:6,(anonymous_1)
FNDA:0,(anonymous_2)
FNDA:0,(anonymous_3)
FNDA:0,(anonymous_4)
FNDA:0,(anonymous_5)
DA:41,13
DA:42,6
DA:43,1
DA:44,1
DA:47,5
DA:55,0
DA:57,0
DA:60,0
DA:63,0
DA:66,0
DA:67,0
DA:69,0
DA:72,0
DA:73,0
DA:74,0
DA:76,0
DA:77,0
DA:78,0
DA:79,0
DA:81,0
DA:83,0
DA:84,0
DA:85,0
DA:86,0
DA:88,0
DA:90,0
DA:91,0
DA:92,0
DA:93,0
DA:96,0
DA:97,0
DA:100,0
DA:103,0
DA:105,0
DA:106,0
DA:108,0
DA:114,0
DA:122,13
LF:38
LH:6
BRDA:42,0,0,1
BRDA:42,0,1,5
BRDA:76,1,0,0
BRDA:76,1,1,0
BRDA:88,2,0,0
BRDA:88,2,1,0
BRDA:91,3,0,0
BRDA:91,3,1,0
BRDA:100,4,0,0
BRDA:100,4,1,0
BRDA:105,5,0,0
BRDA:105,5,1,0
BRDA:114,6,0,0
BRDA:114,6,1,0
BRF:14
BRH:2
end_of_record
TN:
SF:hooks/useKeyboard.ts
FN:14,(anonymous_0)
FN:18,(anonymous_1)
FN:22,(anonymous_2)
FN:27,(anonymous_3)
FN:32,(anonymous_4)
FNF:5
FNH:4
FNDA:15,(anonymous_0)
FNDA:7,(anonymous_1)
FNDA:6,(anonymous_2)
FNDA:2,(anonymous_3)
FNDA:0,(anonymous_4)
DA:14,1
DA:15,15
DA:16,15
DA:18,15
DA:19,7
DA:20,7
DA:22,7
DA:23,6
DA:24,6
DA:27,7
DA:28,2
DA:29,2
DA:32,7
DA:33,0
DA:34,0
DA:38,15
LF:16
LH:14
BRDA:19,0,0,6
BRDA:19,0,1,1
BRDA:20,1,0,6
BRDA:20,1,1,1
BRF:4
BRH:4
end_of_record
TN:
SF:hooks/useNavigationState.ts
FN:19,useNavigationState
FN:24,(anonymous_1)
FN:54,(anonymous_2)
FNF:3
FNH:3
FNDA:16,useNavigationState
FNDA:15,(anonymous_1)
FNDA:14,(anonymous_2)
DA:20,16
DA:21,16
DA:22,16
DA:24,16
DA:26,15
DA:27,3
DA:31,12
DA:32,1
DA:36,11
DA:37,2
DA:41,9
DA:42,2
DA:46,7
DA:47,1
DA:51,6
DA:54,16
DA:56,14
DA:59,16
LF:18
LH:18
BRDA:26,0,0,3
BRDA:26,0,1,12
BRDA:31,1,0,1
BRDA:31,1,1,11
BRDA:31,2,0,12
BRDA:31,2,1,12
BRDA:36,3,0,2
BRDA:36,3,1,9
BRDA:36,4,0,11
BRDA:36,4,1,4
BRDA:41,5,0,2
BRDA:41,5,1,7
BRDA:46,6,0,1
BRDA:46,6,1,6
BRDA:46,7,0,7
BRDA:46,7,1,1
BRDA:46,7,2,1
BRDA:56,8,0,14
BRDA:56,8,1,4
BRF:19
BRH:19
end_of_record
TN:
SF:hooks/useNotifications.ts
FN:14,(anonymous_0)
FN:30,useNotifications
FN:34,(anonymous_2)
FN:43,(anonymous_3)
FN:48,(anonymous_4)
FN:51,(anonymous_5)
FN:64,(anonymous_6)
FN:97,(anonymous_7)
FNF:8
FNH:5
FNDA:1,(anonymous_0)
FNDA:13,useNotifications
FNDA:13,(anonymous_2)
FNDA:0,(anonymous_3)
FNDA:0,(anonymous_4)
FNDA:0,(anonymous_5)
FNDA:19,(anonymous_6)
FNDA:5,(anonymous_7)
DA:13,1
DA:14,1
DA:31,13
DA:32,13
DA:34,13
DA:36,13
DA:42,13
DA:47,13
DA:51,13
DA:52,0
DA:53,0
DA:55,0
DA:56,0
DA:64,13
DA:65,19
DA:66,19
DA:67,17
DA:69,17
DA:70,4
DA:71,4
DA:74,17
DA:75,2
DA:79,15
DA:80,2
DA:88,15
DA:90,2
DA:97,13
DA:103,5
DA:120,13
LF:29
LH:25
BRDA:52,0,0,0
BRDA:52,0,1,0
BRDA:55,1,0,0
BRDA:55,1,1,0
BRDA:69,2,0,4
BRDA:69,2,1,13
BRDA:74,3,0,2
BRDA:74,3,1,15
BRDA:79,4,0,2
BRDA:79,4,1,13
BRDA:101,5,0,1
BRF:11
BRH:7
end_of_record
TN:
SF:hooks/useOnboardingHandlers.ts
FN:43,useOnboardingHandlers
FN:64,(anonymous_1)
FN:98,(anonymous_2)
FN:131,(anonymous_3)
FN:137,(anonymous_4)
FNF:5
FNH:5
FNDA:10,useOnboardingHandlers
FNDA:7,(anonymous_1)
FNDA:1,(anonymous_2)
FNDA:1,(anonymous_3)
FNDA:1,(anonymous_4)
DA:64,10
DA:65,7
DA:72,7
DA:73,2
DA:74,2
DA:75,1
DA:76,1
DA:81,6
DA:82,5
DA:83,5
DA:84,5
DA:87,5
DA:90,5
DA:91,5
DA:97,5
DA:98,5
DA:99,1
DA:103,5
DA:106,5
DA:107,4
DA:108,3
DA:109,3
DA:115,4
DA:116,3
DA:117,3
DA:122,5
DA:125,1
DA:126,1
DA:131,10
DA:132,1
DA:133,1
DA:137,10
DA:138,1
DA:139,1
DA:140,1
DA:141,1
DA:142,1
DA:143,1
DA:145,1
DA:148,10
LF:40
LH:40
BRDA:72,0,0,2
BRDA:72,0,1,5
BRDA:74,1,0,1
BRDA:74,1,1,1
BRDA:81,2,0,5
BRDA:81,2,1,1
BRDA:81,3,0,6
BRDA:81,3,1,5
BRDA:106,4,0,4
BRDA:106,4,1,1
BRDA:106,5,0,5
BRDA:106,5,1,4
BRDA:107,6,0,3
BRDA:107,6,1,1
BRDA:115,7,0,3
BRDA:115,7,1,1
BRF:16
BRH:16
end_of_record
TN:
SF:hooks/usePasskeyCreation.ts
FN:38,usePasskeyCreation
FN:57,(anonymous_1)
FN:77,(anonymous_2)
FN:100,(anonymous_3)
FN:102,(anonymous_4)
FN:123,(anonymous_5)
FN:162,(anonymous_6)
FN:180,(anonymous_7)
FNF:8
FNH:8
FNDA:52,usePasskeyCreation
FNDA:5,(anonymous_1)
FNDA:20,(anonymous_2)
FNDA:6,(anonymous_3)
FNDA:2,(anonymous_4)
FNDA:6,(anonymous_5)
FNDA:1,(anonymous_6)
FNDA:1,(anonymous_7)
DA:44,52
DA:45,52
DA:46,52
DA:47,52
DA:48,52
DA:49,52
DA:50,52
DA:51,52
DA:52,52
DA:57,52
DA:58,5
DA:60,5
DA:61,3
DA:62,1
DA:63,1
DA:67,2
DA:68,2
DA:70,2
DA:77,52
DA:78,20
DA:80,20
DA:81,4
DA:82,4
DA:86,16
DA:87,7
DA:88,1
DA:89,1
DA:90,1
DA:91,1
DA:92,1
DA:96,6
DA:97,6
DA:100,6
DA:101,6
DA:103,2
DA:104,2
DA:105,2
DA:106,2
DA:107,2
DA:108,2
DA:109,2
DA:113,9
DA:116,0
DA:123,52
DA:124,6
DA:128,6
DA:129,6
DA:130,6
DA:133,6
DA:140,4
DA:144,4
DA:147,4
DA:148,4
DA:151,4
DA:152,4
DA:153,4
DA:154,4
DA:155,4
DA:158,4
DA:161,4
DA:162,1
DA:163,1
DA:164,1
DA:171,2
DA:173,6
DA:180,52
DA:181,1
DA:182,1
DA:183,1
DA:184,1
DA:185,1
DA:186,1
DA:187,1
DA:188,1
DA:191,52
LF:75
LH:74
BRDA:61,0,0,1
BRDA:61,0,1,2
BRDA:70,1,0,2
BRDA:70,1,1,1
BRDA:70,2,0,2
BRDA:70,2,1,0
BRDA:80,3,0,4
BRDA:80,3,1,16
BRDA:80,4,0,20
BRDA:80,4,1,18
BRDA:86,5,0,7
BRDA:86,5,1,9
BRDA:87,6,0,1
BRDA:87,6,1,6
BRDA:105,7,0,2
BRDA:105,7,1,1
BRDA:105,8,0,2
BRDA:105,8,1,0
BRDA:116,9,0,0
BRDA:116,9,1,0
BRDA:116,10,0,0
BRDA:116,10,1,0
BRDA:128,11,0,6
BRDA:128,11,1,0
BRDA:161,12,0,1
BRDA:161,12,1,3
BRDA:163,13,0,1
BRDA:163,13,1,0
BRF:28
BRH:20
end_of_record
TN:
SF:hooks/usePasskeyRestore.ts
FN:30,usePasskeyRestore
FN:44,(anonymous_1)
FN:70,(anonymous_2)
FN:117,(anonymous_3)
FNF:4
FNH:4
FNDA:33,usePasskeyRestore
FNDA:6,(anonymous_1)
FNDA:8,(anonymous_2)
FNDA:1,(anonymous_3)
DA:36,33
DA:37,33
DA:38,33
DA:39,33
DA:44,33
DA:45,6
DA:47,6
DA:48,4
DA:49,1
DA:50,1
DA:54,3
DA:55,3
DA:56,1
DA:57,1
DA:61,2
DA:63,2
DA:70,33
DA:71,8
DA:72,8
DA:75,8
DA:76,4
DA:77,4
DA:78,4
DA:82,4
DA:85,1
DA:86,0
DA:88,0
DA:89,0
DA:90,0
DA:94,0
DA:97,0
DA:98,0
DA:101,0
DA:102,0
DA:103,0
DA:105,0
DA:107,4
DA:108,4
DA:110,8
DA:117,33
DA:118,1
DA:119,1
DA:120,1
DA:121,1
DA:124,33
LF:45
LH:34
BRDA:48,0,0,1
BRDA:48,0,1,3
BRDA:55,1,0,1
BRDA:55,1,1,2
BRDA:63,2,0,2
BRDA:63,2,1,1
BRDA:63,3,0,2
BRDA:63,3,1,0
BRDA:75,4,0,4
BRDA:75,4,1,4
BRDA:75,5,0,8
BRDA:75,5,1,6
BRDA:107,6,0,4
BRDA:107,6,1,1
BRDA:107,7,0,3
BRDA:107,7,1,1
BRF:16
BRH:15
end_of_record
TN:
SF:hooks/usePendingTransactionsStorage.ts
FN:20,(anonymous_0)
FN:25,(anonymous_1)
FN:38,(anonymous_2)
FN:48,(anonymous_3)
FN:61,(anonymous_4)
FN:71,(anonymous_5)
FNF:6
FNH:6
FNDA:123,(anonymous_0)
FNDA:40,(anonymous_1)
FNDA:30,(anonymous_2)
FNDA:40,(anonymous_3)
FNDA:9,(anonymous_4)
FNDA:41,(anonymous_5)
DA:20,7
DA:21,123
DA:22,123
DA:25,123
DA:26,40
DA:27,40
DA:28,40
DA:29,38
DA:30,4
DA:33,2
DA:38,123
DA:39,30
DA:40,30
DA:41,30
DA:43,2
DA:48,123
DA:49,40
DA:50,40
DA:51,40
DA:52,38
DA:53,2
DA:56,2
DA:61,123
DA:62,9
DA:63,9
DA:64,9
DA:66,2
DA:71,123
DA:72,41
DA:74,40
DA:75,40
DA:77,40
DA:78,40
DA:79,40
DA:84,123
LF:35
LH:35
BRDA:29,0,0,4
BRDA:29,0,1,34
BRDA:33,1,0,2
BRDA:33,1,1,0
BRDA:43,2,0,2
BRDA:43,2,1,0
BRDA:52,3,0,2
BRDA:52,3,1,36
BRDA:56,4,0,2
BRDA:56,4,1,0
BRDA:66,5,0,2
BRDA:66,5,1,0
BRDA:72,6,0,40
BRDA:72,6,1,1
BRDA:72,7,0,41
BRDA:72,7,1,41
BRF:16
BRH:12
end_of_record
TN:
SF:hooks/usePersistedState.ts
FN:25,usePersistedState
FN:45,(anonymous_1)
FN:48,(anonymous_2)
FN:94,(anonymous_3)
FN:101,(anonymous_4)
FN:104,(anonymous_5)
FN:130,(anonymous_6)
FN:155,usePersistedObject
FN:167,(anonymous_8)
FN:170,(anonymous_9)
FN:173,(anonymous_10)
FN:192,usePersistedArray
FN:201,(anonymous_12)
FN:202,(anonymous_13)
FN:208,(anonymous_14)
FN:209,(anonymous_15)
FN:209,(anonymous_16)
FN:215,(anonymous_17)
FN:216,(anonymous_18)
FN:217,(anonymous_19)
FN:224,(anonymous_20)
FNF:21
FNH:21
FNDA:271,usePersistedState
FNDA:100,(anonymous_1)
FNDA:100,(anonymous_2)
FNDA:1,(anonymous_3)
FNDA:271,(anonymous_4)
FNDA:125,(anonymous_5)
FNDA:26,(anonymous_6)
FNDA:225,usePersistedObject
FNDA:252,(anonymous_8)
FNDA:1,(anonymous_9)
FNDA:251,(anonymous_10)
FNDA:14,usePersistedArray
FNDA:1,(anonymous_12)
FNDA:1,(anonymous_13)
FNDA:1,(anonymous_14)
FNDA:1,(anonymous_15)
FNDA:2,(anonymous_16)
FNDA:1,(anonymous_17)
FNDA:1,(anonymous_18)
FNDA:2,(anonymous_19)
FNDA:1,(anonymous_20)
DA:37,271
DA:39,271
DA:40,271
DA:41,271
DA:42,271
DA:45,271
DA:46,100
DA:48,100
DA:49,100
DA:50,100
DA:52,100
DA:53,100
DA:55,95
DA:56,16
DA:59,16
DA:60,16
DA:61,10
DA:62,10
DA:63,10
DA:64,10
DA:65,27
DA:66,24
DA:70,16
DA:72,16
DA:73,1
DA:77,5
DA:78,2
DA:81,5
DA:82,1
DA:85,100
DA:86,100
DA:87,100
DA:92,100
DA:94,100
DA:95,1
DA:101,271
DA:102,271
DA:104,125
DA:105,125
DA:106,125
DA:107,125
DA:109,121
DA:110,2
DA:113,4
DA:114,4
DA:117,4
DA:118,2
DA:123,125
DA:130,271
DA:131,26
DA:132,26
DA:133,25
DA:135,25
DA:136,0
DA:139,1
DA:140,1
DA:143,1
DA:144,1
DA:149,271
DA:160,225
DA:166,225
DA:168,252
DA:170,1
DA:173,251
DA:179,225
DA:197,14
DA:199,14
DA:202,1
DA:209,2
DA:216,1
DA:217,2
DA:225,1
DA:231,14
LF:73
LH:72
BRDA:28,0,0,17
BRDA:31,1,0,268
BRDA:32,2,0,268
BRDA:36,3,0,54
BRDA:49,4,0,0
BRDA:49,4,1,100
BRDA:55,5,0,16
BRDA:55,5,1,79
BRDA:55,6,0,95
BRDA:55,6,1,16
BRDA:60,7,0,10
BRDA:60,7,1,6
BRDA:60,8,0,16
BRDA:60,8,1,12
BRDA:60,8,2,12
BRDA:60,8,3,10
BRDA:60,8,4,10
BRDA:60,8,5,10
BRDA:65,9,0,24
BRDA:65,9,1,3
BRDA:65,10,0,27
BRDA:65,10,1,24
BRDA:72,11,0,1
BRDA:72,11,1,15
BRDA:77,12,0,2
BRDA:77,12,1,3
BRDA:78,13,0,2
BRDA:78,13,1,0
BRDA:81,14,0,1
BRDA:81,14,1,4
BRDA:85,15,0,100
BRDA:85,15,1,0
BRDA:102,16,0,146
BRDA:102,16,1,125
BRDA:109,17,0,2
BRDA:109,17,1,119
BRDA:113,18,0,4
BRDA:113,18,1,0
BRDA:114,19,0,4
BRDA:114,19,1,0
BRDA:117,20,0,2
BRDA:117,20,1,2
BRDA:135,21,0,0
BRDA:135,21,1,25
BRDA:139,22,0,1
BRDA:139,22,1,0
BRDA:140,23,0,1
BRDA:140,23,1,0
BRDA:143,24,0,1
BRDA:143,24,1,0
BRDA:157,25,0,0
BRDA:158,26,0,8
BRDA:168,27,0,1
BRDA:168,27,1,251
BRDA:194,28,0,0
BRDA:195,29,0,14
BRDA:217,30,0,1
BRDA:217,30,1,1
BRF:58
BRH:47
end_of_record
TN:
SF:hooks/usePolling.ts
FN:21,(anonymous_0)
FN:26,(anonymous_1)
FN:30,(anonymous_2)
FN:39,(anonymous_3)
FN:44,(anonymous_4)
FN:51,(anonymous_5)
FNF:6
FNH:6
FNDA:7,(anonymous_0)
FNDA:7,(anonymous_1)
FNDA:6,(anonymous_2)
FNDA:4,(anonymous_3)
FNDA:1,(anonymous_4)
FNDA:6,(anonymous_5)
DA:21,5
DA:22,7
DA:23,7
DA:26,7
DA:27,7
DA:30,7
DA:31,6
DA:34,5
DA:35,2
DA:39,5
DA:40,4
DA:44,7
DA:45,1
DA:46,1
DA:47,1
DA:51,7
DA:52,6
DA:53,6
DA:56,7
LF:19
LH:19
BRDA:21,0,0,6
BRDA:21,1,0,1
BRDA:31,2,0,1
BRDA:31,2,1,5
BRDA:34,3,0,2
BRDA:34,3,1,3
BRDA:45,4,0,1
BRDA:45,4,1,0
BRF:8
BRH:7
end_of_record
TN:
SF:hooks/usePostAuthHandler.ts
FN:26,usePostAuthHandler
FN:38,(anonymous_1)
FNF:2
FNH:2
FNDA:17,usePostAuthHandler
FNDA:17,(anonymous_1)
DA:38,17
DA:40,17
DA:42,3
DA:43,3
DA:44,3
DA:48,14
DA:51,14
DA:53,13
DA:54,3
DA:55,3
DA:56,3
DA:57,3
DA:58,3
DA:62,10
DA:63,10
DA:64,1
DA:65,1
DA:66,1
DA:67,1
DA:71,9
DA:72,9
DA:73,4
DA:75,4
DA:76,4
DA:77,4
DA:78,3
DA:79,2
DA:80,2
DA:81,1
DA:83,2
DA:84,2
DA:86,1
DA:89,1
DA:91,4
DA:95,5
DA:96,1
DA:111,17
LF:37
LH:37
BRDA:40,0,0,3
BRDA:40,0,1,14
BRDA:53,1,0,3
BRDA:53,1,1,10
BRDA:63,2,0,1
BRDA:63,2,1,9
BRDA:72,3,0,4
BRDA:72,3,1,5
BRDA:78,4,0,2
BRDA:78,4,1,1
BRDA:80,5,0,1
BRDA:80,5,1,1
BRDA:80,6,0,2
BRDA:80,6,1,2
BRDA:95,7,0,1
BRDA:95,7,1,4
BRF:16
BRH:16
end_of_record
TN:
SF:hooks/usePriceChart.ts
FN:45,(anonymous_0)
FN:66,(anonymous_1)
FN:85,usePriceChart
FN:98,(anonymous_3)
FN:209,(anonymous_4)
FN:227,(anonymous_5)
FNF:6
FNH:5
FNDA:4,(anonymous_0)
FNDA:4,(anonymous_1)
FNDA:28,usePriceChart
FNDA:19,(anonymous_3)
FNDA:0,(anonymous_4)
FNDA:22,(anonymous_5)
DA:11,1
DA:12,1
DA:13,1
DA:39,1
DA:42,1
DA:45,1
DA:46,4
DA:48,0
DA:49,0
DA:51,0
DA:52,0
DA:56,0
DA:57,0
DA:60,0
DA:66,1
DA:67,4
DA:68,4
DA:69,4
DA:70,4
DA:72,4
DA:87,28
DA:88,28
DA:89,28
DA:91,28
DA:92,28
DA:95,28
DA:96,28
DA:98,28
DA:99,19
DA:100,19
DA:104,19
DA:105,19
DA:109,19
DA:110,15
DA:111,15
DA:112,15
DA:113,15
DA:114,15
DA:118,19
DA:119,4
DA:120,4
DA:121,4
DA:122,0
DA:123,0
DA:125,0
DA:126,0
DA:127,0
DA:128,0
DA:131,0
DA:140,19
DA:141,19
DA:142,0
DA:143,0
DA:147,19
DA:148,15
DA:149,15
DA:150,15
DA:151,15
DA:156,4
DA:157,4
DA:160,4
DA:170,4
DA:171,0
DA:172,0
DA:173,0
DA:174,0
DA:177,4
DA:178,0
DA:179,0
DA:180,0
DA:183,4
DA:185,4
DA:187,4
DA:190,4
DA:192,4
DA:193,4
DA:195,4
DA:198,4
DA:199,4
DA:203,4
DA:214,0
DA:218,0
DA:219,0
DA:222,19
DA:227,28
DA:228,22
DA:229,19
DA:231,3
DA:235,28
LF:89
LH:63
BRDA:45,0,0,0
BRDA:46,1,0,4
BRDA:46,1,1,0
BRDA:46,2,0,4
BRDA:46,2,1,4
BRDA:56,3,0,0
BRDA:56,3,1,0
BRDA:89,4,0,28
BRDA:89,4,1,24
BRDA:91,5,0,24
BRDA:91,5,1,4
BRDA:93,6,0,24
BRDA:93,6,1,4
BRDA:95,7,0,28
BRDA:95,7,1,4
BRDA:100,8,0,14
BRDA:100,8,1,5
BRDA:101,9,0,2
BRDA:101,9,1,3
BRDA:102,10,0,2
BRDA:102,10,1,1
BRDA:109,11,0,15
BRDA:109,11,1,4
BRDA:118,12,0,4
BRDA:118,12,1,15
BRDA:121,13,0,0
BRDA:121,13,1,4
BRDA:141,14,0,0
BRDA:141,14,1,19
BRDA:141,15,0,19
BRDA:141,15,1,0
BRDA:147,16,0,15
BRDA:147,16,1,4
BRDA:149,17,0,15
BRDA:149,17,1,0
BRDA:156,18,0,4
BRDA:156,18,1,0
BRDA:170,19,0,0
BRDA:170,19,1,4
BRDA:177,20,0,0
BRDA:177,20,1,4
BRDA:185,21,0,4
BRDA:185,21,1,0
BRDA:185,22,0,4
BRDA:185,22,1,4
BRDA:198,23,0,4
BRDA:198,23,1,0
BRDA:218,24,0,0
BRDA:218,24,1,0
BRDA:219,25,0,0
BRDA:219,25,1,0
BRDA:219,26,0,0
BRDA:219,26,1,0
BRDA:228,27,0,19
BRDA:228,27,1,3
BRF:55
BRH:36
end_of_record
TN:
SF:hooks/useQRCodeHandler.ts
FN:62,useQRCodeHandler
FN:70,(anonymous_1)
FN:81,(anonymous_2)
FN:124,(anonymous_3)
FN:141,(anonymous_4)
FN:142,(anonymous_5)
FN:146,(anonymous_6)
FN:167,(anonymous_7)
FNF:8
FNH:3
FNDA:24,useQRCodeHandler
FNDA:18,(anonymous_1)
FNDA:5,(anonymous_2)
FNDA:0,(anonymous_3)
FNDA:0,(anonymous_4)
FNDA:0,(anonymous_5)
FNDA:0,(anonymous_6)
FNDA:0,(anonymous_7)
DA:68,24
DA:70,24
DA:71,18
DA:72,18
DA:73,18
DA:76,18
DA:77,5
DA:81,5
DA:82,5
DA:86,13
DA:87,2
DA:89,2
DA:90,0
DA:92,0
DA:94,0
DA:97,0
DA:98,0
DA:103,0
DA:104,0
DA:105,0
DA:106,0
DA:111,0
DA:115,0
DA:116,0
DA:119,0
DA:122,0
DA:123,0
DA:124,0
DA:126,0
DA:130,0
DA:133,0
DA:134,0
DA:135,0
DA:138,0
DA:139,0
DA:141,0
DA:142,0
DA:143,0
DA:146,0
DA:148,0
DA:150,0
DA:155,0
DA:157,0
DA:168,0
DA:169,0
DA:172,0
DA:173,0
DA:179,0
DA:181,0
DA:182,0
DA:188,0
DA:189,0
DA:201,0
DA:202,0
DA:203,0
DA:210,2
DA:211,2
DA:217,2
DA:221,11
DA:222,2
DA:223,2
DA:224,2
DA:227,2
DA:228,1
DA:229,0
DA:230,0
DA:231,0
DA:233,0
DA:234,0
DA:235,0
DA:240,1
DA:242,1
DA:248,0
DA:255,1
DA:256,1
DA:262,2
DA:266,9
DA:267,6
DA:268,6
DA:271,6
DA:272,6
DA:273,2
DA:274,2
DA:278,4
DA:279,4
DA:281,2
DA:286,2
DA:287,0
DA:290,2
DA:291,2
DA:295,6
DA:297,4
DA:302,2
DA:305,0
DA:306,0
DA:308,6
DA:312,3
DA:313,3
DA:316,24
LF:99
LH:46
BRDA:76,0,0,5
BRDA:76,0,1,13
BRDA:76,1,0,18
BRDA:76,1,1,15
BRDA:76,1,2,14
BRDA:86,2,0,2
BRDA:86,2,1,11
BRDA:92,3,0,0
BRDA:92,3,1,0
BRDA:103,4,0,0
BRDA:103,4,1,0
BRDA:103,5,0,0
BRDA:103,5,1,0
BRDA:122,6,0,0
BRDA:122,6,1,0
BRDA:148,7,0,0
BRDA:148,7,1,0
BRDA:148,8,0,0
BRDA:148,8,1,0
BRDA:155,9,0,0
BRDA:155,9,1,0
BRDA:188,10,0,0
BRDA:188,10,1,0
BRDA:192,11,0,0
BRDA:192,11,1,0
BRDA:210,12,0,0
BRDA:210,12,1,2
BRDA:214,13,0,0
BRDA:214,13,1,2
BRDA:221,14,0,2
BRDA:221,14,1,9
BRDA:221,15,0,11
BRDA:221,15,1,10
BRDA:227,16,0,1
BRDA:227,16,1,1
BRDA:227,17,0,2
BRDA:227,17,1,1
BRDA:240,18,0,1
BRDA:240,18,1,0
BRDA:240,19,0,1
BRDA:240,19,1,1
BRDA:255,20,0,0
BRDA:255,20,1,1
BRDA:259,21,0,0
BRDA:259,21,1,1
BRDA:266,22,0,6
BRDA:266,22,1,3
BRDA:266,23,0,9
BRDA:266,23,1,7
BRDA:272,24,0,2
BRDA:272,24,1,4
BRDA:272,25,0,6
BRDA:272,25,1,2
BRDA:279,26,0,2
BRDA:279,26,1,2
BRDA:279,27,0,4
BRDA:279,27,1,2
BRDA:295,28,0,4
BRDA:295,28,1,2
BRDA:305,29,0,0
BRDA:305,29,1,0
BRDA:306,30,0,0
BRDA:306,30,1,0
BRF:63
BRH:36
end_of_record
TN:
SF:hooks/useQRScanner.ts
FN:28,useQRScanner
FN:39,(anonymous_1)
FN:54,(anonymous_2)
FN:83,(anonymous_3)
FN:105,(anonymous_4)
FN:115,(anonymous_5)
FN:133,(anonymous_6)
FN:139,(anonymous_7)
FN:166,(anonymous_8)
FNF:9
FNH:9
FNDA:74,useQRScanner
FNDA:30,(anonymous_1)
FNDA:32,(anonymous_2)
FNDA:11,(anonymous_3)
FNDA:3,(anonymous_4)
FNDA:2,(anonymous_5)
FNDA:15,(anonymous_6)
FNDA:15,(anonymous_7)
FNDA:6,(anonymous_8)
DA:29,74
DA:30,74
DA:31,74
DA:32,74
DA:33,74
DA:34,74
DA:35,74
DA:36,74
DA:39,74
DA:40,30
DA:41,3
DA:42,3
DA:43,3
DA:44,3
DA:45,3
DA:46,3
DA:47,3
DA:48,3
DA:49,1
DA:54,74
DA:55,32
DA:58,29
DA:59,29
DA:60,29
DA:61,1
DA:62,1
DA:66,28
DA:67,11
DA:68,11
DA:72,17
DA:73,17
DA:74,15
DA:75,15
DA:79,2
DA:80,2
DA:83,74
DA:84,11
DA:86,11
DA:87,11
DA:88,8
DA:89,8
DA:90,8
DA:92,7
DA:93,7
DA:94,6
DA:97,7
DA:98,7
DA:100,3
DA:102,3
DA:103,3
DA:105,3
DA:106,3
DA:108,3
DA:109,2
DA:110,2
DA:111,2
DA:113,2
DA:114,2
DA:115,2
DA:116,2
DA:117,2
DA:118,2
DA:119,2
DA:120,2
DA:125,1
DA:126,1
DA:127,1
DA:128,1
DA:129,1
DA:133,74
DA:134,15
DA:135,15
DA:136,15
DA:138,15
DA:139,15
DA:140,15
DA:141,15
DA:143,15
DA:144,7
DA:145,7
DA:146,10
DA:150,7
DA:151,7
DA:152,7
DA:153,1
DA:160,7
DA:161,1
DA:164,7
DA:165,7
DA:166,7
DA:167,6
DA:168,6
DA:169,6
DA:173,15
DA:177,74
DA:178,74
DA:180,74
LF:97
LH:97
BRDA:40,0,0,3
BRDA:40,0,1,27
BRDA:48,1,0,1
BRDA:48,1,1,2
BRDA:55,2,0,3
BRDA:55,2,1,29
BRDA:55,3,0,32
BRDA:55,3,1,30
BRDA:60,4,0,1
BRDA:60,4,1,28
BRDA:60,5,0,29
BRDA:60,5,1,1
BRDA:60,5,2,1
BRDA:66,6,0,11
BRDA:66,6,1,17
BRDA:73,7,0,15
BRDA:73,7,1,2
BRDA:87,8,0,8
BRDA:87,8,1,3
BRDA:93,9,0,6
BRDA:93,9,1,1
BRDA:98,10,0,0
BRDA:98,10,1,7
BRDA:106,11,0,2
BRDA:106,11,1,1
BRDA:108,12,0,2
BRDA:108,12,1,1
BRDA:113,13,0,0
BRDA:113,13,1,2
BRDA:125,14,0,1
BRDA:125,14,1,0
BRDA:143,15,0,7
BRDA:143,15,1,8
BRDA:146,16,0,10
BRDA:146,16,1,0
BRDA:152,17,0,1
BRDA:152,17,1,6
BRDA:160,18,0,1
BRDA:160,18,1,6
BRDA:164,19,0,0
BRDA:164,19,1,7
BRDA:177,20,0,22
BRDA:177,20,1,52
BRDA:178,21,0,74
BRDA:178,21,1,52
BRF:45
BRH:40
end_of_record
TN:
SF:hooks/useReceiveScreenAnimations.ts
FN:28,useReceiveScreenAnimations
FN:45,(anonymous_1)
FN:50,(anonymous_2)
FN:56,(anonymous_3)
FN:73,(anonymous_4)
FN:80,(anonymous_5)
FN:81,(anonymous_6)
FN:82,(anonymous_7)
FN:89,(anonymous_8)
FN:90,(anonymous_9)
FN:94,(anonymous_10)
FN:100,(anonymous_11)
FN:119,(anonymous_12)
FN:125,(anonymous_13)
FN:126,(anonymous_14)
FN:131,(anonymous_15)
FN:136,(anonymous_16)
FN:156,(anonymous_17)
FN:166,(anonymous_18)
FN:172,(anonymous_19)
FNF:20
FNH:15
FNDA:19,useReceiveScreenAnimations
FNDA:3,(anonymous_1)
FNDA:3,(anonymous_2)
FNDA:1,(anonymous_3)
FNDA:19,(anonymous_4)
FNDA:1,(anonymous_5)
FNDA:0,(anonymous_6)
FNDA:2,(anonymous_7)
FNDA:0,(anonymous_8)
FNDA:0,(anonymous_9)
FNDA:2,(anonymous_10)
FNDA:3,(anonymous_11)
FNDA:0,(anonymous_12)
FNDA:1,(anonymous_13)
FNDA:2,(anonymous_14)
FNDA:2,(anonymous_15)
FNDA:3,(anonymous_16)
FNDA:19,(anonymous_17)
FNDA:1,(anonymous_18)
FNDA:0,(anonymous_19)
DA:9,1
DA:10,1
DA:34,19
DA:35,19
DA:36,19
DA:37,19
DA:38,19
DA:39,19
DA:42,19
DA:43,19
DA:45,19
DA:46,3
DA:51,3
DA:52,3
DA:56,19
DA:57,1
DA:72,19
DA:73,19
DA:74,19
DA:78,19
DA:79,19
DA:80,1
DA:81,0
DA:84,2
DA:86,1
DA:87,1
DA:89,0
DA:92,0
DA:96,2
DA:97,1
DA:102,3
DA:103,2
DA:106,1
DA:118,19
DA:119,19
DA:120,0
DA:123,19
DA:124,19
DA:125,1
DA:128,2
DA:129,2
DA:132,2
DA:133,1
DA:137,3
DA:139,2
DA:140,0
DA:144,1
DA:155,19
DA:156,19
DA:157,19
DA:158,0
DA:159,0
DA:160,19
DA:161,0
DA:163,19
DA:166,19
DA:167,1
DA:168,1
DA:169,1
DA:172,19
DA:174,0
DA:175,0
DA:176,0
DA:178,0
DA:179,0
DA:182,19
LF:66
LH:53
BRDA:78,0,0,19
BRDA:78,0,1,0
BRDA:84,1,0,1
BRDA:84,1,1,1
BRDA:86,2,0,1
BRDA:86,2,1,1
BRDA:96,3,0,1
BRDA:96,3,1,1
BRDA:102,4,0,2
BRDA:102,4,1,1
BRDA:102,5,0,3
BRDA:102,5,1,2
BRDA:123,6,0,19
BRDA:123,6,1,0
BRDA:128,7,0,2
BRDA:128,7,1,1
BRDA:132,8,0,1
BRDA:132,8,1,1
BRDA:137,9,0,2
BRDA:137,9,1,1
BRDA:137,10,0,3
BRDA:137,10,1,2
BRDA:139,11,0,0
BRDA:139,11,1,2
BRDA:157,12,0,0
BRDA:157,12,1,19
BRDA:157,13,0,19
BRDA:157,13,1,17
BRDA:160,14,0,0
BRDA:160,14,1,19
BRDA:160,15,0,19
BRDA:160,15,1,2
BRF:32
BRH:27
end_of_record
TN:
SF:hooks/useRedeemCashuToken.ts
FN:35,useRedeemCashuToken
FN:36,(anonymous_1)
FN:44,(anonymous_2)
FN:77,(anonymous_3)
FN:108,redeemP2PKToken
FN:217,redeemRegularToken
FNF:6
FNH:3
FNDA:14,useRedeemCashuToken
FNDA:9,(anonymous_1)
FNDA:4,(anonymous_2)
FNDA:0,(anonymous_3)
FNDA:0,redeemP2PKToken
FNDA:0,redeemRegularToken
DA:36,14
DA:37,9
DA:45,4
DA:46,4
DA:50,4
DA:51,4
DA:54,0
DA:61,0
DA:62,0
DA:63,0
DA:64,0
DA:66,0
DA:67,0
DA:73,0
DA:74,0
DA:77,0
DA:79,0
DA:86,0
DA:87,0
DA:89,0
DA:92,0
DA:96,0
DA:105,14
DA:113,0
DA:119,0
DA:122,0
DA:123,0
DA:124,0
DA:125,0
DA:126,0
DA:127,0
DA:128,0
DA:133,0
DA:138,0
DA:139,0
DA:144,0
DA:145,0
DA:149,0
DA:155,0
DA:157,0
DA:158,0
DA:163,0
DA:164,0
DA:167,0
DA:175,0
DA:176,0
DA:178,0
DA:185,0
DA:186,0
DA:192,0
DA:193,0
DA:197,0
DA:204,0
DA:205,0
DA:206,0
DA:208,0
DA:214,0
DA:221,0
DA:227,0
DA:228,0
DA:229,0
DA:231,0
DA:236,0
LF:63
LH:7
BRDA:45,0,0,4
BRDA:45,0,1,0
BRDA:45,1,0,4
BRDA:45,1,1,1
BRDA:66,2,0,0
BRDA:66,2,1,0
BRDA:66,3,0,0
BRDA:66,3,1,0
BRDA:66,3,2,0
BRDA:83,4,0,0
BRDA:83,4,1,0
BRDA:86,5,0,0
BRDA:86,5,1,0
BRDA:94,6,0,0
BRDA:94,6,1,0
BRDA:96,7,0,0
BRDA:96,7,1,0
BRDA:124,8,0,0
BRDA:124,8,1,0
BRDA:126,9,0,0
BRDA:126,9,1,0
BRDA:138,10,0,0
BRDA:138,10,1,0
BRDA:157,11,0,0
BRDA:157,11,1,0
BRDA:185,12,0,0
BRDA:185,12,1,0
BRF:27
BRH:3
end_of_record
TN:
SF:hooks/useReviewScreenData.ts
FN:26,useReviewScreenData
FN:33,(anonymous_1)
FN:40,(anonymous_2)
FN:45,(anonymous_3)
FN:61,(anonymous_4)
FN:81,(anonymous_5)
FN:87,(anonymous_6)
FNF:7
FNH:7
FNDA:17,useReviewScreenData
FNDA:14,(anonymous_1)
FNDA:14,(anonymous_2)
FNDA:14,(anonymous_3)
FNDA:15,(anonymous_4)
FNDA:14,(anonymous_5)
FNDA:14,(anonymous_6)
DA:27,17
DA:28,17
DA:29,17
DA:30,17
DA:33,17
DA:34,14
DA:35,1
DA:40,17
DA:41,14
DA:45,17
DA:46,14
DA:48,13
DA:51,13
DA:53,13
DA:61,17
DA:62,15
DA:64,14
DA:67,14
DA:69,14
DA:81,17
DA:82,14
DA:83,13
DA:87,17
DA:88,14
DA:89,2
DA:90,1
DA:93,17
LF:27
LH:27
BRDA:34,0,0,1
BRDA:34,0,1,13
BRDA:34,1,0,14
BRDA:34,1,1,3
BRDA:46,2,0,1
BRDA:46,2,1,13
BRDA:48,3,0,13
BRDA:48,3,1,0
BRDA:50,4,0,0
BRDA:50,4,1,0
BRDA:51,5,0,13
BRDA:51,5,1,0
BRDA:53,6,0,3
BRDA:53,6,1,10
BRDA:62,7,0,1
BRDA:62,7,1,14
BRDA:64,8,0,14
BRDA:64,8,1,0
BRDA:66,9,0,0
BRDA:66,9,1,0
BRDA:67,10,0,14
BRDA:67,10,1,0
BRDA:69,11,0,3
BRDA:69,11,1,11
BRDA:74,12,0,11
BRDA:74,12,1,0
BRDA:82,13,0,1
BRDA:82,13,1,13
BRDA:88,14,0,12
BRDA:88,14,1,2
BRDA:89,15,0,1
BRDA:89,15,1,1
BRDA:95,16,0,17
BRDA:95,16,1,0
BRF:34
BRH:24
end_of_record
TN:
SF:hooks/useSeedVerification.ts
FN:45,useSeedVerification
FN:68,(anonymous_1)
FN:69,(anonymous_2)
FN:70,(anonymous_3)
FN:71,(anonymous_4)
FN:76,(anonymous_5)
FN:78,(anonymous_6)
FN:89,(anonymous_7)
FN:95,(anonymous_8)
FN:104,(anonymous_9)
FN:108,(anonymous_10)
FN:120,(anonymous_11)
FN:154,(anonymous_12)
FNF:13
FNH:13
FNDA:80,useSeedVerification
FNDA:25,(anonymous_1)
FNDA:32,(anonymous_2)
FNDA:21,(anonymous_3)
FNDA:21,(anonymous_4)
FNDA:57,(anonymous_5)
FNDA:684,(anonymous_6)
FNDA:273,(anonymous_7)
FNDA:19,(anonymous_8)
FNDA:58,(anonymous_9)
FNDA:57,(anonymous_10)
FNDA:8,(anonymous_11)
FNDA:2,(anonymous_12)
DA:14,1
DA:53,80
DA:65,80
DA:68,80
DA:69,80
DA:70,80
DA:71,80
DA:76,80
DA:77,57
DA:78,684
DA:81,57
DA:82,190
DA:83,190
DA:84,171
DA:89,273
DA:95,80
DA:97,19
DA:98,19
DA:99,62
DA:100,62
DA:101,57
DA:104,58
DA:107,19
DA:108,19
DA:109,57
DA:111,19
DA:112,19
DA:113,19
DA:114,19
DA:120,80
DA:122,8
DA:123,1
DA:124,1
DA:128,7
DA:129,7
DA:130,15
DA:131,15
DA:132,15
DA:133,3
DA:134,3
DA:138,7
DA:140,4
DA:141,4
DA:144,4
DA:146,3
DA:147,3
DA:154,80
DA:155,2
DA:156,2
DA:157,2
DA:158,2
DA:159,2
DA:162,80
LF:53
LH:53
BRDA:83,0,0,171
BRDA:83,0,1,19
BRDA:100,1,0,57
BRDA:100,1,1,5
BRDA:122,2,0,1
BRDA:122,2,1,7
BRDA:130,3,0,15
BRDA:130,3,1,0
BRDA:131,4,0,15
BRDA:131,4,1,0
BRDA:132,5,0,3
BRDA:132,5,1,12
BRDA:138,6,0,4
BRDA:138,6,1,3
BRF:14
BRH:12
end_of_record
TN:
SF:hooks/useSettings.ts
FN:31,useSettings
FN:38,(anonymous_1)
FNF:2
FNH:2
FNDA:140,useSettings
FNDA:140,(anonymous_1)
DA:32,140
DA:33,140
DA:34,140
DA:37,140
DA:38,140
LF:5
LH:5
BRF:0
BRH:0
end_of_record
TN:
SF:hooks/useSettingsNavigation.ts
FN:28,useSettingsNavigation
FN:45,(anonymous_1)
FN:46,(anonymous_2)
FN:49,(anonymous_3)
FN:54,(anonymous_4)
FN:60,(anonymous_5)
FN:75,(anonymous_6)
FN:76,(anonymous_7)
FN:103,(anonymous_8)
FN:104,(anonymous_9)
FN:142,(anonymous_10)
FN:163,(anonymous_11)
FN:168,(anonymous_12)
FNF:13
FNH:13
FNDA:71,useSettingsNavigation
FNDA:1,(anonymous_1)
FNDA:2,(anonymous_2)
FNDA:2,(anonymous_3)
FNDA:2,(anonymous_4)
FNDA:1,(anonymous_5)
FNDA:28,(anonymous_6)
FNDA:28,(anonymous_7)
FNDA:72,(anonymous_8)
FNDA:72,(anonymous_9)
FNDA:28,(anonymous_10)
FNDA:3,(anonymous_11)
FNDA:1,(anonymous_12)
DA:16,1
DA:29,71
DA:32,71
DA:33,71
DA:36,71
DA:37,71
DA:38,71
DA:39,71
DA:40,71
DA:43,71
DA:44,28
DA:45,1
DA:47,2
DA:50,2
DA:51,1
DA:55,2
DA:56,1
DA:61,1
DA:62,1
DA:65,1
DA:75,71
DA:76,28
DA:77,28
DA:78,28
DA:81,28
DA:85,28
DA:91,8
DA:92,8
DA:93,8
DA:96,28
DA:98,28
DA:102,71
DA:104,72
DA:106,72
DA:107,2
DA:110,70
DA:112,70
DA:115,70
DA:118,70
DA:120,70
DA:126,25
DA:127,25
DA:129,25
DA:130,25
DA:131,25
DA:132,25
DA:135,70
DA:137,72
DA:142,71
DA:143,28
DA:145,1
DA:146,1
DA:147,1
DA:152,71
DA:154,13
DA:155,13
DA:156,58
DA:158,2
DA:160,71
DA:163,71
DA:164,3
DA:165,3
DA:168,71
DA:169,1
DA:170,1
DA:173,71
LF:66
LH:66
BRDA:43,0,0,28
BRDA:43,0,1,43
BRDA:50,1,0,1
BRDA:50,1,1,1
BRDA:55,2,0,1
BRDA:55,2,1,1
BRDA:85,3,0,8
BRDA:85,3,1,20
BRDA:86,4,0,28
BRDA:86,4,1,22
BRDA:86,4,2,21
BRDA:106,5,0,2
BRDA:106,5,1,70
BRDA:120,6,0,25
BRDA:120,6,1,45
BRDA:121,7,0,70
BRDA:121,7,1,67
BRDA:121,7,2,64
BRDA:143,8,0,1
BRDA:143,8,1,27
BRDA:143,9,0,28
BRDA:143,9,1,26
BRDA:152,10,0,13
BRDA:152,10,1,58
BRDA:152,11,0,71
BRDA:152,11,1,22
BRDA:156,12,0,2
BRDA:156,12,1,56
BRDA:156,13,0,58
BRDA:156,13,1,49
BRF:30
BRH:30
end_of_record
TN:
SF:hooks/useSettingsScreenCallbacks.ts
FN:45,useSettingsScreenCallbacks
FN:52,(anonymous_1)
FN:54,(anonymous_2)
FN:62,(anonymous_3)
FN:64,(anonymous_4)
FN:67,(anonymous_5)
FN:78,(anonymous_6)
FN:80,(anonymous_7)
FN:81,(anonymous_8)
FN:91,(anonymous_9)
FN:93,(anonymous_10)
FN:97,(anonymous_11)
FN:101,(anonymous_12)
FN:105,(anonymous_13)
FN:120,(anonymous_14)
FN:122,(anonymous_15)
FNF:16
FNH:16
FNDA:18,useSettingsScreenCallbacks
FNDA:2,(anonymous_1)
FNDA:1,(anonymous_2)
FNDA:4,(anonymous_3)
FNDA:1,(anonymous_4)
FNDA:1,(anonymous_5)
FNDA:3,(anonymous_6)
FNDA:1,(anonymous_7)
FNDA:1,(anonymous_8)
FNDA:5,(anonymous_9)
FNDA:1,(anonymous_10)
FNDA:1,(anonymous_11)
FNDA:1,(anonymous_12)
FNDA:1,(anonymous_13)
FNDA:2,(anonymous_14)
FNDA:1,(anonymous_15)
DA:52,18
DA:53,2
DA:54,1
DA:62,18
DA:63,4
DA:64,1
DA:69,1
DA:78,18
DA:79,3
DA:80,1
DA:82,1
DA:83,1
DA:91,18
DA:92,5
DA:93,1
DA:98,1
DA:99,1
DA:102,1
DA:103,1
DA:106,1
DA:107,1
DA:108,0
DA:109,0
DA:114,1
DA:120,18
DA:121,2
DA:122,1
DA:126,18
LF:28
LH:26
BRDA:114,0,0,0
BRDA:114,0,1,1
BRF:2
BRH:1
end_of_record
TN:
SF:hooks/useSheetNavigation.ts
FN:17,useSheetNavigation
FNF:1
FNH:1
FNDA:14,useSheetNavigation
DA:18,14
DA:19,14
DA:21,14
LF:3
LH:3
BRF:0
BRH:0
end_of_record
TN:
SF:hooks/useToast.ts
FN:23,useToast
FN:27,(anonymous_1)
FN:29,(anonymous_2)
FN:42,(anonymous_3)
FN:48,(anonymous_4)
FN:56,(anonymous_5)
FN:56,(anonymous_6)
FNF:7
FNH:7
FNDA:28,useToast
FNDA:12,(anonymous_1)
FNDA:2,(anonymous_2)
FNDA:2,(anonymous_3)
FNDA:3,(anonymous_4)
FNDA:3,(anonymous_5)
FNDA:3,(anonymous_6)
DA:21,1
DA:24,28
DA:25,28
DA:27,28
DA:29,12
DA:30,2
DA:31,2
DA:34,12
DA:35,12
DA:38,12
DA:39,12
DA:42,12
DA:43,2
DA:44,2
DA:48,28
DA:50,3
DA:51,2
DA:52,2
DA:56,3
DA:59,28
LF:20
LH:20
BRDA:27,0,0,1
BRDA:35,1,0,3
BRDA:35,1,1,9
BRDA:50,2,0,2
BRDA:50,2,1,1
BRDA:64,3,0,28
BRDA:64,3,1,15
BRDA:66,4,0,28
BRDA:66,4,1,15
BRF:9
BRH:9
end_of_record
TN:
SF:hooks/useTransactionBuilder.ts
FN:22,toUtxo
FN:34,toUnconfirmedUtxo
FN:90,useTransactionBuilder
FN:109,(anonymous_3)
FN:132,(anonymous_4)
FN:147,(anonymous_5)
FN:152,(anonymous_6)
FN:184,(anonymous_7)
FN:210,(anonymous_8)
FN:215,(anonymous_9)
FN:221,(anonymous_10)
FN:233,(anonymous_11)
FN:238,(anonymous_12)
FN:247,(anonymous_13)
FNF:14
FNH:12
FNDA:2,toUtxo
FNDA:0,toUnconfirmedUtxo
FNDA:29,useTransactionBuilder
FNDA:4,(anonymous_3)
FNDA:2,(anonymous_4)
FNDA:1,(anonymous_5)
FNDA:5,(anonymous_6)
FNDA:0,(anonymous_7)
FNDA:2,(anonymous_8)
FNDA:11,(anonymous_9)
FNDA:1,(anonymous_10)
FNDA:1,(anonymous_11)
FNDA:4,(anonymous_12)
FNDA:2,(anonymous_13)
DA:23,2
DA:35,0
DA:109,29
DA:110,4
DA:112,4
DA:113,4
DA:114,0
DA:117,4
DA:118,4
DA:120,4
DA:130,3
DA:131,1
DA:132,2
DA:133,1
DA:136,3
DA:137,3
DA:139,1
DA:141,1
DA:142,0
DA:144,1
DA:146,1
DA:147,1
DA:152,29
DA:153,5
DA:155,5
DA:156,5
DA:157,1
DA:160,4
DA:161,4
DA:162,2
DA:165,2
DA:166,2
DA:167,2
DA:169,2
DA:181,2
DA:183,2
DA:184,0
DA:185,2
DA:186,1
DA:189,2
DA:190,1
DA:193,2
DA:194,1
DA:195,1
DA:196,1
DA:199,2
DA:200,2
DA:202,3
DA:204,3
DA:205,0
DA:207,3
DA:209,3
DA:210,3
DA:215,29
DA:216,11
DA:217,11
DA:219,11
DA:220,1
DA:221,1
DA:222,1
DA:225,10
DA:227,10
DA:228,4
DA:229,6
DA:230,5
DA:232,1
DA:233,1
DA:238,29
DA:239,4
DA:241,3
DA:244,3
DA:245,2
DA:247,2
DA:249,2
DA:250,1
DA:253,2
DA:254,1
DA:257,2
DA:258,2
DA:259,2
DA:263,3
DA:264,3
DA:267,29
LF:83
LH:78
BRDA:26,0,0,2
BRDA:26,0,1,0
BRDA:38,1,0,0
BRDA:38,1,1,0
BRDA:113,2,0,0
BRDA:113,2,1,4
BRDA:130,3,0,1
BRDA:130,3,1,2
BRDA:139,4,0,1
BRDA:139,4,1,0
BRDA:141,5,0,0
BRDA:141,5,1,1
BRDA:156,6,0,1
BRDA:156,6,1,4
BRDA:156,7,0,5
BRDA:156,7,1,4
BRDA:160,8,0,2
BRDA:160,8,1,2
BRDA:160,9,0,4
BRDA:160,9,1,4
BRDA:161,10,0,2
BRDA:161,10,1,2
BRDA:165,11,0,0
BRDA:165,11,1,2
BRDA:166,12,0,0
BRDA:166,12,1,2
BRDA:183,13,0,0
BRDA:183,13,1,2
BRDA:185,14,0,1
BRDA:185,14,1,1
BRDA:189,15,0,1
BRDA:189,15,1,1
BRDA:193,16,0,1
BRDA:193,16,1,1
BRDA:202,17,0,3
BRDA:202,17,1,0
BRDA:204,18,0,0
BRDA:204,18,1,3
BRDA:219,19,0,1
BRDA:219,19,1,10
BRDA:219,20,0,11
BRDA:219,20,1,10
BRDA:227,21,0,4
BRDA:227,21,1,6
BRDA:229,22,0,5
BRDA:229,22,1,1
BRDA:239,23,0,1
BRDA:239,23,1,3
BRDA:244,24,0,2
BRDA:244,24,1,1
BRDA:249,25,0,1
BRDA:249,25,1,1
BRDA:253,26,0,1
BRDA:253,26,1,1
BRDA:257,27,0,2
BRDA:257,27,1,0
BRF:56
BRH:44
end_of_record
TN:
SF:hooks/useTransactionHistoryData.ts
FN:69,useTransactionHistoryData
FN:87,(anonymous_1)
FN:95,(anonymous_2)
FN:101,(anonymous_3)
FN:118,(anonymous_4)
FN:172,(anonymous_5)
FN:224,(anonymous_6)
FN:236,(anonymous_7)
FN:250,(anonymous_8)
FN:257,(anonymous_9)
FN:267,(anonymous_10)
FN:294,(anonymous_11)
FN:314,(anonymous_12)
FN:327,(anonymous_13)
FNF:14
FNH:10
FNDA:49,useTransactionHistoryData
FNDA:15,(anonymous_1)
FNDA:15,(anonymous_2)
FNDA:2,(anonymous_3)
FNDA:0,(anonymous_4)
FNDA:0,(anonymous_5)
FNDA:15,(anonymous_6)
FNDA:31,(anonymous_7)
FNDA:29,(anonymous_8)
FNDA:19,(anonymous_9)
FNDA:15,(anonymous_10)
FNDA:0,(anonymous_11)
FNDA:0,(anonymous_12)
FNDA:4,(anonymous_13)
DA:75,49
DA:76,49
DA:77,49
DA:78,49
DA:80,49
DA:81,49
DA:82,49
DA:83,49
DA:84,49
DA:87,49
DA:88,15
DA:90,2
DA:95,49
DA:96,15
DA:98,2
DA:99,2
DA:101,2
DA:102,2
DA:103,2
DA:104,2
DA:105,0
DA:106,0
DA:107,0
DA:110,0
DA:111,0
DA:112,0
DA:114,0
DA:115,0
DA:117,0
DA:119,0
DA:121,0
DA:122,0
DA:123,0
DA:130,0
DA:141,0
DA:142,0
DA:143,0
DA:150,0
DA:151,0
DA:152,0
DA:159,0
DA:160,0
DA:161,0
DA:168,0
DA:171,0
DA:172,0
DA:173,0
DA:174,0
DA:175,0
DA:178,0
DA:179,0
DA:180,0
DA:183,0
DA:190,0
DA:191,0
DA:192,0
DA:193,0
DA:194,0
DA:197,0
DA:205,0
DA:206,0
DA:207,0
DA:209,2
DA:210,2
DA:211,2
DA:212,2
DA:215,2
DA:218,13
DA:219,13
DA:224,49
DA:225,15
DA:227,2
DA:230,2
DA:236,49
DA:238,31
DA:239,31
DA:241,31
DA:242,4
DA:244,27
DA:245,27
DA:250,49
DA:251,29
DA:252,0
DA:256,29
DA:258,19
DA:260,17
DA:262,17
DA:265,17
DA:269,15
DA:270,13
DA:271,13
DA:272,13
DA:275,13
DA:276,13
DA:277,13
DA:279,13
DA:290,2
DA:294,29
DA:295,0
DA:296,0
DA:314,29
DA:315,0
DA:316,0
DA:317,0
DA:321,29
DA:323,29
DA:327,49
DA:328,4
DA:330,4
DA:332,4
DA:333,4
DA:334,3
DA:341,49
LF:113
LH:65
BRDA:88,0,0,2
BRDA:88,0,1,13
BRDA:88,1,0,15
BRDA:88,1,1,2
BRDA:96,2,0,2
BRDA:96,2,1,13
BRDA:96,3,0,15
BRDA:96,3,1,2
BRDA:121,4,0,0
BRDA:121,4,1,0
BRDA:141,5,0,0
BRDA:141,5,1,0
BRDA:141,6,0,0
BRDA:141,6,1,0
BRDA:150,7,0,0
BRDA:150,7,1,0
BRDA:150,8,0,0
BRDA:150,8,1,0
BRDA:159,9,0,0
BRDA:159,9,1,0
BRDA:172,10,0,0
BRDA:172,10,1,0
BRDA:173,11,0,0
BRDA:173,11,1,0
BRDA:174,12,0,0
BRDA:174,12,1,0
BRDA:175,13,0,0
BRDA:175,13,1,0
BRDA:178,14,0,0
BRDA:178,14,1,0
BRDA:178,15,0,0
BRDA:178,15,1,0
BRDA:190,16,0,0
BRDA:190,16,1,0
BRDA:191,17,0,0
BRDA:191,17,1,0
BRDA:193,18,0,0
BRDA:193,18,1,0
BRDA:209,19,0,0
BRDA:209,19,1,2
BRDA:225,20,0,2
BRDA:225,20,1,13
BRDA:227,21,0,2
BRDA:227,21,1,2
BRDA:238,22,0,31
BRDA:238,22,1,16
BRDA:239,23,0,31
BRDA:239,23,1,28
BRDA:241,24,0,4
BRDA:241,24,1,27
BRDA:241,25,0,31
BRDA:241,25,1,16
BRDA:251,26,0,0
BRDA:251,26,1,29
BRDA:251,27,0,29
BRDA:251,27,1,29
BRDA:258,28,0,2
BRDA:258,28,1,17
BRDA:262,29,0,17
BRDA:262,29,1,17
BRDA:262,29,2,15
BRDA:262,29,3,15
BRDA:269,30,0,13
BRDA:269,30,1,2
BRDA:275,31,0,2
BRDA:275,31,1,11
BRDA:315,32,0,0
BRDA:315,32,1,0
BRDA:316,33,0,0
BRDA:316,33,1,0
BRDA:330,34,0,1
BRDA:330,34,1,3
BRDA:333,35,0,3
BRDA:333,35,1,1
BRF:74
BRH:38
end_of_record
TN:
SF:hooks/useTransactionHistoryFetch.ts
FN:20,useTransactionHistoryFetch
FN:33,(anonymous_1)
FN:51,(anonymous_2)
FN:55,(anonymous_3)
FN:74,(anonymous_4)
FNF:5
FNH:5
FNDA:18,useTransactionHistoryFetch
FNDA:10,(anonymous_1)
FNDA:2,(anonymous_2)
FNDA:7,(anonymous_3)
FNDA:1,(anonymous_4)
DA:22,18
DA:23,18
DA:24,18
DA:27,18
DA:33,18
DA:34,10
DA:35,10
DA:36,10
DA:38,10
DA:40,8
DA:42,8
DA:43,6
DA:45,8
DA:46,8
DA:50,6
DA:51,2
DA:54,6
DA:55,7
DA:58,6
DA:60,6
DA:61,5
DA:62,5
DA:65,2
DA:67,8
DA:74,18
DA:75,1
DA:78,18
LF:27
LH:27
BRDA:38,0,0,2
BRDA:38,0,1,8
BRDA:38,1,0,10
BRDA:38,1,1,9
BRDA:38,1,2,8
BRDA:42,2,0,6
BRDA:42,2,1,2
BRDA:51,3,0,2
BRDA:51,3,1,1
BRDA:51,4,0,2
BRDA:51,4,1,1
BRDA:55,5,0,7
BRDA:55,5,1,3
BRDA:55,6,0,7
BRDA:55,6,1,3
BRDA:60,7,0,5
BRDA:60,7,1,1
BRF:17
BRH:17
end_of_record
TN:
SF:hooks/useTransactionNotifications.ts
[...]
BRDA:158,9,1,0
BRDA:159,10,0,3
BRDA:159,10,1,2
BRDA:159,10,2,1
BRDA:172,11,0,11
BRDA:172,11,1,8
BRDA:172,12,0,19
BRDA:172,12,1,12
BRDA:172,12,2,10
BRDA:196,13,0,4
BRDA:196,13,1,2
BRDA:214,14,0,3
BRDA:214,14,1,3
BRDA:214,15,0,6
BRDA:214,15,1,3
BRDA:223,16,0,0
BRDA:223,16,1,2
BRDA:223,17,0,2
BRDA:223,17,1,2
BRF:37
BRH:32
end_of_record
TN:
SF:utils/constants.ts
FN:42,(anonymous_0)
FN:44,(anonymous_1)
FN:46,(anonymous_2)
FN:52,(anonymous_3)
FN:54,(anonymous_4)
FN:56,(anonymous_5)
FN:58,(anonymous_6)
FN:61,(anonymous_7)
FN:63,(anonymous_8)
FN:65,(anonymous_9)
FN:67,(anonymous_10)
FNF:11
FNH:7
FNDA:0,(anonymous_0)
FNDA:3,(anonymous_1)
FNDA:0,(anonymous_2)
FNDA:3,(anonymous_3)
FNDA:0,(anonymous_4)
FNDA:7,(anonymous_5)
FNDA:4,(anonymous_6)
FNDA:0,(anonymous_7)
FNDA:6,(anonymous_8)
FNDA:4,(anonymous_9)
FNDA:1,(anonymous_10)
DA:6,55
DA:21,55
DA:26,55
DA:37,55
DA:42,55
DA:44,55
DA:46,55
DA:47,0
DA:52,55
DA:54,55
DA:56,55
DA:58,55
DA:59,4
DA:61,55
DA:63,55
DA:65,55
DA:67,55
LF:17
LH:16
BRDA:46,0,0,0
BRDA:47,1,0,0
BRDA:47,1,1,0
BRF:3
BRH:0
end_of_record
TN:
SF:utils/errorParser.ts
FN:13,parseErrorMessage
FNF:1
FNH:1
FNDA:62,parseErrorMessage
DA:14,62
DA:16,59
DA:19,59
DA:95,59
DA:96,676
DA:97,38
DA:103,21
DA:111,21
DA:112,1
DA:113,1
DA:114,0
DA:117,1
DA:122,21
DA:124,21
LF:14
LH:13
BRDA:14,0,0,3
BRDA:14,0,1,59
BRDA:16,1,0,47
BRDA:16,1,1,12
BRDA:16,2,0,12
BRDA:16,2,1,2
BRDA:96,3,0,38
BRDA:96,3,1,638
BRDA:111,4,0,1
BRDA:111,4,1,20
BRDA:113,5,0,0
BRDA:113,5,1,1
BRDA:113,6,0,1
BRDA:113,6,1,1
BRF:14
BRH:13
end_of_record
TN:
SF:utils/logger.ts
FN:28,(anonymous_0)
FN:62,(anonymous_1)
FN:80,(anonymous_2)
FN:97,(anonymous_3)
FN:114,(anonymous_4)
FN:135,(anonymous_5)
FN:153,(anonymous_6)
FN:175,(anonymous_7)
FN:188,(anonymous_8)
FN:200,(anonymous_9)
FN:212,(anonymous_10)
FN:227,(anonymous_11)
FN:239,(anonymous_12)
FN:253,(anonymous_13)
FN:265,(anonymous_14)
FN:286,(anonymous_15)
FN:307,(anonymous_16)
FN:329,(anonymous_17)
FN:337,(anonymous_18)
FN:358,(anonymous_19)
FN:367,(anonymous_20)
FNF:21
FNH:21
FNDA:10,(anonymous_0)
FNDA:4,(anonymous_1)
FNDA:2,(anonymous_2)
FNDA:1,(anonymous_3)
FNDA:2,(anonymous_4)
FNDA:1,(anonymous_5)
FNDA:1,(anonymous_6)
FNDA:1,(anonymous_7)
FNDA:2,(anonymous_8)
FNDA:1,(anonymous_9)
FNDA:2,(anonymous_10)
FNDA:2,(anonymous_11)
FNDA:2,(anonymous_12)
FNDA:1,(anonymous_13)
FNDA:1,(anonymous_14)
FNDA:1,(anonymous_15)
FNDA:1,(anonymous_16)
FNDA:3,(anonymous_17)
FNDA:2,(anonymous_18)
FNDA:1,(anonymous_19)
FNDA:1,(anonymous_20)
DA:13,1
DA:19,1
DA:28,1
DA:34,10
DA:36,10
DA:56,1
DA:63,4
DA:64,4
DA:66,4
DA:67,4
DA:72,4
DA:81,2
DA:82,2
DA:84,2
DA:89,2
DA:98,1
DA:99,1
DA:101,1
DA:106,1
DA:115,2
DA:116,2
DA:118,2
DA:119,1
DA:123,1
DA:136,1
DA:142,1
DA:143,1
DA:145,1
DA:154,1
DA:160,1
DA:161,1
DA:163,1
DA:176,1
DA:177,1
DA:179,1
DA:189,2
DA:190,2
DA:192,2
DA:201,1
DA:202,1
DA:204,1
DA:213,2
DA:214,2
DA:216,2
DA:217,2
DA:228,2
DA:229,2
DA:231,2
DA:240,2
DA:241,2
DA:243,2
DA:244,2
DA:254,1
DA:255,1
DA:257,1
DA:266,1
DA:267,1
DA:269,1
DA:287,1
DA:288,1
DA:290,1
DA:308,1
DA:309,1
DA:311,1
DA:330,3
DA:332,3
DA:333,3
DA:336,3
DA:338,2
DA:339,2
DA:340,2
DA:342,2
DA:343,2
DA:359,1
DA:368,1
LF:75
LH:75
BRDA:31,0,0,0
BRDA:32,1,0,0
BRDA:34,2,0,0
BRDA:34,2,1,10
BRDA:63,3,0,4
BRDA:63,3,1,0
BRDA:66,4,0,3
BRDA:66,4,1,1
BRDA:66,5,0,2
BRDA:66,5,1,1
BRDA:80,6,0,0
BRDA:81,7,0,2
BRDA:81,7,1,0
BRDA:97,8,0,0
BRDA:98,9,0,1
BRDA:98,9,1,0
BRDA:114,10,0,0
BRDA:115,11,0,2
BRDA:115,11,1,0
BRDA:118,12,0,1
BRDA:118,12,1,1
BRDA:135,13,0,0
BRDA:142,14,0,1
BRDA:142,14,1,0
BRDA:153,15,0,0
BRDA:160,16,0,1
BRDA:160,16,1,0
BRDA:175,17,0,0
BRDA:176,18,0,1
BRDA:176,18,1,0
BRDA:188,19,0,1
BRDA:188,20,0,1
BRDA:189,21,0,2
BRDA:189,21,1,0
BRDA:200,22,0,0
BRDA:201,23,0,1
BRDA:201,23,1,0
BRDA:212,24,0,0
BRDA:213,25,0,2
BRDA:213,25,1,0
BRDA:228,26,0,2
BRDA:228,26,1,0
BRDA:229,27,0,1
BRDA:229,27,1,1
BRDA:231,28,0,2
BRDA:231,28,1,1
BRDA:239,29,0,1
BRDA:240,30,0,2
BRDA:240,30,1,0
BRDA:253,31,0,0
BRDA:254,32,0,1
BRDA:254,32,1,0
BRDA:265,33,0,0
BRDA:266,34,0,1
BRDA:266,34,1,0
BRDA:286,35,0,0
BRDA:287,36,0,1
BRDA:287,36,1,0
BRDA:307,37,0,0
BRDA:308,38,0,1
BRDA:308,38,1,0
BRDA:329,39,0,2
BRDA:332,40,0,3
BRDA:332,40,1,0
BRDA:337,41,0,0
BRDA:339,42,0,2
BRDA:339,42,1,0
BRDA:346,43,0,1
BRDA:346,43,1,1
BRF:69
BRH:35
end_of_record
TN:
SF:utils/messages.ts
FNF:0
FNH:0
DA:3,11
DA:63,11
DA:76,11
DA:83,11
DA:91,11
LF:5
LH:5
BRF:0
BRH:0
end_of_record
TN:
SF:utils/onboardingHelpers.ts
FN:12,(anonymous_0)
FNF:1
FNH:1
FNDA:10,(anonymous_0)
DA:12,4
DA:13,10
DA:15,10
LF:3
LH:3
BRF:0
BRH:0
end_of_record
TN:
SF:utils/pagination.ts
FN:26,fetchPaginated
FN:89,createPaginatedFetcher
FN:94,(anonymous_2)
FN:133,(anonymous_3)
FN:146,(anonymous_4)
FN:185,(anonymous_5)
FN:195,(anonymous_6)
FNF:7
FNH:7
FNDA:8,fetchPaginated
FNDA:3,createPaginatedFetcher
FNDA:3,(anonymous_2)
FNDA:10,(anonymous_3)
FNDA:10,(anonymous_4)
FNDA:1,(anonymous_5)
FNDA:13,(anonymous_6)
DA:30,8
DA:32,8
DA:33,8
DA:34,8
DA:35,8
DA:37,8
DA:38,15
DA:39,15
DA:41,14
DA:42,2
DA:43,2
DA:46,12
DA:49,12
DA:50,2
DA:54,12
DA:55,1
DA:56,1
DA:60,11
DA:61,3
DA:63,8
DA:66,11
DA:69,1
DA:70,1
DA:73,1
DA:77,8
DA:94,3
DA:95,3
DA:103,3
DA:104,3
DA:106,3
DA:134,10
DA:135,10
DA:136,10
DA:137,10
DA:138,10
DA:147,10
DA:148,2
DA:151,8
DA:153,8
DA:154,8
DA:156,7
DA:157,3
DA:158,3
DA:161,4
DA:163,4
DA:164,2
DA:166,2
DA:169,4
DA:172,1
DA:173,1
DA:175,1
DA:176,1
DA:178,8
DA:186,1
DA:187,1
DA:188,1
DA:189,1
DA:196,13
LF:58
LH:58
BRDA:28,0,0,2
BRDA:30,1,0,2
BRDA:30,2,0,7
BRDA:37,3,0,20
BRDA:37,3,1,16
BRDA:41,4,0,2
BRDA:41,4,1,12
BRDA:41,5,0,14
BRDA:41,5,1,14
BRDA:49,6,0,2
BRDA:49,6,1,10
BRDA:54,7,0,1
BRDA:54,7,1,11
BRDA:54,8,0,12
BRDA:54,8,1,2
BRDA:60,9,0,3
BRDA:60,9,1,8
BRDA:69,10,0,1
BRDA:69,10,1,0
BRDA:91,11,0,1
BRDA:92,12,0,2
BRDA:106,13,0,3
BRDA:106,13,1,1
BRDA:133,14,0,6
BRDA:134,15,0,10
BRDA:134,15,1,6
BRDA:147,16,0,2
BRDA:147,16,1,8
BRDA:147,17,0,10
BRDA:147,17,1,9
BRDA:156,18,0,3
BRDA:156,18,1,4
BRDA:156,19,0,7
BRDA:156,19,1,6
BRDA:163,20,0,2
BRDA:163,20,1,2
BRDA:172,21,0,1
BRDA:172,21,1,0
BRF:38
BRH:36
end_of_record
TN:
SF:utils/pendingTransactionsUtils.ts
FN:73,buildExclusionSet
FN:82,(anonymous_1)
FN:108,matchesAddressType
FN:126,getUnconfirmedUTXOsFromPending
FN:133,(anonymous_4)
FN:136,(anonymous_5)
FN:165,calculateUnconfirmedBalance
FN:166,(anonymous_7)
FN:167,(anonymous_8)
FN:181,invalidateChildrenRecursive
FN:186,(anonymous_10)
FN:201,invalidateTransactionTree
FN:227,removeUtxoFromPending
FN:236,(anonymous_13)
FN:252,cleanupInvalidTransactions
FN:258,(anonymous_15)
FN:274,markUtxosAsSpent
FN:280,(anonymous_17)
FN:295,unmarkUtxosAsSpent
FN:301,(anonymous_19)
FN:317,convertSpentKeysToUtxos
FN:321,(anonymous_21)
FN:333,releaseOrphanedUtxos
FNF:23
FNH:23
FNDA:13,buildExclusionSet
FNDA:4,(anonymous_1)
FNDA:32,matchesAddressType
FNDA:13,getUnconfirmedUTXOsFromPending
FNDA:18,(anonymous_4)
FNDA:23,(anonymous_5)
FNDA:6,calculateUnconfirmedBalance
FNDA:10,(anonymous_7)
FNDA:10,(anonymous_8)
FNDA:19,invalidateChildrenRecursive
FNDA:42,(anonymous_10)
FNDA:9,invalidateTransactionTree
FNDA:7,removeUtxoFromPending
FNDA:7,(anonymous_13)
FNDA:4,cleanupInvalidTransactions
FNDA:8,(anonymous_15)
FNDA:9,markUtxosAsSpent
FNDA:14,(anonymous_17)
FNDA:5,unmarkUtxosAsSpent
FNDA:6,(anonymous_19)
FNDA:1,convertSpentKeysToUtxos
FNDA:2,(anonymous_21)
FNDA:7,releaseOrphanedUtxos
DA:74,13
DA:76,13
DA:77,6
DA:81,7
DA:82,3
DA:83,4
DA:84,4
DA:89,7
DA:90,3
DA:91,3
DA:94,7
DA:95,3
DA:96,3
DA:99,7
DA:109,32
DA:110,14
DA:113,18
DA:114,18
DA:116,18
DA:131,13
DA:133,13
DA:135,18
DA:136,13
DA:138,23
DA:139,23
DA:140,4
DA:144,19
DA:145,15
DA:157,13
DA:166,10
DA:167,10
DA:169,6
DA:186,19
DA:187,42
DA:188,7
DA:189,7
DA:190,7
DA:205,9
DA:206,9
DA:209,9
DA:210,8
DA:211,8
DA:215,9
DA:217,9
DA:232,7
DA:234,7
DA:236,7
DA:239,5
DA:240,3
DA:244,7
DA:255,4
DA:256,4
DA:258,4
DA:259,8
DA:260,4
DA:261,4
DA:265,4
DA:278,9
DA:280,9
DA:281,14
DA:282,14
DA:283,14
DA:286,9
DA:299,5
DA:301,5
DA:302,6
DA:303,6
DA:304,5
DA:305,5
DA:309,5
DA:320,1
DA:321,1
DA:322,2
DA:323,2
DA:337,7
DA:338,7
DA:339,1
DA:340,1
DA:341,1
LF:79
LH:79
BRDA:76,0,0,6
BRDA:76,0,1,7
BRDA:81,1,0,3
BRDA:81,1,1,4
BRDA:89,2,0,3
BRDA:89,2,1,4
BRDA:94,3,0,3
BRDA:94,3,1,4
BRDA:109,4,0,14
BRDA:109,4,1,18
BRDA:113,5,0,18
BRDA:113,5,1,14
BRDA:114,6,0,18
BRDA:114,6,1,14
BRDA:116,7,0,18
BRDA:116,7,1,9
BRDA:116,7,2,14
BRDA:116,7,3,9
BRDA:135,8,0,13
BRDA:135,8,1,5
BRDA:139,9,0,4
BRDA:139,9,1,19
BRDA:144,10,0,15
BRDA:144,10,1,4
BRDA:166,11,0,10
BRDA:166,11,1,3
BRDA:167,12,0,10
BRDA:167,12,1,6
BRDA:187,13,0,7
BRDA:187,13,1,35
BRDA:209,14,0,8
BRDA:209,14,1,1
BRDA:234,15,0,5
BRDA:234,15,1,2
BRDA:234,16,0,7
BRDA:234,16,1,6
BRDA:239,17,0,3
BRDA:239,17,1,2
BRDA:259,18,0,4
BRDA:259,18,1,4
BRDA:303,19,0,5
BRDA:303,19,1,1
BRDA:320,20,0,1
BRDA:320,20,1,0
BRDA:338,21,0,1
BRDA:338,21,1,6
BRF:46
BRH:45
end_of_record
TN:
SF:utils/priceDataGenerator.ts
FN:14,generateUnitPriceData
FNF:1
FNH:1
FNDA:21,generateUnitPriceData
DA:15,21
DA:16,21
DA:17,21
DA:20,21
DA:27,21
DA:30,21
DA:31,21
DA:32,1260
DA:35,1260
DA:36,1260
DA:39,1260
DA:41,1260
DA:44,21
LF:13
LH:13
BRDA:27,0,0,21
BRDA:27,0,1,1
BRF:2
BRH:2
end_of_record
TN:
SF:utils/retry.ts
FN:13,isNetworkError
FN:30,(anonymous_1)
FN:46,retryWithBackoff
FN:78,(anonymous_3)
FN:92,fetchWithRetry
FN:97,(anonymous_5)
FN:113,retrySilently
FN:122,(anonymous_7)
FNF:8
FNH:8
FNDA:43,isNetworkError
FNDA:229,(anonymous_1)
FNDA:43,retryWithBackoff
FNDA:39,(anonymous_3)
FNDA:12,fetchWithRetry
FNDA:23,(anonymous_5)
FNDA:6,retrySilently
FNDA:6,(anonymous_7)
DA:14,43
DA:16,43
DA:30,229
DA:55,43
DA:59,43
DA:60,82
DA:61,82
DA:63,48
DA:66,48
DA:67,9
DA:71,39
DA:74,39
DA:75,39
DA:78,39
DA:82,0
DA:97,23
DA:118,6
DA:120,6
DA:123,6
DA:124,6
DA:126,6
LF:21
LH:20
BRDA:14,0,0,1
BRDA:14,0,1,42
BRDA:14,1,0,42
BRDA:14,1,1,0
BRDA:48,2,0,20
BRDA:51,3,0,28
BRDA:52,4,0,28
BRDA:53,5,0,29
BRDA:54,6,0,36
BRDA:66,7,0,9
BRDA:66,7,1,39
BRDA:66,8,0,48
BRDA:66,8,1,45
BRDA:94,9,0,7
BRDA:95,10,0,9
BRDA:115,11,0,1
BRDA:116,12,0,3
BRDA:118,13,0,6
BRDA:118,13,1,5
BRDA:124,14,0,5
BRDA:124,14,1,1
BRF:21
BRH:20
end_of_record
TN:
SF:utils/sendHelpers.ts
FN:11,(anonymous_0)
FNF:1
FNH:1
FNDA:16,(anonymous_0)
DA:11,1
DA:12,16
DA:15,13
DA:16,13
DA:19,13
LF:5
LH:5
BRDA:12,0,0,3
BRDA:12,0,1,13
BRDA:19,1,0,7
BRDA:19,1,1,6
BRF:4
BRH:4
end_of_record
TN:
SF:utils/transactionFormatters.ts
FN:11,formatTxid
FN:22,formatTransactionAmount
FNF:2
FNH:2
FNDA:4,formatTxid
FNDA:6,formatTransactionAmount
DA:12,4
DA:13,2
DA:23,6
DA:25,3
DA:26,3
DA:29,3
DA:30,3
LF:7
LH:7
BRDA:12,0,0,2
BRDA:12,0,1,2
BRDA:23,1,0,3
BRDA:23,1,1,3
BRF:4
BRH:4
end_of_record
TN:
SF:utils/vaultWebViewScripts.ts
FNF:0
FNH:0
DA:9,1
DA:53,1
DA:163,1
LF:3
LH:3
BRF:0
BRH:0
end_of_record
TN:
SF:utils/bitcoin/conversions.ts
FN:18,satsToBTC
FN:36,btcToSats
FN:59,formatBTC
FN:81,formatBTCSmart
FN:118,parseBTCInput
FN:157,formatBTCAuto
FNF:6
FNH:6
FNDA:48,satsToBTC
FNDA:34,btcToSats
FNDA:21,formatBTC
FNDA:14,formatBTCSmart
FNDA:12,parseBTCInput
FNDA:10,formatBTCAuto
DA:11,12
DA:19,48
DA:20,2
DA:23,46
DA:24,2
DA:25,2
DA:28,44
DA:37,34
DA:38,3
DA:42,31
DA:43,31
DA:45,31
DA:46,2
DA:47,2
DA:50,29
DA:60,21
DA:61,2
DA:64,19
DA:65,2
DA:66,2
DA:69,17
DA:70,17
DA:82,14
DA:83,2
DA:86,12
DA:87,1
DA:88,1
DA:91,11
DA:92,11
DA:95,11
DA:96,11
DA:97,11
DA:98,11
DA:99,46
DA:101,11
DA:104,11
DA:119,12
DA:120,2
DA:123,10
DA:126,10
DA:127,3
DA:130,7
DA:132,7
DA:133,2
DA:137,5
DA:138,5
DA:139,0
DA:142,5
DA:158,10
DA:159,3
DA:162,7
DA:163,1
DA:164,1
DA:167,6
DA:168,3
DA:171,3
LF:56
LH:55
BRDA:19,0,0,2
BRDA:19,0,1,46
BRDA:19,1,0,48
BRDA:19,1,1,47
BRDA:23,2,0,2
BRDA:23,2,1,44
BRDA:23,3,0,46
BRDA:23,3,1,45
BRDA:37,4,0,3
BRDA:37,4,1,31
BRDA:37,5,0,34
BRDA:37,5,1,33
BRDA:37,5,2,32
BRDA:42,6,0,13
BRDA:42,6,1,18
BRDA:45,7,0,2
BRDA:45,7,1,29
BRDA:59,8,0,7
BRDA:60,9,0,2
BRDA:60,9,1,19
BRDA:60,10,0,21
BRDA:60,10,1,20
BRDA:64,11,0,2
BRDA:64,11,1,17
BRDA:64,12,0,19
BRDA:64,12,1,18
BRDA:81,13,0,8
BRDA:81,14,0,13
BRDA:82,15,0,2
BRDA:82,15,1,12
BRDA:82,16,0,14
BRDA:82,16,1,13
BRDA:86,17,0,1
BRDA:86,17,1,11
BRDA:86,18,0,12
BRDA:86,18,1,11
BRDA:96,19,0,11
BRDA:96,19,1,0
BRDA:98,20,0,57
BRDA:98,20,1,52
BRDA:101,21,0,10
BRDA:101,21,1,1
BRDA:119,22,0,2
BRDA:119,22,1,10
BRDA:119,23,0,12
BRDA:119,23,1,11
BRDA:126,24,0,3
BRDA:126,24,1,7
BRDA:132,25,0,2
BRDA:132,25,1,5
BRDA:138,26,0,0
BRDA:138,26,1,5
BRDA:138,27,0,5
BRDA:138,27,1,5
BRDA:157,28,0,9
BRDA:158,29,0,3
BRDA:158,29,1,7
BRDA:158,30,0,10
BRDA:158,30,1,9
BRDA:158,30,2,8
BRDA:162,31,0,1
BRDA:162,31,1,6
BRDA:162,32,0,7
BRDA:162,32,1,6
BRDA:167,33,0,3
BRDA:167,33,1,3
BRF:66
BRH:64
end_of_record
TN:
SF:utils/formatters/addresses.ts
FN:15,truncateAddress
FN:38,truncateTxid
FN:60,looksLikeBitcoinAddress
FN:72,(anonymous_3)
FN:80,getAddressType
FNF:5
FNH:5
FNDA:15,truncateAddress
FNDA:7,truncateTxid
FNDA:12,looksLikeBitcoinAddress
FNDA:20,(anonymous_3)
FNDA:11,getAddressType
DA:16,15
DA:17,6
DA:20,9
DA:21,1
DA:24,8
DA:25,4
DA:28,4
DA:39,7
DA:40,3
DA:43,4
DA:44,1
DA:47,3
DA:48,1
DA:51,2
DA:61,12
DA:62,4
DA:66,8
DA:67,2
DA:71,6
DA:72,20
DA:81,11
DA:82,4
DA:85,7
DA:86,1
DA:89,6
DA:90,1
DA:93,5
DA:94,2
DA:97,3
DA:98,2
DA:101,1
LF:31
LH:31
BRDA:15,0,0,13
BRDA:15,1,0,13
BRDA:16,2,0,6
BRDA:16,2,1,9
BRDA:20,3,0,1
BRDA:20,3,1,8
BRDA:24,4,0,4
BRDA:24,4,1,4
BRDA:38,5,0,6
BRDA:38,6,0,6
BRDA:39,7,0,3
BRDA:39,7,1,4
BRDA:43,8,0,1
BRDA:43,8,1,3
BRDA:47,9,0,1
BRDA:47,9,1,2
BRDA:61,10,0,4
BRDA:61,10,1,8
BRDA:61,11,0,12
BRDA:61,11,1,9
BRDA:66,12,0,2
BRDA:66,12,1,6
BRDA:66,13,0,8
BRDA:66,13,1,7
BRDA:81,14,0,4
BRDA:81,14,1,7
BRDA:81,15,0,11
BRDA:81,15,1,8
BRDA:85,16,0,1
BRDA:85,16,1,6
BRDA:89,17,0,1
BRDA:89,17,1,5
BRDA:93,18,0,2
BRDA:93,18,1,3
BRDA:93,19,0,5
BRDA:93,19,1,4
BRDA:97,20,0,2
BRDA:97,20,1,1
BRDA:97,21,0,3
BRDA:97,21,1,2
BRF:40
BRH:40
end_of_record
TN:
SF:utils/formatters/amounts.ts
FN:13,formatFiat
FN:39,formatSatoshis
FN:57,formatAbbreviated
FN:91,formatPercentage
FN:108,parseFormattedAmount
FNF:5
FNH:5
FNDA:13,formatFiat
FNDA:18,formatSatoshis
FNDA:18,formatAbbreviated
FNDA:14,formatPercentage
FNDA:15,parseFormattedAmount
DA:14,13
DA:15,2
DA:18,11
DA:19,2
DA:23,9
DA:24,7
DA:31,2
DA:40,18
DA:41,2
DA:44,16
DA:45,2
DA:48,14
DA:58,18
DA:59,3
DA:62,15
DA:63,2
DA:66,13
DA:67,13
DA:69,13
DA:70,3
DA:73,10
DA:74,4
DA:77,6
DA:78,3
DA:81,3
DA:92,14
DA:93,3
DA:96,11
DA:97,11
DA:99,11
DA:109,15
DA:110,4
DA:114,11
DA:119,11
DA:121,11
LF:35
LH:35
BRDA:13,0,0,9
BRDA:13,1,0,11
BRDA:14,2,0,2
BRDA:14,2,1,11
BRDA:14,3,0,13
BRDA:14,3,1,12
BRDA:18,4,0,2
BRDA:18,4,1,9
BRDA:18,5,0,11
BRDA:18,5,1,10
BRDA:23,6,0,7
BRDA:23,6,1,2
BRDA:40,7,0,2
BRDA:40,7,1,16
BRDA:40,8,0,18
BRDA:40,8,1,17
BRDA:44,9,0,2
BRDA:44,9,1,14
BRDA:44,10,0,16
BRDA:44,10,1,15
BRDA:57,11,0,16
BRDA:58,12,0,3
BRDA:58,12,1,15
BRDA:58,13,0,18
BRDA:58,13,1,17
BRDA:58,13,2,16
BRDA:62,14,0,2
BRDA:62,14,1,13
BRDA:62,15,0,15
BRDA:62,15,1,14
BRDA:67,16,0,2
BRDA:67,16,1,11
BRDA:69,17,0,3
BRDA:69,17,1,10
BRDA:73,18,0,4
BRDA:73,18,1,6
BRDA:77,19,0,3
BRDA:77,19,1,3
BRDA:91,20,0,10
BRDA:91,21,0,12
BRDA:92,22,0,3
BRDA:92,22,1,11
BRDA:92,23,0,14
BRDA:92,23,1,13
BRDA:92,23,2,12
BRDA:97,24,0,6
BRDA:97,24,1,5
BRDA:97,25,0,11
BRDA:97,25,1,9
BRDA:109,26,0,4
BRDA:109,26,1,11
BRDA:109,27,0,15
BRDA:109,27,1,12
BRDA:121,28,0,2
BRDA:121,28,1,9
BRF:55
BRH:55
end_of_record
TN:
SF:utils/formatters/dates.ts
FN:17,formatTimestamp
FN:53,formatTransactionDate
FN:62,formatRelativeTime
FN:104,formatDateRange
FN:120,isToday
FNF:5
FNH:5
FNDA:21,formatTimestamp
FNDA:5,formatTransactionDate
FNDA:16,formatRelativeTime
FNDA:3,formatDateRange
FNDA:9,isToday
DA:18,21
DA:20,21
DA:21,9
DA:24,12
DA:25,1
DA:28,11
DA:30,11
DA:31,1
DA:34,10
DA:40,10
DA:41,4
DA:42,4
DA:45,10
DA:54,5
DA:63,16
DA:64,2
DA:67,14
DA:68,14
DA:70,14
DA:71,3
DA:74,11
DA:75,3
DA:76,3
DA:79,8
DA:80,3
DA:81,3
DA:84,5
DA:85,2
DA:86,2
DA:89,3
DA:90,2
DA:91,2
DA:95,1
DA:105,3
DA:106,3
DA:108,3
DA:109,2
DA:112,1
DA:121,9
DA:122,4
DA:125,5
DA:126,5
DA:128,5
LF:43
LH:43
BRDA:17,0,0,7
BRDA:18,1,0,8
BRDA:18,2,0,15
BRDA:20,3,0,9
BRDA:20,3,1,12
BRDA:24,4,0,1
BRDA:24,4,1,11
BRDA:24,5,0,12
BRDA:24,5,1,11
BRDA:30,6,0,1
BRDA:30,6,1,10
BRDA:35,7,0,9
BRDA:35,7,1,1
BRDA:40,8,0,4
BRDA:40,8,1,6
BRDA:63,9,0,2
BRDA:63,9,1,14
BRDA:70,10,0,3
BRDA:70,10,1,11
BRDA:74,11,0,3
BRDA:74,11,1,8
BRDA:76,12,0,1
BRDA:76,12,1,2
BRDA:79,13,0,3
BRDA:79,13,1,5
BRDA:81,14,0,1
BRDA:81,14,1,2
BRDA:84,15,0,2
BRDA:84,15,1,3
BRDA:86,16,0,1
BRDA:86,16,1,1
BRDA:89,17,0,2
BRDA:89,17,1,1
BRDA:91,18,0,1
BRDA:91,18,1,1
BRDA:108,19,0,2
BRDA:108,19,1,1
BRDA:121,20,0,4
BRDA:121,20,1,5
BRDA:121,21,0,9
BRDA:121,21,1,6
BRDA:129,22,0,5
BRDA:129,22,1,3
BRDA:129,22,2,3
BRF:44
BRH:44
end_of_record
TN:
SF:utils/formatters/index.ts
FN:53,(anonymous_0)
FNF:1
FNH:0
FNDA:0,(anonymous_0)
DA:53,1
DA:54,0
DA:55,0
LF:3
LH:1
BRDA:53,0,0,0
BRDA:54,1,0,0
BRDA:54,1,1,0
BRDA:54,2,0,0
BRDA:54,2,1,0
BRF:5
BRH:0
end_of_record
TN:
SF:utils/wallet/cryptoHelpers.ts
FN:20,getECPair
FN:30,writeVarInt
FN:57,varIntSize
FN:68,deriveKeyFromMnemonic
FN:77,getDerivationPath
FNF:5
FNH:5
FNDA:40,getECPair
FNDA:14,writeVarInt
FNDA:15,varIntSize
FNDA:2,deriveKeyFromMnemonic
FNDA:20,getDerivationPath
DA:13,15
DA:19,15
DA:21,40
DA:22,5
DA:24,40
DA:31,14
DA:32,6
DA:33,6
DA:34,8
DA:35,4
DA:36,4
DA:37,4
DA:38,4
DA:39,4
DA:40,4
DA:41,4
DA:58,15
DA:59,8
DA:60,4
DA:69,2
DA:70,2
DA:71,2
DA:78,20
DA:80,14
DA:81,6
DA:83,3
DA:85,3
LF:27
LH:27
BRDA:21,0,0,5
BRDA:21,0,1,35
BRDA:31,1,0,6
BRDA:31,1,1,8
BRDA:34,2,0,4
BRDA:34,2,1,4
BRDA:38,3,0,4
BRDA:38,3,1,0
BRDA:58,4,0,7
BRDA:58,4,1,8
BRDA:59,5,0,4
BRDA:59,5,1,4
BRDA:60,6,0,4
BRDA:60,6,1,0
BRDA:78,7,0,14
BRDA:78,7,1,6
BRDA:81,8,0,3
BRDA:81,8,1,3
BRF:18
BRH:16
end_of_record
TN:
SF:utils/wallet/index.ts
FNF:0
FNH:0
LF:0
LH:0
BRF:0
BRH:0
end_of_record
TN:
SF:utils/wallet/keyDerivation.ts
FN:31,getPrivateKeyForAddress
FN:47,(anonymous_1)
FN:82,findTaprootAccount
FN:124,findSegwitAccount
FNF:4
FNH:4
FNDA:9,getPrivateKeyForAddress
FNDA:8,(anonymous_1)
FNDA:55,findTaprootAccount
FNDA:51,findSegwitAccount
DA:16,15
DA:17,15
DA:32,9
DA:35,9
DA:36,9
DA:37,8
DA:38,1
DA:39,1
DA:42,1
DA:45,8
DA:47,8
DA:48,8
DA:49,8
DA:52,8
DA:53,106
DA:54,106
DA:56,106
DA:57,55
DA:58,55
DA:60,51
DA:61,51
DA:65,2
DA:69,6
DA:70,6
DA:71,5
DA:73,1
DA:76,6
DA:88,55
DA:89,55
DA:94,55
DA:95,50
DA:99,5
DA:100,5
DA:103,5
DA:104,5
DA:105,5
DA:106,5
DA:108,5
DA:114,5
DA:130,51
DA:131,51
DA:132,51
DA:137,51
DA:138,50
DA:141,1
DA:142,1
DA:144,1
DA:150,1
LF:48
LH:48
BRDA:37,0,0,1
BRDA:37,0,1,7
BRDA:56,1,0,55
BRDA:56,1,1,51
BRDA:58,2,0,5
BRDA:58,2,1,50
BRDA:61,3,0,1
BRDA:61,3,1,50
BRDA:94,4,0,50
BRDA:94,4,1,5
BRDA:99,5,0,5
BRDA:99,5,1,1
BRDA:137,6,0,50
BRDA:137,6,1,1
BRF:14
BRH:14
end_of_record
TN:
SF:utils/wallet/messageSigning.ts
FN:18,signMessage
FN:21,(anonymous_1)
FNF:2
FNH:2
FNDA:16,signMessage
FNDA:15,(anonymous_1)
DA:19,16
DA:21,16
DA:22,15
DA:23,15
DA:25,15
DA:26,14
DA:28,14
DA:29,14
DA:31,14
DA:32,14
DA:34,14
LF:11
LH:11
BRF:0
BRH:0
end_of_record
TN:
SF:utils/wallet/psbtSigning.ts
FN:28,signPsbt
FN:43,(anonymous_1)
FN:84,signTaprootInput
FN:102,signScriptPathInput
FN:125,(anonymous_4)
FN:126,(anonymous_5)
FN:152,signKeyPathInput
FN:170,(anonymous_7)
FN:171,(anonymous_8)
FN:187,signSegwitInput
FNF:10
FNH:10
FNDA:24,signPsbt
FNDA:23,(anonymous_1)
FNDA:12,signTaprootInput
FNDA:6,signScriptPathInput
FNDA:6,(anonymous_4)
FNDA:6,(anonymous_5)
FNDA:6,signKeyPathInput
FNDA:9,(anonymous_7)
FNDA:9,(anonymous_8)
FNDA:13,signSegwitInput
DA:33,24
DA:34,24
DA:35,24
DA:36,22
DA:37,21
DA:43,24
DA:44,23
DA:45,23
DA:46,23
DA:48,22
DA:51,23
DA:53,23
DA:54,11
DA:55,11
DA:56,11
DA:57,12
DA:58,11
DA:59,11
DA:61,1
DA:64,22
DA:65,25
DA:66,25
DA:67,12
DA:69,13
DA:72,1
DA:77,20
DA:89,12
DA:90,12
DA:92,12
DA:93,6
DA:95,6
DA:108,6
DA:109,6
DA:110,6
DA:113,6
DA:114,6
DA:116,6
DA:121,6
DA:123,6
DA:125,6
DA:126,6
DA:131,6
DA:132,6
DA:133,6
DA:136,6
DA:137,6
DA:138,6
DA:140,6
DA:146,6
DA:157,6
DA:159,6
DA:160,6
DA:163,6
DA:167,6
DA:168,6
DA:170,9
DA:171,9
DA:175,6
DA:179,6
DA:180,6
DA:192,13
DA:194,12
DA:195,12
LF:63
LH:63
BRDA:36,0,0,21
BRDA:36,0,1,1
BRDA:53,1,0,11
BRDA:53,1,1,12
BRDA:57,2,0,11
BRDA:57,2,1,1
BRDA:66,3,0,12
BRDA:66,3,1,13
BRDA:90,4,0,12
BRDA:90,4,1,6
BRDA:92,5,0,6
BRDA:92,5,1,6
BRDA:121,6,0,6
BRDA:121,6,1,5
BRDA:132,7,0,6
BRDA:132,7,1,0
BRF:16
BRH:15
end_of_record
