TN:
SF:contexts/AirdropContext.tsx
FN:40,(anonymous_0)
FN:53,(anonymous_1)
FN:77,(anonymous_2)
FN:91,(anonymous_3)
FN:92,(anonymous_4)
FN:108,(anonymous_5)
FN:120,(anonymous_6)
FN:126,(anonymous_7)
FN:127,(anonymous_8)
FN:137,(anonymous_9)
FN:138,(anonymous_10)
FN:158,(anonymous_11)
FN:163,(anonymous_12)
FN:202,(anonymous_13)
FN:225,(anonymous_14)
FN:231,(anonymous_15)
FN:237,(anonymous_16)
FN:243,(anonymous_17)
FNF:18
FNH:18
FNDA:52,(anonymous_0)
FNDA:49,(anonymous_1)
FNDA:1,(anonymous_2)
FNDA:24,(anonymous_3)
FNDA:24,(anonymous_4)
FNDA:1,(anonymous_5)
FNDA:24,(anonymous_6)
FNDA:25,(anonymous_7)
FNDA:25,(anonymous_8)
FNDA:25,(anonymous_9)
FNDA:25,(anonymous_10)
FNDA:25,(anonymous_11)
FNDA:13,(anonymous_12)
FNDA:2,(anonymous_13)
FNDA:11,(anonymous_14)
FNDA:2,(anonymous_15)
FNDA:2,(anonymous_16)
FNDA:49,(anonymous_17)
DA:38,1
DA:40,1
DA:41,52
DA:42,51
DA:43,2
DA:45,49
DA:53,1
DA:54,49
DA:55,49
DA:56,49
DA:59,49
DA:60,49
DA:61,49
DA:65,49
DA:68,49
DA:69,49
DA:72,49
DA:74,49
DA:77,49
DA:79,1
DA:80,1
DA:83,1
DA:86,1
DA:87,1
DA:91,49
DA:92,24
DA:94,24
DA:97,24
DA:98,24
DA:99,24
DA:100,24
DA:106,24
DA:108,24
DA:110,1
DA:111,1
DA:114,1
DA:115,1
DA:120,49
DA:121,24
DA:122,24
DA:126,49
DA:127,25
DA:128,25
DA:129,25
DA:130,25
DA:133,25
DA:137,49
DA:138,25
DA:139,25
DA:141,25
DA:142,25
DA:145,25
DA:146,1
DA:147,1
DA:150,1
DA:154,25
DA:158,49
DA:159,25
DA:160,25
DA:161,24
DA:163,23
DA:165,13
DA:167,12
DA:168,12
DA:169,12
DA:171,12
DA:173,12
DA:174,1
DA:178,11
DA:181,11
DA:183,11
DA:184,1
DA:188,10
DA:189,10
DA:191,10
DA:193,10
DA:196,10
DA:199,6
DA:202,6
DA:203,2
DA:204,2
DA:207,2
DA:213,10
DA:214,10
DA:219,0
DA:220,0
DA:225,23
DA:226,11
DA:230,23
DA:232,2
DA:237,23
DA:238,2
DA:239,2
DA:243,49
DA:254,49
LF:95
LH:93
BRDA:42,0,0,2
BRDA:42,0,1,49
BRDA:128,1,0,0
BRDA:128,1,1,25
BRDA:139,2,0,0
BRDA:139,2,1,25
BRDA:145,3,0,1
BRDA:145,3,1,24
BRDA:145,4,0,25
BRDA:145,4,1,1
BRDA:145,4,2,0
BRDA:159,5,0,0
BRDA:159,5,1,25
BRDA:160,6,0,1
BRDA:160,6,1,24
BRDA:161,7,0,1
BRDA:161,7,1,23
BRDA:165,8,0,1
BRDA:165,8,1,12
BRDA:173,9,0,1
BRDA:173,9,1,11
BRDA:181,10,0,11
BRDA:181,10,1,0
BRDA:183,11,0,1
BRDA:183,11,1,10
BRF:25
BRH:20
end_of_record
TN:
SF:contexts/AuthContext.tsx
FN:37,(anonymous_0)
FN:46,(anonymous_1)
FN:57,(anonymous_2)
FN:69,(anonymous_3)
FN:74,(anonymous_4)
FN:85,(anonymous_5)
FN:95,(anonymous_6)
FN:108,(anonymous_7)
FNF:8
FNH:8
FNDA:19,(anonymous_0)
FNDA:1,(anonymous_1)
FNDA:16,(anonymous_2)
FNDA:16,(anonymous_3)
FNDA:3,(anonymous_4)
FNDA:1,(anonymous_5)
FNDA:16,(anonymous_6)
FNDA:16,(anonymous_7)
DA:35,3
DA:37,3
DA:38,19
DA:39,18
DA:40,2
DA:42,16
DA:46,3
DA:47,1
DA:48,1
DA:57,3
DA:58,16
DA:63,16
DA:64,16
DA:65,16
DA:66,16
DA:69,16
DA:70,16
DA:74,16
DA:75,3
DA:76,3
DA:77,3
DA:78,3
DA:79,1
DA:81,3
DA:85,16
DA:86,1
DA:87,1
DA:94,16
DA:95,16
DA:107,16
DA:108,16
DA:125,16
LF:32
LH:32
BRDA:39,0,0,2
BRDA:39,0,1,16
BRDA:78,1,0,1
BRDA:78,1,1,2
BRDA:86,2,0,1
BRDA:86,2,1,0
BRF:6
BRH:5
end_of_record
TN:
SF:contexts/CashuContext.tsx
FN:71,(anonymous_0)
FN:82,(anonymous_1)
FN:94,(anonymous_2)
FN:104,(anonymous_3)
FN:141,(anonymous_4)
FN:148,(anonymous_5)
FN:166,(anonymous_6)
FN:174,(anonymous_7)
FN:192,(anonymous_8)
FN:200,(anonymous_9)
FNF:10
FNH:10
FNDA:17,(anonymous_0)
FNDA:14,(anonymous_1)
FNDA:13,(anonymous_2)
FNDA:13,(anonymous_3)
FNDA:13,(anonymous_4)
FNDA:2,(anonymous_5)
FNDA:1,(anonymous_6)
FNDA:2,(anonymous_7)
FNDA:13,(anonymous_8)
FNDA:13,(anonymous_9)
DA:65,4
DA:66,4
DA:71,4
DA:72,17
DA:73,15
DA:74,4
DA:76,11
DA:82,4
DA:83,14
DA:84,13
DA:85,2
DA:87,11
DA:94,4
DA:95,13
DA:96,10
DA:97,10
DA:104,4
DA:105,13
DA:106,13
DA:107,13
DA:116,13
DA:126,13
DA:132,13
DA:138,13
DA:141,13
DA:142,13
DA:148,13
DA:149,2
DA:150,2
DA:151,1
DA:152,1
DA:153,1
DA:154,1
DA:156,1
DA:157,1
DA:159,1
DA:166,13
DA:167,1
DA:174,13
DA:176,2
DA:177,2
DA:178,2
DA:182,2
DA:183,1
DA:184,1
DA:188,2
DA:192,13
DA:200,13
DA:217,13
LF:49
LH:49
BRDA:73,0,0,4
BRDA:73,0,1,11
BRDA:84,1,0,2
BRDA:84,1,1,11
BRDA:156,2,0,1
BRDA:156,2,1,0
BRDA:182,3,0,1
BRDA:182,3,1,1
BRF:8
BRH:7
end_of_record
TN:
SF:contexts/DisplayPreferencesContext.tsx
FN:28,(anonymous_0)
FN:30,(anonymous_1)
FN:31,(anonymous_2)
FN:32,(anonymous_3)
FN:33,(anonymous_4)
FN:34,(anonymous_5)
FN:35,(anonymous_6)
FN:38,(anonymous_7)
FN:48,(anonymous_8)
FN:57,(anonymous_9)
FN:67,(anonymous_10)
FN:85,(anonymous_11)
FNF:12
FNH:12
FNDA:79,(anonymous_0)
FNDA:410,(anonymous_1)
FNDA:410,(anonymous_2)
FNDA:410,(anonymous_3)
FNDA:410,(anonymous_4)
FNDA:410,(anonymous_5)
FNDA:410,(anonymous_6)
FNDA:5,(anonymous_7)
FNDA:3,(anonymous_8)
FNDA:3,(anonymous_9)
FNDA:79,(anonymous_10)
FNDA:28,(anonymous_11)
DA:28,2
DA:30,410
DA:31,410
DA:32,410
DA:33,410
DA:34,410
DA:35,410
DA:38,79
DA:39,5
DA:41,0
DA:42,0
DA:44,5
DA:48,79
DA:49,3
DA:50,0
DA:51,0
DA:53,3
DA:57,79
DA:58,3
DA:59,0
DA:60,0
DA:62,3
DA:67,79
DA:85,2
DA:87,28
LF:25
LH:19
BRDA:39,0,0,0
BRDA:39,0,1,5
BRDA:49,1,0,0
BRDA:49,1,1,3
BRDA:58,2,0,0
BRDA:58,2,1,3
BRF:6
BRH:3
end_of_record
TN:
SF:contexts/NotificationContext.tsx
FN:37,(anonymous_0)
FN:39,(anonymous_1)
FN:40,(anonymous_2)
FN:41,(anonymous_3)
FN:42,(anonymous_4)
FN:43,(anonymous_5)
FN:44,(anonymous_6)
FN:74,(anonymous_7)
FNF:8
FNH:8
FNDA:797,(anonymous_0)
FNDA:3155,(anonymous_1)
FNDA:3155,(anonymous_2)
FNDA:3155,(anonymous_3)
FNDA:3155,(anonymous_4)
FNDA:3155,(anonymous_5)
FNDA:3155,(anonymous_6)
FNDA:37,(anonymous_7)
DA:37,7
DA:39,3155
DA:40,3155
DA:41,3155
DA:42,3155
DA:43,3155
DA:44,3155
DA:47,797
DA:48,797
DA:49,797
DA:51,797
DA:74,7
DA:76,37
LF:13
LH:13
BRDA:47,0,0,797
BRDA:47,0,1,696
BRDA:49,1,0,797
BRDA:49,1,1,696
BRF:4
BRH:4
end_of_record
TN:
SF:contexts/PendingTransactionsContext.tsx
FN:73,(anonymous_0)
FN:79,(anonymous_1)
FN:88,(anonymous_2)
FN:114,(anonymous_3)
FN:119,(anonymous_4)
FN:122,(anonymous_5)
FN:124,(anonymous_6)
FN:130,(anonymous_7)
FNF:8
FNH:7
FNDA:1364,(anonymous_0)
FNDA:6,(anonymous_1)
FNDA:1364,(anonymous_2)
FNDA:27,(anonymous_3)
FNDA:1352,(anonymous_4)
FNDA:27,(anonymous_5)
FNDA:0,(anonymous_6)
FNDA:27,(anonymous_7)
DA:67,6
DA:73,6
DA:74,1364
DA:75,1364
DA:78,1364
DA:80,6
DA:81,1
DA:83,5
DA:88,1364
DA:114,6
DA:119,1352
DA:122,27
DA:123,27
DA:124,27
DA:125,0
DA:130,27
DA:131,27
DA:132,27
DA:136,27
LF:19
LH:18
BRDA:79,0,0,0
BRDA:80,1,0,1
BRDA:80,1,1,5
BRDA:131,2,0,27
BRDA:131,2,1,0
BRDA:131,3,0,27
BRDA:131,3,1,27
BRF:7
BRH:5
end_of_record
TN:
SF:contexts/PriceContext.tsx
FN:24,(anonymous_0)
FN:27,(anonymous_1)
FN:42,(anonymous_2)
FN:43,(anonymous_3)
FN:46,(anonymous_4)
FNF:5
FNH:5
FNDA:120,(anonymous_0)
FNDA:104,(anonymous_1)
FNDA:7,(anonymous_2)
FNDA:159,(anonymous_3)
FNDA:7,(anonymous_4)
DA:24,1
DA:25,120
DA:27,120
DA:42,1
DA:43,159
DA:46,7
DA:47,7
DA:48,7
DA:51,7
LF:9
LH:9
BRF:0
BRH:0
end_of_record
TN:
SF:contexts/SendFlowContext.tsx
FN:50,(anonymous_0)
FN:52,(anonymous_1)
FN:53,(anonymous_2)
FN:54,(anonymous_3)
FN:55,(anonymous_4)
FN:56,(anonymous_5)
FN:57,(anonymous_6)
FN:58,(anonymous_7)
FN:61,(anonymous_8)
FN:62,(anonymous_9)
FN:63,(anonymous_10)
FN:64,(anonymous_11)
FN:65,(anonymous_12)
FN:66,(anonymous_13)
FN:67,(anonymous_14)
FN:68,(anonymous_15)
FN:71,(anonymous_16)
FN:80,(anonymous_17)
FN:89,(anonymous_18)
FN:98,(anonymous_19)
FN:107,(anonymous_20)
FN:116,(anonymous_21)
FN:156,(anonymous_22)
FN:157,(anonymous_23)
FN:158,(anonymous_24)
FN:159,(anonymous_25)
FN:162,(anonymous_26)
FN:169,(anonymous_27)
FN:173,(anonymous_28)
FNF:29
FNH:29
FNDA:184,(anonymous_0)
FNDA:971,(anonymous_1)
FNDA:971,(anonymous_2)
FNDA:971,(anonymous_3)
FNDA:971,(anonymous_4)
FNDA:971,(anonymous_5)
FNDA:971,(anonymous_6)
FNDA:971,(anonymous_7)
FNDA:971,(anonymous_8)
FNDA:971,(anonymous_9)
FNDA:971,(anonymous_10)
FNDA:971,(anonymous_11)
FNDA:971,(anonymous_12)
FNDA:971,(anonymous_13)
FNDA:971,(anonymous_14)
FNDA:971,(anonymous_15)
FNDA:4,(anonymous_16)
FNDA:3,(anonymous_17)
FNDA:3,(anonymous_18)
FNDA:2,(anonymous_19)
FNDA:1,(anonymous_20)
FNDA:1,(anonymous_21)
FNDA:113,(anonymous_22)
FNDA:707,(anonymous_23)
FNDA:707,(anonymous_24)
FNDA:707,(anonymous_25)
FNDA:113,(anonymous_26)
FNDA:17,(anonymous_27)
FNDA:34,(anonymous_28)
DA:50,3
DA:52,971
DA:53,971
DA:54,971
DA:55,971
DA:56,971
DA:57,971
DA:58,971
DA:61,971
DA:62,971
DA:63,971
DA:64,971
DA:65,971
DA:66,971
DA:67,971
DA:68,971
DA:71,184
DA:72,4
DA:73,0
DA:74,0
DA:76,4
DA:80,184
DA:81,3
DA:82,0
DA:83,0
DA:85,3
DA:89,184
DA:90,3
DA:91,0
DA:92,0
DA:94,3
DA:98,184
DA:99,2
DA:100,0
DA:101,0
DA:103,2
DA:107,184
DA:108,1
DA:109,0
DA:110,0
DA:112,1
DA:116,184
DA:117,1
DA:118,0
DA:119,0
DA:121,1
DA:125,184
DA:156,3
DA:157,707
DA:158,707
DA:159,707
DA:162,113
DA:163,113
DA:169,34
DA:170,17
DA:173,34
DA:177,113
LF:57
LH:45
BRDA:72,0,0,0
BRDA:72,0,1,4
BRDA:81,1,0,0
BRDA:81,1,1,3
BRDA:90,2,0,0
BRDA:90,2,1,3
BRDA:99,3,0,0
BRDA:99,3,1,2
BRDA:108,4,0,0
BRDA:108,4,1,1
BRDA:117,5,0,0
BRDA:117,5,1,1
BRDA:163,6,0,34
BRDA:163,6,1,79
BRF:14
BRH:8
end_of_record
TN:
SF:contexts/TransactionBuildContext.tsx
FN:28,(anonymous_0)
FN:43,(anonymous_1)
FN:83,(anonymous_2)
FN:92,(anonymous_3)
FNF:4
FNH:4
FNDA:32,(anonymous_0)
FNDA:29,(anonymous_1)
FNDA:8,(anonymous_2)
FNDA:29,(anonymous_3)
DA:26,2
DA:28,2
DA:29,32
DA:30,31
DA:31,2
DA:33,29
DA:43,2
DA:56,29
DA:63,29
DA:65,29
DA:68,29
DA:71,29
DA:84,8
DA:91,29
DA:92,29
DA:101,29
LF:16
LH:16
BRDA:30,0,0,2
BRDA:30,0,1,29
BRF:2
BRH:2
end_of_record
TN:
SF:contexts/TransactionExecutionContext.tsx
FN:42,(anonymous_0)
FN:70,(anonymous_1)
FN:90,(anonymous_2)
FN:97,(anonymous_3)
FN:112,(anonymous_4)
FN:173,(anonymous_5)
FN:248,(anonymous_6)
FN:269,(anonymous_7)
FN:300,(anonymous_8)
FN:343,(anonymous_9)
FNF:10
FNH:9
FNDA:46,(anonymous_0)
FNDA:60,(anonymous_1)
FNDA:41,(anonymous_2)
FNDA:19,(anonymous_3)
FNDA:0,(anonymous_4)
FNDA:11,(anonymous_5)
FNDA:4,(anonymous_6)
FNDA:3,(anonymous_7)
FNDA:3,(anonymous_8)
FNDA:43,(anonymous_9)
DA:40,1
DA:42,1
DA:43,46
DA:44,45
DA:45,2
DA:47,43
DA:70,1
DA:80,60
DA:81,60
DA:82,60
DA:83,60
DA:86,60
DA:87,60
DA:90,60
DA:91,41
DA:92,18
DA:97,60
DA:98,19
DA:99,19
DA:100,19
DA:101,1
DA:106,1
DA:109,18
DA:111,18
DA:112,0
DA:113,18
DA:114,1
DA:115,1
DA:118,18
DA:119,17
DA:124,17
DA:125,17
DA:126,6
DA:128,6
DA:129,6
DA:132,6
DA:133,6
DA:135,6
DA:136,6
DA:137,6
DA:139,6
DA:142,6
DA:145,6
DA:146,1
DA:147,1
DA:150,1
DA:152,1
DA:159,6
DA:160,6
DA:161,6
DA:165,6
DA:166,6
DA:167,1
DA:168,1
DA:169,1
DA:173,6
DA:174,11
DA:175,11
DA:176,10
DA:178,10
DA:182,10
DA:185,10
DA:187,10
DA:188,7
DA:195,7
DA:196,1
DA:199,7
DA:200,7
DA:203,1
DA:208,6
DA:211,6
DA:212,5
DA:213,5
DA:214,5
DA:216,1
DA:219,11
DA:225,17
DA:226,17
DA:227,17
DA:234,17
DA:237,17
DA:238,17
DA:241,17
DA:242,2
DA:246,17
DA:249,4
DA:250,4
DA:251,3
DA:253,4
DA:255,4
DA:258,4
DA:259,3
DA:260,3
DA:262,1
DA:264,4
DA:265,4
DA:266,1
DA:271,3
DA:272,2
DA:273,2
DA:275,1
DA:277,3
DA:278,3
DA:279,1
DA:284,1
DA:285,1
DA:290,1
DA:293,1
DA:294,1
DA:300,60
DA:301,3
DA:302,3
DA:304,3
DA:305,1
DA:310,1
DA:311,1
DA:314,2
DA:317,1
DA:323,1
DA:324,1
DA:327,1
DA:328,1
DA:330,1
DA:331,1
DA:336,1
DA:337,1
DA:342,60
DA:343,43
DA:359,60
LF:129
LH:128
BRDA:44,0,0,2
BRDA:44,0,1,43
BRDA:91,1,0,18
BRDA:91,1,1,23
BRDA:97,2,0,16
BRDA:97,3,0,16
BRDA:98,4,0,17
BRDA:100,5,0,1
BRDA:100,5,1,18
BRDA:100,6,0,19
BRDA:100,6,1,19
BRDA:103,7,0,0
BRDA:103,7,1,1
BRDA:111,8,0,0
BRDA:111,8,1,18
BRDA:113,9,0,1
BRDA:113,9,1,17
BRDA:114,10,0,1
BRDA:114,10,1,0
BRDA:115,11,0,0
BRDA:115,11,1,1
BRDA:145,12,0,1
BRDA:145,12,1,5
BRDA:145,13,0,6
BRDA:145,13,1,1
BRDA:146,14,0,1
BRDA:146,14,1,0
BRDA:159,15,0,6
BRDA:159,15,1,0
BRDA:166,16,0,1
BRDA:166,16,1,5
BRDA:166,17,0,6
BRDA:166,17,1,2
BRDA:166,17,2,1
BRDA:166,17,3,1
BRDA:167,18,0,0
BRDA:167,18,1,1
BRDA:182,19,0,10
BRDA:182,19,1,5
BRDA:187,20,0,7
BRDA:187,20,1,3
BRDA:195,21,0,1
BRDA:195,21,1,6
BRDA:195,22,0,7
BRDA:195,22,1,4
BRDA:195,22,2,2
BRDA:211,23,0,5
BRDA:211,23,1,1
BRDA:212,24,0,2
BRDA:212,24,1,3
BRDA:219,25,0,11
BRDA:219,25,1,0
BRDA:237,26,0,3
BRDA:237,26,1,14
BRDA:241,27,0,2
BRDA:241,27,1,15
BRDA:249,28,0,4
BRDA:249,28,1,0
BRDA:250,29,0,3
BRDA:250,29,1,1
BRDA:251,30,0,3
BRDA:251,30,1,0
BRDA:258,31,0,3
BRDA:258,31,1,1
BRDA:265,32,0,1
BRDA:265,32,1,3
BRDA:271,33,0,2
BRDA:271,33,1,1
BRDA:278,34,0,1
BRDA:278,34,1,2
BRDA:284,35,0,1
BRDA:284,35,1,0
BRDA:287,36,0,0
BRDA:287,36,1,1
BRDA:293,37,0,1
BRDA:293,37,1,0
BRDA:300,38,0,3
BRDA:304,39,0,1
BRDA:304,39,1,2
BRDA:307,40,0,0
BRDA:307,40,1,1
BRDA:330,41,0,1
BRDA:330,41,1,0
BRDA:333,42,0,0
BRDA:333,42,1,1
BRF:85
BRH:69
end_of_record
TN:
SF:contexts/UIContext.tsx
FN:26,(anonymous_0)
FNF:1
FNH:1
FNDA:22,(anonymous_0)
DA:26,1
DA:27,22
LF:2
LH:2
BRF:0
BRH:0
end_of_record
TN:
SF:contexts/VaultContext.tsx
FN:40,(anonymous_0)
FN:44,(anonymous_1)
FN:45,(anonymous_2)
FN:46,(anonymous_3)
FN:67,(anonymous_4)
FN:68,(anonymous_5)
FN:71,(anonymous_6)
FNF:7
FNH:7
FNDA:226,(anonymous_0)
FNDA:1065,(anonymous_1)
FNDA:1065,(anonymous_2)
FNDA:1065,(anonymous_3)
FNDA:12,(anonymous_4)
FNDA:423,(anonymous_5)
FNDA:12,(anonymous_6)
DA:40,1
DA:41,226
DA:42,226
DA:43,226
DA:44,1065
DA:45,1065
DA:46,1065
DA:48,226
DA:67,1
DA:68,423
DA:71,12
DA:72,12
DA:75,12
LF:13
LH:13
BRF:0
BRH:0
end_of_record
TN:
SF:contexts/WalletContext.tsx
FN:25,(anonymous_0)
FN:37,(anonymous_1)
FN:46,(anonymous_2)
FN:68,(anonymous_3)
FN:78,(anonymous_4)
FN:93,(anonymous_5)
FN:113,(anonymous_6)
FN:124,(anonymous_7)
FNF:8
FNH:8
FNDA:24,(anonymous_0)
FNDA:21,(anonymous_1)
FNDA:4,(anonymous_2)
FNDA:3,(anonymous_3)
FNDA:2,(anonymous_4)
FNDA:4,(anonymous_5)
FNDA:1,(anonymous_6)
FNDA:21,(anonymous_7)
DA:23,6
DA:25,6
DA:26,24
DA:27,23
DA:28,2
DA:30,21
DA:37,6
DA:39,21
DA:42,21
DA:43,21
DA:46,21
DA:47,4
DA:48,4
DA:50,3
DA:51,2
DA:56,2
DA:58,2
DA:61,1
DA:63,1
DA:68,21
DA:69,3
DA:74,3
DA:78,21
DA:79,2
DA:80,2
DA:83,2
DA:84,2
DA:86,1
DA:87,1
DA:93,21
DA:94,4
DA:95,3
DA:96,1
DA:100,2
DA:105,2
DA:108,2
DA:112,2
DA:114,1
DA:115,1
DA:119,2
DA:123,21
DA:124,21
DA:138,21
LF:43
LH:43
BRDA:27,0,0,2
BRDA:27,0,1,21
BRDA:50,1,0,2
BRDA:50,1,1,1
BRDA:68,2,0,1
BRDA:86,3,0,1
BRDA:86,3,1,0
BRDA:95,4,0,1
BRDA:95,4,1,2
BRDA:114,5,0,1
BRDA:114,5,1,0
BRF:11
BRH:9
end_of_record
TN:
SF:contexts/WalletDataContext.tsx
FN:74,(anonymous_0)
FN:83,(anonymous_1)
FN:92,(anonymous_2)
FN:101,(anonymous_3)
FN:113,(anonymous_4)
FN:156,(anonymous_5)
FN:180,(anonymous_6)
FN:201,(anonymous_7)
FN:224,(anonymous_8)
FN:227,(anonymous_9)
FN:230,(anonymous_10)
FN:235,(anonymous_11)
FNF:12
FNH:12
FNDA:23,(anonymous_0)
FNDA:3,(anonymous_1)
FNDA:3,(anonymous_2)
FNDA:3,(anonymous_3)
FNDA:24,(anonymous_4)
FNDA:5,(anonymous_5)
FNDA:24,(anonymous_6)
FNDA:20,(anonymous_7)
FNDA:20,(anonymous_8)
FNDA:20,(anonymous_9)
FNDA:20,(anonymous_10)
FNDA:20,(anonymous_11)
DA:18,4
DA:69,4
DA:70,4
DA:71,4
DA:72,4
DA:74,4
DA:75,23
DA:76,23
DA:77,2
DA:79,21
DA:83,4
DA:84,3
DA:85,3
DA:86,2
DA:88,1
DA:92,4
DA:93,3
DA:94,3
DA:95,2
DA:97,1
DA:101,4
DA:102,3
DA:103,3
DA:104,2
DA:106,1
DA:113,4
DA:114,24
DA:115,24
DA:116,24
DA:123,24
DA:126,24
DA:129,24
DA:136,24
DA:139,24
DA:142,24
DA:143,24
DA:144,24
DA:147,24
DA:148,21
DA:152,21
DA:156,24
DA:157,5
DA:160,4
DA:161,4
DA:164,4
DA:165,4
DA:167,0
DA:180,24
DA:181,24
DA:182,24
DA:184,24
DA:186,4
DA:187,4
DA:188,4
DA:189,4
DA:190,20
DA:193,18
DA:194,18
DA:201,24
DA:202,20
DA:203,17
DA:204,17
DA:210,24
DA:224,24
DA:227,24
DA:230,24
DA:234,24
DA:235,20
DA:271,24
LF:69
LH:68
BRDA:76,0,0,2
BRDA:76,0,1,21
BRDA:85,1,0,2
BRDA:85,1,1,1
BRDA:94,2,0,2
BRDA:94,2,1,1
BRDA:103,3,0,2
BRDA:103,3,1,1
BRDA:142,4,0,24
BRDA:142,4,1,24
BRDA:143,5,0,24
BRDA:143,5,1,24
BRDA:144,6,0,24
BRDA:144,6,1,24
BRDA:147,7,0,21
BRDA:147,7,1,3
BRDA:147,8,0,24
BRDA:147,8,1,24
BRDA:157,9,0,1
BRDA:157,9,1,4
BRDA:164,10,0,4
BRDA:164,10,1,0
BRDA:184,11,0,4
BRDA:184,11,1,20
BRDA:190,12,0,18
BRDA:190,12,1,2
BRDA:190,13,0,20
BRDA:190,13,1,18
BRDA:202,14,0,17
BRDA:202,14,1,3
BRDA:202,15,0,20
BRDA:202,15,1,20
BRF:32
BRH:31
end_of_record
TN:
SF:hooks/useAccountSwitcher.ts
FN:33,useAccountSwitcher
FN:48,(anonymous_1)
FN:79,(anonymous_2)
FN:85,(anonymous_3)
FN:91,(anonymous_4)
FN:97,(anonymous_5)
FNF:6
FNH:3
FNDA:53,useAccountSwitcher
FNDA:23,(anonymous_1)
FNDA:2,(anonymous_2)
FNDA:0,(anonymous_3)
FNDA:0,(anonymous_4)
FNDA:0,(anonymous_5)
DA:44,53
DA:45,53
DA:46,53
DA:48,53
DA:50,23
DA:52,23
DA:53,23
DA:57,23
DA:58,21
DA:62,21
DA:63,21
DA:64,21
DA:66,21
DA:67,1
DA:72,21
DA:73,21
DA:74,21
DA:78,21
DA:79,6
DA:80,2
DA:84,19
DA:85,1
DA:86,0
DA:90,19
DA:91,1
DA:92,0
DA:96,19
DA:97,1
DA:98,0
DA:102,4
DA:103,4
DA:104,4
DA:108,53
LF:33
LH:30
BRDA:66,0,0,1
BRDA:66,0,1,20
BRDA:72,1,0,1
BRDA:72,1,1,20
BRDA:73,2,0,1
BRDA:73,2,1,20
BRDA:74,3,0,1
BRDA:74,3,1,20
BRDA:78,4,0,6
BRDA:78,4,1,15
BRDA:80,5,0,1
BRDA:80,5,1,1
BRDA:84,6,0,1
BRDA:84,6,1,18
BRDA:86,7,0,0
BRDA:86,7,1,0
BRDA:90,8,0,1
BRDA:90,8,1,18
BRDA:92,9,0,0
BRDA:92,9,1,0
BRDA:96,10,0,1
BRDA:96,10,1,18
BRDA:98,11,0,0
BRDA:98,11,1,0
BRDA:102,12,0,3
BRDA:102,12,1,1
BRF:26
BRH:20
end_of_record
TN:
SF:hooks/useAmountInput.ts
FN:32,useAmountInput
FN:51,(anonymous_1)
FN:76,(anonymous_2)
FNF:3
FNH:3
FNDA:29,useAmountInput
FNDA:7,(anonymous_1)
FNDA:7,(anonymous_2)
DA:40,29
DA:44,29
DA:46,29
DA:47,29
DA:48,29
DA:49,29
DA:51,29
DA:52,7
DA:53,5
DA:54,5
DA:56,5
DA:58,5
DA:62,3
DA:64,2
DA:66,2
DA:68,5
DA:72,2
DA:76,29
DA:77,7
DA:78,7
DA:86,29
LF:21
LH:21
BRDA:44,0,0,29
BRDA:44,0,1,4
BRDA:47,1,0,29
BRDA:47,1,1,29
BRDA:48,2,0,23
BRDA:48,2,1,6
BRDA:49,3,0,23
BRDA:49,3,1,6
BRDA:52,4,0,5
BRDA:52,4,1,2
BRDA:59,5,0,5
BRDA:59,5,1,0
BRDA:66,6,0,2
BRDA:66,6,1,1
BRDA:72,7,0,2
BRDA:72,7,1,1
BRDA:77,8,0,7
BRDA:77,8,1,0
BRDA:78,9,0,4
BRDA:78,9,1,3
BRDA:78,10,0,7
BRDA:78,10,1,5
BRDA:78,11,0,4
BRDA:78,11,1,1
BRDA:79,12,0,3
BRDA:79,12,1,1
BRF:26
BRH:24
end_of_record
TN:
SF:hooks/useAppLifecycle.ts
FN:31,useAppLifecycle
FN:45,(anonymous_1)
FN:46,(anonymous_2)
FN:60,(anonymous_3)
FN:61,(anonymous_4)
FN:68,(anonymous_5)
FN:75,(anonymous_6)
FN:109,(anonymous_7)
FN:122,(anonymous_8)
FN:129,(anonymous_9)
FN:135,(anonymous_10)
FN:141,(anonymous_11)
FN:151,(anonymous_12)
FN:164,(anonymous_13)
FN:165,(anonymous_14)
FNF:15
FNH:14
FNDA:28,useAppLifecycle
FNDA:22,(anonymous_1)
FNDA:22,(anonymous_2)
FNDA:1,(anonymous_3)
FNDA:0,(anonymous_4)
FNDA:22,(anonymous_5)
FNDA:18,(anonymous_6)
FNDA:1,(anonymous_7)
FNDA:11,(anonymous_8)
FNDA:2,(anonymous_9)
FNDA:2,(anonymous_10)
FNDA:27,(anonymous_11)
FNDA:2,(anonymous_12)
FNDA:22,(anonymous_13)
FNDA:1,(anonymous_14)
DA:15,1
DA:40,28
DA:41,28
DA:42,28
DA:45,28
DA:46,22
DA:47,22
DA:48,22
DA:51,0
DA:57,22
DA:60,22
DA:61,1
DA:68,28
DA:69,22
DA:70,22
DA:73,22
DA:75,22
DA:76,18
DA:77,18
DA:78,18
DA:79,18
DA:82,18
DA:83,8
DA:84,8
DA:88,18
DA:89,8
DA:90,8
DA:93,8
DA:94,6
DA:95,6
DA:97,6
DA:98,1
DA:99,1
DA:102,2
DA:106,18
DA:109,22
DA:110,1
DA:122,28
DA:124,11
DA:125,1
DA:129,11
DA:131,2
DA:135,28
DA:137,2
DA:141,28
DA:142,27
DA:143,27
DA:148,9
DA:149,9
DA:151,9
DA:152,2
DA:153,2
DA:154,2
DA:155,2
DA:159,18
DA:164,28
DA:165,22
DA:166,1
DA:167,1
DA:172,28
LF:60
LH:59
BRDA:52,0,0,0
BRDA:52,0,1,0
BRDA:82,1,0,8
BRDA:82,1,1,10
BRDA:88,2,0,8
BRDA:88,2,1,10
BRDA:88,3,0,18
BRDA:88,3,1,9
BRDA:93,4,0,6
BRDA:93,4,1,2
BRDA:93,5,0,8
BRDA:93,5,1,7
BRDA:97,6,0,1
BRDA:97,6,1,5
BRDA:97,7,0,6
BRDA:97,7,1,5
BRDA:124,8,0,1
BRDA:124,8,1,10
BRDA:143,9,0,9
BRDA:143,9,1,18
BRDA:144,10,0,27
BRDA:144,10,1,11
BRDA:144,10,2,10
BRDA:152,11,0,2
BRDA:152,11,1,0
BRDA:166,12,0,1
BRDA:166,12,1,0
BRF:27
BRH:23
end_of_record
TN:
SF:hooks/useAppSettings.ts
FN:37,useAppSettings
FN:46,(anonymous_1)
FN:47,(anonymous_2)
FN:73,(anonymous_3)
FN:79,(anonymous_4)
FN:88,(anonymous_5)
FN:94,(anonymous_6)
FN:143,(anonymous_7)
FN:147,(anonymous_8)
FN:160,(anonymous_9)
FN:198,(anonymous_10)
FN:212,(anonymous_11)
FN:219,(anonymous_12)
FNF:13
FNH:12
FNDA:205,useAppSettings
FNDA:80,(anonymous_1)
FNDA:80,(anonymous_2)
FNDA:4,(anonymous_3)
FNDA:2,(anonymous_4)
FNDA:24,(anonymous_5)
FNDA:19,(anonymous_6)
FNDA:3,(anonymous_7)
FNDA:3,(anonymous_8)
FNDA:1,(anonymous_9)
FNDA:0,(anonymous_10)
FNDA:1,(anonymous_11)
FNDA:149,(anonymous_12)
DA:38,205
DA:39,205
DA:40,205
DA:41,205
DA:42,205
DA:43,205
DA:46,205
DA:47,80
DA:48,80
DA:49,80
DA:50,79
DA:51,11
DA:54,79
DA:55,79
DA:56,4
DA:59,79
DA:60,79
DA:61,2
DA:64,79
DA:65,79
DA:66,1
DA:70,80
DA:73,205
DA:74,4
DA:75,4
DA:76,4
DA:79,205
DA:80,2
DA:81,2
DA:82,2
DA:83,2
DA:84,2
DA:85,2
DA:88,205
DA:89,24
DA:90,24
DA:91,24
DA:94,205
DA:95,19
DA:96,19
DA:99,19
DA:100,12
DA:101,9
DA:102,9
DA:107,6
DA:108,1
DA:109,1
DA:110,1
DA:111,1
DA:114,5
DA:116,3
DA:117,2
DA:119,3
DA:122,3
DA:123,3
DA:124,3
DA:125,3
DA:130,12
DA:131,12
DA:132,12
DA:133,6
DA:134,4
DA:137,6
DA:138,3
DA:143,205
DA:144,3
DA:147,205
DA:148,3
DA:149,3
DA:150,2
DA:151,1
DA:154,1
DA:155,1
DA:160,205
DA:161,1
DA:162,1
DA:163,1
DA:164,1
DA:167,1
DA:168,0
DA:169,0
DA:170,0
DA:172,0
DA:173,0
DA:174,0
DA:181,0
DA:182,0
DA:186,1
DA:187,1
DA:188,1
DA:189,0
DA:198,205
DA:199,0
DA:200,0
DA:201,0
DA:202,0
DA:203,0
DA:206,0
DA:207,0
DA:212,205
DA:213,1
DA:214,1
DA:215,1
DA:218,205
DA:219,149
LF:105
LH:89
BRDA:50,0,0,11
BRDA:50,0,1,68
BRDA:55,1,0,4
BRDA:55,1,1,75
BRDA:60,2,0,2
BRDA:60,2,1,77
BRDA:65,3,0,1
BRDA:65,3,1,78
BRDA:99,4,0,12
BRDA:99,4,1,7
BRDA:100,5,0,9
BRDA:100,5,1,3
BRDA:107,6,0,1
BRDA:107,6,1,5
BRDA:116,7,0,2
BRDA:116,7,1,1
BRDA:133,8,0,4
BRDA:133,8,1,2
BRDA:134,9,0,2
BRDA:134,9,1,2
BRDA:137,10,0,3
BRDA:137,10,1,3
BRDA:150,11,0,1
BRDA:150,11,1,1
BRDA:154,12,0,1
BRDA:154,12,1,0
BRDA:163,13,0,1
BRDA:163,13,1,0
BRDA:172,14,0,0
BRDA:172,14,1,0
BRDA:173,15,0,0
BRDA:173,15,1,0
BRDA:181,16,0,0
BRDA:181,16,1,0
BRDA:186,17,0,0
BRDA:186,17,1,1
BRDA:188,18,0,0
BRDA:188,18,1,1
BRDA:202,19,0,0
BRDA:202,19,1,0
BRDA:206,20,0,0
BRDA:206,20,1,0
BRF:42
BRH:28
end_of_record
TN:
SF:hooks/useAssetTransactions.ts
FN:54,useAssetTransactions
FN:76,(anonymous_1)
FN:80,(anonymous_2)
FN:82,(anonymous_3)
FN:84,(anonymous_4)
FN:88,(anonymous_5)
FN:95,(anonymous_6)
FN:99,(anonymous_7)
FN:125,(anonymous_8)
FN:136,(anonymous_9)
FN:148,(anonymous_10)
FN:165,(anonymous_11)
FN:229,(anonymous_12)
FN:244,(anonymous_13)
FN:256,(anonymous_14)
FN:293,(anonymous_15)
FNF:16
FNH:13
FNDA:139,useAssetTransactions
FNDA:47,(anonymous_1)
FNDA:0,(anonymous_2)
FNDA:0,(anonymous_3)
FNDA:0,(anonymous_4)
FNDA:3,(anonymous_5)
FNDA:47,(anonymous_6)
FNDA:22,(anonymous_7)
FNDA:3,(anonymous_8)
FNDA:47,(anonymous_9)
FNDA:92,(anonymous_10)
FNDA:60,(anonymous_11)
FNDA:20,(anonymous_12)
FNDA:20,(anonymous_13)
FNDA:20,(anonymous_14)
FNDA:17,(anonymous_15)
DA:62,139
DA:63,139
DA:64,139
DA:65,139
DA:67,139
DA:68,139
DA:69,139
DA:71,139
DA:73,139
DA:76,139
DA:77,47
DA:79,22
DA:80,22
DA:81,0
DA:82,0
DA:83,0
DA:84,0
DA:88,22
DA:89,3
DA:90,3
DA:95,139
DA:96,47
DA:97,22
DA:99,22
DA:100,22
DA:101,22
DA:103,22
DA:109,19
DA:110,19
DA:111,19
DA:112,19
DA:115,3
DA:116,3
DA:117,3
DA:118,3
DA:119,3
DA:123,22
DA:125,22
DA:126,3
DA:130,25
DA:131,25
DA:136,139
DA:137,47
DA:138,46
DA:139,46
DA:140,0
DA:142,46
DA:143,46
DA:148,139
DA:149,92
DA:150,6
DA:151,6
DA:156,86
DA:157,22
DA:158,22
DA:164,64
DA:165,60
DA:168,64
DA:170,64
DA:172,17
DA:173,17
DA:178,47
DA:179,47
DA:181,47
DA:183,35
DA:186,34
DA:189,34
DA:191,21
DA:194,13
DA:196,13
DA:198,11
DA:199,11
DA:200,11
DA:201,11
DA:203,11
DA:211,11
DA:216,34
DA:219,30
DA:221,27
DA:228,47
DA:229,47
DA:230,20
DA:231,20
DA:232,1
DA:234,1
DA:236,1
DA:237,0
DA:243,47
DA:245,20
DA:247,20
DA:248,0
DA:249,0
DA:250,0
DA:251,0
DA:254,20
DA:258,20
DA:259,20
DA:260,20
DA:262,20
DA:264,20
DA:284,47
DA:293,47
DA:294,17
DA:295,17
DA:296,17
DA:299,47
DA:300,47
DA:301,47
DA:304,47
DA:305,19
DA:309,139
LF:111
LH:101
BRDA:59,0,0,72
BRDA:67,1,0,139
BRDA:67,1,1,67
BRDA:68,2,0,139
BRDA:68,2,1,67
BRDA:77,3,0,25
BRDA:77,3,1,22
BRDA:77,4,0,47
BRDA:77,4,1,24
BRDA:81,5,0,0
BRDA:81,5,1,0
BRDA:89,6,0,0
BRDA:89,6,1,3
BRDA:96,7,0,22
BRDA:96,7,1,25
BRDA:96,8,0,47
BRDA:96,8,1,24
BRDA:109,9,0,19
BRDA:109,9,1,0
BRDA:115,10,0,2
BRDA:115,10,1,1
BRDA:116,11,0,3
BRDA:116,11,1,0
BRDA:137,12,0,1
BRDA:137,12,1,46
BRDA:149,13,0,6
BRDA:149,13,1,86
BRDA:149,14,0,92
BRDA:149,14,1,90
BRDA:149,14,2,88
BRDA:156,15,0,22
BRDA:156,15,1,64
BRDA:156,16,0,86
BRDA:156,16,1,45
BRDA:156,16,2,41
BRDA:165,17,0,60
BRDA:165,17,1,53
BRDA:165,18,0,60
BRDA:165,18,1,57
BRDA:170,19,0,17
BRDA:170,19,1,47
BRDA:170,20,0,64
BRDA:170,20,1,22
BRDA:183,21,0,1
BRDA:183,21,1,34
BRDA:189,22,0,21
BRDA:189,22,1,13
BRDA:196,23,0,11
BRDA:196,23,1,2
BRDA:199,24,0,10
BRDA:199,24,1,1
BRDA:200,25,0,10
BRDA:200,25,1,1
BRDA:201,26,0,1
BRDA:201,26,1,10
BRDA:216,27,0,4
BRDA:216,27,1,30
BRDA:219,28,0,3
BRDA:219,28,1,27
BRDA:219,29,0,30
BRDA:219,29,1,27
BRDA:231,30,0,1
BRDA:231,30,1,19
BRDA:231,31,0,20
BRDA:231,31,1,1
BRDA:234,32,0,1
BRDA:234,32,1,1
BRDA:234,32,2,1
BRDA:234,32,3,1
BRDA:234,32,4,0
BRDA:236,33,0,0
BRDA:236,33,1,1
BRDA:247,34,0,0
BRDA:247,34,1,20
BRDA:249,35,0,0
BRDA:249,35,1,0
BRDA:249,36,0,0
BRDA:249,36,1,0
BRDA:249,36,2,0
BRDA:274,37,0,0
BRDA:274,37,1,20
BRDA:274,38,0,1
BRDA:274,38,1,19
BRDA:276,39,0,0
BRDA:276,39,1,20
BRDA:276,40,0,1
BRDA:276,40,1,19
BRDA:277,41,0,20
BRDA:277,41,1,1
BRDA:278,42,0,20
BRDA:278,42,1,1
BRDA:294,43,0,17
BRDA:294,43,1,7
BRDA:294,43,2,1
BRDA:295,44,0,17
BRDA:295,44,1,11
BRDA:295,44,2,3
BRDA:304,45,0,19
BRDA:304,45,1,28
BRDA:304,46,0,47
BRDA:304,46,1,23
BRDA:312,47,0,139
BRDA:312,47,1,117
BRDA:312,47,2,45
BRDA:312,47,3,39
BRF:105
BRH:90
end_of_record
TN:
SF:hooks/useAuth.ts
FN:66,useAuth
FN:89,(anonymous_1)
FN:90,(anonymous_2)
FN:102,(anonymous_3)
FN:112,(anonymous_4)
FN:122,(anonymous_5)
FN:136,(anonymous_6)
FN:173,(anonymous_7)
FN:182,(anonymous_8)
FN:188,(anonymous_9)
FN:209,(anonymous_10)
FN:214,(anonymous_11)
FN:229,(anonymous_12)
FN:238,(anonymous_13)
FN:278,(anonymous_14)
FN:296,(anonymous_15)
FNF:16
FNH:16
FNDA:101,useAuth
FNDA:37,(anonymous_1)
FNDA:37,(anonymous_2)
FNDA:3,(anonymous_3)
FNDA:3,(anonymous_4)
FNDA:5,(anonymous_5)
FNDA:7,(anonymous_6)
FNDA:2,(anonymous_7)
FNDA:1,(anonymous_8)
FNDA:2,(anonymous_9)
FNDA:1,(anonymous_10)
FNDA:1,(anonymous_11)
FNDA:1,(anonymous_12)
FNDA:101,(anonymous_13)
FNDA:65,(anonymous_14)
FNDA:101,(anonymous_15)
DA:68,101
DA:69,101
DA:70,101
DA:71,101
DA:72,101
DA:75,101
DA:76,101
DA:77,101
DA:80,101
DA:81,101
DA:82,101
DA:83,101
DA:84,101
DA:85,101
DA:86,101
DA:89,101
DA:90,37
DA:91,37
DA:92,37
DA:94,37
DA:95,37
DA:98,37
DA:102,101
DA:103,3
DA:104,3
DA:105,2
DA:112,101
DA:113,3
DA:114,3
DA:115,2
DA:122,101
DA:123,5
DA:124,5
DA:125,4
DA:126,1
DA:127,1
DA:129,3
DA:131,1
DA:136,101
DA:137,7
DA:139,7
DA:141,6
DA:147,5
DA:148,3
DA:150,2
DA:151,2
DA:152,2
DA:153,2
DA:154,2
DA:156,2
DA:159,1
DA:164,1
DA:168,1
DA:173,101
DA:174,2
DA:175,2
DA:176,2
DA:177,1
DA:182,101
DA:183,1
DA:184,1
DA:188,101
DA:189,2
DA:191,1
DA:192,1
DA:193,1
DA:194,1
DA:195,1
DA:196,1
DA:198,1
DA:201,1
DA:202,1
DA:204,1
DA:209,101
DA:210,1
DA:214,101
DA:215,1
DA:216,1
DA:217,1
DA:218,1
DA:219,1
DA:220,1
DA:221,1
DA:222,1
DA:223,1
DA:224,1
DA:225,1
DA:229,101
DA:230,1
DA:232,1
DA:234,1
DA:238,101
DA:261,101
DA:278,101
DA:296,101
LF:95
LH:95
BRDA:125,0,0,1
BRDA:125,0,1,3
BRDA:125,1,0,4
BRDA:125,1,1,2
BRDA:139,2,0,6
BRDA:139,2,1,1
BRDA:147,3,0,3
BRDA:147,3,1,2
BRDA:148,4,0,2
BRDA:148,4,1,1
BRDA:176,5,0,1
BRDA:176,5,1,1
BRDA:189,6,0,1
BRDA:189,6,1,1
BRF:14
BRH:14
end_of_record
TN:
SF:hooks/useAuthSettings.ts
FN:27,useAuthSettings
FN:31,(anonymous_1)
FN:35,(anonymous_2)
FN:41,(anonymous_3)
FN:85,(anonymous_4)
FN:90,(anonymous_5)
FNF:6
FNH:6
FNDA:176,useAuthSettings
FNDA:2,(anonymous_1)
FNDA:25,(anonymous_2)
FNDA:20,(anonymous_3)
FNDA:3,(anonymous_4)
FNDA:111,(anonymous_5)
DA:28,176
DA:29,176
DA:31,176
DA:32,2
DA:35,176
DA:36,25
DA:37,25
DA:38,25
DA:41,176
DA:42,20
DA:43,20
DA:46,20
DA:47,13
DA:48,13
DA:53,10
DA:55,2
DA:56,2
DA:57,2
DA:58,2
DA:62,8
DA:64,3
DA:65,2
DA:67,3
DA:72,15
DA:73,15
DA:74,15
DA:75,9
DA:76,6
DA:79,6
DA:80,4
DA:85,176
DA:86,3
DA:89,176
DA:90,111
LF:34
LH:34
BRDA:46,0,0,13
BRDA:46,0,1,7
BRDA:53,1,0,2
BRDA:53,1,1,8
BRDA:64,2,0,2
BRDA:64,2,1,1
BRDA:75,3,0,6
BRDA:75,3,1,3
BRDA:76,4,0,3
BRDA:76,4,1,3
BRDA:79,5,0,4
BRDA:79,5,1,2
BRF:12
BRH:12
end_of_record
TN:
SF:hooks/useAuthenticatedToggle.ts
FN:38,useAuthenticatedToggle
FN:58,(anonymous_1)
FN:67,(anonymous_2)
FN:156,(anonymous_3)
FN:161,(anonymous_4)
FN:174,useAuthToEnable
FN:194,useAuthToToggle
FNF:7
FNH:7
FNDA:46,useAuthenticatedToggle
FNDA:15,(anonymous_1)
FNDA:13,(anonymous_2)
FNDA:1,(anonymous_3)
FNDA:46,(anonymous_4)
FNDA:3,useAuthToEnable
FNDA:3,useAuthToToggle
DA:50,46
DA:52,46
DA:53,46
DA:58,46
DA:59,15
DA:60,15
DA:61,15
DA:67,46
DA:68,13
DA:69,13
DA:72,13
DA:74,13
DA:76,8
DA:78,8
DA:79,6
DA:81,6
DA:84,6
DA:86,5
DA:88,2
DA:89,2
DA:93,2
DA:94,2
DA:98,3
DA:103,1
DA:104,1
DA:109,1
DA:113,2
DA:114,2
DA:118,2
DA:119,2
DA:124,8
DA:125,8
DA:128,6
DA:129,5
DA:132,6
DA:133,6
DA:136,2
DA:137,1
DA:156,46
DA:157,1
DA:160,46
DA:161,46
DA:181,3
DA:201,3
LF:44
LH:44
BRDA:49,0,0,34
BRDA:72,1,0,13
BRDA:72,1,1,7
BRDA:74,2,0,8
BRDA:74,2,1,5
BRDA:76,3,0,8
BRDA:76,3,1,7
BRDA:78,4,0,6
BRDA:78,4,1,2
BRDA:81,5,0,6
BRDA:81,5,1,5
BRDA:82,6,0,4
BRDA:82,6,1,1
BRDA:86,7,0,2
BRDA:86,7,1,3
BRDA:103,8,0,1
BRDA:103,8,1,0
BRDA:105,9,0,1
BRDA:105,9,1,0
BRDA:128,10,0,5
BRDA:128,10,1,1
BRDA:132,11,0,6
BRDA:132,11,1,0
BRDA:133,12,0,2
BRDA:133,12,1,4
BRDA:136,13,0,1
BRDA:136,13,1,1
BRF:27
BRH:24
end_of_record
TN:
SF:hooks/useBackgroundSplash.ts
FN:13,(anonymous_0)
FN:21,(anonymous_1)
FN:22,(anonymous_2)
FN:56,(anonymous_3)
FNF:4
FNH:4
FNDA:10,(anonymous_0)
FNDA:10,(anonymous_1)
FNDA:12,(anonymous_2)
FNDA:1,(anonymous_3)
DA:13,1
DA:15,10
DA:16,10
DA:17,10
DA:18,10
DA:19,10
DA:21,10
DA:22,10
DA:23,12
DA:24,12
DA:27,12
DA:28,0
DA:29,0
DA:34,12
DA:36,8
DA:37,8
DA:44,8
DA:45,4
DA:48,4
DA:56,10
DA:57,1
DA:58,1
DA:59,0
DA:64,10
LF:24
LH:21
BRDA:16,0,0,10
BRDA:16,0,1,0
BRDA:27,1,0,0
BRDA:27,1,1,12
BRDA:34,2,0,8
BRDA:34,2,1,4
BRDA:34,3,0,12
BRDA:34,3,1,7
BRDA:36,4,0,8
BRDA:36,4,1,0
BRDA:45,5,0,4
BRDA:45,5,1,0
BRDA:45,6,0,4
BRDA:45,6,1,4
BRDA:45,6,2,1
BRDA:58,7,0,0
BRDA:58,7,1,1
BRF:17
BRH:12
end_of_record
TN:
SF:hooks/useBalanceData.ts
FN:18,areRunesBalancesEqual
FN:48,useBalanceData
FN:74,(anonymous_2)
FN:84,(anonymous_3)
FN:133,(anonymous_4)
FN:140,(anonymous_5)
FN:154,(anonymous_6)
FN:163,(anonymous_7)
FNF:8
FNH:8
FNDA:7,areRunesBalancesEqual
FNDA:23,useBalanceData
FNDA:12,(anonymous_2)
FNDA:9,(anonymous_3)
FNDA:1,(anonymous_4)
FNDA:2,(anonymous_5)
FNDA:1,(anonymous_6)
FNDA:21,(anonymous_7)
DA:20,7
DA:21,6
DA:22,6
DA:23,1
DA:24,1
DA:26,1
DA:53,23
DA:54,23
DA:55,23
DA:56,23
DA:57,23
DA:58,23
DA:61,23
DA:62,23
DA:63,23
DA:66,23
DA:67,23
DA:70,23
DA:71,23
DA:74,23
DA:75,12
DA:76,12
DA:77,12
DA:78,12
DA:83,23
DA:86,9
DA:87,9
DA:89,9
DA:90,1
DA:93,8
DA:94,8
DA:95,8
DA:96,8
DA:99,7
DA:100,7
DA:102,7
DA:106,7
DA:107,6
DA:112,6
DA:113,6
DA:114,6
DA:118,7
DA:119,7
DA:120,7
DA:121,7
DA:122,7
DA:124,1
DA:126,8
DA:133,23
DA:134,1
DA:135,1
DA:136,1
DA:140,23
DA:141,2
DA:142,2
DA:143,2
DA:144,1
DA:145,1
DA:147,1
DA:149,2
DA:154,23
DA:155,1
DA:156,1
DA:157,1
DA:158,1
DA:159,1
DA:162,23
DA:163,21
LF:68
LH:68
BRDA:20,0,0,1
BRDA:20,0,1,6
BRDA:20,1,0,7
BRDA:20,1,1,1
BRDA:21,2,0,0
BRDA:21,2,1,6
BRDA:21,3,0,6
BRDA:21,3,1,6
BRDA:22,4,0,5
BRDA:22,4,1,1
BRDA:24,5,0,0
BRDA:24,5,1,1
BRDA:24,6,0,1
BRDA:24,6,1,1
BRDA:76,7,0,12
BRDA:76,7,1,0
BRDA:78,8,0,12
BRDA:78,8,1,1
BRDA:86,9,0,9
BRDA:86,9,1,9
BRDA:87,10,0,9
BRDA:87,10,1,9
BRDA:89,11,0,1
BRDA:89,11,1,8
BRDA:89,12,0,9
BRDA:89,12,1,8
BRDA:102,13,0,7
BRDA:102,13,1,1
BRDA:102,13,2,1
BRDA:106,14,0,6
BRDA:106,14,1,1
BRF:31
BRH:28
end_of_record
TN:
SF:hooks/useBottomSheetAnimation.ts
FN:18,useBottomSheetAnimation
FN:22,(anonymous_1)
FN:27,(anonymous_2)
FN:37,(anonymous_3)
FN:38,(anonymous_4)
FN:42,(anonymous_5)
FN:47,(anonymous_6)
FN:62,(anonymous_7)
FNF:8
FNH:8
FNDA:20,useBottomSheetAnimation
FNDA:5,(anonymous_1)
FNDA:5,(anonymous_2)
FNDA:1,(anonymous_3)
FNDA:4,(anonymous_4)
FNDA:2,(anonymous_5)
FNDA:7,(anonymous_6)
FNDA:20,(anonymous_7)
DA:9,1
DA:19,20
DA:20,20
DA:22,20
DA:23,5
DA:28,5
DA:29,5
DA:30,5
DA:35,20
DA:37,1
DA:40,4
DA:43,2
DA:44,1
DA:48,7
DA:49,4
DA:51,3
DA:62,20
DA:63,20
DA:65,17
DA:66,17
DA:67,17
DA:80,3
DA:81,3
DA:85,20
LF:24
LH:24
BRDA:40,0,0,4
BRDA:40,0,1,1
BRDA:43,1,0,1
BRDA:43,1,1,1
BRDA:48,2,0,4
BRDA:48,2,1,3
BRDA:48,3,0,7
BRDA:48,3,1,5
BRDA:63,4,0,17
BRDA:63,4,1,3
BRF:10
BRH:10
end_of_record
TN:
SF:hooks/useCashuBalance.ts
FN:24,useCashuBalance
FN:30,(anonymous_1)
FN:36,(anonymous_2)
FN:42,(anonymous_3)
FN:51,(anonymous_4)
FN:85,(anonymous_5)
FN:86,(anonymous_6)
FN:95,(anonymous_7)
FNF:8
FNH:7
FNDA:26,useCashuBalance
FNDA:22,(anonymous_1)
FNDA:11,(anonymous_2)
FNDA:18,(anonymous_3)
FNDA:4,(anonymous_4)
FNDA:11,(anonymous_5)
FNDA:0,(anonymous_6)
FNDA:11,(anonymous_7)
DA:25,26
DA:26,26
DA:27,26
DA:30,26
DA:31,22
DA:36,26
DA:37,11
DA:38,1
DA:42,26
DA:43,18
DA:44,18
DA:46,14
DA:47,13
DA:48,13
DA:51,13
DA:52,4
DA:53,4
DA:54,3
DA:56,1
DA:60,13
DA:63,4
DA:64,2
DA:65,2
DA:66,2
DA:69,3
DA:70,3
DA:71,3
DA:72,3
DA:77,26
DA:85,26
DA:86,11
DA:87,0
DA:88,0
DA:91,11
DA:95,26
DA:96,11
DA:99,26
LF:37
LH:35
BRDA:37,0,0,1
BRDA:37,0,1,10
BRDA:42,1,0,0
BRDA:44,2,0,14
BRDA:44,2,1,4
BRDA:56,3,0,1
BRDA:56,3,1,0
BRDA:69,4,0,3
BRDA:69,4,1,0
BRF:9
BRH:6
end_of_record
TN:
SF:hooks/useCashuMelt.ts
FN:22,useCashuMelt
FN:26,(anonymous_1)
FN:48,(anonymous_2)
FNF:3
FNH:3
FNDA:7,useCashuMelt
FNDA:3,(anonymous_1)
FNDA:3,(anonymous_2)
DA:26,7
DA:27,3
DA:28,3
DA:30,3
DA:31,3
DA:32,3
DA:33,1
DA:34,1
DA:36,2
DA:37,2
DA:38,2
DA:39,2
DA:41,3
DA:48,7
DA:49,3
DA:50,3
DA:52,3
DA:53,3
DA:54,3
DA:55,1
DA:56,1
DA:57,1
DA:59,2
DA:60,2
DA:61,2
DA:62,2
DA:64,3
DA:68,7
LF:28
LH:28
BRDA:36,0,0,2
BRDA:36,0,1,0
BRDA:59,1,0,2
BRDA:59,1,1,0
BRF:4
BRH:2
end_of_record
TN:
SF:hooks/useCashuMint.ts
FN:51,useCashuMint
FN:57,(anonymous_1)
FN:65,(anonymous_2)
FN:85,(anonymous_3)
FN:93,(anonymous_4)
FN:102,(anonymous_5)
FN:102,(anonymous_6)
FN:128,(anonymous_7)
FN:129,(anonymous_8)
FN:129,(anonymous_9)
FN:135,(anonymous_10)
FN:143,(anonymous_11)
FN:175,(anonymous_12)
FNF:13
FNH:13
FNDA:25,useCashuMint
FNDA:8,(anonymous_1)
FNDA:7,(anonymous_2)
FNDA:6,(anonymous_3)
FNDA:2,(anonymous_4)
FNDA:2,(anonymous_5)
FNDA:2,(anonymous_6)
FNDA:1,(anonymous_7)
FNDA:1,(anonymous_8)
FNDA:1,(anonymous_9)
FNDA:2,(anonymous_10)
FNDA:1,(anonymous_11)
FNDA:2,(anonymous_12)
DA:52,25
DA:57,25
DA:58,8
DA:59,8
DA:61,8
DA:62,8
DA:63,8
DA:65,7
DA:70,7
DA:71,7
DA:73,1
DA:74,1
DA:75,1
DA:76,1
DA:78,8
DA:85,25
DA:86,6
DA:87,6
DA:88,6
DA:90,4
DA:91,3
DA:93,3
DA:94,3
DA:95,1
DA:97,2
DA:98,0
DA:101,2
DA:102,2
DA:103,2
DA:105,2
DA:107,2
DA:114,1
DA:119,3
DA:120,3
DA:121,3
DA:128,25
DA:129,1
DA:135,25
DA:136,2
DA:137,2
DA:139,2
DA:140,2
DA:141,2
DA:143,1
DA:148,1
DA:153,1
DA:154,1
DA:161,1
DA:163,1
DA:164,1
DA:165,1
DA:166,1
DA:167,1
DA:169,2
DA:174,25
DA:176,2
DA:177,2
DA:178,2
DA:179,1
DA:180,1
DA:183,1
DA:184,1
DA:193,25
LF:63
LH:62
BRDA:73,0,0,1
BRDA:73,0,1,0
BRDA:90,1,0,3
BRDA:90,1,1,1
BRDA:94,2,0,1
BRDA:94,2,1,2
BRDA:97,3,0,0
BRDA:97,3,1,2
BRDA:119,4,0,3
BRDA:119,4,1,0
BRDA:153,5,0,1
BRDA:153,5,1,0
BRDA:153,6,0,1
BRDA:153,6,1,1
BRDA:163,7,0,1
BRDA:163,7,1,0
BRDA:166,8,0,1
BRDA:166,8,1,0
BRDA:179,9,0,1
BRDA:179,9,1,0
BRDA:183,10,0,1
BRDA:183,10,1,0
BRF:22
BRH:14
end_of_record
TN:
SF:hooks/useCashuMintCompletion.ts
FN:26,useCashuMintCompletion
FN:37,(anonymous_1)
FN:57,(anonymous_2)
FN:68,(anonymous_3)
FNF:4
FNH:4
FNDA:40,useCashuMintCompletion
FNDA:17,(anonymous_1)
FNDA:11,(anonymous_2)
FNDA:40,(anonymous_3)
DA:34,40
DA:35,40
DA:37,40
DA:38,17
DA:45,17
DA:46,5
DA:49,12
DA:50,1
DA:51,1
DA:54,11
DA:55,11
DA:57,11
DA:58,11
DA:59,11
DA:60,11
DA:63,11
DA:64,11
DA:65,11
DA:67,11
DA:68,40
DA:69,40
DA:70,38
DA:71,38
DA:72,8
DA:73,8
DA:75,30
DA:78,9
DA:79,8
DA:81,8
DA:82,8
DA:85,8
DA:86,7
DA:90,8
DA:91,8
DA:93,8
DA:94,8
DA:96,1
DA:97,1
DA:98,1
DA:101,2
DA:102,2
DA:103,2
DA:104,2
DA:108,11
DA:111,40
LF:45
LH:45
BRDA:45,0,0,5
BRDA:45,0,1,12
BRDA:45,1,0,17
BRDA:45,1,1,13
BRDA:49,2,0,1
BRDA:49,2,1,11
BRDA:67,3,0,41
BRDA:67,3,1,41
BRDA:71,4,0,8
BRDA:71,4,1,30
BRDA:71,5,0,38
BRDA:71,5,1,31
BRDA:78,6,0,8
BRDA:78,6,1,1
BRDA:78,7,0,9
BRDA:78,7,1,8
BRDA:85,8,0,7
BRDA:85,8,1,1
BRDA:101,9,0,1
BRDA:101,9,1,1
BRF:20
BRH:20
end_of_record
TN:
SF:hooks/useCashuReceive.ts
FN:46,useCashuReceive
FN:61,(anonymous_1)
FN:64,(anonymous_2)
FN:72,(anonymous_3)
FN:80,(anonymous_4)
FN:83,(anonymous_5)
FN:102,(anonymous_6)
FN:115,(anonymous_7)
FN:125,(anonymous_8)
FN:161,(anonymous_9)
FN:165,(anonymous_10)
FN:169,(anonymous_11)
FNF:12
FNH:12
FNDA:55,useCashuReceive
FNDA:34,(anonymous_1)
FNDA:4,(anonymous_2)
FNDA:1,(anonymous_3)
FNDA:1,(anonymous_4)
FNDA:9,(anonymous_5)
FNDA:4,(anonymous_6)
FNDA:1,(anonymous_7)
FNDA:3,(anonymous_8)
FNDA:2,(anonymous_9)
FNDA:1,(anonymous_10)
FNDA:1,(anonymous_11)
DA:53,55
DA:54,55
DA:55,55
DA:56,55
DA:57,55
DA:58,55
DA:61,55
DA:62,34
DA:64,5
DA:65,4
DA:66,4
DA:67,3
DA:68,2
DA:69,2
DA:72,1
DA:76,1
DA:80,5
DA:83,55
DA:84,9
DA:85,9
DA:86,2
DA:87,2
DA:90,7
DA:91,7
DA:92,7
DA:93,6
DA:95,1
DA:96,1
DA:98,7
DA:102,55
DA:103,4
DA:104,1
DA:105,1
DA:108,3
DA:109,3
DA:110,3
DA:111,3
DA:112,2
DA:115,1
DA:118,1
DA:119,1
DA:121,3
DA:125,55
DA:126,3
DA:127,3
DA:128,1
DA:129,1
DA:132,2
DA:133,2
DA:134,2
DA:136,1
DA:154,1
DA:155,1
DA:157,2
DA:161,55
DA:162,2
DA:163,1
DA:164,1
DA:165,1
DA:169,55
DA:170,1
DA:171,1
DA:174,55
LF:63
LH:63
BRDA:53,0,0,55
BRDA:53,0,1,55
BRDA:62,1,0,29
BRDA:62,1,1,5
BRDA:62,2,0,34
BRDA:62,2,1,11
BRDA:67,3,0,2
BRDA:67,3,1,1
BRDA:76,4,0,1
BRDA:76,4,1,0
BRDA:85,5,0,2
BRDA:85,5,1,7
BRDA:85,6,0,9
BRDA:85,6,1,7
BRDA:95,7,0,1
BRDA:95,7,1,0
BRDA:96,8,0,1
BRDA:96,8,1,0
BRDA:103,9,0,1
BRDA:103,9,1,3
BRDA:118,10,0,1
BRDA:118,10,1,0
BRDA:119,11,0,1
BRDA:119,11,1,0
BRDA:127,12,0,1
BRDA:127,12,1,2
BRDA:127,13,0,3
BRDA:127,13,1,2
BRDA:154,14,0,1
BRDA:154,14,1,0
BRDA:155,15,0,1
BRDA:155,15,1,0
BRDA:162,16,0,1
BRDA:162,16,1,1
BRF:34
BRH:27
end_of_record
TN:
SF:hooks/useCashuSendHandlers.ts
FN:35,useCashuSendHandlers
FN:48,(anonymous_1)
FN:72,(anonymous_2)
FN:85,(anonymous_3)
FN:114,(anonymous_4)
FN:127,(anonymous_5)
FNF:6
FNH:6
FNDA:20,useCashuSendHandlers
FNDA:6,(anonymous_1)
FNDA:3,(anonymous_2)
FNDA:6,(anonymous_3)
FNDA:4,(anonymous_4)
FNDA:1,(anonymous_5)
DA:48,20
DA:49,6
DA:50,6
DA:51,3
DA:52,3
DA:55,3
DA:56,1
DA:57,1
DA:60,2
DA:61,2
DA:62,2
DA:63,1
DA:65,1
DA:66,1
DA:68,2
DA:72,20
DA:73,3
DA:75,2
DA:76,2
DA:81,1
DA:85,20
DA:86,6
DA:87,6
DA:88,1
DA:89,1
DA:92,5
DA:93,1
DA:94,1
DA:97,4
DA:98,1
DA:99,1
DA:102,3
DA:103,3
DA:104,3
DA:105,2
DA:107,1
DA:108,1
DA:110,3
DA:114,20
DA:115,4
DA:117,3
DA:118,3
DA:119,3
DA:121,2
DA:127,1
DA:132,1
DA:133,1
DA:134,1
DA:136,3
DA:140,20
LF:50
LH:50
BRDA:50,0,0,3
BRDA:50,0,1,3
BRDA:50,1,0,6
BRDA:50,1,1,4
BRDA:55,2,0,1
BRDA:55,2,1,2
BRDA:65,3,0,1
BRDA:65,3,1,0
BRDA:66,4,0,1
BRDA:66,4,1,0
BRDA:73,5,0,1
BRDA:73,5,1,2
BRDA:81,6,0,1
BRDA:81,6,1,0
BRDA:87,7,0,1
BRDA:87,7,1,5
BRDA:87,8,0,6
BRDA:87,8,1,5
BRDA:92,9,0,1
BRDA:92,9,1,4
BRDA:97,10,0,1
BRDA:97,10,1,3
BRDA:107,11,0,1
BRDA:107,11,1,0
BRDA:108,12,0,1
BRDA:108,12,1,0
BRDA:115,13,0,1
BRDA:115,13,1,3
BRDA:132,14,0,1
BRDA:132,14,1,0
BRDA:133,15,0,1
BRDA:133,15,1,0
BRF:32
BRH:25
end_of_record
TN:
SF:hooks/useCashuSendReceive.ts
FN:27,useCashuSendReceive
FN:31,(anonymous_1)
FN:54,(anonymous_2)
FNF:3
FNH:3
FNDA:7,useCashuSendReceive
FNDA:3,(anonymous_1)
FNDA:3,(anonymous_2)
DA:31,7
DA:32,3
DA:33,3
DA:35,3
DA:36,3
DA:37,3
DA:38,1
DA:39,1
DA:40,1
DA:42,2
DA:43,2
DA:44,2
DA:45,2
DA:47,3
DA:54,7
DA:55,3
DA:56,3
DA:58,3
DA:59,3
DA:60,3
DA:61,1
DA:62,1
DA:63,1
DA:65,2
DA:66,2
DA:67,2
DA:68,2
DA:70,3
DA:74,7
LF:29
LH:29
BRDA:42,0,0,2
BRDA:42,0,1,0
BRDA:65,1,0,2
BRDA:65,1,1,0
BRF:4
BRH:2
end_of_record
TN:
SF:hooks/useClaimNotifications.ts
FN:48,useClaimNotifications
FN:56,(anonymous_1)
FN:91,(anonymous_2)
FN:133,(anonymous_3)
FNF:4
FNH:4
FNDA:9,useClaimNotifications
FNDA:9,(anonymous_1)
FNDA:4,(anonymous_2)
FNDA:1,(anonymous_3)
DA:54,9
DA:56,9
DA:57,9
DA:62,9
DA:63,1
DA:64,1
DA:70,1
DA:71,8
DA:72,6
DA:74,6
DA:75,6
DA:82,6
DA:83,5
DA:84,5
DA:85,5
DA:86,5
DA:87,5
DA:89,5
DA:90,5
DA:91,5
DA:92,4
DA:93,4
DA:94,4
DA:95,4
DA:96,4
DA:97,4
DA:98,4
DA:99,4
DA:101,4
DA:102,1
DA:103,1
DA:108,1
DA:112,3
DA:113,3
DA:114,3
DA:116,3
DA:117,3
DA:118,2
DA:120,2
DA:121,2
DA:122,2
DA:126,2
DA:127,2
DA:130,2
DA:131,1
DA:133,1
DA:134,1
DA:135,1
DA:140,1
DA:141,1
DA:148,1
DA:149,1
DA:159,6
DA:161,6
DA:162,1
LF:55
LH:55
BRDA:62,0,0,1
BRDA:62,0,1,8
BRDA:71,1,0,6
BRDA:71,1,1,2
BRDA:82,2,0,5
BRDA:82,2,1,1
BRDA:84,3,0,5
BRDA:84,3,1,0
BRDA:101,4,0,1
BRDA:101,4,1,3
BRDA:120,5,0,2
BRDA:120,5,1,0
BRDA:130,6,0,1
BRDA:130,6,1,1
BRDA:148,7,0,1
BRDA:148,7,1,0
BRDA:161,8,0,1
BRDA:161,8,1,5
BRF:18
BRH:15
end_of_record
TN:
SF:hooks/useConfirmationHandlers.ts
FN:34,useConfirmationHandlers
FN:41,(anonymous_1)
FN:47,(anonymous_2)
FN:62,(anonymous_3)
FN:75,(anonymous_4)
FN:87,(anonymous_5)
FN:95,(anonymous_6)
FNF:7
FNH:7
FNDA:14,useConfirmationHandlers
FNDA:2,(anonymous_1)
FNDA:3,(anonymous_2)
FNDA:3,(anonymous_3)
FNDA:3,(anonymous_4)
FNDA:2,(anonymous_5)
FNDA:2,(anonymous_6)
DA:41,14
DA:42,2
DA:43,1
DA:47,14
DA:48,3
DA:49,2
DA:50,2
DA:51,2
DA:56,1
DA:57,1
DA:62,14
DA:63,3
DA:64,2
DA:65,2
DA:66,2
DA:67,1
DA:69,1
DA:70,1
DA:75,14
DA:76,3
DA:77,2
DA:78,2
DA:79,2
DA:81,1
DA:82,1
DA:87,14
DA:89,2
DA:90,1
DA:95,2
DA:96,2
DA:100,14
LF:31
LH:31
BRDA:42,0,0,1
BRDA:42,0,1,1
BRDA:48,1,0,2
BRDA:48,1,1,1
BRDA:56,2,0,1
BRDA:56,2,1,0
BRDA:63,3,0,2
BRDA:63,3,1,1
BRDA:69,4,0,1
BRDA:69,4,1,0
BRDA:76,5,0,2
BRDA:76,5,1,1
BRDA:81,6,0,1
BRDA:81,6,1,0
BRDA:89,7,0,1
BRDA:89,7,1,1
BRF:16
BRH:13
end_of_record
TN:
SF:hooks/useConfirmationParams.ts
FN:34,useConfirmationParams
FN:35,(anonymous_1)
FNF:2
FNH:2
FNDA:13,useConfirmationParams
FNDA:12,(anonymous_1)
DA:35,13
DA:36,12
DA:52,12
DA:54,12
DA:66,13
LF:5
LH:5
BRF:0
BRH:0
end_of_record
TN:
SF:hooks/useEcashBalanceCheck.ts
FN:21,useEcashBalanceCheck
FN:30,(anonymous_1)
FN:31,(anonymous_2)
FN:88,(anonymous_3)
FNF:4
FNH:4
FNDA:29,useEcashBalanceCheck
FNDA:18,(anonymous_1)
FNDA:18,(anonymous_2)
FNDA:2,(anonymous_3)
DA:10,1
DA:11,1
DA:26,29
DA:27,29
DA:28,29
DA:30,29
DA:31,18
DA:33,18
DA:34,3
DA:38,15
DA:39,15
DA:40,14
DA:41,2
DA:42,2
DA:43,1
DA:44,1
DA:45,1
DA:49,1
DA:53,14
DA:54,14
DA:56,14
DA:63,14
DA:64,11
DA:67,11
DA:68,9
DA:69,9
DA:72,9
DA:73,9
DA:75,1
DA:78,2
DA:82,14
DA:85,18
DA:88,29
DA:89,2
DA:92,29
LF:35
LH:35
BRDA:33,0,0,3
BRDA:33,0,1,15
BRDA:33,1,0,18
BRDA:33,1,1,17
BRDA:33,1,2,16
BRDA:40,2,0,2
BRDA:40,2,1,12
BRDA:42,3,0,1
BRDA:42,3,1,1
BRDA:49,4,0,1
BRDA:49,4,1,0
BRDA:53,5,0,14
BRDA:53,5,1,1
BRDA:63,6,0,11
BRDA:63,6,1,3
BRDA:67,7,0,9
BRDA:67,7,1,2
BRDA:75,8,0,1
BRDA:75,8,1,0
BRDA:96,9,0,29
BRDA:96,9,1,3
BRDA:97,10,0,29
BRDA:97,10,1,1
BRF:23
BRH:21
end_of_record
TN:
SF:hooks/useEcashThresholdManager.ts
FN:46,useEcashThresholdManager
FN:66,(anonymous_1)
FN:70,(anonymous_2)
FN:109,(anonymous_3)
FN:145,(anonymous_4)
FN:156,(anonymous_5)
FN:191,(anonymous_6)
FNF:7
FNH:7
FNDA:50,useEcashThresholdManager
FNDA:2,(anonymous_1)
FNDA:16,(anonymous_2)
FNDA:8,(anonymous_3)
FNDA:6,(anonymous_4)
FNDA:6,(anonymous_5)
FNDA:3,(anonymous_6)
DA:57,50
DA:60,50
DA:61,50
DA:62,50
DA:63,50
DA:64,50
DA:66,50
DA:67,2
DA:70,50
DA:71,16
DA:74,16
DA:75,3
DA:76,3
DA:80,13
DA:82,13
DA:83,13
DA:85,13
DA:87,11
DA:90,11
DA:92,11
DA:99,11
DA:100,11
DA:101,11
DA:102,11
DA:105,2
DA:109,50
DA:110,8
DA:115,8
DA:118,8
DA:119,7
DA:123,8
DA:124,8
DA:126,8
DA:127,6
DA:129,6
DA:130,6
DA:131,6
DA:134,6
DA:135,6
DA:138,6
DA:139,1
DA:140,1
DA:145,6
DA:146,6
DA:147,6
DA:148,6
DA:149,4
DA:150,4
DA:152,6
DA:156,6
DA:157,6
DA:158,6
DA:159,6
DA:160,6
DA:162,6
DA:164,6
DA:165,6
DA:167,6
DA:179,3
DA:181,3
DA:182,3
DA:186,2
DA:187,2
DA:191,50
DA:192,3
DA:196,3
DA:199,3
DA:201,3
DA:202,1
DA:204,1
DA:207,1
DA:221,1
DA:226,2
DA:227,2
DA:231,50
LF:75
LH:75
BRDA:74,0,0,3
BRDA:74,0,1,13
BRDA:74,1,0,16
BRDA:74,1,1,14
BRDA:80,2,0,13
BRDA:80,2,1,2
BRDA:83,3,0,1
BRDA:83,3,1,12
BRDA:85,4,0,11
BRDA:85,4,1,2
BRDA:85,5,0,13
BRDA:85,5,1,11
BRDA:118,6,0,7
BRDA:118,6,1,1
BRDA:138,7,0,1
BRDA:138,7,1,5
BRDA:159,8,0,6
BRDA:159,8,1,0
BRDA:181,9,0,3
BRDA:181,9,1,0
BRDA:182,10,0,3
BRDA:182,10,1,0
BRDA:186,11,0,1
BRDA:186,11,1,1
BRDA:187,12,0,1
BRDA:187,12,1,1
BRDA:204,13,0,1
BRDA:204,13,1,0
BRDA:226,14,0,1
BRDA:226,14,1,1
BRDA:227,15,0,1
BRDA:227,15,1,1
BRF:32
BRH:28
end_of_record
TN:
SF:hooks/useFormattedBalances.ts
FN:28,(anonymous_0)
FN:39,(anonymous_1)
FN:41,(anonymous_2)
FN:48,(anonymous_3)
FN:55,(anonymous_4)
FNF:5
FNH:5
FNDA:7,(anonymous_0)
FNDA:6,(anonymous_1)
FNDA:18,(anonymous_2)
FNDA:18,(anonymous_3)
FNDA:6,(anonymous_4)
DA:28,1
DA:37,7
DA:39,7
DA:41,6
DA:42,18
DA:48,6
DA:49,18
DA:55,6
DA:56,6
DA:61,6
DA:63,6
LF:11
LH:11
BRDA:29,0,0,3
BRDA:30,1,0,5
BRDA:31,2,0,4
BRDA:32,3,0,4
BRDA:33,4,0,5
BRDA:34,5,0,3
BRDA:37,6,0,7
BRDA:37,6,1,0
BRDA:61,7,0,6
BRDA:61,7,1,0
BRF:10
BRH:8
end_of_record
TN:
SF:hooks/useFuseEcash.ts
FN:36,useFuseEcash
FN:42,(anonymous_1)
FN:55,(anonymous_2)
FN:77,(anonymous_3)
FN:81,(anonymous_4)
FN:83,(anonymous_5)
FNF:6
FNH:6
FNDA:17,useFuseEcash
FNDA:15,(anonymous_1)
FNDA:11,(anonymous_2)
FNDA:212,(anonymous_3)
FNDA:92,(anonymous_4)
FNDA:62,(anonymous_5)
DA:42,17
DA:43,15
DA:44,1
DA:45,1
DA:48,14
DA:56,11
DA:58,11
DA:61,9
DA:64,9
DA:65,9
DA:67,9
DA:70,9
DA:71,9
DA:72,9
DA:74,9
DA:75,212
DA:76,212
DA:77,212
DA:79,212
DA:81,212
DA:82,92
DA:83,92
DA:84,62
DA:86,92
DA:88,32
DA:89,32
DA:90,1
DA:91,1
DA:94,31
DA:95,31
DA:98,212
DA:101,9
DA:103,9
DA:104,2
DA:106,7
DA:112,2
DA:120,17
LF:37
LH:37
BRDA:43,0,0,1
BRDA:43,0,1,14
BRDA:74,1,0,219
BRDA:74,1,1,219
BRDA:86,2,0,60
BRDA:86,2,1,32
BRDA:89,3,0,1
BRDA:89,3,1,31
BRDA:98,4,0,2
BRDA:98,4,1,210
BRDA:103,5,0,2
BRDA:103,5,1,7
BRDA:112,6,0,1
BRDA:112,6,1,1
BRF:14
BRH:14
end_of_record
TN:
SF:hooks/useKeyboard.ts
FN:14,(anonymous_0)
FN:18,(anonymous_1)
FN:22,(anonymous_2)
FN:27,(anonymous_3)
FN:32,(anonymous_4)
FNF:5
FNH:4
FNDA:15,(anonymous_0)
FNDA:7,(anonymous_1)
FNDA:6,(anonymous_2)
FNDA:2,(anonymous_3)
FNDA:0,(anonymous_4)
DA:14,1
DA:15,15
DA:16,15
DA:18,15
DA:19,7
DA:20,7
DA:22,7
DA:23,6
DA:24,6
DA:27,7
DA:28,2
DA:29,2
DA:32,7
DA:33,0
DA:34,0
DA:38,15
LF:16
LH:14
BRDA:19,0,0,6
BRDA:19,0,1,1
BRDA:20,1,0,6
BRDA:20,1,1,1
BRF:4
BRH:4
end_of_record
TN:
SF:hooks/useNavigationState.ts
FN:19,useNavigationState
FN:24,(anonymous_1)
FN:54,(anonymous_2)
FNF:3
FNH:3
FNDA:16,useNavigationState
FNDA:15,(anonymous_1)
FNDA:14,(anonymous_2)
DA:20,16
DA:21,16
DA:22,16
DA:24,16
DA:26,15
DA:27,3
DA:31,12
DA:32,1
DA:36,11
DA:37,2
DA:41,9
DA:42,2
DA:46,7
DA:47,1
DA:51,6
DA:54,16
DA:56,14
DA:59,16
LF:18
LH:18
BRDA:26,0,0,3
BRDA:26,0,1,12
BRDA:31,1,0,1
BRDA:31,1,1,11
BRDA:31,2,0,12
BRDA:31,2,1,12
BRDA:36,3,0,2
BRDA:36,3,1,9
BRDA:36,4,0,11
BRDA:36,4,1,4
BRDA:41,5,0,2
BRDA:41,5,1,7
BRDA:46,6,0,1
BRDA:46,6,1,6
BRDA:46,7,0,7
BRDA:46,7,1,1
BRDA:46,7,2,1
BRDA:56,8,0,14
BRDA:56,8,1,4
BRF:19
BRH:19
end_of_record
TN:
SF:hooks/useNotifications.ts
FN:14,(anonymous_0)
FN:30,useNotifications
FN:34,(anonymous_2)
FN:43,(anonymous_3)
FN:48,(anonymous_4)
FN:51,(anonymous_5)
FN:64,(anonymous_6)
FN:97,(anonymous_7)
FNF:8
FNH:5
FNDA:1,(anonymous_0)
FNDA:13,useNotifications
FNDA:13,(anonymous_2)
FNDA:0,(anonymous_3)
FNDA:0,(anonymous_4)
FNDA:0,(anonymous_5)
FNDA:19,(anonymous_6)
FNDA:5,(anonymous_7)
DA:13,1
DA:14,1
DA:31,13
DA:32,13
DA:34,13
DA:36,13
DA:42,13
DA:47,13
DA:51,13
DA:52,0
DA:53,0
DA:55,0
DA:56,0
DA:64,13
DA:65,19
DA:66,19
DA:67,17
DA:69,17
DA:70,4
DA:71,4
DA:74,17
DA:75,2
DA:79,15
DA:80,2
DA:88,15
DA:90,2
DA:97,13
DA:103,5
DA:120,13
LF:29
LH:25
BRDA:52,0,0,0
BRDA:52,0,1,0
BRDA:55,1,0,0
BRDA:55,1,1,0
BRDA:69,2,0,4
BRDA:69,2,1,13
BRDA:74,3,0,2
BRDA:74,3,1,15
BRDA:79,4,0,2
BRDA:79,4,1,13
BRDA:101,5,0,1
BRF:11
BRH:7
end_of_record
TN:
SF:hooks/useNotificationsPreference.ts
FN:19,useNotificationsPreference
FN:23,(anonymous_1)
FN:24,(anonymous_2)
FNF:3
FNH:0
FNDA:0,useNotificationsPreference
FNDA:0,(anonymous_1)
FNDA:0,(anonymous_2)
DA:20,0
DA:21,0
DA:23,0
DA:24,0
DA:25,0
DA:26,0
DA:27,0
DA:29,0
DA:32,0
DA:35,0
LF:10
LH:0
BRF:0
BRH:0
end_of_record
TN:
SF:hooks/useOnboardingHandlers.ts
FN:43,useOnboardingHandlers
FN:64,(anonymous_1)
FN:98,(anonymous_2)
FN:131,(anonymous_3)
FN:137,(anonymous_4)
FNF:5
FNH:5
FNDA:10,useOnboardingHandlers
FNDA:7,(anonymous_1)
FNDA:1,(anonymous_2)
FNDA:1,(anonymous_3)
FNDA:1,(anonymous_4)
DA:64,10
DA:65,7
DA:72,7
DA:73,2
DA:74,2
DA:75,1
DA:76,1
DA:81,6
DA:82,5
DA:83,5
DA:84,5
DA:87,5
DA:90,5
DA:91,5
DA:97,5
DA:98,5
DA:99,1
DA:103,5
DA:106,5
DA:107,4
DA:108,3
DA:109,3
DA:115,4
DA:116,3
DA:117,3
DA:122,5
DA:125,1
DA:126,1
DA:131,10
DA:132,1
DA:133,1
DA:137,10
DA:138,1
DA:139,1
DA:140,1
DA:141,1
DA:142,1
DA:143,1
DA:145,1
DA:148,10
LF:40
LH:40
BRDA:72,0,0,2
BRDA:72,0,1,5
BRDA:74,1,0,1
BRDA:74,1,1,1
BRDA:81,2,0,5
BRDA:81,2,1,1
BRDA:81,3,0,6
BRDA:81,3,1,5
BRDA:106,4,0,4
BRDA:106,4,1,1
BRDA:106,5,0,5
BRDA:106,5,1,4
BRDA:107,6,0,3
BRDA:107,6,1,1
BRDA:115,7,0,3
BRDA:115,7,1,1
BRF:16
BRH:16
end_of_record
TN:
SF:hooks/usePasskeyCreation.ts
FN:38,usePasskeyCreation
FN:57,(anonymous_1)
FN:77,(anonymous_2)
FN:100,(anonymous_3)
FN:102,(anonymous_4)
FN:123,(anonymous_5)
FN:162,(anonymous_6)
FN:180,(anonymous_7)
FNF:8
FNH:8
FNDA:52,usePasskeyCreation
FNDA:5,(anonymous_1)
FNDA:20,(anonymous_2)
FNDA:6,(anonymous_3)
FNDA:2,(anonymous_4)
FNDA:6,(anonymous_5)
FNDA:1,(anonymous_6)
FNDA:1,(anonymous_7)
DA:44,52
DA:45,52
DA:46,52
DA:47,52
DA:48,52
DA:49,52
DA:50,52
DA:51,52
DA:52,52
DA:57,52
DA:58,5
DA:60,5
DA:61,3
DA:62,1
DA:63,1
DA:67,2
DA:68,2
DA:70,2
DA:77,52
DA:78,20
DA:80,20
DA:81,4
DA:82,4
DA:86,16
DA:87,7
DA:88,1
DA:89,1
DA:90,1
DA:91,1
DA:92,1
DA:96,6
DA:97,6
DA:100,6
DA:101,6
DA:103,2
DA:104,2
DA:105,2
DA:106,2
DA:107,2
DA:108,2
DA:109,2
DA:113,9
DA:116,0
DA:123,52
DA:124,6
DA:128,6
DA:129,6
DA:130,6
DA:133,6
DA:140,4
DA:144,4
DA:147,4
DA:148,4
DA:151,4
DA:152,4
DA:153,4
DA:154,4
DA:155,4
DA:158,4
DA:161,4
DA:162,1
DA:163,1
DA:164,1
DA:171,2
DA:173,6
DA:180,52
DA:181,1
DA:182,1
DA:183,1
DA:184,1
DA:185,1
DA:186,1
DA:187,1
DA:188,1
DA:191,52
LF:75
LH:74
BRDA:61,0,0,1
BRDA:61,0,1,2
BRDA:70,1,0,2
BRDA:70,1,1,1
BRDA:70,2,0,2
BRDA:70,2,1,0
BRDA:80,3,0,4
BRDA:80,3,1,16
BRDA:80,4,0,20
BRDA:80,4,1,18
BRDA:86,5,0,7
BRDA:86,5,1,9
BRDA:87,6,0,1
BRDA:87,6,1,6
BRDA:105,7,0,2
BRDA:105,7,1,1
BRDA:105,8,0,2
BRDA:105,8,1,0
BRDA:116,9,0,0
BRDA:116,9,1,0
BRDA:116,10,0,0
BRDA:116,10,1,0
BRDA:128,11,0,6
BRDA:128,11,1,0
BRDA:161,12,0,1
BRDA:161,12,1,3
BRDA:163,13,0,1
BRDA:163,13,1,0
BRF:28
BRH:20
end_of_record
TN:
SF:hooks/usePasskeyRestore.ts
FN:32,usePasskeyRestore
FN:46,(anonymous_1)
FN:72,(anonymous_2)
FN:116,(anonymous_3)
FNF:4
FNH:4
FNDA:48,usePasskeyRestore
FNDA:7,(anonymous_1)
FNDA:14,(anonymous_2)
FNDA:1,(anonymous_3)
DA:38,48
DA:39,48
DA:40,48
DA:41,48
DA:46,48
DA:47,7
DA:49,7
DA:50,5
DA:51,1
DA:52,1
DA:56,4
DA:57,4
DA:58,1
DA:59,1
DA:63,3
DA:65,2
DA:72,48
DA:73,14
DA:74,14
DA:77,14
DA:78,4
DA:79,4
DA:80,4
DA:84,10
DA:87,7
DA:88,7
DA:89,7
DA:93,7
DA:96,7
DA:97,7
DA:100,7
DA:101,7
DA:102,7
DA:104,7
DA:106,3
DA:107,3
DA:109,14
DA:116,48
DA:117,1
DA:118,1
DA:119,1
DA:120,1
DA:123,48
LF:43
LH:43
BRDA:50,0,0,1
BRDA:50,0,1,4
BRDA:57,1,0,1
BRDA:57,1,1,3
BRDA:65,2,0,2
BRDA:65,2,1,1
BRDA:65,3,0,2
BRDA:65,3,1,0
BRDA:77,4,0,4
BRDA:77,4,1,10
BRDA:77,5,0,14
BRDA:77,5,1,12
BRDA:106,6,0,3
BRDA:106,6,1,1
BRDA:106,7,0,3
BRDA:106,7,1,0
BRF:16
BRH:14
end_of_record
TN:
SF:hooks/usePendingTransactionsStorage.ts
FN:20,(anonymous_0)
FN:25,(anonymous_1)
FN:38,(anonymous_2)
FN:48,(anonymous_3)
FN:61,(anonymous_4)
FN:71,(anonymous_5)
FNF:6
FNH:6
FNDA:33,(anonymous_0)
FNDA:13,(anonymous_1)
FNDA:2,(anonymous_2)
FNDA:13,(anonymous_3)
FNDA:2,(anonymous_4)
FNDA:14,(anonymous_5)
DA:20,1
DA:21,33
DA:22,33
DA:25,33
DA:26,13
DA:27,13
DA:28,13
DA:29,12
DA:30,3
DA:33,1
DA:38,33
DA:39,2
DA:40,2
DA:41,2
DA:43,1
DA:48,33
DA:49,13
DA:50,13
DA:51,13
DA:52,12
DA:53,1
DA:56,1
DA:61,33
DA:62,2
DA:63,2
DA:64,2
DA:66,1
DA:71,33
DA:72,14
DA:74,13
DA:75,13
DA:77,13
DA:78,13
DA:79,13
DA:84,33
LF:35
LH:35
BRDA:29,0,0,3
BRDA:29,0,1,9
BRDA:33,1,0,1
BRDA:33,1,1,0
BRDA:43,2,0,1
BRDA:43,2,1,0
BRDA:52,3,0,1
BRDA:52,3,1,11
BRDA:56,4,0,1
BRDA:56,4,1,0
BRDA:66,5,0,1
BRDA:66,5,1,0
BRDA:72,6,0,13
BRDA:72,6,1,1
BRDA:72,7,0,14
BRDA:72,7,1,14
BRF:16
BRH:12
end_of_record
TN:
SF:hooks/usePersistedState.ts
FN:25,usePersistedState
FN:45,(anonymous_1)
FN:48,(anonymous_2)
FN:94,(anonymous_3)
FN:101,(anonymous_4)
FN:104,(anonymous_5)
FN:130,(anonymous_6)
FN:155,usePersistedObject
FN:167,(anonymous_8)
FN:170,(anonymous_9)
FN:173,(anonymous_10)
FN:192,usePersistedArray
FN:201,(anonymous_12)
FN:202,(anonymous_13)
FN:208,(anonymous_14)
FN:209,(anonymous_15)
FN:209,(anonymous_16)
FN:215,(anonymous_17)
FN:216,(anonymous_18)
FN:217,(anonymous_19)
FN:224,(anonymous_20)
FNF:21
FNH:21
FNDA:271,usePersistedState
FNDA:100,(anonymous_1)
FNDA:100,(anonymous_2)
FNDA:1,(anonymous_3)
FNDA:271,(anonymous_4)
FNDA:125,(anonymous_5)
FNDA:26,(anonymous_6)
FNDA:225,usePersistedObject
FNDA:252,(anonymous_8)
FNDA:1,(anonymous_9)
FNDA:251,(anonymous_10)
FNDA:14,usePersistedArray
FNDA:1,(anonymous_12)
FNDA:1,(anonymous_13)
FNDA:1,(anonymous_14)
FNDA:1,(anonymous_15)
FNDA:2,(anonymous_16)
FNDA:1,(anonymous_17)
FNDA:1,(anonymous_18)
FNDA:2,(anonymous_19)
FNDA:1,(anonymous_20)
DA:37,271
DA:39,271
DA:40,271
DA:41,271
DA:42,271
DA:45,271
DA:46,100
DA:48,100
DA:49,100
DA:50,100
DA:52,100
DA:53,100
DA:55,95
DA:56,16
DA:59,16
DA:60,16
DA:61,10
DA:62,10
DA:63,10
DA:64,10
DA:65,27
DA:66,24
DA:70,16
DA:72,16
DA:73,1
DA:77,5
DA:78,2
DA:81,5
DA:82,1
DA:85,100
DA:86,100
DA:87,100
DA:92,100
DA:94,100
DA:95,1
DA:101,271
DA:102,271
DA:104,125
DA:105,125
DA:106,125
DA:107,125
DA:109,121
DA:110,2
DA:113,4
DA:114,4
DA:117,4
DA:118,2
DA:123,125
DA:130,271
DA:131,26
DA:132,26
DA:133,25
DA:135,25
DA:136,0
DA:139,1
DA:140,1
DA:143,1
DA:144,1
DA:149,271
DA:160,225
DA:166,225
DA:168,252
DA:170,1
DA:173,251
DA:179,225
DA:197,14
DA:199,14
DA:202,1
DA:209,2
DA:216,1
DA:217,2
DA:225,1
DA:231,14
LF:73
LH:72
BRDA:28,0,0,17
BRDA:31,1,0,268
BRDA:32,2,0,268
BRDA:36,3,0,54
BRDA:49,4,0,0
BRDA:49,4,1,100
BRDA:55,5,0,16
BRDA:55,5,1,79
BRDA:55,6,0,95
BRDA:55,6,1,16
BRDA:60,7,0,10
BRDA:60,7,1,6
BRDA:60,8,0,16
BRDA:60,8,1,12
BRDA:60,8,2,12
BRDA:60,8,3,10
BRDA:60,8,4,10
BRDA:60,8,5,10
BRDA:65,9,0,24
BRDA:65,9,1,3
BRDA:65,10,0,27
BRDA:65,10,1,24
BRDA:72,11,0,1
BRDA:72,11,1,15
BRDA:77,12,0,2
BRDA:77,12,1,3
BRDA:78,13,0,2
BRDA:78,13,1,0
BRDA:81,14,0,1
BRDA:81,14,1,4
BRDA:85,15,0,100
BRDA:85,15,1,0
BRDA:102,16,0,146
BRDA:102,16,1,125
BRDA:109,17,0,2
BRDA:109,17,1,119
BRDA:113,18,0,4
BRDA:113,18,1,0
BRDA:114,19,0,4
BRDA:114,19,1,0
BRDA:117,20,0,2
BRDA:117,20,1,2
BRDA:135,21,0,0
BRDA:135,21,1,25
BRDA:139,22,0,1
BRDA:139,22,1,0
BRDA:140,23,0,1
BRDA:140,23,1,0
BRDA:143,24,0,1
BRDA:143,24,1,0
BRDA:157,25,0,0
BRDA:158,26,0,8
BRDA:168,27,0,1
BRDA:168,27,1,251
BRDA:194,28,0,0
BRDA:195,29,0,14
BRDA:217,30,0,1
BRDA:217,30,1,1
BRF:58
BRH:47
end_of_record
TN:
SF:hooks/usePolling.ts
FN:21,(anonymous_0)
FN:26,(anonymous_1)
FN:30,(anonymous_2)
FN:39,(anonymous_3)
FN:44,(anonymous_4)
FN:51,(anonymous_5)
FNF:6
FNH:6
FNDA:7,(anonymous_0)
FNDA:7,(anonymous_1)
FNDA:6,(anonymous_2)
FNDA:4,(anonymous_3)
FNDA:1,(anonymous_4)
FNDA:6,(anonymous_5)
DA:21,5
DA:22,7
DA:23,7
DA:26,7
DA:27,7
DA:30,7
DA:31,6
DA:34,5
DA:35,2
DA:39,5
DA:40,4
DA:44,7
DA:45,1
DA:46,1
DA:47,1
DA:51,7
DA:52,6
DA:53,6
DA:56,7
LF:19
LH:19
BRDA:21,0,0,6
BRDA:21,1,0,1
BRDA:31,2,0,1
BRDA:31,2,1,5
BRDA:34,3,0,2
BRDA:34,3,1,3
BRDA:45,4,0,1
BRDA:45,4,1,0
BRF:8
BRH:7
end_of_record
TN:
SF:hooks/usePostAuthHandler.ts
FN:26,usePostAuthHandler
FN:38,(anonymous_1)
FNF:2
FNH:2
FNDA:17,usePostAuthHandler
FNDA:17,(anonymous_1)
DA:38,17
DA:40,17
DA:42,3
DA:43,3
DA:44,3
DA:48,14
DA:51,14
DA:53,13
DA:54,3
DA:55,3
DA:56,3
DA:57,3
DA:58,3
DA:62,10
DA:63,10
DA:64,1
DA:65,1
DA:66,1
DA:67,1
DA:71,9
DA:72,9
DA:73,4
DA:75,4
DA:76,4
DA:77,4
DA:78,3
DA:79,2
DA:80,2
DA:81,1
DA:83,2
DA:84,2
DA:86,1
DA:89,1
DA:91,4
DA:95,5
DA:96,1
DA:111,17
LF:37
LH:37
BRDA:40,0,0,3
BRDA:40,0,1,14
BRDA:53,1,0,3
BRDA:53,1,1,10
BRDA:63,2,0,1
BRDA:63,2,1,9
BRDA:72,3,0,4
BRDA:72,3,1,5
BRDA:78,4,0,2
BRDA:78,4,1,1
BRDA:80,5,0,1
BRDA:80,5,1,1
BRDA:80,6,0,2
BRDA:80,6,1,2
BRDA:95,7,0,1
BRDA:95,7,1,4
BRF:16
BRH:16
end_of_record
TN:
SF:hooks/usePriceChart.ts
FN:45,(anonymous_0)
FN:46,(anonymous_1)
FN:51,(anonymous_2)
FN:72,(anonymous_3)
FN:91,usePriceChart
FN:104,(anonymous_5)
FN:215,(anonymous_6)
FN:233,(anonymous_7)
FNF:8
FNH:8
FNDA:36,(anonymous_0)
FNDA:37,(anonymous_1)
FNDA:72,(anonymous_2)
FNDA:76,(anonymous_3)
FNDA:154,usePriceChart
FNDA:115,(anonymous_5)
FNDA:1,(anonymous_6)
FNDA:118,(anonymous_7)
DA:11,1
DA:12,1
DA:13,1
DA:39,1
DA:42,1
DA:45,1
DA:46,37
DA:47,36
DA:51,1
DA:52,72
DA:54,11
DA:55,11
DA:57,11
DA:58,1100
DA:62,11
DA:63,0
DA:66,11
DA:72,1
DA:73,76
DA:74,76
DA:75,76
DA:76,76
DA:78,76
DA:93,154
DA:94,154
DA:95,154
DA:97,154
DA:98,154
DA:101,154
DA:102,154
DA:104,154
DA:105,115
DA:106,115
DA:110,115
DA:111,115
DA:115,115
DA:116,34
DA:117,34
DA:118,34
DA:119,34
DA:120,34
DA:124,115
DA:125,81
DA:126,81
DA:127,80
DA:128,4
DA:129,4
DA:131,4
DA:132,4
DA:133,4
DA:134,4
DA:137,4
DA:146,115
DA:147,115
DA:148,0
DA:149,0
DA:153,115
DA:154,38
DA:155,38
DA:156,38
DA:157,38
DA:162,77
DA:163,77
DA:166,77
DA:176,76
DA:177,2
DA:178,2
DA:179,2
DA:180,2
DA:183,74
DA:184,1
DA:185,1
DA:186,1
DA:189,73
DA:191,73
DA:193,72
DA:196,72
DA:198,72
DA:199,72
DA:201,72
DA:204,72
DA:205,72
DA:209,72
DA:220,1
DA:224,1
DA:225,1
DA:228,115
DA:233,154
DA:234,118
DA:235,115
DA:237,3
DA:241,154
LF:92
LH:89
BRDA:51,0,0,0
BRDA:52,1,0,61
BRDA:52,1,1,11
BRDA:52,2,0,72
BRDA:52,2,1,72
BRDA:62,3,0,0
BRDA:62,3,1,11
BRDA:95,4,0,154
BRDA:95,4,1,64
BRDA:97,5,0,64
BRDA:97,5,1,90
BRDA:99,6,0,64
BRDA:99,6,1,90
BRDA:101,7,0,154
BRDA:101,7,1,90
BRDA:106,8,0,103
BRDA:106,8,1,12
BRDA:107,9,0,5
BRDA:107,9,1,7
BRDA:108,10,0,4
BRDA:108,10,1,3
BRDA:115,11,0,34
BRDA:115,11,1,81
BRDA:124,12,0,81
BRDA:124,12,1,34
BRDA:127,13,0,4
BRDA:127,13,1,76
BRDA:147,14,0,0
BRDA:147,14,1,115
BRDA:147,15,0,115
BRDA:147,15,1,0
BRDA:153,16,0,38
BRDA:153,16,1,77
BRDA:155,17,0,38
BRDA:155,17,1,0
BRDA:162,18,0,77
BRDA:162,18,1,0
BRDA:176,19,0,2
BRDA:176,19,1,74
BRDA:183,20,0,1
BRDA:183,20,1,73
BRDA:191,21,0,72
BRDA:191,21,1,1
BRDA:191,22,0,73
BRDA:191,22,1,73
BRDA:204,23,0,72
BRDA:204,23,1,0
BRDA:224,24,0,1
BRDA:224,24,1,0
BRDA:225,25,0,1
BRDA:225,25,1,0
BRDA:225,26,0,0
BRDA:225,26,1,1
BRDA:234,27,0,115
BRDA:234,27,1,3
BRF:55
BRH:45
end_of_record
TN:
SF:hooks/useQRCodeHandler.ts
FN:66,useQRCodeHandler
FN:74,(anonymous_1)
FN:85,(anonymous_2)
FN:126,(anonymous_3)
FN:141,(anonymous_4)
FN:142,(anonymous_5)
FN:146,(anonymous_6)
FN:167,(anonymous_7)
FNF:8
FNH:8
FNDA:34,useQRCodeHandler
FNDA:33,(anonymous_1)
FNDA:5,(anonymous_2)
FNDA:1,(anonymous_3)
FNDA:10,(anonymous_4)
FNDA:10,(anonymous_5)
FNDA:5,(anonymous_6)
FNDA:3,(anonymous_7)
DA:72,34
DA:74,34
DA:75,33
DA:76,33
DA:77,33
DA:80,33
DA:81,5
DA:85,5
DA:86,5
DA:90,28
DA:91,12
DA:93,12
DA:95,12
DA:97,4
DA:100,4
DA:105,4
DA:106,1
DA:107,1
DA:108,1
DA:113,1
DA:117,3
DA:118,3
DA:121,3
DA:124,3
DA:125,1
DA:126,1
DA:128,3
DA:132,8
DA:135,8
DA:136,6
DA:139,6
DA:141,10
DA:142,6
DA:143,10
DA:146,6
DA:148,6
DA:150,1
DA:155,5
DA:157,4
DA:168,3
DA:169,3
DA:172,3
DA:178,3
DA:180,3
DA:181,1
DA:187,2
DA:188,2
DA:200,1
DA:201,1
DA:202,1
DA:209,2
DA:210,2
DA:216,8
DA:220,16
DA:221,7
DA:222,7
DA:223,6
DA:226,6
DA:227,3
DA:228,3
DA:229,3
DA:231,3
DA:232,3
DA:233,1
DA:238,3
DA:240,2
DA:246,1
DA:253,3
DA:254,3
DA:260,7
DA:264,9
DA:265,6
DA:266,6
DA:269,6
DA:270,6
DA:271,1
DA:272,1
DA:276,5
DA:277,5
DA:279,4
DA:284,4
DA:285,4
DA:288,4
DA:289,2
DA:293,4
DA:295,3
DA:300,1
DA:303,2
DA:304,2
DA:306,6
DA:310,3
DA:311,3
DA:314,34
LF:93
LH:93
BRDA:80,0,0,5
BRDA:80,0,1,28
BRDA:80,1,0,33
BRDA:80,1,1,30
BRDA:80,1,2,29
BRDA:90,2,0,12
BRDA:90,2,1,16
BRDA:95,3,0,4
BRDA:95,3,1,8
BRDA:105,4,0,1
BRDA:105,4,1,3
BRDA:105,5,0,4
BRDA:105,5,1,2
BRDA:124,6,0,1
BRDA:124,6,1,2
BRDA:148,7,0,1
BRDA:148,7,1,5
BRDA:148,8,0,6
BRDA:148,8,1,5
BRDA:155,9,0,4
BRDA:155,9,1,1
BRDA:187,10,0,1
BRDA:187,10,1,1
BRDA:191,11,0,1
BRDA:191,11,1,1
BRDA:209,12,0,1
BRDA:209,12,1,1
BRDA:213,13,0,1
BRDA:213,13,1,1
BRDA:220,14,0,7
BRDA:220,14,1,9
BRDA:220,15,0,16
BRDA:220,15,1,10
BRDA:226,16,0,3
BRDA:226,16,1,3
BRDA:226,17,0,6
BRDA:226,17,1,3
BRDA:238,18,0,2
BRDA:238,18,1,1
BRDA:238,19,0,3
BRDA:238,19,1,2
BRDA:253,20,0,2
BRDA:253,20,1,1
BRDA:257,21,0,2
BRDA:257,21,1,1
BRDA:264,22,0,6
BRDA:264,22,1,3
BRDA:264,23,0,9
BRDA:264,23,1,8
BRDA:270,24,0,1
BRDA:270,24,1,5
BRDA:270,25,0,6
BRDA:270,25,1,1
BRDA:277,26,0,4
BRDA:277,26,1,1
BRDA:277,27,0,5
BRDA:277,27,1,4
BRDA:293,28,0,3
BRDA:293,28,1,1
BRDA:303,29,0,1
BRDA:303,29,1,1
BRDA:304,30,0,1
BRDA:304,30,1,1
BRF:63
BRH:63
end_of_record
TN:
SF:hooks/useQRScanner.ts
FN:28,useQRScanner
FN:39,(anonymous_1)
FN:54,(anonymous_2)
FN:83,(anonymous_3)
FN:105,(anonymous_4)
FN:115,(anonymous_5)
FN:133,(anonymous_6)
FN:139,(anonymous_7)
FN:166,(anonymous_8)
FNF:9
FNH:9
FNDA:74,useQRScanner
FNDA:30,(anonymous_1)
FNDA:32,(anonymous_2)
FNDA:11,(anonymous_3)
FNDA:3,(anonymous_4)
FNDA:2,(anonymous_5)
FNDA:15,(anonymous_6)
FNDA:15,(anonymous_7)
FNDA:6,(anonymous_8)
DA:29,74
DA:30,74
DA:31,74
DA:32,74
DA:33,74
DA:34,74
DA:35,74
DA:36,74
DA:39,74
DA:40,30
DA:41,3
DA:42,3
DA:43,3
DA:44,3
DA:45,3
DA:46,3
DA:47,3
DA:48,3
DA:49,1
DA:54,74
DA:55,32
DA:58,29
DA:59,29
DA:60,29
DA:61,1
DA:62,1
DA:66,28
DA:67,11
DA:68,11
DA:72,17
DA:73,17
DA:74,15
DA:75,15
DA:79,2
DA:80,2
DA:83,74
DA:84,11
DA:86,11
DA:87,11
DA:88,8
DA:89,8
DA:90,8
DA:92,7
DA:93,7
DA:94,6
DA:97,7
DA:98,7
DA:100,3
DA:102,3
DA:103,3
DA:105,3
DA:106,3
DA:108,3
DA:109,2
DA:110,2
DA:111,2
DA:113,2
DA:114,2
DA:115,2
DA:116,2
DA:117,2
DA:118,2
DA:119,2
DA:120,2
DA:125,1
DA:126,1
DA:127,1
DA:128,1
DA:129,1
DA:133,74
DA:134,15
DA:135,15
DA:136,15
DA:138,15
DA:139,15
DA:140,15
DA:141,15
DA:143,15
DA:144,7
DA:145,7
DA:146,10
DA:150,7
DA:151,7
DA:152,7
DA:153,1
DA:160,7
DA:161,1
DA:164,7
DA:165,7
DA:166,7
DA:167,6
DA:168,6
DA:169,6
DA:173,15
DA:177,74
DA:178,74
DA:180,74
LF:97
LH:97
BRDA:40,0,0,3
BRDA:40,0,1,27
BRDA:48,1,0,1
BRDA:48,1,1,2
BRDA:55,2,0,3
BRDA:55,2,1,29
BRDA:55,3,0,32
BRDA:55,3,1,30
BRDA:60,4,0,1
BRDA:60,4,1,28
BRDA:60,5,0,29
BRDA:60,5,1,1
BRDA:60,5,2,1
BRDA:66,6,0,11
BRDA:66,6,1,17
BRDA:73,7,0,15
BRDA:73,7,1,2
BRDA:87,8,0,8
BRDA:87,8,1,3
BRDA:93,9,0,6
BRDA:93,9,1,1
BRDA:98,10,0,0
BRDA:98,10,1,7
BRDA:106,11,0,2
BRDA:106,11,1,1
BRDA:108,12,0,2
BRDA:108,12,1,1
BRDA:113,13,0,0
BRDA:113,13,1,2
BRDA:125,14,0,1
BRDA:125,14,1,0
BRDA:143,15,0,7
BRDA:143,15,1,8
BRDA:146,16,0,10
BRDA:146,16,1,0
BRDA:152,17,0,1
BRDA:152,17,1,6
BRDA:160,18,0,1
BRDA:160,18,1,6
BRDA:164,19,0,0
BRDA:164,19,1,7
BRDA:177,20,0,22
BRDA:177,20,1,52
BRDA:178,21,0,74
BRDA:178,21,1,52
BRF:45
BRH:40
end_of_record
TN:
SF:hooks/useReceiveScreenAnimations.ts
FN:28,useReceiveScreenAnimations
FN:45,(anonymous_1)
FN:50,(anonymous_2)
FN:56,(anonymous_3)
FN:73,(anonymous_4)
FN:80,(anonymous_5)
FN:81,(anonymous_6)
FN:82,(anonymous_7)
FN:89,(anonymous_8)
FN:90,(anonymous_9)
FN:94,(anonymous_10)
FN:100,(anonymous_11)
FN:119,(anonymous_12)
FN:125,(anonymous_13)
FN:126,(anonymous_14)
FN:131,(anonymous_15)
FN:136,(anonymous_16)
FN:156,(anonymous_17)
FN:166,(anonymous_18)
FN:172,(anonymous_19)
FNF:20
FNH:18
FNDA:32,useReceiveScreenAnimations
FNDA:3,(anonymous_1)
FNDA:3,(anonymous_2)
FNDA:1,(anonymous_3)
FNDA:30,(anonymous_4)
FNDA:1,(anonymous_5)
FNDA:0,(anonymous_6)
FNDA:4,(anonymous_7)
FNDA:0,(anonymous_8)
FNDA:1,(anonymous_9)
FNDA:2,(anonymous_10)
FNDA:3,(anonymous_11)
FNDA:3,(anonymous_12)
FNDA:1,(anonymous_13)
FNDA:4,(anonymous_14)
FNDA:2,(anonymous_15)
FNDA:5,(anonymous_16)
FNDA:32,(anonymous_17)
FNDA:1,(anonymous_18)
FNDA:1,(anonymous_19)
DA:9,1
DA:10,1
DA:34,32
DA:35,32
DA:36,32
DA:37,32
DA:38,32
DA:39,32
DA:42,32
DA:43,32
DA:45,32
DA:46,3
DA:51,3
DA:52,3
DA:56,32
DA:57,1
DA:72,32
DA:73,32
DA:74,30
DA:78,32
DA:79,30
DA:80,1
DA:81,0
DA:84,4
DA:86,3
DA:87,3
DA:89,0
DA:92,1
DA:96,2
DA:97,1
DA:102,3
DA:103,2
DA:106,1
DA:118,32
DA:119,32
DA:120,3
DA:123,32
DA:124,30
DA:125,1
DA:128,4
DA:129,4
DA:132,2
DA:133,1
DA:137,5
DA:139,4
DA:140,1
DA:144,1
DA:155,32
DA:156,32
DA:157,32
DA:158,1
DA:159,1
DA:160,31
DA:161,1
DA:163,32
DA:166,32
DA:167,1
DA:168,1
DA:169,1
DA:172,32
DA:174,1
DA:175,1
DA:176,1
DA:178,1
DA:179,1
DA:182,32
LF:66
LH:64
BRDA:78,0,0,30
BRDA:78,0,1,2
BRDA:84,1,0,1
BRDA:84,1,1,3
BRDA:86,2,0,3
BRDA:86,2,1,1
BRDA:96,3,0,1
BRDA:96,3,1,1
BRDA:102,4,0,2
BRDA:102,4,1,1
BRDA:102,5,0,3
BRDA:102,5,1,2
BRDA:123,6,0,30
BRDA:123,6,1,2
BRDA:128,7,0,4
BRDA:128,7,1,1
BRDA:132,8,0,1
BRDA:132,8,1,1
BRDA:137,9,0,4
BRDA:137,9,1,1
BRDA:137,10,0,5
BRDA:137,10,1,2
BRDA:139,11,0,1
BRDA:139,11,1,3
BRDA:157,12,0,1
BRDA:157,12,1,31
BRDA:157,13,0,32
BRDA:157,13,1,28
BRDA:160,14,0,1
BRDA:160,14,1,30
BRDA:160,15,0,31
BRDA:160,15,1,4
BRF:32
BRH:32
end_of_record
TN:
SF:hooks/useRedeemCashuToken.ts
FN:39,useRedeemCashuToken
FN:40,(anonymous_1)
FN:48,(anonymous_2)
FN:79,(anonymous_3)
FN:110,redeemP2PKToken
FN:215,redeemRegularToken
FNF:6
FNH:6
FNDA:31,useRedeemCashuToken
FNDA:26,(anonymous_1)
FNDA:21,(anonymous_2)
FNDA:13,(anonymous_3)
FNDA:8,redeemP2PKToken
FNDA:4,redeemRegularToken
DA:40,31
DA:41,26
DA:49,21
DA:50,4
DA:54,4
DA:55,4
DA:58,17
DA:65,17
DA:66,17
DA:68,15
DA:69,3
DA:75,3
DA:76,3
DA:79,13
DA:81,12
DA:88,12
DA:89,8
DA:91,4
DA:94,5
DA:98,5
DA:107,31
DA:115,8
DA:122,8
DA:123,8
DA:124,10
DA:125,9
DA:126,9
DA:127,7
DA:128,7
DA:133,7
DA:138,8
DA:139,1
DA:144,1
DA:145,1
DA:149,7
DA:155,7
DA:157,7
DA:158,2
DA:163,2
DA:164,2
DA:167,5
DA:175,5
DA:177,5
DA:184,5
DA:185,1
DA:191,1
DA:192,1
DA:196,4
DA:203,4
DA:204,3
DA:206,3
DA:212,3
DA:219,4
DA:225,4
DA:226,2
DA:228,2
DA:233,2
LF:57
LH:57
BRDA:49,0,0,4
BRDA:49,0,1,17
BRDA:49,1,0,21
BRDA:49,1,1,18
BRDA:68,2,0,3
BRDA:68,2,1,12
BRDA:68,3,0,15
BRDA:68,3,1,14
BRDA:68,3,2,13
BRDA:85,4,0,8
BRDA:85,4,1,4
BRDA:88,5,0,8
BRDA:88,5,1,4
BRDA:96,6,0,3
BRDA:96,6,1,2
BRDA:98,7,0,3
BRDA:98,7,1,2
BRDA:124,8,0,9
BRDA:124,8,1,1
BRDA:126,9,0,7
BRDA:126,9,1,2
BRDA:138,10,0,1
BRDA:138,10,1,7
BRDA:157,11,0,2
BRDA:157,11,1,5
BRDA:184,12,0,1
BRDA:184,12,1,4
BRF:27
BRH:27
end_of_record
TN:
SF:hooks/useReviewScreenData.ts
FN:26,useReviewScreenData
FN:33,(anonymous_1)
FN:40,(anonymous_2)
FN:45,(anonymous_3)
FN:60,(anonymous_4)
FN:79,(anonymous_5)
FN:85,(anonymous_6)
FNF:7
FNH:7
FNDA:17,useReviewScreenData
FNDA:14,(anonymous_1)
FNDA:14,(anonymous_2)
FNDA:14,(anonymous_3)
FNDA:15,(anonymous_4)
FNDA:14,(anonymous_5)
FNDA:14,(anonymous_6)
DA:27,17
DA:28,17
DA:29,17
DA:30,17
DA:33,17
DA:34,14
DA:35,1
DA:40,17
DA:41,14
DA:45,17
DA:46,14
DA:48,13
DA:49,3
DA:50,3
DA:56,10
DA:60,17
DA:61,15
DA:63,14
DA:64,3
DA:65,3
DA:71,11
DA:79,17
DA:80,14
DA:81,13
DA:85,17
DA:86,14
DA:87,2
DA:88,1
DA:91,17
LF:29
LH:29
BRDA:34,0,0,1
BRDA:34,0,1,13
BRDA:34,1,0,14
BRDA:34,1,1,3
BRDA:46,2,0,1
BRDA:46,2,1,13
BRDA:48,3,0,3
BRDA:48,3,1,10
BRDA:61,4,0,1
BRDA:61,4,1,14
BRDA:63,5,0,3
BRDA:63,5,1,11
BRDA:71,6,0,11
BRDA:71,6,1,0
BRDA:80,7,0,1
BRDA:80,7,1,13
BRDA:86,8,0,12
BRDA:86,8,1,2
BRDA:87,9,0,1
BRDA:87,9,1,1
BRDA:93,10,0,17
BRDA:93,10,1,0
BRF:22
BRH:20
end_of_record
TN:
SF:hooks/useSeedVerification.ts
FN:45,useSeedVerification
FN:68,(anonymous_1)
FN:69,(anonymous_2)
FN:70,(anonymous_3)
FN:71,(anonymous_4)
FN:76,(anonymous_5)
FN:78,(anonymous_6)
FN:89,(anonymous_7)
FN:95,(anonymous_8)
FN:104,(anonymous_9)
FN:108,(anonymous_10)
FN:120,(anonymous_11)
FN:154,(anonymous_12)
FNF:13
FNH:13
FNDA:80,useSeedVerification
FNDA:25,(anonymous_1)
FNDA:32,(anonymous_2)
FNDA:21,(anonymous_3)
FNDA:21,(anonymous_4)
FNDA:57,(anonymous_5)
FNDA:684,(anonymous_6)
FNDA:268,(anonymous_7)
FNDA:19,(anonymous_8)
FNDA:69,(anonymous_9)
FNDA:57,(anonymous_10)
FNDA:8,(anonymous_11)
FNDA:2,(anonymous_12)
DA:14,1
DA:53,80
DA:65,80
DA:68,80
DA:69,80
DA:70,80
DA:71,80
DA:76,80
DA:77,57
DA:78,684
DA:81,57
DA:82,192
DA:83,192
DA:84,171
DA:89,268
DA:95,80
DA:97,19
DA:98,19
DA:99,59
DA:100,59
DA:101,57
DA:104,69
DA:107,19
DA:108,19
DA:109,57
DA:111,19
DA:112,19
DA:113,19
DA:114,19
DA:120,80
DA:122,8
DA:123,1
DA:124,1
DA:128,7
DA:129,7
DA:130,15
DA:131,15
DA:132,15
DA:133,3
DA:134,3
DA:138,7
DA:140,4
DA:141,4
DA:144,4
DA:146,3
DA:147,3
DA:154,80
DA:155,2
DA:156,2
DA:157,2
DA:158,2
DA:159,2
DA:162,80
LF:53
LH:53
BRDA:83,0,0,171
BRDA:83,0,1,21
BRDA:100,1,0,57
BRDA:100,1,1,2
BRDA:122,2,0,1
BRDA:122,2,1,7
BRDA:130,3,0,15
BRDA:130,3,1,0
BRDA:131,4,0,15
BRDA:131,4,1,0
BRDA:132,5,0,3
BRDA:132,5,1,12
BRDA:138,6,0,4
BRDA:138,6,1,3
BRF:14
BRH:12
end_of_record
TN:
SF:hooks/useSettings.ts
FN:31,useSettings
FN:38,(anonymous_1)
FNF:2
FNH:2
FNDA:140,useSettings
FNDA:140,(anonymous_1)
DA:32,140
DA:33,140
DA:34,140
DA:37,140
DA:38,140
LF:5
LH:5
BRF:0
BRH:0
end_of_record
TN:
SF:hooks/useSettingsNavigation.ts
FN:28,useSettingsNavigation
FN:45,(anonymous_1)
FN:46,(anonymous_2)
FN:49,(anonymous_3)
FN:54,(anonymous_4)
FN:60,(anonymous_5)
FN:75,(anonymous_6)
FN:76,(anonymous_7)
FN:103,(anonymous_8)
FN:104,(anonymous_9)
FN:142,(anonymous_10)
FN:163,(anonymous_11)
FN:168,(anonymous_12)
FNF:13
FNH:13
FNDA:71,useSettingsNavigation
FNDA:1,(anonymous_1)
FNDA:2,(anonymous_2)
FNDA:2,(anonymous_3)
FNDA:2,(anonymous_4)
FNDA:1,(anonymous_5)
FNDA:28,(anonymous_6)
FNDA:28,(anonymous_7)
FNDA:72,(anonymous_8)
FNDA:72,(anonymous_9)
FNDA:28,(anonymous_10)
FNDA:3,(anonymous_11)
FNDA:1,(anonymous_12)
DA:16,1
DA:29,71
DA:32,71
DA:33,71
DA:36,71
DA:37,71
DA:38,71
DA:39,71
DA:40,71
DA:43,71
DA:44,28
DA:45,1
DA:47,2
DA:50,2
DA:51,1
DA:55,2
DA:56,1
DA:61,1
DA:62,1
DA:65,1
DA:75,71
DA:76,28
DA:77,28
DA:78,28
DA:81,28
DA:85,28
DA:91,8
DA:92,8
DA:93,8
DA:96,28
DA:98,28
DA:102,71
DA:104,72
DA:106,72
DA:107,2
DA:110,70
DA:112,70
DA:115,70
DA:118,70
DA:120,70
DA:126,25
DA:127,25
DA:129,25
DA:130,25
DA:131,25
DA:132,25
DA:135,70
DA:137,72
DA:142,71
DA:143,28
DA:145,1
DA:146,1
DA:147,1
DA:152,71
DA:154,13
DA:155,13
DA:156,58
DA:158,2
DA:160,71
DA:163,71
DA:164,3
DA:165,3
DA:168,71
DA:169,1
DA:170,1
DA:171,1
DA:174,71
LF:67
LH:67
BRDA:43,0,0,28
BRDA:43,0,1,43
BRDA:50,1,0,1
BRDA:50,1,1,1
BRDA:55,2,0,1
BRDA:55,2,1,1
BRDA:85,3,0,8
BRDA:85,3,1,20
BRDA:86,4,0,28
BRDA:86,4,1,22
BRDA:86,4,2,21
BRDA:106,5,0,2
BRDA:106,5,1,70
BRDA:120,6,0,25
BRDA:120,6,1,45
BRDA:121,7,0,70
BRDA:121,7,1,67
BRDA:121,7,2,64
BRDA:143,8,0,1
BRDA:143,8,1,27
BRDA:143,9,0,28
BRDA:143,9,1,26
BRDA:152,10,0,13
BRDA:152,10,1,58
BRDA:152,11,0,71
BRDA:152,11,1,22
BRDA:156,12,0,2
BRDA:156,12,1,56
BRDA:156,13,0,58
BRDA:156,13,1,49
BRF:30
BRH:30
end_of_record
TN:
SF:hooks/useSettingsScreenCallbacks.ts
FN:45,useSettingsScreenCallbacks
FN:52,(anonymous_1)
FN:54,(anonymous_2)
FN:62,(anonymous_3)
FN:64,(anonymous_4)
FN:67,(anonymous_5)
FN:78,(anonymous_6)
FN:80,(anonymous_7)
FN:81,(anonymous_8)
FN:91,(anonymous_9)
FN:93,(anonymous_10)
FN:97,(anonymous_11)
FN:101,(anonymous_12)
FN:105,(anonymous_13)
FN:120,(anonymous_14)
FN:122,(anonymous_15)
FNF:16
FNH:16
FNDA:18,useSettingsScreenCallbacks
FNDA:2,(anonymous_1)
FNDA:1,(anonymous_2)
FNDA:4,(anonymous_3)
FNDA:1,(anonymous_4)
FNDA:1,(anonymous_5)
FNDA:3,(anonymous_6)
FNDA:1,(anonymous_7)
FNDA:1,(anonymous_8)
FNDA:5,(anonymous_9)
FNDA:1,(anonymous_10)
FNDA:1,(anonymous_11)
FNDA:1,(anonymous_12)
FNDA:1,(anonymous_13)
FNDA:2,(anonymous_14)
FNDA:1,(anonymous_15)
DA:52,18
DA:53,2
DA:54,1
DA:62,18
DA:63,4
DA:64,1
DA:69,1
DA:78,18
DA:79,3
DA:80,1
DA:82,1
DA:83,1
DA:91,18
DA:92,5
DA:93,1
DA:98,1
DA:99,1
DA:102,1
DA:103,1
DA:106,1
DA:107,1
DA:108,0
DA:109,0
DA:114,1
DA:120,18
DA:121,2
DA:122,1
DA:126,18
LF:28
LH:26
BRDA:114,0,0,0
BRDA:114,0,1,1
BRF:2
BRH:1
end_of_record
TN:
SF:hooks/useSheetNavigation.ts
FN:17,useSheetNavigation
FNF:1
FNH:1
FNDA:14,useSheetNavigation
DA:18,14
DA:19,14
DA:21,14
LF:3
LH:3
BRF:0
BRH:0
end_of_record
TN:
SF:hooks/useToast.ts
FN:23,useToast
FN:27,(anonymous_1)
FN:29,(anonymous_2)
FN:42,(anonymous_3)
FN:48,(anonymous_4)
FN:56,(anonymous_5)
FN:56,(anonymous_6)
FNF:7
FNH:7
FNDA:28,useToast
FNDA:12,(anonymous_1)
FNDA:2,(anonymous_2)
FNDA:2,(anonymous_3)
FNDA:3,(anonymous_4)
FNDA:3,(anonymous_5)
FNDA:3,(anonymous_6)
DA:21,1
DA:24,28
DA:25,28
DA:27,28
DA:29,12
DA:30,2
DA:31,2
DA:34,12
DA:35,12
DA:38,12
DA:39,12
DA:42,12
DA:43,2
DA:44,2
DA:48,28
DA:50,3
DA:51,2
DA:52,2
DA:56,3
DA:59,28
LF:20
LH:20
BRDA:27,0,0,1
BRDA:35,1,0,3
BRDA:35,1,1,9
BRDA:50,2,0,2
BRDA:50,2,1,1
BRDA:64,3,0,28
BRDA:64,3,1,15
BRDA:66,4,0,28
BRDA:66,4,1,15
BRF:9
BRH:9
end_of_record
TN:
SF:hooks/useTransactionBuilder.ts
FN:23,toUtxo
FN:35,toUnconfirmedUtxo
FN:83,useTransactionBuilder
FN:102,(anonymous_3)
FN:125,(anonymous_4)
FN:140,(anonymous_5)
FN:145,(anonymous_6)
FN:179,(anonymous_7)
FN:205,(anonymous_8)
FN:210,(anonymous_9)
FN:216,(anonymous_10)
FN:228,(anonymous_11)
FN:233,(anonymous_12)
FN:245,(anonymous_13)
FNF:14
FNH:13
FNDA:3,toUtxo
FNDA:0,toUnconfirmedUtxo
FNDA:58,useTransactionBuilder
FNDA:12,(anonymous_3)
FNDA:7,(anonymous_4)
FNDA:1,(anonymous_5)
FNDA:16,(anonymous_6)
FNDA:2,(anonymous_7)
FNDA:2,(anonymous_8)
FNDA:33,(anonymous_9)
FNDA:2,(anonymous_10)
FNDA:2,(anonymous_11)
FNDA:10,(anonymous_12)
FNDA:4,(anonymous_13)
DA:24,3
DA:36,0
DA:102,58
DA:103,12
DA:105,12
DA:106,12
DA:107,2
DA:110,10
DA:111,10
DA:113,10
DA:123,8
DA:124,6
DA:125,7
DA:126,6
DA:129,8
DA:130,8
DA:132,4
DA:134,4
DA:135,0
DA:137,4
DA:139,4
DA:140,4
DA:145,58
DA:146,16
DA:148,16
DA:149,16
DA:150,3
DA:153,13
DA:156,13
DA:157,5
DA:160,8
DA:161,8
DA:162,8
DA:164,8
DA:176,7
DA:178,7
DA:179,2
DA:180,6
DA:181,5
DA:184,7
DA:185,5
DA:188,7
DA:189,6
DA:190,6
DA:191,6
DA:194,7
DA:195,7
DA:197,9
DA:199,9
DA:200,0
DA:202,9
DA:204,9
DA:205,9
DA:210,58
DA:211,33
DA:212,33
DA:214,33
DA:215,3
DA:216,3
DA:217,3
DA:220,30
DA:222,30
DA:223,12
DA:224,18
DA:225,16
DA:227,2
DA:228,2
DA:233,58
DA:234,10
DA:236,8
DA:239,8
DA:240,6
DA:243,6
DA:245,4
DA:246,4
DA:248,4
DA:249,3
DA:251,4
DA:252,2
DA:256,6
DA:257,5
DA:258,5
DA:262,8
DA:263,8
DA:266,58
LF:85
LH:82
BRDA:27,0,0,3
BRDA:27,0,1,0
BRDA:39,1,0,0
BRDA:39,1,1,0
BRDA:106,2,0,2
BRDA:106,2,1,10
BRDA:123,3,0,6
BRDA:123,3,1,2
BRDA:132,4,0,4
BRDA:132,4,1,0
BRDA:134,5,0,0
BRDA:134,5,1,4
BRDA:149,6,0,3
BRDA:149,6,1,13
BRDA:149,7,0,16
BRDA:149,7,1,13
BRDA:153,8,0,9
BRDA:153,8,1,4
BRDA:153,9,0,13
BRDA:153,9,1,12
BRDA:154,10,0,2
BRDA:154,10,1,7
BRDA:156,11,0,5
BRDA:156,11,1,8
BRDA:160,12,0,1
BRDA:160,12,1,7
BRDA:161,13,0,1
BRDA:161,13,1,7
BRDA:178,14,0,1
BRDA:178,14,1,6
BRDA:180,15,0,5
BRDA:180,15,1,1
BRDA:184,16,0,5
BRDA:184,16,1,2
BRDA:188,17,0,6
BRDA:188,17,1,1
BRDA:197,18,0,9
BRDA:197,18,1,0
BRDA:199,19,0,0
BRDA:199,19,1,9
BRDA:214,20,0,3
BRDA:214,20,1,30
BRDA:214,21,0,33
BRDA:214,21,1,31
BRDA:222,22,0,12
BRDA:222,22,1,18
BRDA:224,23,0,16
BRDA:224,23,1,2
BRDA:234,24,0,2
BRDA:234,24,1,8
BRDA:239,25,0,6
BRDA:239,25,1,2
BRDA:243,26,0,2
BRDA:243,26,1,4
BRDA:246,27,0,4
BRDA:246,27,1,0
BRDA:248,28,0,3
BRDA:248,28,1,1
BRDA:251,29,0,2
BRDA:251,29,1,2
BRDA:256,30,0,5
BRDA:256,30,1,1
BRF:62
BRH:54
end_of_record
TN:
SF:hooks/useTransactionHistoryData.ts
FN:49,useTransactionHistoryData
FN:72,(anonymous_1)
FN:76,(anonymous_2)
FN:78,(anonymous_3)
FN:80,(anonymous_4)
FN:84,(anonymous_5)
FN:91,(anonymous_6)
FN:109,(anonymous_7)
FN:121,(anonymous_8)
FN:125,(anonymous_9)
FN:142,(anonymous_10)
FN:156,(anonymous_11)
FN:168,(anonymous_12)
FN:235,(anonymous_13)
FN:251,(anonymous_14)
FN:264,(anonymous_15)
FN:299,(anonymous_16)
FN:312,(anonymous_17)
FNF:18
FNH:14
FNDA:152,useTransactionHistoryData
FNDA:40,(anonymous_1)
FNDA:0,(anonymous_2)
FNDA:0,(anonymous_3)
FNDA:0,(anonymous_4)
FNDA:0,(anonymous_5)
FNDA:40,(anonymous_6)
FNDA:16,(anonymous_7)
FNDA:15,(anonymous_8)
FNDA:1,(anonymous_9)
FNDA:84,(anonymous_10)
FNDA:28,(anonymous_11)
FNDA:68,(anonymous_12)
FNDA:11,(anonymous_13)
FNDA:11,(anonymous_14)
FNDA:11,(anonymous_15)
FNDA:7,(anonymous_16)
FNDA:4,(anonymous_17)
DA:55,152
DA:56,152
DA:57,152
DA:58,152
DA:60,152
DA:61,152
DA:62,152
DA:63,152
DA:64,152
DA:66,152
DA:69,152
DA:72,152
DA:73,40
DA:75,16
DA:76,16
DA:77,0
DA:78,0
DA:79,0
DA:80,0
DA:84,16
DA:85,0
DA:86,0
DA:91,152
DA:92,40
DA:94,24
DA:95,24
DA:96,24
DA:100,16
DA:103,16
DA:104,16
DA:105,16
DA:109,16
DA:111,16
DA:114,16
DA:115,16
DA:116,16
DA:117,16
DA:122,15
DA:123,15
DA:124,15
DA:126,1
DA:127,1
DA:128,1
DA:129,1
DA:134,16
DA:137,16
DA:142,152
DA:144,84
DA:145,84
DA:147,84
DA:148,15
DA:150,69
DA:151,69
DA:156,152
DA:157,28
DA:158,27
DA:159,27
DA:160,0
DA:162,27
DA:163,27
DA:168,152
DA:169,68
DA:170,4
DA:176,64
DA:177,64
DA:179,64
DA:181,25
DA:182,2
DA:183,2
DA:187,23
DA:189,23
DA:191,11
DA:194,11
DA:198,11
DA:200,2
DA:201,2
DA:204,9
DA:205,9
DA:208,9
DA:209,9
DA:210,9
DA:212,9
DA:221,9
DA:222,12
DA:224,2
DA:227,19
DA:234,64
DA:235,64
DA:236,11
DA:237,11
DA:238,1
DA:241,1
DA:243,1
DA:244,0
DA:250,64
DA:252,11
DA:254,11
DA:255,0
DA:257,0
DA:258,0
DA:259,0
DA:262,11
DA:266,11
DA:268,11
DA:271,11
DA:273,11
DA:274,0
DA:277,11
DA:299,64
DA:300,7
DA:301,7
DA:302,7
DA:306,64
DA:308,64
DA:312,152
DA:313,4
DA:315,4
DA:317,4
DA:318,4
DA:319,3
DA:326,152
LF:121
LH:108
BRDA:73,0,0,24
BRDA:73,0,1,16
BRDA:73,1,0,40
BRDA:73,1,1,16
BRDA:77,2,0,0
BRDA:77,2,1,0
BRDA:85,3,0,0
BRDA:85,3,1,0
BRDA:92,4,0,24
BRDA:92,4,1,16
BRDA:103,5,0,16
BRDA:103,5,1,0
BRDA:115,6,0,16
BRDA:115,6,1,0
BRDA:126,7,0,1
BRDA:126,7,1,0
BRDA:144,8,0,84
BRDA:144,8,1,60
BRDA:145,9,0,84
BRDA:145,9,1,81
BRDA:147,10,0,15
BRDA:147,10,1,69
BRDA:147,11,0,84
BRDA:147,11,1,51
BRDA:157,12,0,1
BRDA:157,12,1,27
BRDA:169,13,0,4
BRDA:169,13,1,64
BRDA:169,14,0,68
BRDA:169,14,1,66
BRDA:181,15,0,2
BRDA:181,15,1,23
BRDA:189,16,0,11
BRDA:189,16,1,12
BRDA:194,17,0,11
BRDA:194,17,1,11
BRDA:194,17,2,10
BRDA:194,17,3,10
BRDA:198,18,0,2
BRDA:198,18,1,9
BRDA:208,19,0,1
BRDA:208,19,1,8
BRDA:222,20,0,2
BRDA:222,20,1,10
BRDA:222,21,0,12
BRDA:222,21,1,2
BRDA:237,22,0,1
BRDA:237,22,1,10
BRDA:237,23,0,11
BRDA:237,23,1,1
BRDA:241,24,0,1
BRDA:241,24,1,1
BRDA:241,24,2,1
BRDA:241,24,3,1
BRDA:241,24,4,0
BRDA:243,25,0,0
BRDA:243,25,1,1
BRDA:254,26,0,0
BRDA:254,26,1,11
BRDA:257,27,0,0
BRDA:257,27,1,0
BRDA:257,28,0,0
BRDA:257,28,1,0
BRDA:257,28,2,0
BRDA:273,29,0,0
BRDA:273,29,1,11
BRDA:288,30,0,0
BRDA:288,30,1,11
BRDA:288,31,0,1
BRDA:288,31,1,10
BRDA:290,32,0,0
BRDA:290,32,1,11
BRDA:290,33,0,1
BRDA:290,33,1,10
BRDA:291,34,0,11
BRDA:291,34,1,1
BRDA:292,35,0,11
BRDA:292,35,1,1
BRDA:300,36,0,7
BRDA:300,36,1,0
BRDA:301,37,0,7
BRDA:301,37,1,0
BRDA:315,38,0,1
BRDA:315,38,1,3
BRDA:318,39,0,3
BRDA:318,39,1,1
BRF:86
BRH:66
end_of_record
TN:
SF:hooks/useTransactionHistoryFetch.ts
FN:20,useTransactionHistoryFetch
FN:33,(anonymous_1)
FN:52,(anonymous_2)
FN:69,(anonymous_3)
FNF:4
FNH:4
FNDA:18,useTransactionHistoryFetch
FNDA:10,(anonymous_1)
FNDA:7,(anonymous_2)
FNDA:1,(anonymous_3)
DA:22,18
DA:23,18
DA:24,18
DA:27,18
DA:33,18
DA:34,10
DA:35,10
DA:36,10
DA:38,10
DA:40,8
DA:42,8
DA:43,8
DA:45,8
DA:46,8
DA:51,6
DA:52,7
DA:55,6
DA:56,5
DA:57,5
DA:60,2
DA:62,8
DA:69,18
DA:70,1
DA:73,18
LF:24
LH:24
BRDA:38,0,0,2
BRDA:38,0,1,8
BRDA:38,1,0,10
BRDA:38,1,1,9
BRDA:38,1,2,8
BRDA:42,2,0,8
BRDA:42,2,1,0
BRDA:52,3,0,7
BRDA:52,3,1,3
BRDA:52,4,0,7
BRDA:52,4,1,3
BRDA:55,5,0,5
BRDA:55,5,1,1
BRF:13
BRH:12
end_of_record
TN:
SF:hooks/useTransactionNotifications.ts
FN:19,useTransactionNotifications
FN:25,(anonymous_1)
FN:29,(anonymous_2)
FNF:3
FNH:3
FNDA:13,useTransactionNotifications
FNDA:13,(anonymous_1)
FNDA:3,(anonymous_2)
DA:25,13
DA:26,13
DA:28,12
DA:29,12
DA:30,3
DA:31,3
DA:32,3
DA:33,3
DA:34,3
DA:35,2
DA:39,12
DA:41,9
DA:47,3
DA:49,2
LF:14
LH:14
BRDA:26,0,0,1
BRDA:26,0,1,12
BRDA:28,1,0,10
BRDA:28,1,1,2
BRDA:32,2,0,2
BRDA:32,2,1,1
BRDA:34,3,0,2
BRDA:34,3,1,1
BRDA:39,4,0,9
BRDA:39,4,1,3
BRDA:47,5,0,2
BRDA:47,5,1,1
BRF:12
BRH:12
end_of_record
TN:
SF:hooks/useTransactionPolling.ts
FN:14,useTransactionPolling
FN:23,(anonymous_1)
FN:31,(anonymous_2)
FN:59,(anonymous_3)
FN:80,(anonymous_4)
FN:88,(anonymous_5)
FN:89,(anonymous_6)
FNF:7
FNH:7
FNDA:13,useTransactionPolling
FNDA:12,(anonymous_1)
FNDA:69,(anonymous_2)
FNDA:69,(anonymous_3)
FNDA:2,(anonymous_4)
FNDA:13,(anonymous_5)
FNDA:2,(anonymous_6)
DA:15,13
DA:23,13
DA:28,12
DA:29,12
DA:31,12
DA:32,69
DA:33,69
DA:34,67
DA:35,1
DA:37,66
DA:40,66
DA:41,3
DA:44,63
DA:46,3
DA:47,2
DA:49,3
DA:54,12
DA:55,1
DA:59,12
DA:60,69
DA:61,69
DA:63,69
DA:64,4
DA:65,4
DA:67,4
DA:70,4
DA:71,3
DA:80,13
DA:81,2
DA:82,1
DA:83,1
DA:88,13
DA:89,13
DA:90,2
DA:91,1
DA:96,13
LF:36
LH:36
BRDA:34,0,0,1
BRDA:34,0,1,66
BRDA:40,1,0,3
BRDA:40,1,1,63
BRDA:40,2,0,66
BRDA:40,2,1,66
BRDA:46,3,0,2
BRDA:46,3,1,1
BRDA:47,4,0,2
BRDA:47,4,1,0
BRDA:54,5,0,1
BRDA:54,5,1,11
BRDA:63,6,0,4
BRDA:63,6,1,65
BRDA:63,7,0,69
BRDA:63,7,1,66
BRDA:64,8,0,4
BRDA:64,8,1,0
BRDA:70,9,0,3
BRDA:70,9,1,1
BRDA:81,10,0,1
BRDA:81,10,1,1
BRDA:90,11,0,1
BRDA:90,11,1,1
BRF:24
BRH:22
end_of_record
TN:
SF:hooks/useTurboConvert.ts
FN:25,useTurboConvert
FN:31,(anonymous_1)
FNF:2
FNH:2
FNDA:9,useTurboConvert
FNDA:6,(anonymous_1)
DA:31,9
DA:32,6
DA:34,6
DA:35,3
DA:36,3
DA:40,3
DA:42,3
DA:43,3
DA:46,0
DA:49,0
DA:61,3
DA:65,9
LF:12
LH:10
BRDA:34,0,0,3
BRDA:34,0,1,3
BRDA:61,1,0,0
BRDA:61,1,1,3
BRF:4
BRH:3
end_of_record
TN:
SF:hooks/useTurboMintCompletion.ts
FN:41,useTurboMintCompletion
FN:61,(anonymous_1)
FN:84,(anonymous_2)
FN:95,(anonymous_3)
FNF:4
FNH:4
FNDA:55,useTurboMintCompletion
FNDA:34,(anonymous_1)
FNDA:13,(anonymous_2)
FNDA:42,(anonymous_3)
DA:53,55
DA:54,55
DA:55,55
[...]
DA:49,58
DA:50,58
DA:52,58
DA:66,56
DA:67,56
DA:68,56
DA:70,2
DA:71,2
DA:72,2
DA:88,5
DA:90,5
DA:91,5
DA:92,5
DA:94,5
DA:106,5
DA:107,5
DA:108,5
DA:110,0
DA:111,0
DA:112,0
DA:124,6
DA:127,6
DA:128,4
DA:129,4
DA:132,2
DA:142,2
DA:145,2
DA:146,0
DA:150,2
DA:151,2
DA:152,0
DA:155,2
DA:176,12
DA:178,12
DA:179,12
DA:180,12
DA:181,12
DA:183,12
DA:184,39
DA:185,39
DA:187,38
DA:188,3
DA:189,3
DA:192,35
DA:195,35
DA:196,2
DA:200,35
DA:201,6
DA:203,29
DA:206,35
DA:208,1
DA:210,1
DA:214,12
DA:230,7
DA:231,13
DA:233,2
DA:234,2
DA:238,2
DA:239,0
DA:241,2
DA:243,2
DA:247,7
DA:249,7
DA:250,13
DA:252,13
DA:254,13
DA:255,3
DA:257,10
DA:261,0
LF:73
LH:66
BRDA:39,0,0,1
BRDA:42,1,0,57
BRDA:43,2,0,56
BRDA:44,3,0,10
BRDA:45,4,0,57
BRDA:82,5,0,1
BRDA:84,6,0,4
BRDA:85,7,0,3
BRDA:86,8,0,5
BRDA:87,9,0,5
BRDA:123,10,0,5
BRDA:127,11,0,4
BRDA:127,11,1,2
BRDA:129,12,0,4
BRDA:129,12,1,3
BRDA:129,12,2,2
BRDA:141,13,0,1
BRDA:145,14,0,0
BRDA:145,14,1,2
BRDA:151,15,0,0
BRDA:151,15,1,2
BRDA:151,16,0,2
BRDA:151,16,1,2
BRDA:174,17,0,1
BRDA:176,18,0,1
BRDA:176,19,0,6
BRDA:183,20,0,48
BRDA:183,20,1,41
BRDA:187,21,0,3
BRDA:187,21,1,35
BRDA:187,22,0,38
BRDA:187,22,1,37
BRDA:195,23,0,2
BRDA:195,23,1,33
BRDA:200,24,0,6
BRDA:200,24,1,29
BRDA:233,25,0,2
BRDA:233,25,1,0
BRDA:234,26,0,2
BRDA:234,26,1,2
BRDA:234,26,2,2
BRDA:234,26,3,2
BRDA:238,27,0,0
BRDA:238,27,1,2
BRDA:252,28,0,13
BRDA:252,28,1,0
BRDA:254,29,0,3
BRDA:254,29,1,10
BRF:48
BRH:43
end_of_record
TN:
SF:utils/bitcoin.ts
FN:40,(anonymous_0)
FN:89,(anonymous_1)
FN:137,(anonymous_2)
FN:193,(anonymous_3)
FN:210,(anonymous_4)
FNF:5
FNH:5
FNDA:43,(anonymous_0)
FNDA:42,(anonymous_1)
FNDA:47,(anonymous_2)
FNDA:6,(anonymous_3)
FNDA:6,(anonymous_4)
DA:12,34
DA:15,34
DA:28,34
DA:40,34
DA:42,43
DA:43,0
DA:52,43
DA:53,0
DA:62,43
DA:63,0
DA:72,43
DA:89,34
DA:91,42
DA:94,42
DA:97,42
DA:100,42
DA:101,42
DA:102,42
DA:108,42
DA:109,42
DA:110,42
DA:111,42
DA:116,42
DA:137,34
DA:138,47
DA:139,13
DA:142,34
DA:144,34
DA:145,1
DA:148,33
DA:150,33
DA:153,14
DA:154,14
DA:155,1
DA:156,13
DA:157,10
DA:158,3
DA:163,3
DA:166,14
DA:172,19
DA:173,11
DA:180,8
DA:193,34
DA:194,6
DA:196,6
DA:197,4
DA:200,2
DA:210,34
DA:211,6
DA:214,6
DA:215,3
DA:218,3
DA:220,3
DA:223,2
DA:224,0
DA:228,2
DA:230,1
LF:57
LH:53
BRDA:42,0,0,0
BRDA:42,0,1,43
BRDA:52,1,0,0
BRDA:52,1,1,43
BRDA:62,2,0,0
BRDA:62,2,1,43
BRDA:89,3,0,1
BRDA:138,4,0,13
BRDA:138,4,1,34
BRDA:138,5,0,47
BRDA:138,5,1,37
BRDA:144,6,0,1
BRDA:144,6,1,33
BRDA:154,7,0,1
BRDA:154,7,1,13
BRDA:156,8,0,10
BRDA:156,8,1,3
BRDA:158,9,0,3
BRDA:158,9,1,0
BRDA:159,10,0,3
BRDA:159,10,1,2
BRDA:159,10,2,1
BRDA:172,11,0,11
BRDA:172,11,1,8
BRDA:172,12,0,19
BRDA:172,12,1,12
BRDA:172,12,2,10
BRDA:196,13,0,4
BRDA:196,13,1,2
BRDA:214,14,0,3
BRDA:214,14,1,3
BRDA:214,15,0,6
BRDA:214,15,1,3
BRDA:223,16,0,0
BRDA:223,16,1,2
BRDA:223,17,0,2
BRDA:223,17,1,2
BRF:37
BRH:32
end_of_record
TN:
SF:utils/errorParser.ts
FN:14,getErrorMessage
FN:27,parseErrorMessage
FNF:2
FNH:2
FNDA:13,getErrorMessage
FNDA:62,parseErrorMessage
DA:15,13
DA:16,10
DA:17,9
DA:18,8
DA:19,7
DA:28,62
DA:30,59
DA:33,59
DA:109,59
DA:110,676
DA:111,38
DA:117,21
DA:125,21
DA:126,1
DA:127,1
DA:128,0
DA:131,1
DA:136,21
DA:138,21
LF:19
LH:18
BRDA:15,0,0,3
BRDA:15,0,1,10
BRDA:16,1,0,1
BRDA:16,1,1,9
BRDA:17,2,0,1
BRDA:17,2,1,8
BRDA:18,3,0,1
BRDA:18,3,1,7
BRDA:28,4,0,3
BRDA:28,4,1,59
BRDA:30,5,0,47
BRDA:30,5,1,12
BRDA:30,6,0,12
BRDA:30,6,1,2
BRDA:110,7,0,38
BRDA:110,7,1,638
BRDA:125,8,0,1
BRDA:125,8,1,20
BRDA:127,9,0,0
BRDA:127,9,1,1
BRDA:127,10,0,1
BRDA:127,10,1,1
BRF:22
BRH:21
end_of_record
TN:
SF:utils/onboardingHelpers.ts
FN:12,(anonymous_0)
FNF:1
FNH:1
FNDA:10,(anonymous_0)
DA:12,4
DA:13,10
DA:15,10
LF:3
LH:3
BRF:0
BRH:0
end_of_record
TN:
SF:utils/pagination.ts
FN:26,fetchPaginated
FN:89,createPaginatedFetcher
FN:94,(anonymous_2)
FN:133,(anonymous_3)
FN:146,(anonymous_4)
FN:185,(anonymous_5)
FN:195,(anonymous_6)
FNF:7
FNH:7
FNDA:8,fetchPaginated
FNDA:3,createPaginatedFetcher
FNDA:3,(anonymous_2)
FNDA:10,(anonymous_3)
FNDA:10,(anonymous_4)
FNDA:1,(anonymous_5)
FNDA:13,(anonymous_6)
DA:30,8
DA:32,8
DA:33,8
DA:34,8
DA:35,8
DA:37,8
DA:38,15
DA:39,15
DA:41,14
DA:42,2
DA:43,2
DA:46,12
DA:49,12
DA:50,2
DA:54,12
DA:55,1
DA:56,1
DA:60,11
DA:61,3
DA:63,8
DA:66,11
DA:69,1
DA:70,1
DA:73,1
DA:77,8
DA:94,3
DA:95,3
DA:103,3
DA:104,3
DA:106,3
DA:134,10
DA:135,10
DA:136,10
DA:137,10
DA:138,10
DA:147,10
DA:148,2
DA:151,8
DA:153,8
DA:154,8
DA:156,7
DA:157,3
DA:158,3
DA:161,4
DA:163,4
DA:164,2
DA:166,2
DA:169,4
DA:172,1
DA:173,1
DA:175,1
DA:176,1
DA:178,8
DA:186,1
DA:187,1
DA:188,1
DA:189,1
DA:196,13
LF:58
LH:58
BRDA:28,0,0,2
BRDA:30,1,0,2
BRDA:30,2,0,7
BRDA:37,3,0,20
BRDA:37,3,1,16
BRDA:41,4,0,2
BRDA:41,4,1,12
BRDA:41,5,0,14
BRDA:41,5,1,14
BRDA:49,6,0,2
BRDA:49,6,1,10
BRDA:54,7,0,1
BRDA:54,7,1,11
BRDA:54,8,0,12
BRDA:54,8,1,2
BRDA:60,9,0,3
BRDA:60,9,1,8
BRDA:69,10,0,1
BRDA:69,10,1,0
BRDA:91,11,0,1
BRDA:92,12,0,2
BRDA:106,13,0,3
BRDA:106,13,1,1
BRDA:133,14,0,6
BRDA:134,15,0,10
BRDA:134,15,1,6
BRDA:147,16,0,2
BRDA:147,16,1,8
BRDA:147,17,0,10
BRDA:147,17,1,9
BRDA:156,18,0,3
BRDA:156,18,1,4
BRDA:156,19,0,7
BRDA:156,19,1,6
BRDA:163,20,0,2
BRDA:163,20,1,2
BRDA:172,21,0,1
BRDA:172,21,1,0
BRF:38
BRH:36
end_of_record
TN:
SF:utils/pendingTransactionsUtils.ts
FN:73,buildExclusionSet
FN:82,(anonymous_1)
FN:108,matchesAddressType
FN:126,getUnconfirmedUTXOsFromPending
FN:133,(anonymous_4)
FN:136,(anonymous_5)
FN:165,calculateUnconfirmedBalance
FN:166,(anonymous_7)
FN:167,(anonymous_8)
FN:181,invalidateChildrenRecursive
FN:186,(anonymous_10)
FN:201,invalidateTransactionTree
FN:227,removeUtxoFromPending
FN:236,(anonymous_13)
FN:252,cleanupInvalidTransactions
FN:258,(anonymous_15)
FN:274,markUtxosAsSpent
FN:280,(anonymous_17)
FN:295,unmarkUtxosAsSpent
FN:301,(anonymous_19)
FN:317,convertSpentKeysToUtxos
FN:321,(anonymous_21)
FN:333,releaseOrphanedUtxos
FNF:23
FNH:23
FNDA:13,buildExclusionSet
FNDA:4,(anonymous_1)
FNDA:32,matchesAddressType
FNDA:13,getUnconfirmedUTXOsFromPending
FNDA:18,(anonymous_4)
FNDA:23,(anonymous_5)
FNDA:6,calculateUnconfirmedBalance
FNDA:10,(anonymous_7)
FNDA:10,(anonymous_8)
FNDA:19,invalidateChildrenRecursive
FNDA:42,(anonymous_10)
FNDA:9,invalidateTransactionTree
FNDA:7,removeUtxoFromPending
FNDA:7,(anonymous_13)
FNDA:4,cleanupInvalidTransactions
FNDA:8,(anonymous_15)
FNDA:9,markUtxosAsSpent
FNDA:14,(anonymous_17)
FNDA:5,unmarkUtxosAsSpent
FNDA:6,(anonymous_19)
FNDA:1,convertSpentKeysToUtxos
FNDA:2,(anonymous_21)
FNDA:7,releaseOrphanedUtxos
DA:74,13
DA:76,13
DA:77,6
DA:81,7
DA:82,3
DA:83,4
DA:84,4
DA:89,7
DA:90,3
DA:91,3
DA:94,7
DA:95,3
DA:96,3
DA:99,7
DA:109,32
DA:110,14
DA:113,18
DA:114,18
DA:116,18
DA:131,13
DA:133,13
DA:135,18
DA:136,13
DA:138,23
DA:139,23
DA:140,4
DA:144,19
DA:145,15
DA:157,13
DA:166,10
DA:167,10
DA:169,6
DA:186,19
DA:187,42
DA:188,7
DA:189,7
DA:190,7
DA:205,9
DA:206,9
DA:209,9
DA:210,8
DA:211,8
DA:215,9
DA:217,9
DA:232,7
DA:234,7
DA:236,7
DA:239,5
DA:240,3
DA:244,7
DA:255,4
DA:256,4
DA:258,4
DA:259,8
DA:260,4
DA:261,4
DA:265,4
DA:278,9
DA:280,9
DA:281,14
DA:282,14
DA:283,14
DA:286,9
DA:299,5
DA:301,5
DA:302,6
DA:303,6
DA:304,5
DA:305,5
DA:309,5
DA:320,1
DA:321,1
DA:322,2
DA:323,2
DA:337,7
DA:338,7
DA:339,1
DA:340,1
DA:341,1
LF:79
LH:79
BRDA:76,0,0,6
BRDA:76,0,1,7
BRDA:81,1,0,3
BRDA:81,1,1,4
BRDA:89,2,0,3
BRDA:89,2,1,4
BRDA:94,3,0,3
BRDA:94,3,1,4
BRDA:109,4,0,14
BRDA:109,4,1,18
BRDA:113,5,0,18
BRDA:113,5,1,14
BRDA:114,6,0,18
BRDA:114,6,1,14
BRDA:116,7,0,18
BRDA:116,7,1,9
BRDA:116,7,2,14
BRDA:116,7,3,9
BRDA:135,8,0,13
BRDA:135,8,1,5
BRDA:139,9,0,4
BRDA:139,9,1,19
BRDA:144,10,0,15
BRDA:144,10,1,4
BRDA:166,11,0,10
BRDA:166,11,1,3
BRDA:167,12,0,10
BRDA:167,12,1,6
BRDA:187,13,0,7
BRDA:187,13,1,35
BRDA:209,14,0,8
BRDA:209,14,1,1
BRDA:234,15,0,5
BRDA:234,15,1,2
BRDA:234,16,0,7
BRDA:234,16,1,6
BRDA:239,17,0,3
BRDA:239,17,1,2
BRDA:259,18,0,4
BRDA:259,18,1,4
BRDA:303,19,0,5
BRDA:303,19,1,1
BRDA:320,20,0,1
BRDA:320,20,1,0
BRDA:338,21,0,1
BRDA:338,21,1,6
BRF:46
BRH:45
end_of_record
TN:
SF:utils/priceDataGenerator.ts
FN:14,generateUnitPriceData
FNF:1
FNH:1
FNDA:21,generateUnitPriceData
DA:15,21
DA:16,21
DA:17,21
DA:20,21
DA:27,21
DA:30,21
DA:31,21
DA:32,1260
DA:35,1260
DA:36,1260
DA:39,1260
DA:41,1260
DA:44,21
LF:13
LH:13
BRDA:27,0,0,21
BRDA:27,0,1,1
BRF:2
BRH:2
end_of_record
TN:
SF:utils/retry.ts
FN:13,isNetworkError
FN:30,(anonymous_1)
FN:46,retryWithBackoff
FN:78,(anonymous_3)
FN:92,fetchWithRetry
FN:97,(anonymous_5)
FN:111,retrySilently
FNF:7
FNH:7
FNDA:43,isNetworkError
FNDA:229,(anonymous_1)
FNDA:43,retryWithBackoff
FNDA:39,(anonymous_3)
FNDA:12,fetchWithRetry
FNDA:23,(anonymous_5)
FNDA:6,retrySilently
DA:14,43
DA:16,43
DA:30,229
DA:55,43
DA:59,43
DA:60,82
DA:61,82
DA:63,48
DA:66,48
DA:67,9
DA:71,39
DA:74,39
DA:75,39
DA:78,39
DA:82,0
DA:97,23
DA:115,6
LF:17
LH:16
BRDA:14,0,0,1
BRDA:14,0,1,42
BRDA:14,1,0,42
BRDA:14,1,1,0
BRDA:48,2,0,20
BRDA:51,3,0,28
BRDA:52,4,0,28
BRDA:53,5,0,29
BRDA:54,6,0,41
BRDA:66,7,0,9
BRDA:66,7,1,39
BRDA:66,8,0,48
BRDA:66,8,1,45
BRDA:94,9,0,7
BRDA:95,10,0,9
BRDA:113,11,0,3
BRF:16
BRH:15
end_of_record
TN:
SF:utils/runesHelper.ts
FN:5,(anonymous_0)
FNF:1
FNH:1
FNDA:113,(anonymous_0)
DA:5,4
DA:6,113
DA:7,57
DA:9,57
DA:10,1
DA:13,56
DA:14,56
DA:16,0
LF:8
LH:7
BRDA:6,0,0,56
BRDA:6,0,1,57
BRDA:6,1,0,113
BRDA:6,1,1,110
BRDA:9,2,0,1
BRDA:9,2,1,56
BRDA:10,3,0,1
BRDA:10,3,1,0
BRDA:13,4,0,56
BRDA:13,4,1,0
BRDA:13,5,0,56
BRDA:13,5,1,56
BRDA:13,5,2,56
BRDA:14,6,0,56
BRDA:14,6,1,1
BRF:15
BRH:13
end_of_record
TN:
SF:utils/sendHelpers.ts
FN:11,(anonymous_0)
FNF:1
FNH:1
FNDA:16,(anonymous_0)
DA:11,1
DA:12,16
DA:15,13
DA:16,13
DA:19,13
LF:5
LH:5
BRDA:12,0,0,3
BRDA:12,0,1,13
BRDA:19,1,0,7
BRDA:19,1,1,6
BRF:4
BRH:4
end_of_record
TN:
SF:utils/transactionFormatters.ts
FN:11,formatTxid
FN:22,formatTransactionAmount
FNF:2
FNH:2
FNDA:4,formatTxid
FNDA:6,formatTransactionAmount
DA:12,4
DA:13,2
DA:23,6
DA:25,3
DA:26,3
DA:29,3
DA:30,3
LF:7
LH:7
BRDA:12,0,0,2
BRDA:12,0,1,2
BRDA:23,1,0,3
BRDA:23,1,1,3
BRF:4
BRH:4
end_of_record
TN:
SF:utils/vaultWebViewScripts.ts
FNF:0
FNH:0
DA:9,1
DA:53,1
DA:163,1
LF:3
LH:3
BRF:0
BRH:0
end_of_record
TN:
SF:utils/bitcoin/conversions.ts
FN:18,satsToBTC
FN:36,btcToSats
FN:59,formatBTC
FN:81,formatBTCSmart
FN:118,parseBTCInput
FN:157,formatBTCAuto
FNF:6
FNH:6
FNDA:48,satsToBTC
FNDA:34,btcToSats
FNDA:21,formatBTC
FNDA:14,formatBTCSmart
FNDA:12,parseBTCInput
FNDA:10,formatBTCAuto
DA:11,17
DA:19,48
DA:20,2
DA:23,46
DA:24,2
DA:25,2
DA:28,44
DA:37,34
DA:38,3
DA:42,31
DA:43,31
DA:45,31
DA:46,2
DA:47,2
DA:50,29
DA:60,21
DA:61,2
DA:64,19
DA:65,2
DA:66,2
DA:69,17
DA:70,17
DA:82,14
DA:83,2
DA:86,12
DA:87,1
DA:88,1
DA:91,11
DA:92,11
DA:95,11
DA:96,11
DA:97,11
DA:98,11
DA:99,46
DA:101,11
DA:104,11
DA:119,12
DA:120,2
DA:123,10
DA:126,10
DA:127,3
DA:130,7
DA:132,7
DA:133,2
DA:137,5
DA:138,5
DA:139,0
DA:142,5
DA:158,10
DA:159,3
DA:162,7
DA:163,1
DA:164,1
DA:167,6
DA:168,3
DA:171,3
LF:56
LH:55
BRDA:19,0,0,2
BRDA:19,0,1,46
BRDA:19,1,0,48
BRDA:19,1,1,47
BRDA:23,2,0,2
BRDA:23,2,1,44
BRDA:23,3,0,46
BRDA:23,3,1,45
BRDA:37,4,0,3
BRDA:37,4,1,31
BRDA:37,5,0,34
BRDA:37,5,1,33
BRDA:37,5,2,32
BRDA:42,6,0,13
BRDA:42,6,1,18
BRDA:45,7,0,2
BRDA:45,7,1,29
BRDA:59,8,0,7
BRDA:60,9,0,2
BRDA:60,9,1,19
BRDA:60,10,0,21
BRDA:60,10,1,20
BRDA:64,11,0,2
BRDA:64,11,1,17
BRDA:64,12,0,19
BRDA:64,12,1,18
BRDA:81,13,0,8
BRDA:81,14,0,13
BRDA:82,15,0,2
BRDA:82,15,1,12
BRDA:82,16,0,14
BRDA:82,16,1,13
BRDA:86,17,0,1
BRDA:86,17,1,11
BRDA:86,18,0,12
BRDA:86,18,1,11
BRDA:96,19,0,11
BRDA:96,19,1,0
BRDA:98,20,0,57
BRDA:98,20,1,52
BRDA:101,21,0,10
BRDA:101,21,1,1
BRDA:119,22,0,2
BRDA:119,22,1,10
BRDA:119,23,0,12
BRDA:119,23,1,11
BRDA:126,24,0,3
BRDA:126,24,1,7
BRDA:132,25,0,2
BRDA:132,25,1,5
BRDA:138,26,0,0
BRDA:138,26,1,5
BRDA:138,27,0,5
BRDA:138,27,1,5
BRDA:157,28,0,9
BRDA:158,29,0,3
BRDA:158,29,1,7
BRDA:158,30,0,10
BRDA:158,30,1,9
BRDA:158,30,2,8
BRDA:162,31,0,1
BRDA:162,31,1,6
BRDA:162,32,0,7
BRDA:162,32,1,6
BRDA:167,33,0,3
BRDA:167,33,1,3
BRF:66
BRH:64
end_of_record
TN:
SF:utils/formatters/addresses.ts
FN:15,truncateAddress
FN:38,truncateTxid
FN:60,looksLikeBitcoinAddress
FN:72,(anonymous_3)
FN:80,getAddressType
FNF:5
FNH:5
FNDA:15,truncateAddress
FNDA:7,truncateTxid
FNDA:12,looksLikeBitcoinAddress
FNDA:20,(anonymous_3)
FNDA:11,getAddressType
DA:16,15
DA:17,6
DA:20,9
DA:21,1
DA:24,8
DA:25,4
DA:28,4
DA:39,7
DA:40,3
DA:43,4
DA:44,1
DA:47,3
DA:48,1
DA:51,2
DA:61,12
DA:62,4
DA:66,8
DA:67,2
DA:71,6
DA:72,20
DA:81,11
DA:82,4
DA:85,7
DA:86,1
DA:89,6
DA:90,1
DA:93,5
DA:94,2
DA:97,3
DA:98,2
DA:101,1
LF:31
LH:31
BRDA:15,0,0,13
BRDA:15,1,0,13
BRDA:16,2,0,6
BRDA:16,2,1,9
BRDA:20,3,0,1
BRDA:20,3,1,8
BRDA:24,4,0,4
BRDA:24,4,1,4
BRDA:38,5,0,6
BRDA:38,6,0,6
BRDA:39,7,0,3
BRDA:39,7,1,4
BRDA:43,8,0,1
BRDA:43,8,1,3
BRDA:47,9,0,1
BRDA:47,9,1,2
BRDA:61,10,0,4
BRDA:61,10,1,8
BRDA:61,11,0,12
BRDA:61,11,1,9
BRDA:66,12,0,2
BRDA:66,12,1,6
BRDA:66,13,0,8
BRDA:66,13,1,7
BRDA:81,14,0,4
BRDA:81,14,1,7
BRDA:81,15,0,11
BRDA:81,15,1,8
BRDA:85,16,0,1
BRDA:85,16,1,6
BRDA:89,17,0,1
BRDA:89,17,1,5
BRDA:93,18,0,2
BRDA:93,18,1,3
BRDA:93,19,0,5
BRDA:93,19,1,4
BRDA:97,20,0,2
BRDA:97,20,1,1
BRDA:97,21,0,3
BRDA:97,21,1,2
BRF:40
BRH:40
end_of_record
TN:
SF:utils/formatters/amounts.ts
FN:13,formatFiat
FN:39,formatSatoshis
FN:57,formatAbbreviated
FN:91,formatPercentage
FN:110,formatUnitAmount
FN:134,parseUnitToSmallestUnits
FN:155,parseFormattedAmount
FNF:7
FNH:5
FNDA:13,formatFiat
FNDA:18,formatSatoshis
FNDA:18,formatAbbreviated
FNDA:14,formatPercentage
FNDA:0,formatUnitAmount
FNDA:0,parseUnitToSmallestUnits
FNDA:15,parseFormattedAmount
DA:14,13
DA:15,2
DA:18,11
DA:19,2
DA:23,9
DA:24,7
DA:31,2
DA:40,18
DA:41,2
DA:44,16
DA:45,2
DA:48,14
DA:58,18
DA:59,3
DA:62,15
DA:63,2
DA:66,13
DA:67,13
DA:69,13
DA:70,3
DA:73,10
DA:74,4
DA:77,6
DA:78,3
DA:81,3
DA:92,14
DA:93,3
DA:96,11
DA:97,11
DA:99,11
DA:111,0
DA:112,0
DA:115,0
DA:117,0
DA:118,0
DA:121,0
DA:122,0
DA:135,0
DA:136,0
DA:139,0
DA:141,0
DA:142,0
DA:146,0
DA:156,15
DA:157,4
DA:161,11
DA:166,11
DA:168,11
LF:48
LH:35
BRDA:13,0,0,9
BRDA:13,1,0,11
BRDA:14,2,0,2
BRDA:14,2,1,11
BRDA:14,3,0,13
BRDA:14,3,1,12
BRDA:18,4,0,2
BRDA:18,4,1,9
BRDA:18,5,0,11
BRDA:18,5,1,10
BRDA:23,6,0,7
BRDA:23,6,1,2
BRDA:40,7,0,2
BRDA:40,7,1,16
BRDA:40,8,0,18
BRDA:40,8,1,17
BRDA:44,9,0,2
BRDA:44,9,1,14
BRDA:44,10,0,16
BRDA:44,10,1,15
BRDA:57,11,0,16
BRDA:58,12,0,3
BRDA:58,12,1,15
BRDA:58,13,0,18
BRDA:58,13,1,17
BRDA:58,13,2,16
BRDA:62,14,0,2
BRDA:62,14,1,13
BRDA:62,15,0,15
BRDA:62,15,1,14
BRDA:67,16,0,2
BRDA:67,16,1,11
BRDA:69,17,0,3
BRDA:69,17,1,10
BRDA:73,18,0,4
BRDA:73,18,1,6
BRDA:77,19,0,3
BRDA:77,19,1,3
BRDA:91,20,0,10
BRDA:91,21,0,12
BRDA:92,22,0,3
BRDA:92,22,1,11
BRDA:92,23,0,14
BRDA:92,23,1,13
BRDA:92,23,2,12
BRDA:97,24,0,6
BRDA:97,24,1,5
BRDA:97,25,0,11
BRDA:97,25,1,9
BRDA:110,26,0,0
BRDA:111,27,0,0
BRDA:111,27,1,0
BRDA:111,28,0,0
BRDA:111,28,1,0
BRDA:115,29,0,0
BRDA:115,29,1,0
BRDA:117,30,0,0
BRDA:117,30,1,0
BRDA:117,31,0,0
BRDA:117,31,1,0
BRDA:135,32,0,0
BRDA:135,32,1,0
BRDA:135,33,0,0
BRDA:135,33,1,0
BRDA:139,34,0,0
BRDA:139,34,1,0
BRDA:141,35,0,0
BRDA:141,35,1,0
BRDA:156,36,0,4
BRDA:156,36,1,11
BRDA:156,37,0,15
BRDA:156,37,1,12
BRDA:168,38,0,2
BRDA:168,38,1,9
BRF:74
BRH:55
end_of_record
TN:
SF:utils/formatters/dates.ts
FN:17,formatTimestamp
FN:53,formatTransactionDate
FN:62,formatRelativeTime
FN:104,formatDateRange
FN:120,isToday
FNF:5
FNH:5
FNDA:21,formatTimestamp
FNDA:5,formatTransactionDate
FNDA:16,formatRelativeTime
FNDA:3,formatDateRange
FNDA:9,isToday
DA:18,21
DA:20,21
DA:21,9
DA:24,12
DA:25,1
DA:28,11
DA:30,11
DA:31,1
DA:34,10
DA:40,10
DA:41,4
DA:42,4
DA:45,10
DA:54,5
DA:63,16
DA:64,2
DA:67,14
DA:68,14
DA:70,14
DA:71,3
DA:74,11
DA:75,3
DA:76,3
DA:79,8
DA:80,3
DA:81,3
DA:84,5
DA:85,2
DA:86,2
DA:89,3
DA:90,2
DA:91,2
DA:95,1
DA:105,3
DA:106,3
DA:108,3
DA:109,2
DA:112,1
DA:121,9
DA:122,4
DA:125,5
DA:126,5
DA:128,5
LF:43
LH:43
BRDA:17,0,0,7
BRDA:18,1,0,8
BRDA:18,2,0,15
BRDA:20,3,0,9
BRDA:20,3,1,12
BRDA:24,4,0,1
BRDA:24,4,1,11
BRDA:24,5,0,12
BRDA:24,5,1,11
BRDA:30,6,0,1
BRDA:30,6,1,10
BRDA:35,7,0,9
BRDA:35,7,1,1
BRDA:40,8,0,4
BRDA:40,8,1,6
BRDA:63,9,0,2
BRDA:63,9,1,14
BRDA:70,10,0,3
BRDA:70,10,1,11
BRDA:74,11,0,3
BRDA:74,11,1,8
BRDA:76,12,0,1
BRDA:76,12,1,2
BRDA:79,13,0,3
BRDA:79,13,1,5
BRDA:81,14,0,1
BRDA:81,14,1,2
BRDA:84,15,0,2
BRDA:84,15,1,3
BRDA:86,16,0,1
BRDA:86,16,1,1
BRDA:89,17,0,2
BRDA:89,17,1,1
BRDA:91,18,0,1
BRDA:91,18,1,1
BRDA:108,19,0,2
BRDA:108,19,1,1
BRDA:121,20,0,4
BRDA:121,20,1,5
BRDA:121,21,0,9
BRDA:121,21,1,6
BRDA:129,22,0,5
BRDA:129,22,1,3
BRDA:129,22,2,3
BRF:44
BRH:44
end_of_record
TN:
SF:utils/wallet/cryptoHelpers.ts
FN:20,getECPair
FN:30,writeVarInt
FN:57,varIntSize
FN:68,deriveKeyFromMnemonic
FN:77,getDerivationPath
FNF:5
FNH:5
FNDA:40,getECPair
FNDA:14,writeVarInt
FNDA:15,varIntSize
FNDA:2,deriveKeyFromMnemonic
FNDA:20,getDerivationPath
DA:13,15
DA:19,15
DA:21,40
DA:22,5
DA:24,40
DA:31,14
DA:32,6
DA:33,6
DA:34,8
DA:35,4
DA:36,4
DA:37,4
DA:38,4
DA:39,4
DA:40,4
DA:41,4
DA:58,15
DA:59,8
DA:60,4
DA:69,2
DA:70,2
DA:71,2
DA:78,20
DA:80,14
DA:81,6
DA:83,3
DA:85,3
LF:27
LH:27
BRDA:21,0,0,5
BRDA:21,0,1,35
BRDA:31,1,0,6
BRDA:31,1,1,8
BRDA:34,2,0,4
BRDA:34,2,1,4
BRDA:38,3,0,4
BRDA:38,3,1,0
BRDA:58,4,0,7
BRDA:58,4,1,8
BRDA:59,5,0,4
BRDA:59,5,1,4
BRDA:60,6,0,4
BRDA:60,6,1,0
BRDA:78,7,0,14
BRDA:78,7,1,6
BRDA:81,8,0,3
BRDA:81,8,1,3
BRF:18
BRH:16
end_of_record
TN:
SF:utils/wallet/keyDerivation.ts
FN:32,getPrivateKeyForAddress
FN:51,(anonymous_1)
FN:110,findTaprootAccount
FN:152,findSegwitAccount
FNF:4
FNH:4
FNDA:9,getPrivateKeyForAddress
FNDA:8,(anonymous_1)
FNDA:105,findTaprootAccount
FNDA:101,findSegwitAccount
DA:16,15
DA:17,15
DA:36,9
DA:39,9
DA:40,9
DA:41,8
DA:42,1
DA:43,1
DA:46,1
DA:49,8
DA:51,8
DA:52,8
DA:53,8
DA:56,8
DA:57,0
DA:58,0
DA:59,0
DA:61,0
DA:62,0
DA:63,0
DA:65,0
DA:66,0
DA:68,0
DA:72,8
DA:73,8
DA:75,8
DA:77,206
DA:78,0
DA:81,206
DA:82,206
DA:84,206
DA:85,105
DA:86,105
DA:88,101
DA:89,101
DA:93,2
DA:97,6
DA:98,6
DA:99,5
DA:101,1
DA:104,6
DA:116,105
DA:117,105
DA:122,105
DA:123,100
DA:127,5
DA:128,5
DA:131,5
DA:132,5
DA:133,5
DA:134,5
DA:136,5
DA:142,5
DA:158,101
DA:159,101
DA:160,101
DA:165,101
DA:166,100
DA:169,1
DA:170,1
DA:172,1
DA:178,1
LF:62
LH:52
BRDA:41,0,0,1
BRDA:41,0,1,7
BRDA:56,1,0,0
BRDA:56,1,1,8
BRDA:61,2,0,0
BRDA:61,2,1,0
BRDA:63,3,0,0
BRDA:63,3,1,0
BRDA:66,4,0,0
BRDA:66,4,1,0
BRDA:72,5,0,8
BRDA:72,5,1,8
BRDA:77,6,0,0
BRDA:77,6,1,206
BRDA:77,7,0,206
BRDA:77,7,1,0
BRDA:84,8,0,105
BRDA:84,8,1,101
BRDA:86,9,0,5
BRDA:86,9,1,100
BRDA:89,10,0,1
BRDA:89,10,1,100
BRDA:122,11,0,100
BRDA:122,11,1,5
BRDA:127,12,0,5
BRDA:127,12,1,1
BRDA:165,13,0,100
BRDA:165,13,1,1
BRF:28
BRH:19
end_of_record
TN:
SF:utils/wallet/messageSigning.ts
FN:18,signMessage
FN:21,(anonymous_1)
FNF:2
FNH:2
FNDA:16,signMessage
FNDA:15,(anonymous_1)
DA:19,16
DA:21,16
DA:22,15
DA:23,15
DA:25,15
DA:26,14
DA:28,14
DA:29,14
DA:31,14
DA:32,14
DA:34,14
LF:11
LH:11
BRF:0
BRH:0
end_of_record
TN:
SF:utils/wallet/psbtSigning.ts
FN:29,signPsbt
FN:44,(anonymous_1)
FN:85,signTaprootInput
FN:103,signScriptPathInput
FN:126,(anonymous_4)
FN:127,(anonymous_5)
FN:153,signKeyPathInput
FN:171,(anonymous_7)
FN:172,(anonymous_8)
FN:188,signSegwitInput
FNF:10
FNH:10
FNDA:24,signPsbt
FNDA:23,(anonymous_1)
FNDA:12,signTaprootInput
FNDA:6,signScriptPathInput
FNDA:6,(anonymous_4)
FNDA:6,(anonymous_5)
FNDA:6,signKeyPathInput
FNDA:9,(anonymous_7)
FNDA:9,(anonymous_8)
FNDA:13,signSegwitInput
DA:34,24
DA:35,24
DA:36,24
DA:37,22
DA:38,21
DA:44,24
DA:45,23
DA:46,23
DA:47,23
DA:49,22
DA:52,23
DA:54,23
DA:55,11
DA:56,11
DA:57,11
DA:58,12
DA:59,11
DA:60,11
DA:62,1
DA:65,22
DA:66,25
DA:67,25
DA:68,12
DA:70,13
DA:73,1
DA:78,20
DA:90,12
DA:91,12
DA:93,12
DA:94,6
DA:96,6
DA:109,6
DA:110,6
DA:111,6
DA:114,6
DA:115,6
DA:117,6
DA:122,6
DA:124,6
DA:126,6
DA:127,6
DA:132,6
DA:133,6
DA:134,6
DA:137,6
DA:138,6
DA:139,6
DA:141,6
DA:147,6
DA:158,6
DA:160,6
DA:161,6
DA:164,6
DA:168,6
DA:169,6
DA:171,9
DA:172,9
DA:176,6
DA:180,6
DA:181,6
DA:193,13
DA:195,12
DA:196,12
LF:63
LH:63
BRDA:37,0,0,21
BRDA:37,0,1,1
BRDA:54,1,0,11
BRDA:54,1,1,12
BRDA:58,2,0,11
BRDA:58,2,1,1
BRDA:67,3,0,12
BRDA:67,3,1,13
BRDA:91,4,0,12
BRDA:91,4,1,6
BRDA:93,5,0,6
BRDA:93,5,1,6
BRDA:122,6,0,6
BRDA:122,6,1,5
BRDA:133,7,0,6
BRDA:133,7,1,0
BRF:16
BRH:15
end_of_record
